

================================================================
== Vivado HLS Report for 'A_IO_L2_in_intra_trans'
================================================================
* Date:           Sat Sep 14 23:31:23 2024

* Version:        2019.2 (Build 2704478 on Wed Nov 06 22:10:23 MST 2019)
* Project:        hls_prj
* Solution:       solution1
* Product family: virtexuplus
* Target device:  xcu200-fsgd2104-2-e


================================================================
== Performance Estimates
================================================================
+ Timing: 
    * Summary: 
    +--------+---------+----------+------------+
    |  Clock |  Target | Estimated| Uncertainty|
    +--------+---------+----------+------------+
    |ap_clk  | 5.00 ns | 3.032 ns |   0.62 ns  |
    +--------+---------+----------+------------+

+ Latency: 
    * Summary: 
    +---------+---------+----------+----------+-----+-----+---------+
    |  Latency (cycles) |  Latency (absolute) |  Interval | Pipeline|
    |   min   |   max   |    min   |    max   | min | max |   Type  |
    +---------+---------+----------+----------+-----+-----+---------+
    |        1|      514| 5.000 ns | 2.570 us |    1|  514|   none  |
    +---------+---------+----------+----------+-----+-----+---------+

    + Detail: 
        * Instance: 
        N/A

        * Loop: 
        +----------+---------+---------+----------+-----------+-----------+------+----------+
        |          |  Latency (cycles) | Iteration|  Initiation Interval  | Trip |          |
        | Loop Name|   min   |   max   |  Latency |  achieved |   target  | Count| Pipelined|
        +----------+---------+---------+----------+-----------+-----------+------+----------+
        |- Loop 1  |      512|      512|         2|          1|          1|   512|    yes   |
        +----------+---------+---------+----------+-----------+-----------+------+----------+



================================================================
== Utilization Estimates
================================================================
* Summary: 
+---------------------+---------+-------+---------+---------+-----+
|         Name        | BRAM_18K| DSP48E|    FF   |   LUT   | URAM|
+---------------------+---------+-------+---------+---------+-----+
|DSP                  |        -|      -|        -|        -|    -|
|Expression           |        -|      -|        0|      101|    -|
|FIFO                 |        -|      -|        -|        -|    -|
|Instance             |        -|      -|        0|       33|    -|
|Memory               |        -|      -|        -|        -|    -|
|Multiplexer          |        -|      -|        -|       90|    -|
|Register             |        -|      -|       39|        -|    -|
+---------------------+---------+-------+---------+---------+-----+
|Total                |        0|      0|       39|      224|    0|
+---------------------+---------+-------+---------+---------+-----+
|Available SLR        |     1440|   2280|   788160|   394080|  320|
+---------------------+---------+-------+---------+---------+-----+
|Utilization SLR (%)  |        0|      0|    ~0   |    ~0   |    0|
+---------------------+---------+-------+---------+---------+-----+
|Available            |     4320|   6840|  2364480|  1182240|  960|
+---------------------+---------+-------+---------+---------+-----+
|Utilization (%)      |        0|      0|    ~0   |    ~0   |    0|
+---------------------+---------+-------+---------+---------+-----+

+ Detail: 
    * Instance: 
    +---------------------------+-----------------------+---------+-------+---+----+-----+
    |          Instance         |         Module        | BRAM_18K| DSP48E| FF| LUT| URAM|
    +---------------------------+-----------------------+---------+-------+---+----+-----+
    |kernel0_mux_83_64_1_1_U15  |kernel0_mux_83_64_1_1  |        0|      0|  0|  33|    0|
    +---------------------------+-----------------------+---------+-------+---+----+-----+
    |Total                      |                       |        0|      0|  0|  33|    0|
    +---------------------------+-----------------------+---------+-------+---+----+-----+

    * DSP48E: 
    N/A

    * Memory: 
    N/A

    * FIFO: 
    N/A

    * Expression: 
    +----------------------------------+----------+-------+---+----+------------+------------+
    |           Variable Name          | Operation| DSP48E| FF| LUT| Bitwidth P0| Bitwidth P1|
    +----------------------------------+----------+-------+---+----+------------+------------+
    |add_ln321_fu_256_p2               |     +    |      0|  0|   6|           5|           5|
    |add_ln62_fu_178_p2                |     +    |      0|  0|  10|          10|           1|
    |add_ln64_fu_273_p2                |     +    |      0|  0|   8|           1|           8|
    |c5_V_fu_184_p2                    |     +    |      0|  0|   6|           1|           4|
    |c7_V_fu_267_p2                    |     +    |      0|  0|   6|           1|           4|
    |and_ln1371_fu_232_p2              |    and   |      0|  0|   2|           1|           1|
    |ap_block_pp0_stage0_01001         |    and   |      0|  0|   2|           1|           1|
    |ap_block_state3_pp0_stage0_iter1  |    and   |      0|  0|   2|           1|           1|
    |icmp_ln62_fu_172_p2               |   icmp   |      0|  0|  13|          10|          11|
    |icmp_ln64_fu_190_p2               |   icmp   |      0|  0|  11|           8|           7|
    |icmp_ln66_fu_226_p2               |   icmp   |      0|  0|  11|           4|           5|
    |or_ln66_fu_238_p2                 |    or    |      0|  0|   2|           1|           1|
    |select_ln1371_fu_196_p3           |  select  |      0|  0|   4|           1|           4|
    |select_ln64_fu_279_p3             |  select  |      0|  0|   8|           1|           1|
    |select_ln66_fu_244_p3             |  select  |      0|  0|   4|           1|           1|
    |ap_enable_pp0                     |    xor   |      0|  0|   2|           1|           2|
    |ap_enable_reg_pp0_iter1           |    xor   |      0|  0|   2|           2|           1|
    |xor_ln1371_fu_220_p2              |    xor   |      0|  0|   2|           1|           2|
    +----------------------------------+----------+-------+---+----+------------+------------+
    |Total                             |          |      0|  0| 101|          51|          60|
    +----------------------------------+----------+-------+---+----+------------+------------+

    * Multiplexer: 
    +----------------------------------+----+-----------+-----+-----------+
    |               Name               | LUT| Input Size| Bits| Total Bits|
    +----------------------------------+----+-----------+-----+-----------+
    |ap_NS_fsm                         |  21|          4|    1|          4|
    |ap_enable_reg_pp0_iter1           |  15|          3|    1|          3|
    |ap_phi_mux_p_088_0_phi_fu_143_p4  |   9|          2|    4|          8|
    |fifo_A_local_out_V_V_blk_n        |   9|          2|    1|          2|
    |indvar_flatten11_reg_128          |   9|          2|   10|         20|
    |indvar_flatten_reg_150            |   9|          2|    8|         16|
    |p_066_0_reg_161                   |   9|          2|    4|          8|
    |p_088_0_reg_139                   |   9|          2|    4|          8|
    +----------------------------------+----+-----------+-----+-----------+
    |Total                             |  90|         19|   33|         69|
    +----------------------------------+----+-----------+-----+-----------+

    * Register: 
    +--------------------------+----+----+-----+-----------+
    |           Name           | FF | LUT| Bits| Const Bits|
    +--------------------------+----+----+-----+-----------+
    |ap_CS_fsm                 |   3|   0|    3|          0|
    |ap_enable_reg_pp0_iter0   |   1|   0|    1|          0|
    |ap_enable_reg_pp0_iter1   |   1|   0|    1|          0|
    |icmp_ln62_reg_387         |   1|   0|    1|          0|
    |indvar_flatten11_reg_128  |  10|   0|   10|          0|
    |indvar_flatten_reg_150    |   8|   0|    8|          0|
    |p_066_0_reg_161           |   4|   0|    4|          0|
    |p_088_0_reg_139           |   4|   0|    4|          0|
    |select_ln1371_reg_396     |   4|   0|    4|          0|
    |trunc_ln1371_reg_401      |   3|   0|    3|          0|
    +--------------------------+----+----+-----+-----------+
    |Total                     |  39|   0|   39|          0|
    +--------------------------+----+----+-----+-----------+



================================================================
== Interface
================================================================
* Summary: 
+-----------------------------+-----+-----+------------+------------------------+--------------+
|          RTL Ports          | Dir | Bits|  Protocol  |      Source Object     |    C Type    |
+-----------------------------+-----+-----+------------+------------------------+--------------+
|ap_clk                       |  in |    1| ap_ctrl_hs | A_IO_L2_in_intra_trans | return value |
|ap_rst                       |  in |    1| ap_ctrl_hs | A_IO_L2_in_intra_trans | return value |
|ap_start                     |  in |    1| ap_ctrl_hs | A_IO_L2_in_intra_trans | return value |
|ap_done                      | out |    1| ap_ctrl_hs | A_IO_L2_in_intra_trans | return value |
|ap_idle                      | out |    1| ap_ctrl_hs | A_IO_L2_in_intra_trans | return value |
|ap_ready                     | out |    1| ap_ctrl_hs | A_IO_L2_in_intra_trans | return value |
|local_A_V_address0           | out |    3|  ap_memory |        local_A_V       |     array    |
|local_A_V_ce0                | out |    1|  ap_memory |        local_A_V       |     array    |
|local_A_V_q0                 |  in |  512|  ap_memory |        local_A_V       |     array    |
|fifo_A_local_out_V_V_din     | out |   64|   ap_fifo  |  fifo_A_local_out_V_V  |    pointer   |
|fifo_A_local_out_V_V_full_n  |  in |    1|   ap_fifo  |  fifo_A_local_out_V_V  |    pointer   |
|fifo_A_local_out_V_V_write   | out |    1|   ap_fifo  |  fifo_A_local_out_V_V  |    pointer   |
|intra_trans_en               |  in |    1|   ap_none  |     intra_trans_en     |    scalar    |
+-----------------------------+-----+-----+------------+------------------------+--------------+

