

================================================================
== Vivado HLS Report for 'B_IO_L2_in_inter_trans'
================================================================
* Date:           Sat Sep 14 23:31:24 2024

* Version:        2019.2 (Build 2704478 on Wed Nov 06 22:10:23 MST 2019)
* Project:        hls_prj
* Solution:       solution1
* Product family: virtexuplus
* Target device:  xcu200-fsgd2104-2-e


================================================================
== Performance Estimates
================================================================
+ Timing: 
    * Summary: 
    +--------+---------+----------+------------+
    |  Clock |  Target | Estimated| Uncertainty|
    +--------+---------+----------+------------+
    |ap_clk  | 5.00 ns | 2.916 ns |   0.62 ns  |
    +--------+---------+----------+------------+

+ Latency: 
    * Summary: 
    +---------+---------+----------+----------+-----+-----+---------+
    |  Latency (cycles) |  Latency (absolute) |  Interval | Pipeline|
    |   min   |   max   |    min   |    max   | min | max |   Type  |
    +---------+---------+----------+----------+-----+-----+---------+
    |       23|       23| 0.115 us | 0.115 us |   23|   23|   none  |
    +---------+---------+----------+----------+-----+-----+---------+

    + Detail: 
        * Instance: 
        N/A

        * Loop: 
        +-------------+---------+---------+----------+-----------+-----------+------+----------+
        |             |  Latency (cycles) | Iteration|  Initiation Interval  | Trip |          |
        |  Loop Name  |   min   |   max   |  Latency |  achieved |   target  | Count| Pipelined|
        +-------------+---------+---------+----------+-----------+-----------+------+----------+
        |- Loop 1     |       22|       22|        11|          -|          -|     2|    no    |
        | + Loop 1.1  |        8|        8|         2|          1|          1|     8|    yes   |
        | + Loop 1.2  |        8|        8|         2|          1|          1|     8|    yes   |
        +-------------+---------+---------+----------+-----------+-----------+------+----------+



================================================================
== Utilization Estimates
================================================================
* Summary: 
+---------------------+---------+-------+---------+---------+-----+
|         Name        | BRAM_18K| DSP48E|    FF   |   LUT   | URAM|
+---------------------+---------+-------+---------+---------+-----+
|DSP                  |        -|      -|        -|        -|    -|
|Expression           |        -|      -|        0|       70|    -|
|FIFO                 |        -|      -|        -|        -|    -|
|Instance             |        -|      -|        -|        -|    -|
|Memory               |        -|      -|        -|        -|    -|
|Multiplexer          |        -|      -|        -|      117|    -|
|Register             |        -|      -|       27|        -|    -|
+---------------------+---------+-------+---------+---------+-----+
|Total                |        0|      0|       27|      187|    0|
+---------------------+---------+-------+---------+---------+-----+
|Available SLR        |     1440|   2280|   788160|   394080|  320|
+---------------------+---------+-------+---------+---------+-----+
|Utilization SLR (%)  |        0|      0|    ~0   |    ~0   |    0|
+---------------------+---------+-------+---------+---------+-----+
|Available            |     4320|   6840|  2364480|  1182240|  960|
+---------------------+---------+-------+---------+---------+-----+
|Utilization (%)      |        0|      0|    ~0   |    ~0   |    0|
+---------------------+---------+-------+---------+---------+-----+

+ Detail: 
    * Instance: 
    N/A

    * DSP48E: 
    N/A

    * Memory: 
    N/A

    * FIFO: 
    N/A

    * Expression: 
    +----------------------------------+----------+-------+---+----+------------+------------+
    |           Variable Name          | Operation| DSP48E| FF| LUT| Bitwidth P0| Bitwidth P1|
    +----------------------------------+----------+-------+---+----+------------+------------+
    |c3_V_fu_134_p2                    |     +    |      0|  0|   3|           2|           1|
    |c4_V_1_fu_152_p2                  |     +    |      0|  0|   6|           4|           1|
    |c4_V_fu_164_p2                    |     +    |      0|  0|   6|           4|           1|
    |ap_block_pp0_stage0_01001         |    and   |      0|  0|   2|           1|           1|
    |ap_block_pp1_stage0_11001         |    and   |      0|  0|   2|           1|           1|
    |ap_block_state7_pp1_stage0_iter1  |    and   |      0|  0|   2|           1|           1|
    |icmp_ln442_fu_128_p2              |   icmp   |      0|  0|   9|           2|           3|
    |icmp_ln445_fu_158_p2              |   icmp   |      0|  0|  11|           4|           5|
    |icmp_ln457_fu_146_p2              |   icmp   |      0|  0|  11|           4|           5|
    |icmp_ln879_fu_140_p2              |   icmp   |      0|  0|   8|           2|           1|
    |ap_block_state4_pp0_stage0_iter1  |    or    |      0|  0|   2|           1|           1|
    |ap_enable_pp0                     |    xor   |      0|  0|   2|           1|           2|
    |ap_enable_pp1                     |    xor   |      0|  0|   2|           1|           2|
    |ap_enable_reg_pp0_iter1           |    xor   |      0|  0|   2|           2|           1|
    |ap_enable_reg_pp1_iter1           |    xor   |      0|  0|   2|           2|           1|
    +----------------------------------+----------+-------+---+----+------------+------------+
    |Total                             |          |      0|  0|  70|          32|          27|
    +----------------------------------+----------+-------+---+----+------------+------------+

    * Multiplexer: 
    +----------------------------------+----+-----------+-----+-----------+
    |               Name               | LUT| Input Size| Bits| Total Bits|
    +----------------------------------+----+-----------+-----+-----------+
    |ap_NS_fsm                         |  33|          6|    1|          6|
    |ap_enable_reg_pp0_iter1           |  15|          3|    1|          3|
    |ap_enable_reg_pp1_iter1           |  15|          3|    1|          3|
    |ap_phi_mux_p_069_0_phi_fu_120_p4  |   9|          2|    4|          8|
    |fifo_B_in_V_V_blk_n               |   9|          2|    1|          2|
    |fifo_B_out_V_V_blk_n              |   9|          2|    1|          2|
    |p_047_0_reg_105                   |   9|          2|    4|          8|
    |p_069_0_reg_116                   |   9|          2|    4|          8|
    |p_084_0_reg_94                    |   9|          2|    2|          4|
    +----------------------------------+----+-----------+-----+-----------+
    |Total                             | 117|         24|   19|         44|
    +----------------------------------+----+-----------+-----+-----------+

    * Register: 
    +-------------------------+---+----+-----+-----------+
    |           Name          | FF| LUT| Bits| Const Bits|
    +-------------------------+---+----+-----+-----------+
    |ap_CS_fsm                |  5|   0|    5|          0|
    |ap_enable_reg_pp0_iter0  |  1|   0|    1|          0|
    |ap_enable_reg_pp0_iter1  |  1|   0|    1|          0|
    |ap_enable_reg_pp1_iter0  |  1|   0|    1|          0|
    |ap_enable_reg_pp1_iter1  |  1|   0|    1|          0|
    |c3_V_reg_179             |  2|   0|    2|          0|
    |c4_V_reg_201             |  4|   0|    4|          0|
    |icmp_ln445_reg_197       |  1|   0|    1|          0|
    |icmp_ln457_reg_188       |  1|   0|    1|          0|
    |p_047_0_reg_105          |  4|   0|    4|          0|
    |p_069_0_reg_116          |  4|   0|    4|          0|
    |p_084_0_reg_94           |  2|   0|    2|          0|
    +-------------------------+---+----+-----+-----------+
    |Total                    | 27|   0|   27|          0|
    +-------------------------+---+----+-----+-----------+



================================================================
== Interface
================================================================
* Summary: 
+-----------------------+-----+-----+------------+------------------------+--------------+
|       RTL Ports       | Dir | Bits|  Protocol  |      Source Object     |    C Type    |
+-----------------------+-----+-----+------------+------------------------+--------------+
|ap_clk                 |  in |    1| ap_ctrl_hs | B_IO_L2_in_inter_trans | return value |
|ap_rst                 |  in |    1| ap_ctrl_hs | B_IO_L2_in_inter_trans | return value |
|ap_start               |  in |    1| ap_ctrl_hs | B_IO_L2_in_inter_trans | return value |
|ap_done                | out |    1| ap_ctrl_hs | B_IO_L2_in_inter_trans | return value |
|ap_idle                | out |    1| ap_ctrl_hs | B_IO_L2_in_inter_trans | return value |
|ap_ready               | out |    1| ap_ctrl_hs | B_IO_L2_in_inter_trans | return value |
|local_B_V_address1     | out |    3|  ap_memory |        local_B_V       |     array    |
|local_B_V_ce1          | out |    1|  ap_memory |        local_B_V       |     array    |
|local_B_V_we1          | out |    1|  ap_memory |        local_B_V       |     array    |
|local_B_V_d1           | out |  512|  ap_memory |        local_B_V       |     array    |
|fifo_B_in_V_V_dout     |  in |  512|   ap_fifo  |      fifo_B_in_V_V     |    pointer   |
|fifo_B_in_V_V_empty_n  |  in |    1|   ap_fifo  |      fifo_B_in_V_V     |    pointer   |
|fifo_B_in_V_V_read     | out |    1|   ap_fifo  |      fifo_B_in_V_V     |    pointer   |
|fifo_B_out_V_V_din     | out |  512|   ap_fifo  |     fifo_B_out_V_V     |    pointer   |
|fifo_B_out_V_V_full_n  |  in |    1|   ap_fifo  |     fifo_B_out_V_V     |    pointer   |
|fifo_B_out_V_V_write   | out |    1|   ap_fifo  |     fifo_B_out_V_V     |    pointer   |
+-----------------------+-----+-----+------------+------------------------+--------------+

