

================================================================
== Vivado HLS Report for 'B_IO_L2_in_boundary'
================================================================
* Date:           Sat Sep 14 23:31:24 2024

* Version:        2019.2 (Build 2704478 on Wed Nov 06 22:10:23 MST 2019)
* Project:        hls_prj
* Solution:       solution1
* Product family: virtexuplus
* Target device:  xcu200-fsgd2104-2-e


================================================================
== Performance Estimates
================================================================
+ Timing: 
    * Summary: 
    +--------+---------+----------+------------+
    |  Clock |  Target | Estimated| Uncertainty|
    +--------+---------+----------+------------+
    |ap_clk  | 5.00 ns | 3.113 ns |   0.62 ns  |
    +--------+---------+----------+------------+

+ Latency: 
    * Summary: 
    +---------+---------+----------+----------+-----+-------+---------+
    |  Latency (cycles) |  Latency (absolute) |   Interval  | Pipeline|
    |   min   |   max   |    min   |    max   | min |  max  |   Type  |
    +---------+---------+----------+----------+-----+-------+---------+
    |      811|    33580| 4.055 us | 0.168 ms |  811|  33580|   none  |
    +---------+---------+----------+----------+-----+-------+---------+

    + Detail: 
        * Instance: 
        +--------------------------------------------+---------------------------------+---------+---------+-----------+-----------+-----+-----+---------+
        |                                            |                                 |  Latency (cycles) |   Latency (absolute)  |  Interval | Pipeline|
        |                  Instance                  |              Module             |   min   |   max   |    min    |    max    | min | max |   Type  |
        +--------------------------------------------+---------------------------------+---------+---------+-----------+-----------+-----+-----+---------+
        |grp_B_IO_L2_in_intra_trans_fu_103           |B_IO_L2_in_intra_trans           |        1|      514|  5.000 ns |  2.570 us |    1|  514|   none  |
        |grp_B_IO_L2_in_inter_trans_boundary_fu_111  |B_IO_L2_in_inter_trans_boundary  |       10|       10| 50.000 ns | 50.000 ns |   10|   10|   none  |
        +--------------------------------------------+---------------------------------+---------+---------+-----------+-----------+-----+-----+---------+

        * Loop: 
        +-----------------+---------+---------+------------+-----------+-----------+------+----------+
        |                 |  Latency (cycles) |  Iteration |  Initiation Interval  | Trip |          |
        |    Loop Name    |   min   |   max   |   Latency  |  achieved |   target  | Count| Pipelined|
        +-----------------+---------+---------+------------+-----------+-----------+------+----------+
        |- Loop 1         |      808|    33064| 202 ~ 8266 |          -|          -|     4|    no    |
        | + Loop 1.1      |      200|     8264|  50 ~ 2066 |          -|          -|     4|    no    |
        |  ++ Loop 1.1.1  |       48|     2064|  12 ~ 516  |          -|          -|     4|    no    |
        +-----------------+---------+---------+------------+-----------+-----------+------+----------+



================================================================
== Utilization Estimates
================================================================
* Summary: 
+---------------------+---------+-------+---------+---------+-----+
|         Name        | BRAM_18K| DSP48E|    FF   |   LUT   | URAM|
+---------------------+---------+-------+---------+---------+-----+
|DSP                  |        -|      -|        -|        -|    -|
|Expression           |        -|      -|        0|       45|    -|
|FIFO                 |        -|      -|        -|        -|    -|
|Instance             |        -|      -|       61|      344|    -|
|Memory               |       30|      -|        0|        0|    0|
|Multiplexer          |        -|      -|        -|      194|    -|
|Register             |        -|      -|       32|        -|    -|
+---------------------+---------+-------+---------+---------+-----+
|Total                |       30|      0|       93|      583|    0|
+---------------------+---------+-------+---------+---------+-----+
|Available SLR        |     1440|   2280|   788160|   394080|  320|
+---------------------+---------+-------+---------+---------+-----+
|Utilization SLR (%)  |        2|      0|    ~0   |    ~0   |    0|
+---------------------+---------+-------+---------+---------+-----+
|Available            |     4320|   6840|  2364480|  1182240|  960|
+---------------------+---------+-------+---------+---------+-----+
|Utilization (%)      |    ~0   |      0|    ~0   |    ~0   |    0|
+---------------------+---------+-------+---------+---------+-----+

+ Detail: 
    * Instance: 
    +--------------------------------------------+---------------------------------+---------+-------+----+-----+-----+
    |                  Instance                  |              Module             | BRAM_18K| DSP48E| FF | LUT | URAM|
    +--------------------------------------------+---------------------------------+---------+-------+----+-----+-----+
    |grp_B_IO_L2_in_inter_trans_boundary_fu_111  |B_IO_L2_in_inter_trans_boundary  |        0|      0|  14|   88|    0|
    |grp_B_IO_L2_in_intra_trans_fu_103           |B_IO_L2_in_intra_trans           |        0|      0|  47|  256|    0|
    +--------------------------------------------+---------------------------------+---------+-------+----+-----+-----+
    |Total                                       |                                 |        0|      0|  61|  344|    0|
    +--------------------------------------------+---------------------------------+---------+-------+----+-----+-----+

    * DSP48E: 
    N/A

    * Memory: 
    +------------------+---------------------------+---------+---+----+-----+------+-----+------+-------------+
    |      Memory      |           Module          | BRAM_18K| FF| LUT| URAM| Words| Bits| Banks| W*Bits*Banks|
    +------------------+---------------------------+---------+---+----+-----+------+-----+------+-------------+
    |local_B_ping_V_U  |A_IO_L2_in_local_A_ping_V  |       15|  0|   0|    0|     8|  512|     1|         4096|
    |local_B_pong_V_U  |A_IO_L2_in_local_A_ping_V  |       15|  0|   0|    0|     8|  512|     1|         4096|
    +------------------+---------------------------+---------+---+----+-----+------+-----+------+-------------+
    |Total             |                           |       30|  0|   0|    0|    16| 1024|     2|         8192|
    +------------------+---------------------------+---------+---+----+-----+------+-----+------+-------------+

    * FIFO: 
    N/A

    * Expression: 
    +---------------------------------+----------+-------+---+----+------------+------------+
    |          Variable Name          | Operation| DSP48E| FF| LUT| Bitwidth P0| Bitwidth P1|
    +---------------------------------+----------+-------+---+----+------------+------------+
    |c0_V_fu_133_p2                   |     +    |      0|  0|   4|           3|           1|
    |c1_V_fu_145_p2                   |     +    |      0|  0|   4|           3|           1|
    |c2_V_fu_157_p2                   |     +    |      0|  0|   4|           3|           1|
    |icmp_ln615_fu_127_p2             |   icmp   |      0|  0|   9|           3|           4|
    |icmp_ln616_fu_139_p2             |   icmp   |      0|  0|   9|           3|           4|
    |icmp_ln617_fu_151_p2             |   icmp   |      0|  0|   9|           3|           4|
    |ap_block_state1                  |    or    |      0|  0|   2|           1|           1|
    |ap_block_state5_on_subcall_done  |    or    |      0|  0|   2|           1|           1|
    |xor_ln661_fu_163_p2              |    xor   |      0|  0|   2|           1|           2|
    +---------------------------------+----------+-------+---+----+------------+------------+
    |Total                            |          |      0|  0|  45|          21|          19|
    +---------------------------------+----------+-------+---+----+------------+------------+

    * Multiplexer: 
    +--------------------------------------------------+----+-----------+-----+-----------+
    |                       Name                       | LUT| Input Size| Bits| Total Bits|
    +--------------------------------------------------+----+-----------+-----+-----------+
    |ap_NS_fsm                                         |  38|          7|    1|          7|
    |ap_done                                           |   9|          2|    1|          2|
    |arb_2_reg_91                                      |   9|          2|    1|          2|
    |fifo_B_in_V_V_read                                |   9|          2|    1|          2|
    |fifo_B_local_out_V_V_write                        |   9|          2|    1|          2|
    |grp_B_IO_L2_in_intra_trans_fu_103_intra_trans_en  |  15|          3|    1|          3|
    |grp_B_IO_L2_in_intra_trans_fu_103_local_B_V_q0    |  15|          3|  512|       1536|
    |local_B_ping_V_ce0                                |   9|          2|    1|          2|
    |local_B_ping_V_ce1                                |   9|          2|    1|          2|
    |local_B_ping_V_we1                                |   9|          2|    1|          2|
    |local_B_pong_V_ce0                                |   9|          2|    1|          2|
    |local_B_pong_V_ce1                                |   9|          2|    1|          2|
    |local_B_pong_V_we1                                |   9|          2|    1|          2|
    |p_016_0_reg_58                                    |   9|          2|    3|          6|
    |p_047_0_reg_69                                    |   9|          2|    3|          6|
    |p_060_0_reg_80                                    |   9|          2|    3|          6|
    |real_start                                        |   9|          2|    1|          2|
    +--------------------------------------------------+----+-----------+-----+-----------+
    |Total                                             | 194|         41|  534|       1586|
    +--------------------------------------------------+----+-----------+-----+-----------+

    * Register: 
    +---------------------------------------------------------+---+----+-----+-----------+
    |                           Name                          | FF| LUT| Bits| Const Bits|
    +---------------------------------------------------------+---+----+-----+-----------+
    |ap_CS_fsm                                                |  6|   0|    6|          0|
    |ap_done_reg                                              |  1|   0|    1|          0|
    |arb_2_reg_91                                             |  1|   0|    1|          0|
    |c0_V_reg_184                                             |  3|   0|    3|          0|
    |c1_V_reg_197                                             |  3|   0|    3|          0|
    |c2_V_reg_205                                             |  3|   0|    3|          0|
    |grp_B_IO_L2_in_inter_trans_boundary_fu_111_ap_start_reg  |  1|   0|    1|          0|
    |grp_B_IO_L2_in_intra_trans_fu_103_ap_start_reg           |  1|   0|    1|          0|
    |intra_trans_en_0_fu_46                                   |  1|   0|    1|          0|
    |intra_trans_en_0_load_1_reg_210                          |  1|   0|    1|          0|
    |intra_trans_en_0_load_reg_189                            |  1|   0|    1|          0|
    |p_016_0_reg_58                                           |  3|   0|    3|          0|
    |p_047_0_reg_69                                           |  3|   0|    3|          0|
    |p_060_0_reg_80                                           |  3|   0|    3|          0|
    |start_once_reg                                           |  1|   0|    1|          0|
    +---------------------------------------------------------+---+----+-----+-----------+
    |Total                                                    | 32|   0|   32|          0|
    +---------------------------------------------------------+---+----+-----+-----------+



================================================================
== Interface
================================================================
* Summary: 
+-----------------------------+-----+-----+------------+----------------------+--------------+
|          RTL Ports          | Dir | Bits|  Protocol  |     Source Object    |    C Type    |
+-----------------------------+-----+-----+------------+----------------------+--------------+
|ap_clk                       |  in |    1| ap_ctrl_hs |  B_IO_L2_in_boundary | return value |
|ap_rst                       |  in |    1| ap_ctrl_hs |  B_IO_L2_in_boundary | return value |
|ap_start                     |  in |    1| ap_ctrl_hs |  B_IO_L2_in_boundary | return value |
|start_full_n                 |  in |    1| ap_ctrl_hs |  B_IO_L2_in_boundary | return value |
|ap_done                      | out |    1| ap_ctrl_hs |  B_IO_L2_in_boundary | return value |
|ap_continue                  |  in |    1| ap_ctrl_hs |  B_IO_L2_in_boundary | return value |
|ap_idle                      | out |    1| ap_ctrl_hs |  B_IO_L2_in_boundary | return value |
|ap_ready                     | out |    1| ap_ctrl_hs |  B_IO_L2_in_boundary | return value |
|start_out                    | out |    1| ap_ctrl_hs |  B_IO_L2_in_boundary | return value |
|start_write                  | out |    1| ap_ctrl_hs |  B_IO_L2_in_boundary | return value |
|fifo_B_in_V_V_dout           |  in |  512|   ap_fifo  |     fifo_B_in_V_V    |    pointer   |
|fifo_B_in_V_V_empty_n        |  in |    1|   ap_fifo  |     fifo_B_in_V_V    |    pointer   |
|fifo_B_in_V_V_read           | out |    1|   ap_fifo  |     fifo_B_in_V_V    |    pointer   |
|fifo_B_local_out_V_V_din     | out |   64|   ap_fifo  | fifo_B_local_out_V_V |    pointer   |
|fifo_B_local_out_V_V_full_n  |  in |    1|   ap_fifo  | fifo_B_local_out_V_V |    pointer   |
|fifo_B_local_out_V_V_write   | out |    1|   ap_fifo  | fifo_B_local_out_V_V |    pointer   |
+-----------------------------+-----+-----+------------+----------------------+--------------+

