

================================================================
== Vivado HLS Report for 'C_drain_IO_L3_out_serialize'
================================================================
* Date:           Sat Sep 14 23:31:27 2024

* Version:        2019.2 (Build 2704478 on Wed Nov 06 22:10:23 MST 2019)
* Project:        hls_prj
* Solution:       solution1
* Product family: virtexuplus
* Target device:  xcu200-fsgd2104-2-e


================================================================
== Performance Estimates
================================================================
+ Timing: 
    * Summary: 
    +--------+---------+----------+------------+
    |  Clock |  Target | Estimated| Uncertainty|
    +--------+---------+----------+------------+
    |ap_clk  | 5.00 ns | 4.375 ns |   0.62 ns  |
    +--------+---------+----------+------------+

+ Latency: 
    * Summary: 
    +---------+---------+----------+----------+------+------+---------+
    |  Latency (cycles) |  Latency (absolute) |   Interval  | Pipeline|
    |   min   |   max   |    min   |    max   |  min |  max |   Type  |
    +---------+---------+----------+----------+------+------+---------+
    |     1032|     1032| 5.160 us | 5.160 us |  1032|  1032|   none  |
    +---------+---------+----------+----------+------+------+---------+

    + Detail: 
        * Instance: 
        N/A

        * Loop: 
        +----------+---------+---------+----------+-----------+-----------+------+----------+
        |          |  Latency (cycles) | Iteration|  Initiation Interval  | Trip |          |
        | Loop Name|   min   |   max   |  Latency |  achieved |   target  | Count| Pipelined|
        +----------+---------+---------+----------+-----------+-----------+------+----------+
        |- Loop 1  |     1025|     1025|         6|          4|          1|   256|    yes   |
        +----------+---------+---------+----------+-----------+-----------+------+----------+



================================================================
== Utilization Estimates
================================================================
* Summary: 
+---------------------+---------+-------+---------+---------+-----+
|         Name        | BRAM_18K| DSP48E|    FF   |   LUT   | URAM|
+---------------------+---------+-------+---------+---------+-----+
|DSP                  |        -|      -|        -|        -|    -|
|Expression           |        -|      -|        0|       36|    -|
|FIFO                 |        -|      -|        -|        -|    -|
|Instance             |        -|      -|        -|        -|    -|
|Memory               |        -|      -|        -|        -|    -|
|Multiplexer          |        -|      -|        -|      134|    -|
|Register             |        -|      -|      572|        -|    -|
+---------------------+---------+-------+---------+---------+-----+
|Total                |        0|      0|      572|      170|    0|
+---------------------+---------+-------+---------+---------+-----+
|Available SLR        |     1440|   2280|   788160|   394080|  320|
+---------------------+---------+-------+---------+---------+-----+
|Utilization SLR (%)  |        0|      0|    ~0   |    ~0   |    0|
+---------------------+---------+-------+---------+---------+-----+
|Available            |     4320|   6840|  2364480|  1182240|  960|
+---------------------+---------+-------+---------+---------+-----+
|Utilization (%)      |        0|      0|    ~0   |    ~0   |    0|
+---------------------+---------+-------+---------+---------+-----+

+ Detail: 
    * Instance: 
    N/A

    * DSP48E: 
    N/A

    * Memory: 
    N/A

    * FIFO: 
    N/A

    * Expression: 
    +----------------------------------+----------+-------+---+----+------------+------------+
    |           Variable Name          | Operation| DSP48E| FF| LUT| Bitwidth P0| Bitwidth P1|
    +----------------------------------+----------+-------+---+----+------------+------------+
    |i_V_fu_133_p2                     |     +    |      0|  0|   9|           9|           1|
    |ap_block_pp0_stage0_11001         |    and   |      0|  0|   2|           1|           1|
    |ap_block_pp0_stage1_01001         |    and   |      0|  0|   2|           1|           1|
    |ap_block_state4_pp0_stage1_iter0  |    and   |      0|  0|   2|           1|           1|
    |ap_block_state8_io                |    and   |      0|  0|   2|           1|           1|
    |icmp_ln1164_fu_127_p2             |   icmp   |      0|  0|  13|           9|          10|
    |ap_block_pp0_stage1_11001         |    or    |      0|  0|   2|           1|           1|
    |ap_block_state1                   |    or    |      0|  0|   2|           1|           1|
    |ap_enable_pp0                     |    xor   |      0|  0|   2|           1|           2|
    +----------------------------------+----------+-------+---+----+------------+------------+
    |Total                             |          |      0|  0|  36|          25|          19|
    +----------------------------------+----------+-------+---+----+------------+------------+

    * Multiplexer: 
    +---------------------------------+----+-----------+-----+-----------+
    |               Name              | LUT| Input Size| Bits| Total Bits|
    +---------------------------------+----+-----------+-----+-----------+
    |C_V_blk_n_AW                     |   9|          2|    1|          2|
    |C_V_blk_n_B                      |   9|          2|    1|          2|
    |C_V_blk_n_W                      |   9|          2|    1|          2|
    |C_V_offset_blk_n                 |   9|          2|    1|          2|
    |ap_NS_fsm                        |  53|         12|    1|         12|
    |ap_done                          |   9|          2|    1|          2|
    |ap_enable_reg_pp0_iter1          |   9|          2|    1|          2|
    |ap_phi_mux_t_V_phi_fu_100_p4     |   9|          2|    9|         18|
    |fifo_C_drain_local_in_V_V_blk_n  |   9|          2|    1|          2|
    |t_V_reg_96                       |   9|          2|    9|         18|
    +---------------------------------+----+-----------+-----+-----------+
    |Total                            | 134|         30|   26|         62|
    +---------------------------------+----+-----------+-----+-----------+

    * Register: 
    +-----------------------------------+-----+----+-----+-----------+
    |                Name               |  FF | LUT| Bits| Const Bits|
    +-----------------------------------+-----+----+-----+-----------+
    |C_V_offset1_i_reg_148              |   26|   0|   26|          0|
    |ap_CS_fsm                          |   11|   0|   11|          0|
    |ap_done_reg                        |    1|   0|    1|          0|
    |ap_enable_reg_pp0_iter0            |    1|   0|    1|          0|
    |ap_enable_reg_pp0_iter1            |    1|   0|    1|          0|
    |i_V_reg_163                        |    9|   0|    9|          0|
    |icmp_ln1164_reg_159                |    1|   0|    1|          0|
    |icmp_ln1164_reg_159_pp0_iter1_reg  |    1|   0|    1|          0|
    |t_V_reg_96                         |    9|   0|    9|          0|
    |tmp_V_2_reg_173                    |  128|   0|  128|          0|
    |tmp_V_3_reg_178                    |  128|   0|  128|          0|
    |tmp_V_4_reg_183                    |  128|   0|  128|          0|
    |tmp_V_reg_168                      |  128|   0|  128|          0|
    +-----------------------------------+-----+----+-----+-----------+
    |Total                              |  572|   0|  572|          0|
    +-----------------------------------+-----+----+-----+-----------+



================================================================
== Interface
================================================================
* Summary: 
+-----------------------------------+-----+-----+------------+-----------------------------+--------------+
|             RTL Ports             | Dir | Bits|  Protocol  |        Source Object        |    C Type    |
+-----------------------------------+-----+-----+------------+-----------------------------+--------------+
|ap_clk                             |  in |    1| ap_ctrl_hs | C_drain_IO_L3_out_serialize | return value |
|ap_rst                             |  in |    1| ap_ctrl_hs | C_drain_IO_L3_out_serialize | return value |
|ap_start                           |  in |    1| ap_ctrl_hs | C_drain_IO_L3_out_serialize | return value |
|ap_done                            | out |    1| ap_ctrl_hs | C_drain_IO_L3_out_serialize | return value |
|ap_continue                        |  in |    1| ap_ctrl_hs | C_drain_IO_L3_out_serialize | return value |
|ap_idle                            | out |    1| ap_ctrl_hs | C_drain_IO_L3_out_serialize | return value |
|ap_ready                           | out |    1| ap_ctrl_hs | C_drain_IO_L3_out_serialize | return value |
|m_axi_C_V_AWVALID                  | out |    1|    m_axi   |             C_V             |    pointer   |
|m_axi_C_V_AWREADY                  |  in |    1|    m_axi   |             C_V             |    pointer   |
|m_axi_C_V_AWADDR                   | out |   32|    m_axi   |             C_V             |    pointer   |
|m_axi_C_V_AWID                     | out |    1|    m_axi   |             C_V             |    pointer   |
|m_axi_C_V_AWLEN                    | out |   32|    m_axi   |             C_V             |    pointer   |
|m_axi_C_V_AWSIZE                   | out |    3|    m_axi   |             C_V             |    pointer   |
|m_axi_C_V_AWBURST                  | out |    2|    m_axi   |             C_V             |    pointer   |
|m_axi_C_V_AWLOCK                   | out |    2|    m_axi   |             C_V             |    pointer   |
|m_axi_C_V_AWCACHE                  | out |    4|    m_axi   |             C_V             |    pointer   |
|m_axi_C_V_AWPROT                   | out |    3|    m_axi   |             C_V             |    pointer   |
|m_axi_C_V_AWQOS                    | out |    4|    m_axi   |             C_V             |    pointer   |
|m_axi_C_V_AWREGION                 | out |    4|    m_axi   |             C_V             |    pointer   |
|m_axi_C_V_AWUSER                   | out |    1|    m_axi   |             C_V             |    pointer   |
|m_axi_C_V_WVALID                   | out |    1|    m_axi   |             C_V             |    pointer   |
|m_axi_C_V_WREADY                   |  in |    1|    m_axi   |             C_V             |    pointer   |
|m_axi_C_V_WDATA                    | out |  512|    m_axi   |             C_V             |    pointer   |
|m_axi_C_V_WSTRB                    | out |   64|    m_axi   |             C_V             |    pointer   |
|m_axi_C_V_WLAST                    | out |    1|    m_axi   |             C_V             |    pointer   |
|m_axi_C_V_WID                      | out |    1|    m_axi   |             C_V             |    pointer   |
|m_axi_C_V_WUSER                    | out |    1|    m_axi   |             C_V             |    pointer   |
|m_axi_C_V_ARVALID                  | out |    1|    m_axi   |             C_V             |    pointer   |
|m_axi_C_V_ARREADY                  |  in |    1|    m_axi   |             C_V             |    pointer   |
|m_axi_C_V_ARADDR                   | out |   32|    m_axi   |             C_V             |    pointer   |
|m_axi_C_V_ARID                     | out |    1|    m_axi   |             C_V             |    pointer   |
|m_axi_C_V_ARLEN                    | out |   32|    m_axi   |             C_V             |    pointer   |
|m_axi_C_V_ARSIZE                   | out |    3|    m_axi   |             C_V             |    pointer   |
|m_axi_C_V_ARBURST                  | out |    2|    m_axi   |             C_V             |    pointer   |
|m_axi_C_V_ARLOCK                   | out |    2|    m_axi   |             C_V             |    pointer   |
|m_axi_C_V_ARCACHE                  | out |    4|    m_axi   |             C_V             |    pointer   |
|m_axi_C_V_ARPROT                   | out |    3|    m_axi   |             C_V             |    pointer   |
|m_axi_C_V_ARQOS                    | out |    4|    m_axi   |             C_V             |    pointer   |
|m_axi_C_V_ARREGION                 | out |    4|    m_axi   |             C_V             |    pointer   |
|m_axi_C_V_ARUSER                   | out |    1|    m_axi   |             C_V             |    pointer   |
|m_axi_C_V_RVALID                   |  in |    1|    m_axi   |             C_V             |    pointer   |
|m_axi_C_V_RREADY                   | out |    1|    m_axi   |             C_V             |    pointer   |
|m_axi_C_V_RDATA                    |  in |  512|    m_axi   |             C_V             |    pointer   |
|m_axi_C_V_RLAST                    |  in |    1|    m_axi   |             C_V             |    pointer   |
|m_axi_C_V_RID                      |  in |    1|    m_axi   |             C_V             |    pointer   |
|m_axi_C_V_RUSER                    |  in |    1|    m_axi   |             C_V             |    pointer   |
|m_axi_C_V_RRESP                    |  in |    2|    m_axi   |             C_V             |    pointer   |
|m_axi_C_V_BVALID                   |  in |    1|    m_axi   |             C_V             |    pointer   |
|m_axi_C_V_BREADY                   | out |    1|    m_axi   |             C_V             |    pointer   |
|m_axi_C_V_BRESP                    |  in |    2|    m_axi   |             C_V             |    pointer   |
|m_axi_C_V_BID                      |  in |    1|    m_axi   |             C_V             |    pointer   |
|m_axi_C_V_BUSER                    |  in |    1|    m_axi   |             C_V             |    pointer   |
|C_V_offset_dout                    |  in |   32|   ap_fifo  |          C_V_offset         |    pointer   |
|C_V_offset_empty_n                 |  in |    1|   ap_fifo  |          C_V_offset         |    pointer   |
|C_V_offset_read                    | out |    1|   ap_fifo  |          C_V_offset         |    pointer   |
|fifo_C_drain_local_in_V_V_dout     |  in |  128|   ap_fifo  |  fifo_C_drain_local_in_V_V  |    pointer   |
|fifo_C_drain_local_in_V_V_empty_n  |  in |    1|   ap_fifo  |  fifo_C_drain_local_in_V_V  |    pointer   |
|fifo_C_drain_local_in_V_V_read     | out |    1|   ap_fifo  |  fifo_C_drain_local_in_V_V  |    pointer   |
+-----------------------------------+-----+-----+------------+-----------------------------+--------------+

