

================================================================
== Vivado HLS Report for 'kernel0'
================================================================
* Date:           Sat Sep 14 23:31:27 2024

* Version:        2019.2 (Build 2704478 on Wed Nov 06 22:10:23 MST 2019)
* Project:        hls_prj
* Solution:       solution1
* Product family: virtexuplus
* Target device:  xcu200-fsgd2104-2-e


================================================================
== Performance Estimates
================================================================
+ Timing: 
    * Summary: 
    +--------+---------+----------+------------+
    |  Clock |  Target | Estimated| Uncertainty|
    +--------+---------+----------+------------+
    |ap_clk  | 5.00 ns | 4.375 ns |   0.62 ns  |
    +--------+---------+----------+------------+

+ Latency: 
    * Summary: 
    +---------+---------+----------+----------+-------+-------+----------+
    |  Latency (cycles) |  Latency (absolute) |    Interval   | Pipeline |
    |   min   |   max   |    min   |    max   |  min  |  max  |   Type   |
    +---------+---------+----------+----------+-------+-------+----------+
    |    32797|    33589| 0.164 ms | 0.168 ms |  32784|  33581| dataflow |
    +---------+---------+----------+----------+-------+-------+----------+

    + Detail: 
        * Instance: 
        +------------------------------------------+---------------------------------------+---------+---------+----------+----------+-------+-------+---------+
        |                                          |                                       |  Latency (cycles) |  Latency (absolute) |    Interval   | Pipeline|
        |                 Instance                 |                 Module                |   min   |   max   |    min   |    max   |  min  |  max  |   Type  |
        +------------------------------------------+---------------------------------------+---------+---------+----------+----------+-------+-------+---------+
        |PE_wrapper130_U0                          |PE_wrapper130                          |    32783|    32783| 0.164 ms | 0.164 ms |  32783|  32783|   none  |
        |PE_wrapper131_U0                          |PE_wrapper131                          |    32783|    32783| 0.164 ms | 0.164 ms |  32783|  32783|   none  |
        |PE_wrapper132_U0                          |PE_wrapper132                          |    32783|    32783| 0.164 ms | 0.164 ms |  32783|  32783|   none  |
        |PE_wrapper_U0                             |PE_wrapper                             |    32783|    32783| 0.164 ms | 0.164 ms |  32783|  32783|   none  |
        |A_IO_L3_in_serialize_U0                   |A_IO_L3_in_serialize                   |     1034|     1034| 5.170 us | 5.170 us |   1034|   1034|   none  |
        |B_IO_L3_in_serialize_U0                   |B_IO_L3_in_serialize                   |     1034|     1034| 5.170 us | 5.170 us |   1034|   1034|   none  |
        |C_drain_IO_L3_out_serialize_U0            |C_drain_IO_L3_out_serialize            |     1032|     1032| 5.160 us | 5.160 us |   1032|   1032|   none  |
        |C_drain_IO_L1_out_wrapper136_U0           |C_drain_IO_L1_out_wrapper136           |     1698|     1698| 8.490 us | 8.490 us |   1698|   1698|   none  |
        |C_drain_IO_L1_out_wrapper_U0              |C_drain_IO_L1_out_wrapper              |     1698|     1698| 8.490 us | 8.490 us |   1698|   1698|   none  |
        |B_IO_L2_in_U0                             |B_IO_L2_in                             |     1643|    33580| 8.215 us | 0.168 ms |   1643|  33580|   none  |
        |A_IO_L2_in_U0                             |A_IO_L2_in                             |     1643|    33580| 8.215 us | 0.168 ms |   1643|  33580|   none  |
        |C_drain_IO_L1_out_boundary_wrapper135_U0  |C_drain_IO_L1_out_boundary_wrapper135  |     1361|     1361| 6.805 us | 6.805 us |   1361|   1361|   none  |
        |C_drain_IO_L1_out_boundary_wrapper_U0     |C_drain_IO_L1_out_boundary_wrapper     |     1361|     1361| 6.805 us | 6.805 us |   1361|   1361|   none  |
        |B_IO_L2_in_boundary_U0                    |B_IO_L2_in_boundary                    |      811|    33580| 4.055 us | 0.168 ms |    811|  33580|   none  |
        |A_IO_L2_in_boundary_U0                    |A_IO_L2_in_boundary                    |      811|    33580| 4.055 us | 0.168 ms |    811|  33580|   none  |
        |C_drain_IO_L2_out_U0                      |C_drain_IO_L2_out                      |     1121|     1121| 5.605 us | 5.605 us |   1121|   1121|   none  |
        |A_PE_dummy_in133_U0                       |A_PE_dummy_in133                       |    32770|    32770| 0.164 ms | 0.164 ms |  32770|  32770|   none  |
        |B_PE_dummy_in134_U0                       |B_PE_dummy_in134                       |    32770|    32770| 0.164 ms | 0.164 ms |  32770|  32770|   none  |
        |A_PE_dummy_in_U0                          |A_PE_dummy_in                          |    32770|    32770| 0.164 ms | 0.164 ms |  32770|  32770|   none  |
        |B_PE_dummy_in_U0                          |B_PE_dummy_in                          |    32770|    32770| 0.164 ms | 0.164 ms |  32770|  32770|   none  |
        |A_IO_L3_in_U0                             |A_IO_L3_in                             |     1026|     1026| 5.130 us | 5.130 us |   1026|   1026|   none  |
        |B_IO_L3_in_U0                             |B_IO_L3_in                             |     1026|     1026| 5.130 us | 5.130 us |   1026|   1026|   none  |
        |C_drain_IO_L3_out_U0                      |C_drain_IO_L3_out                      |     1026|     1026| 5.130 us | 5.130 us |   1026|   1026|   none  |
        |C_drain_IO_L2_out_boundary_U0             |C_drain_IO_L2_out_boundary             |      514|      514| 2.570 us | 2.570 us |    514|    514|   none  |
        |kernel0_entry12_U0                        |kernel0_entry12                        |        0|        0|   0 ns   |   0 ns   |      0|      0|   none  |
        +------------------------------------------+---------------------------------------+---------+---------+----------+----------+-------+-------+---------+

        * Loop: 
        N/A



================================================================
== Utilization Estimates
================================================================
* Summary: 
+---------------------+---------+-------+---------+---------+-----+
|         Name        | BRAM_18K| DSP48E|    FF   |   LUT   | URAM|
+---------------------+---------+-------+---------+---------+-----+
|DSP                  |        -|      -|        -|        -|    -|
|Expression           |        -|      -|        0|       35|    -|
|FIFO                 |       58|      -|     1196|     5319|    -|
|Instance             |      230|     40|    12496|    16412|    0|
|Memory               |        -|      -|        -|        -|    -|
|Multiplexer          |        -|      -|        -|       54|    -|
|Register             |        -|      -|        9|        -|    -|
+---------------------+---------+-------+---------+---------+-----+
|Total                |      288|     40|    13701|    21820|    0|
+---------------------+---------+-------+---------+---------+-----+
|Available SLR        |     1440|   2280|   788160|   394080|  320|
+---------------------+---------+-------+---------+---------+-----+
|Utilization SLR (%)  |       20|      1|        1|        5|    0|
+---------------------+---------+-------+---------+---------+-----+
|Available            |     4320|   6840|  2364480|  1182240|  960|
+---------------------+---------+-------+---------+---------+-----+
|Utilization (%)      |        6|   ~0  |    ~0   |        1|    0|
+---------------------+---------+-------+---------+---------+-----+

+ Detail: 
    * Instance: 
    +------------------------------------------+---------------------------------------+---------+-------+------+------+-----+
    |                 Instance                 |                 Module                | BRAM_18K| DSP48E|  FF  |  LUT | URAM|
    +------------------------------------------+---------------------------------------+---------+-------+------+------+-----+
    |A_IO_L2_in_U0                             |A_IO_L2_in                             |       30|      0|    98|   659|    0|
    |A_IO_L2_in_boundary_U0                    |A_IO_L2_in_boundary                    |       30|      0|    85|   551|    0|
    |A_IO_L3_in_U0                             |A_IO_L3_in                             |        0|      0|    19|   115|    0|
    |A_IO_L3_in_serialize_U0                   |A_IO_L3_in_serialize                   |        0|      0|   566|   167|    0|
    |A_PE_dummy_in_U0                          |A_PE_dummy_in                          |        0|      0|    23|   109|    0|
    |A_PE_dummy_in133_U0                       |A_PE_dummy_in133                       |        0|      0|    23|   109|    0|
    |B_IO_L2_in_U0                             |B_IO_L2_in                             |       30|      0|   106|   691|    0|
    |B_IO_L2_in_boundary_U0                    |B_IO_L2_in_boundary                    |       30|      0|    93|   583|    0|
    |B_IO_L3_in_U0                             |B_IO_L3_in                             |        0|      0|    19|   115|    0|
    |B_IO_L3_in_serialize_U0                   |B_IO_L3_in_serialize                   |        0|      0|   566|   167|    0|
    |B_PE_dummy_in_U0                          |B_PE_dummy_in                          |        0|      0|    23|   109|    0|
    |B_PE_dummy_in134_U0                       |B_PE_dummy_in134                       |        0|      0|    23|   109|    0|
    |C_drain_IO_L1_out_boundary_wrapper_U0     |C_drain_IO_L1_out_boundary_wrapper     |        4|      0|    63|   382|    0|
    |C_drain_IO_L1_out_boundary_wrapper135_U0  |C_drain_IO_L1_out_boundary_wrapper135  |        4|      0|    63|   382|    0|
    |C_drain_IO_L1_out_wrapper_U0              |C_drain_IO_L1_out_wrapper              |        4|      0|    81|   541|    0|
    |C_drain_IO_L1_out_wrapper136_U0           |C_drain_IO_L1_out_wrapper136           |        4|      0|    81|   541|    0|
    |C_drain_IO_L2_out_U0                      |C_drain_IO_L2_out                      |        0|      0|    47|   287|    0|
    |C_drain_IO_L2_out_boundary_U0             |C_drain_IO_L2_out_boundary             |        0|      0|    17|   105|    0|
    |C_drain_IO_L3_out_U0                      |C_drain_IO_L3_out                      |        0|      0|    18|   106|    0|
    |C_drain_IO_L3_out_serialize_U0            |C_drain_IO_L3_out_serialize            |        0|      0|   572|   170|    0|
    |PE_wrapper_U0                             |PE_wrapper                             |        1|     10|  1378|  1345|    0|
    |PE_wrapper130_U0                          |PE_wrapper130                          |        1|     10|  1378|  1345|    0|
    |PE_wrapper131_U0                          |PE_wrapper131                          |        1|     10|  1378|  1345|    0|
    |PE_wrapper132_U0                          |PE_wrapper132                          |        1|     10|  1378|  1345|    0|
    |kernel0_control_s_axi_U                   |kernel0_control_s_axi                  |        0|      0|   150|   232|    0|
    |kernel0_entry12_U0                        |kernel0_entry12                        |        0|      0|     3|    47|    0|
    |kernel0_gmem_A_m_axi_U                    |kernel0_gmem_A_m_axi                   |       30|      0|  1415|  1585|    0|
    |kernel0_gmem_B_m_axi_U                    |kernel0_gmem_B_m_axi                   |       30|      0|  1415|  1585|    0|
    |kernel0_gmem_C_m_axi_U                    |kernel0_gmem_C_m_axi                   |       30|      0|  1415|  1585|    0|
    +------------------------------------------+---------------------------------------+---------+-------+------+------+-----+
    |Total                                     |                                       |      230|     40| 12496| 16412|    0|
    +------------------------------------------+---------------------------------------+---------+-------+------+------+-----+

    * DSP48E: 
    N/A

    * Memory: 
    N/A

    * FIFO: 
    +------------------------------------------------+---------+-----+----+-----+------+-----+---------+
    |                      Name                      | BRAM_18K|  FF | LUT| URAM| Depth| Bits| Size:D*B|
    +------------------------------------------------+---------+-----+----+-----+------+-----+---------+
    |A_V_c_U                                         |        0|    5|   0|    -|     2|   32|       64|
    |B_V_c_U                                         |        0|    5|   0|    -|     2|   32|       64|
    |C_V_c_U                                         |        0|    7|   0|    -|    13|   32|      416|
    |fifo_A_A_IO_L2_in_0_V_V_U                       |        0|    5|   0|    -|     2|  512|     1024|
    |fifo_A_A_IO_L2_in_1_V_V_U                       |        0|    5|   0|    -|     2|  512|     1024|
    |fifo_A_A_IO_L3_in_serialize_V_V_U               |       29|  522|   0|    -|     2|  512|     1024|
    |fifo_A_PE_0_0_V_V_U                             |        0|    5|   0|    -|     2|   64|      128|
    |fifo_A_PE_0_1_V_V_U                             |        0|    5|   0|    -|     2|   64|      128|
    |fifo_A_PE_0_2_V_V_U                             |        0|    5|   0|    -|     2|   64|      128|
    |fifo_A_PE_1_0_V_V_U                             |        0|    5|   0|    -|     2|   64|      128|
    |fifo_A_PE_1_1_V_V_U                             |        0|    5|   0|    -|     2|   64|      128|
    |fifo_A_PE_1_2_V_V_U                             |        0|    5|   0|    -|     2|   64|      128|
    |fifo_B_B_IO_L2_in_0_V_V_U                       |        0|    5|   0|    -|     2|  512|     1024|
    |fifo_B_B_IO_L2_in_1_V_V_U                       |        0|    5|   0|    -|     2|  512|     1024|
    |fifo_B_B_IO_L3_in_serialize_V_V_U               |       29|  522|   0|    -|     2|  512|     1024|
    |fifo_B_PE_0_0_V_V_U                             |        0|    5|   0|    -|     2|   64|      128|
    |fifo_B_PE_0_1_V_V_U                             |        0|    5|   0|    -|     2|   64|      128|
    |fifo_B_PE_1_0_V_V_U                             |        0|    5|   0|    -|     2|   64|      128|
    |fifo_B_PE_1_1_V_V_U                             |        0|    5|   0|    -|     2|   64|      128|
    |fifo_B_PE_2_0_V_V_U                             |        0|    5|   0|    -|     2|   64|      128|
    |fifo_B_PE_2_1_V_V_U                             |        0|    5|   0|    -|     2|   64|      128|
    |fifo_C_drain_C_drain_IO_L1_out_0_0_V_V_U        |        0|    5|   0|    -|     2|  128|      256|
    |fifo_C_drain_C_drain_IO_L1_out_0_1_V_V_U        |        0|    5|   0|    -|     2|  128|      256|
    |fifo_C_drain_C_drain_IO_L1_out_1_0_V_V_U        |        0|    5|   0|    -|     2|  128|      256|
    |fifo_C_drain_C_drain_IO_L1_out_1_1_V_V_U        |        0|    5|   0|    -|     2|  128|      256|
    |fifo_C_drain_C_drain_IO_L2_out_0_V_V_U          |        0|    5|   0|    -|     2|  128|      256|
    |fifo_C_drain_C_drain_IO_L2_out_1_V_V_U          |        0|    5|   0|    -|     2|  128|      256|
    |fifo_C_drain_C_drain_IO_L3_out_serialize_V_V_U  |        0|    5|   0|    -|     2|  128|      256|
    |fifo_C_drain_PE_0_0_V_U                         |        0|    5|   0|    -|     2|   32|       64|
    |fifo_C_drain_PE_0_1_V_U                         |        0|    5|   0|    -|     2|   32|       64|
    |fifo_C_drain_PE_1_0_V_U                         |        0|    5|   0|    -|     2|   32|       64|
    |fifo_C_drain_PE_1_1_V_U                         |        0|    5|   0|    -|     2|   32|       64|
    +------------------------------------------------+---------+-----+----+-----+------+-----+---------+
    |Total                                           |       58| 1196|   0|    0|    75| 4960|    10272|
    +------------------------------------------------+---------+-----+----+-----+------+-----+---------+

    * Expression: 
    +------------------------------------------+----------+-------+---+----+------------+------------+
    |               Variable Name              | Operation| DSP48E| FF| LUT| Bitwidth P0| Bitwidth P1|
    +------------------------------------------+----------+-------+---+----+------------+------------+
    |A_IO_L3_in_serialize_U0_ap_ready_count    |     +    |      0|  0|   3|           2|           1|
    |B_IO_L3_in_serialize_U0_ap_ready_count    |     +    |      0|  0|   3|           2|           1|
    |kernel0_entry12_U0_ap_ready_count         |     +    |      0|  0|   3|           2|           1|
    |A_IO_L2_in_U0_start_full_n                |    and   |      0|  0|   2|           1|           1|
    |A_IO_L3_in_serialize_U0_ap_start          |    and   |      0|  0|   2|           1|           1|
    |B_IO_L3_in_serialize_U0_ap_start          |    and   |      0|  0|   2|           1|           1|
    |PE_wrapper131_U0_start_full_n             |    and   |      0|  0|   2|           1|           1|
    |PE_wrapper132_U0_start_full_n             |    and   |      0|  0|   2|           1|           1|
    |PE_wrapper_U0_start_full_n                |    and   |      0|  0|   2|           1|           1|
    |ap_idle                                   |    and   |      0|  0|   2|           1|           1|
    |ap_sync_done                              |    and   |      0|  0|   2|           1|           1|
    |ap_sync_ready                             |    and   |      0|  0|   2|           1|           1|
    |kernel0_entry12_U0_ap_start               |    and   |      0|  0|   2|           1|           1|
    |ap_sync_A_IO_L3_in_serialize_U0_ap_ready  |    or    |      0|  0|   2|           1|           1|
    |ap_sync_B_IO_L3_in_serialize_U0_ap_ready  |    or    |      0|  0|   2|           1|           1|
    |ap_sync_kernel0_entry12_U0_ap_ready       |    or    |      0|  0|   2|           1|           1|
    +------------------------------------------+----------+-------+---+----+------------+------------+
    |Total                                     |          |      0|  0|  35|          19|          16|
    +------------------------------------------+----------+-------+---+----+------------+------------+

    * Multiplexer: 
    +----------------------------------------------+----+-----------+-----+-----------+
    |                     Name                     | LUT| Input Size| Bits| Total Bits|
    +----------------------------------------------+----+-----------+-----+-----------+
    |A_IO_L3_in_serialize_U0_ap_ready_count        |   9|          2|    2|          4|
    |B_IO_L3_in_serialize_U0_ap_ready_count        |   9|          2|    2|          4|
    |ap_sync_reg_A_IO_L3_in_serialize_U0_ap_ready  |   9|          2|    1|          2|
    |ap_sync_reg_B_IO_L3_in_serialize_U0_ap_ready  |   9|          2|    1|          2|
    |ap_sync_reg_kernel0_entry12_U0_ap_ready       |   9|          2|    1|          2|
    |kernel0_entry12_U0_ap_ready_count             |   9|          2|    2|          4|
    +----------------------------------------------+----+-----------+-----+-----------+
    |Total                                         |  54|         12|    9|         18|
    +----------------------------------------------+----+-----------+-----+-----------+

    * Register: 
    +----------------------------------------------+---+----+-----+-----------+
    |                     Name                     | FF| LUT| Bits| Const Bits|
    +----------------------------------------------+---+----+-----+-----------+
    |A_IO_L3_in_serialize_U0_ap_ready_count        |  2|   0|    2|          0|
    |B_IO_L3_in_serialize_U0_ap_ready_count        |  2|   0|    2|          0|
    |ap_sync_reg_A_IO_L3_in_serialize_U0_ap_ready  |  1|   0|    1|          0|
    |ap_sync_reg_B_IO_L3_in_serialize_U0_ap_ready  |  1|   0|    1|          0|
    |ap_sync_reg_kernel0_entry12_U0_ap_ready       |  1|   0|    1|          0|
    |kernel0_entry12_U0_ap_ready_count             |  2|   0|    2|          0|
    +----------------------------------------------+---+----+-----+-----------+
    |Total                                         |  9|   0|    9|          0|
    +----------------------------------------------+---+----+-----+-----------+



================================================================
== Interface
================================================================
* Summary: 
+-----------------------+-----+-----+------------+--------------+--------------+
|       RTL Ports       | Dir | Bits|  Protocol  | Source Object|    C Type    |
+-----------------------+-----+-----+------------+--------------+--------------+
|s_axi_control_AWVALID  |  in |    1|    s_axi   |    control   |    scalar    |
|s_axi_control_AWREADY  | out |    1|    s_axi   |    control   |    scalar    |
|s_axi_control_AWADDR   |  in |    6|    s_axi   |    control   |    scalar    |
|s_axi_control_WVALID   |  in |    1|    s_axi   |    control   |    scalar    |
|s_axi_control_WREADY   | out |    1|    s_axi   |    control   |    scalar    |
|s_axi_control_WDATA    |  in |   32|    s_axi   |    control   |    scalar    |
|s_axi_control_WSTRB    |  in |    4|    s_axi   |    control   |    scalar    |
|s_axi_control_ARVALID  |  in |    1|    s_axi   |    control   |    scalar    |
|s_axi_control_ARREADY  | out |    1|    s_axi   |    control   |    scalar    |
|s_axi_control_ARADDR   |  in |    6|    s_axi   |    control   |    scalar    |
|s_axi_control_RVALID   | out |    1|    s_axi   |    control   |    scalar    |
|s_axi_control_RREADY   |  in |    1|    s_axi   |    control   |    scalar    |
|s_axi_control_RDATA    | out |   32|    s_axi   |    control   |    scalar    |
|s_axi_control_RRESP    | out |    2|    s_axi   |    control   |    scalar    |
|s_axi_control_BVALID   | out |    1|    s_axi   |    control   |    scalar    |
|s_axi_control_BREADY   |  in |    1|    s_axi   |    control   |    scalar    |
|s_axi_control_BRESP    | out |    2|    s_axi   |    control   |    scalar    |
|ap_clk                 |  in |    1| ap_ctrl_hs |    kernel0   | return value |
|ap_rst_n               |  in |    1| ap_ctrl_hs |    kernel0   | return value |
|interrupt              | out |    1| ap_ctrl_hs |    kernel0   | return value |
|m_axi_gmem_A_AWVALID   | out |    1|    m_axi   |    gmem_A    |    pointer   |
|m_axi_gmem_A_AWREADY   |  in |    1|    m_axi   |    gmem_A    |    pointer   |
|m_axi_gmem_A_AWADDR    | out |   32|    m_axi   |    gmem_A    |    pointer   |
|m_axi_gmem_A_AWID      | out |    1|    m_axi   |    gmem_A    |    pointer   |
|m_axi_gmem_A_AWLEN     | out |    8|    m_axi   |    gmem_A    |    pointer   |
|m_axi_gmem_A_AWSIZE    | out |    3|    m_axi   |    gmem_A    |    pointer   |
|m_axi_gmem_A_AWBURST   | out |    2|    m_axi   |    gmem_A    |    pointer   |
|m_axi_gmem_A_AWLOCK    | out |    2|    m_axi   |    gmem_A    |    pointer   |
|m_axi_gmem_A_AWCACHE   | out |    4|    m_axi   |    gmem_A    |    pointer   |
|m_axi_gmem_A_AWPROT    | out |    3|    m_axi   |    gmem_A    |    pointer   |
|m_axi_gmem_A_AWQOS     | out |    4|    m_axi   |    gmem_A    |    pointer   |
|m_axi_gmem_A_AWREGION  | out |    4|    m_axi   |    gmem_A    |    pointer   |
|m_axi_gmem_A_AWUSER    | out |    1|    m_axi   |    gmem_A    |    pointer   |
|m_axi_gmem_A_WVALID    | out |    1|    m_axi   |    gmem_A    |    pointer   |
|m_axi_gmem_A_WREADY    |  in |    1|    m_axi   |    gmem_A    |    pointer   |
|m_axi_gmem_A_WDATA     | out |  512|    m_axi   |    gmem_A    |    pointer   |
|m_axi_gmem_A_WSTRB     | out |   64|    m_axi   |    gmem_A    |    pointer   |
|m_axi_gmem_A_WLAST     | out |    1|    m_axi   |    gmem_A    |    pointer   |
|m_axi_gmem_A_WID       | out |    1|    m_axi   |    gmem_A    |    pointer   |
|m_axi_gmem_A_WUSER     | out |    1|    m_axi   |    gmem_A    |    pointer   |
|m_axi_gmem_A_ARVALID   | out |    1|    m_axi   |    gmem_A    |    pointer   |
|m_axi_gmem_A_ARREADY   |  in |    1|    m_axi   |    gmem_A    |    pointer   |
|m_axi_gmem_A_ARADDR    | out |   32|    m_axi   |    gmem_A    |    pointer   |
|m_axi_gmem_A_ARID      | out |    1|    m_axi   |    gmem_A    |    pointer   |
|m_axi_gmem_A_ARLEN     | out |    8|    m_axi   |    gmem_A    |    pointer   |
|m_axi_gmem_A_ARSIZE    | out |    3|    m_axi   |    gmem_A    |    pointer   |
|m_axi_gmem_A_ARBURST   | out |    2|    m_axi   |    gmem_A    |    pointer   |
|m_axi_gmem_A_ARLOCK    | out |    2|    m_axi   |    gmem_A    |    pointer   |
|m_axi_gmem_A_ARCACHE   | out |    4|    m_axi   |    gmem_A    |    pointer   |
|m_axi_gmem_A_ARPROT    | out |    3|    m_axi   |    gmem_A    |    pointer   |
|m_axi_gmem_A_ARQOS     | out |    4|    m_axi   |    gmem_A    |    pointer   |
|m_axi_gmem_A_ARREGION  | out |    4|    m_axi   |    gmem_A    |    pointer   |
|m_axi_gmem_A_ARUSER    | out |    1|    m_axi   |    gmem_A    |    pointer   |
|m_axi_gmem_A_RVALID    |  in |    1|    m_axi   |    gmem_A    |    pointer   |
|m_axi_gmem_A_RREADY    | out |    1|    m_axi   |    gmem_A    |    pointer   |
|m_axi_gmem_A_RDATA     |  in |  512|    m_axi   |    gmem_A    |    pointer   |
|m_axi_gmem_A_RLAST     |  in |    1|    m_axi   |    gmem_A    |    pointer   |
|m_axi_gmem_A_RID       |  in |    1|    m_axi   |    gmem_A    |    pointer   |
|m_axi_gmem_A_RUSER     |  in |    1|    m_axi   |    gmem_A    |    pointer   |
|m_axi_gmem_A_RRESP     |  in |    2|    m_axi   |    gmem_A    |    pointer   |
|m_axi_gmem_A_BVALID    |  in |    1|    m_axi   |    gmem_A    |    pointer   |
|m_axi_gmem_A_BREADY    | out |    1|    m_axi   |    gmem_A    |    pointer   |
|m_axi_gmem_A_BRESP     |  in |    2|    m_axi   |    gmem_A    |    pointer   |
|m_axi_gmem_A_BID       |  in |    1|    m_axi   |    gmem_A    |    pointer   |
|m_axi_gmem_A_BUSER     |  in |    1|    m_axi   |    gmem_A    |    pointer   |
|m_axi_gmem_B_AWVALID   | out |    1|    m_axi   |    gmem_B    |    pointer   |
|m_axi_gmem_B_AWREADY   |  in |    1|    m_axi   |    gmem_B    |    pointer   |
|m_axi_gmem_B_AWADDR    | out |   32|    m_axi   |    gmem_B    |    pointer   |
|m_axi_gmem_B_AWID      | out |    1|    m_axi   |    gmem_B    |    pointer   |
|m_axi_gmem_B_AWLEN     | out |    8|    m_axi   |    gmem_B    |    pointer   |
|m_axi_gmem_B_AWSIZE    | out |    3|    m_axi   |    gmem_B    |    pointer   |
|m_axi_gmem_B_AWBURST   | out |    2|    m_axi   |    gmem_B    |    pointer   |
|m_axi_gmem_B_AWLOCK    | out |    2|    m_axi   |    gmem_B    |    pointer   |
|m_axi_gmem_B_AWCACHE   | out |    4|    m_axi   |    gmem_B    |    pointer   |
|m_axi_gmem_B_AWPROT    | out |    3|    m_axi   |    gmem_B    |    pointer   |
|m_axi_gmem_B_AWQOS     | out |    4|    m_axi   |    gmem_B    |    pointer   |
|m_axi_gmem_B_AWREGION  | out |    4|    m_axi   |    gmem_B    |    pointer   |
|m_axi_gmem_B_AWUSER    | out |    1|    m_axi   |    gmem_B    |    pointer   |
|m_axi_gmem_B_WVALID    | out |    1|    m_axi   |    gmem_B    |    pointer   |
|m_axi_gmem_B_WREADY    |  in |    1|    m_axi   |    gmem_B    |    pointer   |
|m_axi_gmem_B_WDATA     | out |  512|    m_axi   |    gmem_B    |    pointer   |
|m_axi_gmem_B_WSTRB     | out |   64|    m_axi   |    gmem_B    |    pointer   |
|m_axi_gmem_B_WLAST     | out |    1|    m_axi   |    gmem_B    |    pointer   |
|m_axi_gmem_B_WID       | out |    1|    m_axi   |    gmem_B    |    pointer   |
|m_axi_gmem_B_WUSER     | out |    1|    m_axi   |    gmem_B    |    pointer   |
|m_axi_gmem_B_ARVALID   | out |    1|    m_axi   |    gmem_B    |    pointer   |
|m_axi_gmem_B_ARREADY   |  in |    1|    m_axi   |    gmem_B    |    pointer   |
|m_axi_gmem_B_ARADDR    | out |   32|    m_axi   |    gmem_B    |    pointer   |
|m_axi_gmem_B_ARID      | out |    1|    m_axi   |    gmem_B    |    pointer   |
|m_axi_gmem_B_ARLEN     | out |    8|    m_axi   |    gmem_B    |    pointer   |
|m_axi_gmem_B_ARSIZE    | out |    3|    m_axi   |    gmem_B    |    pointer   |
|m_axi_gmem_B_ARBURST   | out |    2|    m_axi   |    gmem_B    |    pointer   |
|m_axi_gmem_B_ARLOCK    | out |    2|    m_axi   |    gmem_B    |    pointer   |
|m_axi_gmem_B_ARCACHE   | out |    4|    m_axi   |    gmem_B    |    pointer   |
|m_axi_gmem_B_ARPROT    | out |    3|    m_axi   |    gmem_B    |    pointer   |
|m_axi_gmem_B_ARQOS     | out |    4|    m_axi   |    gmem_B    |    pointer   |
|m_axi_gmem_B_ARREGION  | out |    4|    m_axi   |    gmem_B    |    pointer   |
|m_axi_gmem_B_ARUSER    | out |    1|    m_axi   |    gmem_B    |    pointer   |
|m_axi_gmem_B_RVALID    |  in |    1|    m_axi   |    gmem_B    |    pointer   |
|m_axi_gmem_B_RREADY    | out |    1|    m_axi   |    gmem_B    |    pointer   |
|m_axi_gmem_B_RDATA     |  in |  512|    m_axi   |    gmem_B    |    pointer   |
|m_axi_gmem_B_RLAST     |  in |    1|    m_axi   |    gmem_B    |    pointer   |
|m_axi_gmem_B_RID       |  in |    1|    m_axi   |    gmem_B    |    pointer   |
|m_axi_gmem_B_RUSER     |  in |    1|    m_axi   |    gmem_B    |    pointer   |
|m_axi_gmem_B_RRESP     |  in |    2|    m_axi   |    gmem_B    |    pointer   |
|m_axi_gmem_B_BVALID    |  in |    1|    m_axi   |    gmem_B    |    pointer   |
|m_axi_gmem_B_BREADY    | out |    1|    m_axi   |    gmem_B    |    pointer   |
|m_axi_gmem_B_BRESP     |  in |    2|    m_axi   |    gmem_B    |    pointer   |
|m_axi_gmem_B_BID       |  in |    1|    m_axi   |    gmem_B    |    pointer   |
|m_axi_gmem_B_BUSER     |  in |    1|    m_axi   |    gmem_B    |    pointer   |
|m_axi_gmem_C_AWVALID   | out |    1|    m_axi   |    gmem_C    |    pointer   |
|m_axi_gmem_C_AWREADY   |  in |    1|    m_axi   |    gmem_C    |    pointer   |
|m_axi_gmem_C_AWADDR    | out |   32|    m_axi   |    gmem_C    |    pointer   |
|m_axi_gmem_C_AWID      | out |    1|    m_axi   |    gmem_C    |    pointer   |
|m_axi_gmem_C_AWLEN     | out |    8|    m_axi   |    gmem_C    |    pointer   |
|m_axi_gmem_C_AWSIZE    | out |    3|    m_axi   |    gmem_C    |    pointer   |
|m_axi_gmem_C_AWBURST   | out |    2|    m_axi   |    gmem_C    |    pointer   |
|m_axi_gmem_C_AWLOCK    | out |    2|    m_axi   |    gmem_C    |    pointer   |
|m_axi_gmem_C_AWCACHE   | out |    4|    m_axi   |    gmem_C    |    pointer   |
|m_axi_gmem_C_AWPROT    | out |    3|    m_axi   |    gmem_C    |    pointer   |
|m_axi_gmem_C_AWQOS     | out |    4|    m_axi   |    gmem_C    |    pointer   |
|m_axi_gmem_C_AWREGION  | out |    4|    m_axi   |    gmem_C    |    pointer   |
|m_axi_gmem_C_AWUSER    | out |    1|    m_axi   |    gmem_C    |    pointer   |
|m_axi_gmem_C_WVALID    | out |    1|    m_axi   |    gmem_C    |    pointer   |
|m_axi_gmem_C_WREADY    |  in |    1|    m_axi   |    gmem_C    |    pointer   |
|m_axi_gmem_C_WDATA     | out |  512|    m_axi   |    gmem_C    |    pointer   |
|m_axi_gmem_C_WSTRB     | out |   64|    m_axi   |    gmem_C    |    pointer   |
|m_axi_gmem_C_WLAST     | out |    1|    m_axi   |    gmem_C    |    pointer   |
|m_axi_gmem_C_WID       | out |    1|    m_axi   |    gmem_C    |    pointer   |
|m_axi_gmem_C_WUSER     | out |    1|    m_axi   |    gmem_C    |    pointer   |
|m_axi_gmem_C_ARVALID   | out |    1|    m_axi   |    gmem_C    |    pointer   |
|m_axi_gmem_C_ARREADY   |  in |    1|    m_axi   |    gmem_C    |    pointer   |
|m_axi_gmem_C_ARADDR    | out |   32|    m_axi   |    gmem_C    |    pointer   |
|m_axi_gmem_C_ARID      | out |    1|    m_axi   |    gmem_C    |    pointer   |
|m_axi_gmem_C_ARLEN     | out |    8|    m_axi   |    gmem_C    |    pointer   |
|m_axi_gmem_C_ARSIZE    | out |    3|    m_axi   |    gmem_C    |    pointer   |
|m_axi_gmem_C_ARBURST   | out |    2|    m_axi   |    gmem_C    |    pointer   |
|m_axi_gmem_C_ARLOCK    | out |    2|    m_axi   |    gmem_C    |    pointer   |
|m_axi_gmem_C_ARCACHE   | out |    4|    m_axi   |    gmem_C    |    pointer   |
|m_axi_gmem_C_ARPROT    | out |    3|    m_axi   |    gmem_C    |    pointer   |
|m_axi_gmem_C_ARQOS     | out |    4|    m_axi   |    gmem_C    |    pointer   |
|m_axi_gmem_C_ARREGION  | out |    4|    m_axi   |    gmem_C    |    pointer   |
|m_axi_gmem_C_ARUSER    | out |    1|    m_axi   |    gmem_C    |    pointer   |
|m_axi_gmem_C_RVALID    |  in |    1|    m_axi   |    gmem_C    |    pointer   |
|m_axi_gmem_C_RREADY    | out |    1|    m_axi   |    gmem_C    |    pointer   |
|m_axi_gmem_C_RDATA     |  in |  512|    m_axi   |    gmem_C    |    pointer   |
|m_axi_gmem_C_RLAST     |  in |    1|    m_axi   |    gmem_C    |    pointer   |
|m_axi_gmem_C_RID       |  in |    1|    m_axi   |    gmem_C    |    pointer   |
|m_axi_gmem_C_RUSER     |  in |    1|    m_axi   |    gmem_C    |    pointer   |
|m_axi_gmem_C_RRESP     |  in |    2|    m_axi   |    gmem_C    |    pointer   |
|m_axi_gmem_C_BVALID    |  in |    1|    m_axi   |    gmem_C    |    pointer   |
|m_axi_gmem_C_BREADY    | out |    1|    m_axi   |    gmem_C    |    pointer   |
|m_axi_gmem_C_BRESP     |  in |    2|    m_axi   |    gmem_C    |    pointer   |
|m_axi_gmem_C_BID       |  in |    1|    m_axi   |    gmem_C    |    pointer   |
|m_axi_gmem_C_BUSER     |  in |    1|    m_axi   |    gmem_C    |    pointer   |
+-----------------------+-----+-----+------------+--------------+--------------+

