

================================================================
== Vivado HLS Report for 'A_IO_L3_in'
================================================================
* Date:           Sat Sep 14 23:31:17 2024

* Version:        2019.2 (Build 2704478 on Wed Nov 06 22:10:23 MST 2019)
* Project:        hls_prj
* Solution:       solution1
* Product family: virtexuplus
* Target device:  xcu200-fsgd2104-2-e


================================================================
== Performance Estimates
================================================================
+ Timing: 
    * Summary: 
    +--------+---------+----------+------------+
    |  Clock |  Target | Estimated| Uncertainty|
    +--------+---------+----------+------------+
    |ap_clk  | 5.00 ns | 2.916 ns |   0.62 ns  |
    +--------+---------+----------+------------+

+ Latency: 
    * Summary: 
    +---------+---------+----------+----------+------+------+---------+
    |  Latency (cycles) |  Latency (absolute) |   Interval  | Pipeline|
    |   min   |   max   |    min   |    max   |  min |  max |   Type  |
    +---------+---------+----------+----------+------+------+---------+
    |     1026|     1026| 5.130 us | 5.130 us |  1026|  1026|   none  |
    +---------+---------+----------+----------+------+------+---------+

    + Detail: 
        * Instance: 
        N/A

        * Loop: 
        +----------+---------+---------+----------+-----------+-----------+------+----------+
        |          |  Latency (cycles) | Iteration|  Initiation Interval  | Trip |          |
        | Loop Name|   min   |   max   |  Latency |  achieved |   target  | Count| Pipelined|
        +----------+---------+---------+----------+-----------+-----------+------+----------+
        |- Loop 1  |     1024|     1024|         2|          1|          1|  1024|    yes   |
        +----------+---------+---------+----------+-----------+-----------+------+----------+

============================================================
+ Verbose Summary: Synthesis Manager
============================================================
InlineROM: 1
ExposeGlobal: 0
============================================================
+ Verbose Summary: CDFG Model
============================================================
IsTopModel: 0
ResetActiveHigh: 1
IsCombinational: 2
IsDatapathOnly: 0
HasWiredReturn: 1
HasMFsm: 0
HasVarLatency: 1
IsPipeline: 0
IsRtlPipelined: 0
IsInstanceOverlapped: 0
IsDontTouch: 0
HasImplIP: 0
IsGatedGlobalClock: 0

+ Individual pipeline summary: 
  * Pipeline-0: initiation interval (II) = 1, depth = 2


============================================================
+ Verbose Summary: Schedule
============================================================
* Number of FSM states : 4
* Pipeline : 1
  Pipeline-0 : II = 1, D = 2, States = { 2 3 }
* Dataflow Pipeline: 0

* FSM state transitions: 
1 --> 2 
2 --> 4 3 
3 --> 2 
4 --> 

* FSM state operations: 

State 1 <SV = 0> <Delay = 0.60>
ST_1 : Operation 5 [1/1] (0.00ns)   --->   "call void (...)* @_ssdm_op_SpecInterface(i512* %fifo_A_local_out_V_V, [8 x i8]* @ap_fifo_str, i32 0, i32 0, [1 x i8]* @p_str, i32 0, i32 0, [1 x i8]* @p_str, [1 x i8]* @p_str, [1 x i8]* @p_str, i32 2, i32 2, i32 16, i32 16, [1 x i8]* @p_str, [1 x i8]* @p_str)"   --->   Operation 5 'specinterface' <Predicate = true> <Delay = 0.00>
ST_1 : Operation 6 [1/1] (0.00ns)   --->   "call void (...)* @_ssdm_op_SpecInterface(i512* %fifo_A_in_V_V, [8 x i8]* @ap_fifo_str, i32 0, i32 0, [1 x i8]* @p_str, i32 0, i32 0, [1 x i8]* @p_str, [1 x i8]* @p_str, [1 x i8]* @p_str, i32 2, i32 2, i32 16, i32 16, [1 x i8]* @p_str, [1 x i8]* @p_str)"   --->   Operation 6 'specinterface' <Predicate = true> <Delay = 0.00>
ST_1 : Operation 7 [1/1] (0.00ns)   --->   "call void (...)* @_ssdm_op_SpecMemCore(i512* %fifo_A_local_out_V_V, [1 x i8]* @p_str, [9 x i8]* @p_str40, [1 x i8]* @p_str, i32 -1, [1 x i8]* @p_str, [1 x i8]* @p_str, [1 x i8]* @p_str, [1 x i8]* @p_str, [1 x i8]* @p_str)"   --->   Operation 7 'specmemcore' <Predicate = true> <Delay = 0.00>
ST_1 : Operation 8 [1/1] (0.60ns)   --->   "br label %.preheader" [src/kernel_kernel.cpp:8]   --->   Operation 8 'br' <Predicate = true> <Delay = 0.60>

State 2 <SV = 1> <Delay = 0.61>
ST_2 : Operation 9 [1/1] (0.00ns)   --->   "%indvar_flatten59 = phi i11 [ 0, %0 ], [ %add_ln8, %hls_label_0 ]" [src/kernel_kernel.cpp:8]   --->   Operation 9 'phi' 'indvar_flatten59' <Predicate = true> <Delay = 0.00>
ST_2 : Operation 10 [1/1] (0.61ns)   --->   "%icmp_ln8 = icmp eq i11 %indvar_flatten59, -1024" [src/kernel_kernel.cpp:8]   --->   Operation 10 'icmp' 'icmp_ln8' <Predicate = true> <Delay = 0.61> <Core = "Cmp">   --->   Core 25 'Cmp' <Latency = 0> <II = 1> <Delay = 0.61> <FuncUnit> <Opcode : 'icmp'> <InPorts = 2> <OutPorts = 1>
ST_2 : Operation 11 [1/1] (0.53ns)   --->   "%add_ln8 = add i11 %indvar_flatten59, 1" [src/kernel_kernel.cpp:8]   --->   Operation 11 'add' 'add_ln8' <Predicate = true> <Delay = 0.53> <Core = "AddSub">   --->   Core 14 'AddSub' <Latency = 0> <II = 1> <Delay = 0.53> <FuncUnit> <Opcode : 'add' 'sub'> <InPorts = 2> <OutPorts = 1>
ST_2 : Operation 12 [1/1] (0.00ns)   --->   "br i1 %icmp_ln8, label %1, label %hls_label_0" [src/kernel_kernel.cpp:8]   --->   Operation 12 'br' <Predicate = true> <Delay = 0.00>

State 3 <SV = 2> <Delay = 2.91>
ST_3 : Operation 13 [1/1] (0.00ns)   --->   "%empty = call i32 (...)* @_ssdm_op_SpecLoopTripCount(i64 1024, i64 1024, i64 1024)"   --->   Operation 13 'speclooptripcount' 'empty' <Predicate = (!icmp_ln8)> <Delay = 0.00>
ST_3 : Operation 14 [1/1] (0.00ns)   --->   "%tmp = call i32 (...)* @_ssdm_op_SpecRegionBegin([12 x i8]* @p_str1)" [src/kernel_kernel.cpp:15]   --->   Operation 14 'specregionbegin' 'tmp' <Predicate = (!icmp_ln8)> <Delay = 0.00>
ST_3 : Operation 15 [1/1] (0.00ns)   --->   "call void (...)* @_ssdm_op_SpecPipeline(i32 1, i32 1, i32 1, i32 0, [1 x i8]* @p_str) nounwind" [src/kernel_kernel.cpp:16]   --->   Operation 15 'specpipeline' <Predicate = (!icmp_ln8)> <Delay = 0.00>
ST_3 : Operation 16 [1/1] (1.45ns)   --->   "%tmp_V = call i512 @_ssdm_op_Read.ap_fifo.volatile.i512P(i512* %fifo_A_in_V_V)" [src/kernel_kernel.cpp:22]   --->   Operation 16 'read' 'tmp_V' <Predicate = (!icmp_ln8)> <Delay = 1.45> <Core = "FIFO_SRL">   --->   Core 36 'FIFO_SRL' <Latency = 0> <II = 1> <Delay = 1.45> <Storage> <Opcode : 'read' 'write' 'nbread' 'nbwrite'> <Ports = 0> <Width = 512> <Depth = 0> <FIFO>
ST_3 : Operation 17 [1/1] (1.45ns)   --->   "call void @_ssdm_op_Write.ap_fifo.volatile.i512P(i512* %fifo_A_local_out_V_V, i512 %tmp_V)" [src/kernel_kernel.cpp:24]   --->   Operation 17 'write' <Predicate = (!icmp_ln8)> <Delay = 1.45> <Core = "FIFO_SRL">   --->   Core 36 'FIFO_SRL' <Latency = 0> <II = 1> <Delay = 1.45> <Storage> <Opcode : 'read' 'write' 'nbread' 'nbwrite'> <Ports = 0> <Width = 512> <Depth = 0> <FIFO>
ST_3 : Operation 18 [1/1] (0.00ns)   --->   "%empty_122 = call i32 (...)* @_ssdm_op_SpecRegionEnd([12 x i8]* @p_str1, i32 %tmp)" [src/kernel_kernel.cpp:26]   --->   Operation 18 'specregionend' 'empty_122' <Predicate = (!icmp_ln8)> <Delay = 0.00>
ST_3 : Operation 19 [1/1] (0.00ns)   --->   "br label %.preheader" [src/kernel_kernel.cpp:15]   --->   Operation 19 'br' <Predicate = (!icmp_ln8)> <Delay = 0.00>

State 4 <SV = 2> <Delay = 0.00>
ST_4 : Operation 20 [1/1] (0.00ns)   --->   "ret void" [src/kernel_kernel.cpp:29]   --->   Operation 20 'ret' <Predicate = true> <Delay = 0.00>


============================================================
+ Verbose Summary: Timing violations
============================================================
Target clock period: 5ns, clock uncertainty: 0.625ns.

 <State 1>: 0.603ns
The critical path consists of the following:
	multiplexor before 'phi' operation ('indvar_flatten59', src/kernel_kernel.cpp:8) with incoming values : ('add_ln8', src/kernel_kernel.cpp:8) [8]  (0.603 ns)

 <State 2>: 0.617ns
The critical path consists of the following:
	'phi' operation ('indvar_flatten59', src/kernel_kernel.cpp:8) with incoming values : ('add_ln8', src/kernel_kernel.cpp:8) [8]  (0 ns)
	'icmp' operation ('icmp_ln8', src/kernel_kernel.cpp:8) [9]  (0.617 ns)

 <State 3>: 2.92ns
The critical path consists of the following:
	fifo read on port 'fifo_A_in_V_V' (src/kernel_kernel.cpp:22) [16]  (1.46 ns)
	fifo write on port 'fifo_A_local_out_V_V' (src/kernel_kernel.cpp:24) [17]  (1.46 ns)

 <State 4>: 0ns
The critical path consists of the following:


============================================================
+ Verbose Summary: Binding
============================================================
N/A
* FSMD analyzer results:
  - Output states:
 - Input state : 
  - Chain level:
	State 1
	State 2
	State 3
	State 4


============================================================
+ Verbose Summary: Datapath Resource usage 
============================================================
N/A
