

================================================================
== Vivado HLS Report for 'B_IO_L2_in_intra_trans'
================================================================
* Date:           Sat Sep 14 23:31:18 2024

* Version:        2019.2 (Build 2704478 on Wed Nov 06 22:10:23 MST 2019)
* Project:        hls_prj
* Solution:       solution1
* Product family: virtexuplus
* Target device:  xcu200-fsgd2104-2-e


================================================================
== Performance Estimates
================================================================
+ Timing: 
    * Summary: 
    +--------+---------+----------+------------+
    |  Clock |  Target | Estimated| Uncertainty|
    +--------+---------+----------+------------+
    |ap_clk  | 5.00 ns | 3.113 ns |   0.62 ns  |
    +--------+---------+----------+------------+

+ Latency: 
    * Summary: 
    +---------+---------+----------+----------+-----+-----+---------+
    |  Latency (cycles) |  Latency (absolute) |  Interval | Pipeline|
    |   min   |   max   |    min   |    max   | min | max |   Type  |
    +---------+---------+----------+----------+-----+-----+---------+
    |        1|      514| 5.000 ns | 2.570 us |    1|  514|   none  |
    +---------+---------+----------+----------+-----+-----+---------+

    + Detail: 
        * Instance: 
        N/A

        * Loop: 
        +----------+---------+---------+----------+-----------+-----------+------+----------+
        |          |  Latency (cycles) | Iteration|  Initiation Interval  | Trip |          |
        | Loop Name|   min   |   max   |  Latency |  achieved |   target  | Count| Pipelined|
        +----------+---------+---------+----------+-----------+-----------+------+----------+
        |- Loop 1  |      512|      512|         2|          1|          1|   512|    yes   |
        +----------+---------+---------+----------+-----------+-----------+------+----------+

============================================================
+ Verbose Summary: Synthesis Manager
============================================================
InlineROM: 1
ExposeGlobal: 0
============================================================
+ Verbose Summary: CDFG Model
============================================================
IsTopModel: 0
ResetActiveHigh: 1
IsCombinational: 0
IsDatapathOnly: 0
HasWiredReturn: 1
HasMFsm: 0
HasVarLatency: 1
IsPipeline: 0
IsRtlPipelined: 0
IsInstanceOverlapped: 0
IsDontTouch: 0
HasImplIP: 0
IsGatedGlobalClock: 0

+ Individual pipeline summary: 
  * Pipeline-0: initiation interval (II) = 1, depth = 2


============================================================
+ Verbose Summary: Schedule
============================================================
* Number of FSM states : 4
* Pipeline : 1
  Pipeline-0 : II = 1, D = 2, States = { 2 3 }
* Dataflow Pipeline: 0

* FSM state transitions: 
1 --> 4 2 
2 --> 4 3 
3 --> 2 
4 --> 

* FSM state operations: 

State 1 <SV = 0> <Delay = 0.60>
ST_1 : Operation 5 [1/1] (0.00ns)   --->   "call void (...)* @_ssdm_op_SpecInterface(i64* %fifo_B_local_out_V_V, [8 x i8]* @ap_fifo_str, i32 0, i32 0, [1 x i8]* @p_str, i32 0, i32 0, [1 x i8]* @p_str, [1 x i8]* @p_str, [1 x i8]* @p_str, i32 2, i32 2, i32 16, i32 16, [1 x i8]* @p_str, [1 x i8]* @p_str)"   --->   Operation 5 'specinterface' <Predicate = true> <Delay = 0.00>
ST_1 : Operation 6 [1/1] (0.00ns)   --->   "call void (...)* @_ssdm_op_SpecMemCore([8 x i512]* %local_B_V, [1 x i8]* @p_str, [12 x i8]* @p_str9, [1 x i8]* @p_str, i32 -1, [1 x i8]* @p_str, [1 x i8]* @p_str, [1 x i8]* @p_str, [1 x i8]* @p_str, [1 x i8]* @p_str)"   --->   Operation 6 'specmemcore' <Predicate = true> <Delay = 0.00>
ST_1 : Operation 7 [1/1] (0.00ns)   --->   "call void (...)* @_ssdm_op_SpecMemCore(i64* %fifo_B_local_out_V_V, [1 x i8]* @p_str, [9 x i8]* @p_str40, [1 x i8]* @p_str, i32 -1, [1 x i8]* @p_str, [1 x i8]* @p_str, [1 x i8]* @p_str, [1 x i8]* @p_str, [1 x i8]* @p_str)"   --->   Operation 7 'specmemcore' <Predicate = true> <Delay = 0.00>
ST_1 : Operation 8 [1/1] (0.00ns)   --->   "%intra_trans_en_read = call i1 @_ssdm_op_Read.ap_auto.i1(i1 %intra_trans_en)" [src/kernel_kernel.cpp:393]   --->   Operation 8 'read' 'intra_trans_en_read' <Predicate = true> <Delay = 0.00>
ST_1 : Operation 9 [1/1] (0.00ns)   --->   "br i1 %intra_trans_en_read, label %.preheader.preheader, label %.loopexit" [src/kernel_kernel.cpp:401]   --->   Operation 9 'br' <Predicate = true> <Delay = 0.00>
ST_1 : Operation 10 [1/1] (0.60ns)   --->   "br label %.preheader" [src/kernel_kernel.cpp:409]   --->   Operation 10 'br' <Predicate = (intra_trans_en_read)> <Delay = 0.60>

State 2 <SV = 1> <Delay = 3.11>
ST_2 : Operation 11 [1/1] (0.00ns)   --->   "%indvar_flatten14 = phi i10 [ %add_ln407, %hls_label_9 ], [ 0, %.preheader.preheader ]" [src/kernel_kernel.cpp:407]   --->   Operation 11 'phi' 'indvar_flatten14' <Predicate = true> <Delay = 0.00>
ST_2 : Operation 12 [1/1] (0.00ns)   --->   "%p_088_0 = phi i4 [ %select_ln1371_4, %hls_label_9 ], [ 0, %.preheader.preheader ]" [src/kernel_kernel.cpp:417]   --->   Operation 12 'phi' 'p_088_0' <Predicate = true> <Delay = 0.00>
ST_2 : Operation 13 [1/1] (0.00ns)   --->   "%indvar_flatten = phi i8 [ %select_ln409, %hls_label_9 ], [ 0, %.preheader.preheader ]" [src/kernel_kernel.cpp:409]   --->   Operation 13 'phi' 'indvar_flatten' <Predicate = true> <Delay = 0.00>
ST_2 : Operation 14 [1/1] (0.00ns)   --->   "%p_076_0 = phi i4 [ %select_ln544, %hls_label_9 ], [ 0, %.preheader.preheader ]" [src/kernel_kernel.cpp:417]   --->   Operation 14 'phi' 'p_076_0' <Predicate = true> <Delay = 0.00>
ST_2 : Operation 15 [1/1] (0.00ns)   --->   "%p_066_0 = phi i4 [ %c7_V, %hls_label_9 ], [ 0, %.preheader.preheader ]"   --->   Operation 15 'phi' 'p_066_0' <Predicate = true> <Delay = 0.00>
ST_2 : Operation 16 [1/1] (0.60ns)   --->   "%icmp_ln407 = icmp eq i10 %indvar_flatten14, -512" [src/kernel_kernel.cpp:407]   --->   Operation 16 'icmp' 'icmp_ln407' <Predicate = true> <Delay = 0.60> <Core = "Cmp">   --->   Core 25 'Cmp' <Latency = 0> <II = 1> <Delay = 0.65> <FuncUnit> <Opcode : 'icmp'> <InPorts = 2> <OutPorts = 1>
ST_2 : Operation 17 [1/1] (0.54ns)   --->   "%add_ln407 = add i10 %indvar_flatten14, 1" [src/kernel_kernel.cpp:407]   --->   Operation 17 'add' 'add_ln407' <Predicate = true> <Delay = 0.54> <Core = "AddSub">   --->   Core 14 'AddSub' <Latency = 0> <II = 1> <Delay = 0.48> <FuncUnit> <Opcode : 'add' 'sub'> <InPorts = 2> <OutPorts = 1>
ST_2 : Operation 18 [1/1] (0.00ns)   --->   "br i1 %icmp_ln407, label %.loopexit.loopexit, label %hls_label_9" [src/kernel_kernel.cpp:407]   --->   Operation 18 'br' <Predicate = true> <Delay = 0.00>
ST_2 : Operation 19 [1/1] (0.33ns)   --->   "%c5_V = add i4 1, %p_088_0" [src/kernel_kernel.cpp:407]   --->   Operation 19 'add' 'c5_V' <Predicate = (!icmp_ln407)> <Delay = 0.33> <Core = "AddSub">   --->   Core 14 'AddSub' <Latency = 0> <II = 1> <Delay = 0.48> <FuncUnit> <Opcode : 'add' 'sub'> <InPorts = 2> <OutPorts = 1>
ST_2 : Operation 20 [1/1] (0.58ns)   --->   "%icmp_ln409 = icmp eq i8 %indvar_flatten, 64" [src/kernel_kernel.cpp:409]   --->   Operation 20 'icmp' 'icmp_ln409' <Predicate = (!icmp_ln407)> <Delay = 0.58> <Core = "Cmp">   --->   Core 25 'Cmp' <Latency = 0> <II = 1> <Delay = 0.65> <FuncUnit> <Opcode : 'icmp'> <InPorts = 2> <OutPorts = 1>
ST_2 : Operation 21 [1/1] (0.35ns)   --->   "%select_ln1371 = select i1 %icmp_ln409, i4 0, i4 %p_076_0" [src/kernel_kernel.cpp:417]   --->   Operation 21 'select' 'select_ln1371' <Predicate = (!icmp_ln407)> <Delay = 0.35> <Core = "Sel">   --->   Core 26 'Sel' <Latency = 0> <II = 1> <Delay = 0.30> <FuncUnit> <Opcode : 'select'> <InPorts = 3> <OutPorts = 1>
ST_2 : Operation 22 [1/1] (0.35ns)   --->   "%select_ln1371_4 = select i1 %icmp_ln409, i4 %c5_V, i4 %p_088_0" [src/kernel_kernel.cpp:417]   --->   Operation 22 'select' 'select_ln1371_4' <Predicate = (!icmp_ln407)> <Delay = 0.35> <Core = "Sel">   --->   Core 26 'Sel' <Latency = 0> <II = 1> <Delay = 0.30> <FuncUnit> <Opcode : 'select'> <InPorts = 3> <OutPorts = 1>
ST_2 : Operation 23 [1/1] (0.00ns)   --->   "%tmp_9 = call i1 @_ssdm_op_BitSelect.i1.i4.i32(i4 %select_ln1371_4, i32 3)" [src/kernel_kernel.cpp:417]   --->   Operation 23 'bitselect' 'tmp_9' <Predicate = (!icmp_ln407)> <Delay = 0.00>
ST_2 : Operation 24 [1/1] (0.00ns)   --->   "%zext_ln1371 = zext i1 %tmp_9 to i5" [src/kernel_kernel.cpp:417]   --->   Operation 24 'zext' 'zext_ln1371' <Predicate = (!icmp_ln407)> <Delay = 0.00>
ST_2 : Operation 25 [1/1] (0.00ns)   --->   "%trunc_ln1371 = trunc i4 %select_ln1371_4 to i3" [src/kernel_kernel.cpp:417]   --->   Operation 25 'trunc' 'trunc_ln1371' <Predicate = (!icmp_ln407)> <Delay = 0.00>
ST_2 : Operation 26 [1/1] (0.00ns) (grouped into LUT with out node and_ln1371)   --->   "%xor_ln1371 = xor i1 %icmp_ln409, true" [src/kernel_kernel.cpp:417]   --->   Operation 26 'xor' 'xor_ln1371' <Predicate = (!icmp_ln407)> <Delay = 0.00> <Core = "LogicGate">   --->   Core 27 'LogicGate' <Latency = 0> <II = 1> <Delay = 0.12> <FuncUnit> <Opcode : 'and' 'or' 'xor'> <InPorts = 2> <OutPorts = 1>
ST_2 : Operation 27 [1/1] (0.65ns)   --->   "%icmp_ln411 = icmp eq i4 %p_066_0, -8" [src/kernel_kernel.cpp:411]   --->   Operation 27 'icmp' 'icmp_ln411' <Predicate = (!icmp_ln407)> <Delay = 0.65> <Core = "Cmp">   --->   Core 25 'Cmp' <Latency = 0> <II = 1> <Delay = 0.65> <FuncUnit> <Opcode : 'icmp'> <InPorts = 2> <OutPorts = 1>
ST_2 : Operation 28 [1/1] (0.12ns) (out node of the LUT)   --->   "%and_ln1371 = and i1 %icmp_ln411, %xor_ln1371" [src/kernel_kernel.cpp:417]   --->   Operation 28 'and' 'and_ln1371' <Predicate = (!icmp_ln407)> <Delay = 0.12> <Core = "LogicGate">   --->   Core 27 'LogicGate' <Latency = 0> <II = 1> <Delay = 0.12> <FuncUnit> <Opcode : 'and' 'or' 'xor'> <InPorts = 2> <OutPorts = 1>
ST_2 : Operation 29 [1/1] (0.33ns)   --->   "%c6_V = add i4 1, %select_ln1371" [src/kernel_kernel.cpp:409]   --->   Operation 29 'add' 'c6_V' <Predicate = (!icmp_ln407)> <Delay = 0.33> <Core = "AddSub">   --->   Core 14 'AddSub' <Latency = 0> <II = 1> <Delay = 0.48> <FuncUnit> <Opcode : 'add' 'sub'> <InPorts = 2> <OutPorts = 1>
ST_2 : Operation 30 [1/1] (0.35ns)   --->   "%select_ln544 = select i1 %and_ln1371, i4 %c6_V, i4 %select_ln1371" [src/kernel_kernel.cpp:417]   --->   Operation 30 'select' 'select_ln544' <Predicate = (!icmp_ln407)> <Delay = 0.35> <Core = "Sel">   --->   Core 26 'Sel' <Latency = 0> <II = 1> <Delay = 0.30> <FuncUnit> <Opcode : 'select'> <InPorts = 3> <OutPorts = 1>
ST_2 : Operation 31 [1/1] (0.00ns)   --->   "%zext_ln544 = zext i4 %select_ln544 to i5" [src/kernel_kernel.cpp:417]   --->   Operation 31 'zext' 'zext_ln544' <Predicate = (!icmp_ln407)> <Delay = 0.00>
ST_2 : Operation 32 [1/1] (0.33ns)   --->   "%add_ln321 = add i5 %zext_ln544, %zext_ln1371" [src/kernel_kernel.cpp:417]   --->   Operation 32 'add' 'add_ln321' <Predicate = (!icmp_ln407)> <Delay = 0.33> <Core = "AddSub">   --->   Core 14 'AddSub' <Latency = 0> <II = 1> <Delay = 0.48> <FuncUnit> <Opcode : 'add' 'sub'> <InPorts = 2> <OutPorts = 1>
ST_2 : Operation 33 [1/1] (0.00ns)   --->   "%zext_ln321 = zext i5 %add_ln321 to i64" [src/kernel_kernel.cpp:417]   --->   Operation 33 'zext' 'zext_ln321' <Predicate = (!icmp_ln407)> <Delay = 0.00>
ST_2 : Operation 34 [1/1] (0.00ns)   --->   "%local_B_V_addr = getelementptr [8 x i512]* %local_B_V, i64 0, i64 %zext_ln321" [src/kernel_kernel.cpp:417]   --->   Operation 34 'getelementptr' 'local_B_V_addr' <Predicate = (!icmp_ln407)> <Delay = 0.00>
ST_2 : Operation 35 [2/2] (1.15ns)   --->   "%in_data_V = load i512* %local_B_V_addr, align 64" [src/kernel_kernel.cpp:417]   --->   Operation 35 'load' 'in_data_V' <Predicate = (!icmp_ln407)> <Delay = 1.15> <Core = "RAM_2P_BRAM">   --->   Core 42 'RAM_2P_BRAM' <Latency = 1> <II = 1> <Delay = 1.15> <Storage> <Opcode : 'load' 'store'> <Ports = 2> <Width = 512> <Depth = 8> <RAM>
ST_2 : Operation 36 [1/1] (0.33ns)   --->   "%add_ln700_8 = add i4 1, %p_066_0" [src/kernel_kernel.cpp:411]   --->   Operation 36 'add' 'add_ln700_8' <Predicate = (!icmp_ln407)> <Delay = 0.33> <Core = "AddSub">   --->   Core 14 'AddSub' <Latency = 0> <II = 1> <Delay = 0.48> <FuncUnit> <Opcode : 'add' 'sub'> <InPorts = 2> <OutPorts = 1>
ST_2 : Operation 37 [1/1] (0.00ns) (grouped into LUT with out node c7_V)   --->   "%or_ln700 = or i1 %and_ln1371, %icmp_ln409" [src/kernel_kernel.cpp:411]   --->   Operation 37 'or' 'or_ln700' <Predicate = (!icmp_ln407)> <Delay = 0.00> <Core = "LogicGate">   --->   Core 27 'LogicGate' <Latency = 0> <II = 1> <Delay = 0.12> <FuncUnit> <Opcode : 'and' 'or' 'xor'> <InPorts = 2> <OutPorts = 1>
ST_2 : Operation 38 [1/1] (0.35ns) (out node of the LUT)   --->   "%c7_V = select i1 %or_ln700, i4 1, i4 %add_ln700_8" [src/kernel_kernel.cpp:411]   --->   Operation 38 'select' 'c7_V' <Predicate = (!icmp_ln407)> <Delay = 0.35> <Core = "Sel">   --->   Core 26 'Sel' <Latency = 0> <II = 1> <Delay = 0.30> <FuncUnit> <Opcode : 'select'> <InPorts = 3> <OutPorts = 1>
ST_2 : Operation 39 [1/1] (0.48ns)   --->   "%add_ln409 = add i8 1, %indvar_flatten" [src/kernel_kernel.cpp:409]   --->   Operation 39 'add' 'add_ln409' <Predicate = (!icmp_ln407)> <Delay = 0.48> <Core = "AddSub">   --->   Core 14 'AddSub' <Latency = 0> <II = 1> <Delay = 0.48> <FuncUnit> <Opcode : 'add' 'sub'> <InPorts = 2> <OutPorts = 1>
ST_2 : Operation 40 [1/1] (0.30ns)   --->   "%select_ln409 = select i1 %icmp_ln409, i8 1, i8 %add_ln409" [src/kernel_kernel.cpp:409]   --->   Operation 40 'select' 'select_ln409' <Predicate = (!icmp_ln407)> <Delay = 0.30> <Core = "Sel">   --->   Core 26 'Sel' <Latency = 0> <II = 1> <Delay = 0.30> <FuncUnit> <Opcode : 'select'> <InPorts = 3> <OutPorts = 1>

State 3 <SV = 2> <Delay = 3.03>
ST_3 : Operation 41 [1/1] (0.00ns)   --->   "%empty = call i32 (...)* @_ssdm_op_SpecLoopTripCount(i64 512, i64 512, i64 512)"   --->   Operation 41 'speclooptripcount' 'empty' <Predicate = (!icmp_ln407)> <Delay = 0.00>
ST_3 : Operation 42 [1/1] (0.00ns)   --->   "%tmp = call i32 (...)* @_ssdm_op_SpecRegionBegin([12 x i8]* @p_str12)" [src/kernel_kernel.cpp:411]   --->   Operation 42 'specregionbegin' 'tmp' <Predicate = (!icmp_ln407)> <Delay = 0.00>
ST_3 : Operation 43 [1/1] (0.00ns)   --->   "call void (...)* @_ssdm_op_SpecPipeline(i32 1, i32 1, i32 1, i32 0, [1 x i8]* @p_str) nounwind" [src/kernel_kernel.cpp:412]   --->   Operation 43 'specpipeline' <Predicate = (!icmp_ln407)> <Delay = 0.00>
ST_3 : Operation 44 [1/2] (1.15ns)   --->   "%in_data_V = load i512* %local_B_V_addr, align 64" [src/kernel_kernel.cpp:417]   --->   Operation 44 'load' 'in_data_V' <Predicate = (!icmp_ln407)> <Delay = 1.15> <Core = "RAM_2P_BRAM">   --->   Core 42 'RAM_2P_BRAM' <Latency = 1> <II = 1> <Delay = 1.15> <Storage> <Opcode : 'load' 'store'> <Ports = 2> <Width = 512> <Depth = 8> <RAM>
ST_3 : Operation 45 [1/1] (0.00ns)   --->   "%data_split_0_V = trunc i512 %in_data_V to i64" [src/kernel_kernel.cpp:420]   --->   Operation 45 'trunc' 'data_split_0_V' <Predicate = (!icmp_ln407)> <Delay = 0.00>
ST_3 : Operation 46 [1/1] (0.00ns)   --->   "%data_split_1_V = call i64 @_ssdm_op_PartSelect.i64.i512.i32.i32(i512 %in_data_V, i32 64, i32 127)" [src/kernel_kernel.cpp:420]   --->   Operation 46 'partselect' 'data_split_1_V' <Predicate = (!icmp_ln407)> <Delay = 0.00>
ST_3 : Operation 47 [1/1] (0.00ns)   --->   "%data_split_2_V = call i64 @_ssdm_op_PartSelect.i64.i512.i32.i32(i512 %in_data_V, i32 128, i32 191)" [src/kernel_kernel.cpp:420]   --->   Operation 47 'partselect' 'data_split_2_V' <Predicate = (!icmp_ln407)> <Delay = 0.00>
ST_3 : Operation 48 [1/1] (0.00ns)   --->   "%data_split_3_V = call i64 @_ssdm_op_PartSelect.i64.i512.i32.i32(i512 %in_data_V, i32 192, i32 255)" [src/kernel_kernel.cpp:420]   --->   Operation 48 'partselect' 'data_split_3_V' <Predicate = (!icmp_ln407)> <Delay = 0.00>
ST_3 : Operation 49 [1/1] (0.00ns)   --->   "%data_split_4_V = call i64 @_ssdm_op_PartSelect.i64.i512.i32.i32(i512 %in_data_V, i32 256, i32 319)" [src/kernel_kernel.cpp:420]   --->   Operation 49 'partselect' 'data_split_4_V' <Predicate = (!icmp_ln407)> <Delay = 0.00>
ST_3 : Operation 50 [1/1] (0.00ns)   --->   "%data_split_5_V = call i64 @_ssdm_op_PartSelect.i64.i512.i32.i32(i512 %in_data_V, i32 320, i32 383)" [src/kernel_kernel.cpp:420]   --->   Operation 50 'partselect' 'data_split_5_V' <Predicate = (!icmp_ln407)> <Delay = 0.00>
ST_3 : Operation 51 [1/1] (0.00ns)   --->   "%data_split_6_V = call i64 @_ssdm_op_PartSelect.i64.i512.i32.i32(i512 %in_data_V, i32 384, i32 447)" [src/kernel_kernel.cpp:420]   --->   Operation 51 'partselect' 'data_split_6_V' <Predicate = (!icmp_ln407)> <Delay = 0.00>
ST_3 : Operation 52 [1/1] (0.00ns)   --->   "%data_split_7_V = call i64 @_ssdm_op_PartSelect.i64.i512.i32.i32(i512 %in_data_V, i32 448, i32 511)" [src/kernel_kernel.cpp:420]   --->   Operation 52 'partselect' 'data_split_7_V' <Predicate = (!icmp_ln407)> <Delay = 0.00>
ST_3 : Operation 53 [1/1] (0.41ns)   --->   "%out_data_V = call i64 @_ssdm_op_Mux.ap_auto.8i64.i3(i64 %data_split_0_V, i64 %data_split_1_V, i64 %data_split_2_V, i64 %data_split_3_V, i64 %data_split_4_V, i64 %data_split_5_V, i64 %data_split_6_V, i64 %data_split_7_V, i3 %trunc_ln1371)" [src/kernel_kernel.cpp:424]   --->   Operation 53 'mux' 'out_data_V' <Predicate = (!icmp_ln407)> <Delay = 0.41> <Core = "MuxnS">   --->   Core 31 'MuxnS' <Latency = 0> <II = 1> <Delay = 0.41> <FuncUnit> <Opcode : 'mux'> <InPorts = 2> <OutPorts = 1>
ST_3 : Operation 54 [1/1] (1.45ns)   --->   "call void @_ssdm_op_Write.ap_fifo.volatile.i64P(i64* %fifo_B_local_out_V_V, i64 %out_data_V)" [src/kernel_kernel.cpp:425]   --->   Operation 54 'write' <Predicate = (!icmp_ln407)> <Delay = 1.45> <Core = "FIFO_SRL">   --->   Core 36 'FIFO_SRL' <Latency = 0> <II = 1> <Delay = 1.45> <Storage> <Opcode : 'read' 'write' 'nbread' 'nbwrite'> <Ports = 0> <Width = 64> <Depth = 0> <FIFO>
ST_3 : Operation 55 [1/1] (0.00ns)   --->   "%empty_109 = call i32 (...)* @_ssdm_op_SpecRegionEnd([12 x i8]* @p_str12, i32 %tmp)" [src/kernel_kernel.cpp:427]   --->   Operation 55 'specregionend' 'empty_109' <Predicate = (!icmp_ln407)> <Delay = 0.00>
ST_3 : Operation 56 [1/1] (0.00ns)   --->   "br label %.preheader" [src/kernel_kernel.cpp:411]   --->   Operation 56 'br' <Predicate = (!icmp_ln407)> <Delay = 0.00>

State 4 <SV = 2> <Delay = 0.00>
ST_4 : Operation 57 [1/1] (0.00ns)   --->   "br label %.loopexit"   --->   Operation 57 'br' <Predicate = (intra_trans_en_read)> <Delay = 0.00>
ST_4 : Operation 58 [1/1] (0.00ns)   --->   "ret void" [src/kernel_kernel.cpp:430]   --->   Operation 58 'ret' <Predicate = true> <Delay = 0.00>


============================================================
+ Verbose Summary: Binding
============================================================
STG Binding: 
---------------- STG Properties BEGIN ----------------
- Is combinational: 0
- Is one-state seq: 0
- Is datapath-only: 0
- Is pipelined: 0
- Is top level: 0
Port [ Return ] is wired: 1; IO mode=ap_ctrl_hs:ce=0
Port [ local_B_V]:  wired=1; compound=1; hidden=0; nouse=0; global=0; static=0; extern=0; dir=0; type=1; pingpong=0; private_global=0; MemPort=[13]; IO mode=ap_memory:ce=0
Port [ fifo_B_local_out_V_V]:  wired=1; compound=1; hidden=0; nouse=0; global=0; static=0; extern=0; dir=1; type=3; pingpong=0; private_global=0; IO mode=ap_fifo:ce=0
Port [ intra_trans_en]:  wired=1; compound=0; hidden=0; nouse=0; global=0; static=0; extern=0; dir=0; type=0; pingpong=0; private_global=0; IO mode=ap_none:ce=0
---------------- STG Properties END ------------------

---------------- Datapath Model BEGIN ----------------

<LifeTime>
<method=bitvector/>
specinterface_ln0   (specinterface    ) [ 00000]
specmemcore_ln0     (specmemcore      ) [ 00000]
specmemcore_ln0     (specmemcore      ) [ 00000]
intra_trans_en_read (read             ) [ 01111]
br_ln401            (br               ) [ 00000]
br_ln409            (br               ) [ 01110]
indvar_flatten14    (phi              ) [ 00100]
p_088_0             (phi              ) [ 00100]
indvar_flatten      (phi              ) [ 00100]
p_076_0             (phi              ) [ 00100]
p_066_0             (phi              ) [ 00100]
icmp_ln407          (icmp             ) [ 00110]
add_ln407           (add              ) [ 01110]
br_ln407            (br               ) [ 00000]
c5_V                (add              ) [ 00000]
icmp_ln409          (icmp             ) [ 00000]
select_ln1371       (select           ) [ 00000]
select_ln1371_4     (select           ) [ 01110]
tmp_9               (bitselect        ) [ 00000]
zext_ln1371         (zext             ) [ 00000]
trunc_ln1371        (trunc            ) [ 00110]
xor_ln1371          (xor              ) [ 00000]
icmp_ln411          (icmp             ) [ 00000]
and_ln1371          (and              ) [ 00000]
c6_V                (add              ) [ 00000]
select_ln544        (select           ) [ 01110]
zext_ln544          (zext             ) [ 00000]
add_ln321           (add              ) [ 00000]
zext_ln321          (zext             ) [ 00000]
local_B_V_addr      (getelementptr    ) [ 00110]
add_ln700_8         (add              ) [ 00000]
or_ln700            (or               ) [ 00000]
c7_V                (select           ) [ 01110]
add_ln409           (add              ) [ 00000]
select_ln409        (select           ) [ 01110]
empty               (speclooptripcount) [ 00000]
tmp                 (specregionbegin  ) [ 00000]
specpipeline_ln412  (specpipeline     ) [ 00000]
in_data_V           (load             ) [ 00000]
data_split_0_V      (trunc            ) [ 00000]
data_split_1_V      (partselect       ) [ 00000]
data_split_2_V      (partselect       ) [ 00000]
data_split_3_V      (partselect       ) [ 00000]
data_split_4_V      (partselect       ) [ 00000]
data_split_5_V      (partselect       ) [ 00000]
data_split_6_V      (partselect       ) [ 00000]
data_split_7_V      (partselect       ) [ 00000]
out_data_V          (mux              ) [ 00000]
write_ln425         (write            ) [ 00000]
empty_109           (specregionend    ) [ 00000]
br_ln411            (br               ) [ 01110]
br_ln0              (br               ) [ 00000]
ret_ln430           (ret              ) [ 00000]
</LifeTime>

<model>

<comp_list>
<comp id="0" class="1000" name="local_B_V">
<pin_list>
<pin id="1" dir="1" index="0" bw="1" slack="0"/>
</pin_list>
<bind>
<StgValue><ssdm name="local_B_V"/><MemPortTyVec>1 3 </MemPortTyVec>
</StgValue>
</bind>
</comp>

<comp id="2" class="1000" name="fifo_B_local_out_V_V">
<pin_list>
<pin id="3" dir="1" index="0" bw="1" slack="0"/>
</pin_list>
<bind>
<StgValue><ssdm name="fifo_B_local_out_V_V"/></StgValue>
</bind>
</comp>

<comp id="4" class="1000" name="intra_trans_en">
<pin_list>
<pin id="5" dir="1" index="0" bw="1" slack="0"/>
</pin_list>
<bind>
<StgValue><ssdm name="intra_trans_en"/></StgValue>
</bind>
</comp>

<comp id="6" class="1001" name="const_6">
<pin_list>
<pin id="7" dir="1" index="0" bw="1" slack="2147483647"/>
</pin_list>
<bind>
<StgValue><ssdm name="_ssdm_op_SpecInterface"/></StgValue>
</bind>
</comp>

<comp id="8" class="1001" name="const_8">
<pin_list>
<pin id="9" dir="1" index="0" bw="1" slack="2147483647"/>
</pin_list>
<bind>
<StgValue><ssdm name="ap_fifo_str"/></StgValue>
</bind>
</comp>

<comp id="10" class="1001" name="const_10">
<pin_list>
<pin id="11" dir="1" index="0" bw="1" slack="2147483647"/>
</pin_list>
<bind>
<StgValue><ssdm name=""/></StgValue>
</bind>
</comp>

<comp id="12" class="1001" name="const_12">
<pin_list>
<pin id="13" dir="1" index="0" bw="1" slack="2147483647"/>
</pin_list>
<bind>
<StgValue><ssdm name="p_str"/></StgValue>
</bind>
</comp>

<comp id="14" class="1001" name="const_14">
<pin_list>
<pin id="15" dir="1" index="0" bw="1" slack="2147483647"/>
</pin_list>
<bind>
<StgValue><ssdm name=""/></StgValue>
</bind>
</comp>

<comp id="16" class="1001" name="const_16">
<pin_list>
<pin id="17" dir="1" index="0" bw="1" slack="2147483647"/>
</pin_list>
<bind>
<StgValue><ssdm name=""/></StgValue>
</bind>
</comp>

<comp id="18" class="1001" name="const_18">
<pin_list>
<pin id="19" dir="1" index="0" bw="1" slack="2147483647"/>
</pin_list>
<bind>
<StgValue><ssdm name="_ssdm_op_SpecMemCore"/></StgValue>
</bind>
</comp>

<comp id="20" class="1001" name="const_20">
<pin_list>
<pin id="21" dir="1" index="0" bw="1" slack="2147483647"/>
</pin_list>
<bind>
<StgValue><ssdm name="p_str9"/></StgValue>
</bind>
</comp>

<comp id="22" class="1001" name="const_22">
<pin_list>
<pin id="23" dir="1" index="0" bw="1" slack="2147483647"/>
</pin_list>
<bind>
<StgValue><ssdm name=""/></StgValue>
</bind>
</comp>

<comp id="24" class="1001" name="const_24">
<pin_list>
<pin id="25" dir="1" index="0" bw="1" slack="2147483647"/>
</pin_list>
<bind>
<StgValue><ssdm name="p_str40"/></StgValue>
</bind>
</comp>

<comp id="26" class="1001" name="const_26">
<pin_list>
<pin id="27" dir="1" index="0" bw="1" slack="0"/>
</pin_list>
<bind>
<StgValue><ssdm name="_ssdm_op_Read.ap_auto.i1"/></StgValue>
</bind>
</comp>

<comp id="28" class="1001" name="const_28">
<pin_list>
<pin id="29" dir="1" index="0" bw="1" slack="1"/>
</pin_list>
<bind>
<StgValue><ssdm name=""/></StgValue>
</bind>
</comp>

<comp id="30" class="1001" name="const_30">
<pin_list>
<pin id="31" dir="1" index="0" bw="1" slack="0"/>
</pin_list>
<bind>
<StgValue><ssdm name=""/></StgValue>
</bind>
</comp>

<comp id="32" class="1001" name="const_32">
<pin_list>
<pin id="33" dir="1" index="0" bw="1" slack="1"/>
</pin_list>
<bind>
<StgValue><ssdm name=""/></StgValue>
</bind>
</comp>

<comp id="34" class="1001" name="const_34">
<pin_list>
<pin id="35" dir="1" index="0" bw="1" slack="0"/>
</pin_list>
<bind>
<StgValue><ssdm name=""/></StgValue>
</bind>
</comp>

<comp id="36" class="1001" name="const_36">
<pin_list>
<pin id="37" dir="1" index="0" bw="1" slack="0"/>
</pin_list>
<bind>
<StgValue><ssdm name=""/></StgValue>
</bind>
</comp>

<comp id="38" class="1001" name="const_38">
<pin_list>
<pin id="39" dir="1" index="0" bw="1" slack="0"/>
</pin_list>
<bind>
<StgValue><ssdm name=""/></StgValue>
</bind>
</comp>

<comp id="40" class="1001" name="const_40">
<pin_list>
<pin id="41" dir="1" index="0" bw="1" slack="0"/>
</pin_list>
<bind>
<StgValue><ssdm name=""/></StgValue>
</bind>
</comp>

<comp id="42" class="1001" name="const_42">
<pin_list>
<pin id="43" dir="1" index="0" bw="1" slack="0"/>
</pin_list>
<bind>
<StgValue><ssdm name="_ssdm_op_BitSelect.i1.i4.i32"/></StgValue>
</bind>
</comp>

<comp id="44" class="1001" name="const_44">
<pin_list>
<pin id="45" dir="1" index="0" bw="1" slack="0"/>
</pin_list>
<bind>
<StgValue><ssdm name=""/></StgValue>
</bind>
</comp>

<comp id="46" class="1001" name="const_46">
<pin_list>
<pin id="47" dir="1" index="0" bw="1" slack="0"/>
</pin_list>
<bind>
<StgValue><ssdm name=""/></StgValue>
</bind>
</comp>

<comp id="48" class="1001" name="const_48">
<pin_list>
<pin id="49" dir="1" index="0" bw="1" slack="0"/>
</pin_list>
<bind>
<StgValue><ssdm name=""/></StgValue>
</bind>
</comp>

<comp id="50" class="1001" name="const_50">
<pin_list>
<pin id="51" dir="1" index="0" bw="1" slack="0"/>
</pin_list>
<bind>
<StgValue><ssdm name=""/></StgValue>
</bind>
</comp>

<comp id="52" class="1001" name="const_52">
<pin_list>
<pin id="53" dir="1" index="0" bw="1" slack="0"/>
</pin_list>
<bind>
<StgValue><ssdm name=""/></StgValue>
</bind>
</comp>

<comp id="54" class="1001" name="const_54">
<pin_list>
<pin id="55" dir="1" index="0" bw="1" slack="2147483647"/>
</pin_list>
<bind>
<StgValue><ssdm name="_ssdm_op_SpecLoopTripCount"/></StgValue>
</bind>
</comp>

<comp id="56" class="1001" name="const_56">
<pin_list>
<pin id="57" dir="1" index="0" bw="1" slack="2147483647"/>
</pin_list>
<bind>
<StgValue><ssdm name=""/></StgValue>
</bind>
</comp>

<comp id="58" class="1001" name="const_58">
<pin_list>
<pin id="59" dir="1" index="0" bw="1" slack="2147483647"/>
</pin_list>
<bind>
<StgValue><ssdm name="_ssdm_op_SpecRegionBegin"/></StgValue>
</bind>
</comp>

<comp id="60" class="1001" name="const_60">
<pin_list>
<pin id="61" dir="1" index="0" bw="1" slack="2147483647"/>
</pin_list>
<bind>
<StgValue><ssdm name="p_str12"/></StgValue>
</bind>
</comp>

<comp id="62" class="1001" name="const_62">
<pin_list>
<pin id="63" dir="1" index="0" bw="1" slack="2147483647"/>
</pin_list>
<bind>
<StgValue><ssdm name="_ssdm_op_SpecPipeline"/></StgValue>
</bind>
</comp>

<comp id="64" class="1001" name="const_64">
<pin_list>
<pin id="65" dir="1" index="0" bw="1" slack="2147483647"/>
</pin_list>
<bind>
<StgValue><ssdm name=""/></StgValue>
</bind>
</comp>

<comp id="66" class="1001" name="const_66">
<pin_list>
<pin id="67" dir="1" index="0" bw="1" slack="0"/>
</pin_list>
<bind>
<StgValue><ssdm name="_ssdm_op_PartSelect.i64.i512.i32.i32"/></StgValue>
</bind>
</comp>

<comp id="68" class="1001" name="const_68">
<pin_list>
<pin id="69" dir="1" index="0" bw="1" slack="0"/>
</pin_list>
<bind>
<StgValue><ssdm name=""/></StgValue>
</bind>
</comp>

<comp id="70" class="1001" name="const_70">
<pin_list>
<pin id="71" dir="1" index="0" bw="1" slack="0"/>
</pin_list>
<bind>
<StgValue><ssdm name=""/></StgValue>
</bind>
</comp>

<comp id="72" class="1001" name="const_72">
<pin_list>
<pin id="73" dir="1" index="0" bw="1" slack="0"/>
</pin_list>
<bind>
<StgValue><ssdm name=""/></StgValue>
</bind>
</comp>

<comp id="74" class="1001" name="const_74">
<pin_list>
<pin id="75" dir="1" index="0" bw="1" slack="0"/>
</pin_list>
<bind>
<StgValue><ssdm name=""/></StgValue>
</bind>
</comp>

<comp id="76" class="1001" name="const_76">
<pin_list>
<pin id="77" dir="1" index="0" bw="1" slack="0"/>
</pin_list>
<bind>
<StgValue><ssdm name=""/></StgValue>
</bind>
</comp>

<comp id="78" class="1001" name="const_78">
<pin_list>
<pin id="79" dir="1" index="0" bw="1" slack="0"/>
</pin_list>
<bind>
<StgValue><ssdm name=""/></StgValue>
</bind>
</comp>

<comp id="80" class="1001" name="const_80">
<pin_list>
<pin id="81" dir="1" index="0" bw="1" slack="0"/>
</pin_list>
<bind>
<StgValue><ssdm name=""/></StgValue>
</bind>
</comp>

<comp id="82" class="1001" name="const_82">
<pin_list>
<pin id="83" dir="1" index="0" bw="1" slack="0"/>
</pin_list>
<bind>
<StgValue><ssdm name=""/></StgValue>
</bind>
</comp>

<comp id="84" class="1001" name="const_84">
<pin_list>
<pin id="85" dir="1" index="0" bw="1" slack="0"/>
</pin_list>
<bind>
<StgValue><ssdm name=""/></StgValue>
</bind>
</comp>

<comp id="86" class="1001" name="const_86">
<pin_list>
<pin id="87" dir="1" index="0" bw="1" slack="0"/>
</pin_list>
<bind>
<StgValue><ssdm name=""/></StgValue>
</bind>
</comp>

<comp id="88" class="1001" name="const_88">
<pin_list>
<pin id="89" dir="1" index="0" bw="1" slack="0"/>
</pin_list>
<bind>
<StgValue><ssdm name=""/></StgValue>
</bind>
</comp>

<comp id="90" class="1001" name="const_90">
<pin_list>
<pin id="91" dir="1" index="0" bw="1" slack="0"/>
</pin_list>
<bind>
<StgValue><ssdm name=""/></StgValue>
</bind>
</comp>

<comp id="92" class="1001" name="const_92">
<pin_list>
<pin id="93" dir="1" index="0" bw="1" slack="0"/>
</pin_list>
<bind>
<StgValue><ssdm name=""/></StgValue>
</bind>
</comp>

<comp id="94" class="1001" name="const_94">
<pin_list>
<pin id="95" dir="1" index="0" bw="1" slack="0"/>
</pin_list>
<bind>
<StgValue><ssdm name=""/></StgValue>
</bind>
</comp>

<comp id="96" class="1001" name="const_96">
<pin_list>
<pin id="97" dir="1" index="0" bw="1" slack="0"/>
</pin_list>
<bind>
<StgValue><ssdm name="_ssdm_op_Mux.ap_auto.8i64.i3"/></StgValue>
</bind>
</comp>

<comp id="98" class="1001" name="const_98">
<pin_list>
<pin id="99" dir="1" index="0" bw="1" slack="0"/>
</pin_list>
<bind>
<StgValue><ssdm name="_ssdm_op_Write.ap_fifo.volatile.i64P"/></StgValue>
</bind>
</comp>

<comp id="100" class="1001" name="const_100">
<pin_list>
<pin id="101" dir="1" index="0" bw="1" slack="2147483647"/>
</pin_list>
<bind>
<StgValue><ssdm name="_ssdm_op_SpecRegionEnd"/></StgValue>
</bind>
</comp>

<comp id="102" class="1004" name="intra_trans_en_read_read_fu_102">
<pin_list>
<pin id="103" dir="0" index="0" bw="1" slack="0"/>
<pin id="104" dir="0" index="1" bw="1" slack="0"/>
<pin id="105" dir="1" index="2" bw="1" slack="1"/>
</pin_list>
<bind>
<opcode="read(1150) " fcode="read"/>
<opset="intra_trans_en_read/1 "/>
</bind>
</comp>

<comp id="108" class="1004" name="write_ln425_write_fu_108">
<pin_list>
<pin id="109" dir="0" index="0" bw="0" slack="0"/>
<pin id="110" dir="0" index="1" bw="64" slack="0"/>
<pin id="111" dir="0" index="2" bw="64" slack="0"/>
<pin id="112" dir="1" index="3" bw="0" slack="2147483647"/>
</pin_list>
<bind>
<opcode="write(1151) " fcode="write"/>
<opset="write_ln425/3 "/>
</bind>
</comp>

<comp id="115" class="1004" name="local_B_V_addr_gep_fu_115">
<pin_list>
<pin id="116" dir="0" index="0" bw="512" slack="0"/>
<pin id="117" dir="0" index="1" bw="1" slack="0"/>
<pin id="118" dir="0" index="2" bw="5" slack="0"/>
<pin id="119" dir="1" index="3" bw="3" slack="0"/>
</pin_list>
<bind>
<opcode="getelementptr(29) " fcode="getelementptr"/>
<opset="local_B_V_addr/2 "/>
</bind>
</comp>

<comp id="122" class="1004" name="grp_access_fu_122">
<pin_list>
<pin id="123" dir="0" index="0" bw="3" slack="0"/>
<pin id="124" dir="0" index="1" bw="512" slack="2147483647"/>
<pin id="125" dir="0" index="2" bw="0" slack="2147483647"/>
<pin id="126" dir="1" index="3" bw="512" slack="0"/>
</pin_list>
<bind>
<opcode="load(27) " fcode="load"/>
<opset="in_data_V/2 "/>
</bind>
</comp>

<comp id="128" class="1005" name="indvar_flatten14_reg_128">
<pin_list>
<pin id="129" dir="0" index="0" bw="10" slack="1"/>
<pin id="130" dir="1" index="1" bw="10" slack="1"/>
</pin_list>
<bind>
<opset="indvar_flatten14 (phireg) "/>
</bind>
</comp>

<comp id="132" class="1004" name="indvar_flatten14_phi_fu_132">
<pin_list>
<pin id="133" dir="0" index="0" bw="10" slack="0"/>
<pin id="134" dir="0" index="1" bw="0" slack="2147483647"/>
<pin id="135" dir="0" index="2" bw="1" slack="1"/>
<pin id="136" dir="0" index="3" bw="0" slack="2147483647"/>
<pin id="137" dir="1" index="4" bw="10" slack="0"/>
</pin_list>
<bind>
<opcode="phi(47) " fcode="phi"/>
<opset="indvar_flatten14/2 "/>
</bind>
</comp>

<comp id="139" class="1005" name="p_088_0_reg_139">
<pin_list>
<pin id="140" dir="0" index="0" bw="4" slack="1"/>
<pin id="141" dir="1" index="1" bw="4" slack="1"/>
</pin_list>
<bind>
<opset="p_088_0 (phireg) "/>
</bind>
</comp>

<comp id="143" class="1004" name="p_088_0_phi_fu_143">
<pin_list>
<pin id="144" dir="0" index="0" bw="4" slack="0"/>
<pin id="145" dir="0" index="1" bw="0" slack="2147483647"/>
<pin id="146" dir="0" index="2" bw="1" slack="1"/>
<pin id="147" dir="0" index="3" bw="0" slack="2147483647"/>
<pin id="148" dir="1" index="4" bw="4" slack="0"/>
</pin_list>
<bind>
<opcode="phi(47) " fcode="phi"/>
<opset="p_088_0/2 "/>
</bind>
</comp>

<comp id="150" class="1005" name="indvar_flatten_reg_150">
<pin_list>
<pin id="151" dir="0" index="0" bw="8" slack="1"/>
<pin id="152" dir="1" index="1" bw="8" slack="1"/>
</pin_list>
<bind>
<opset="indvar_flatten (phireg) "/>
</bind>
</comp>

<comp id="154" class="1004" name="indvar_flatten_phi_fu_154">
<pin_list>
<pin id="155" dir="0" index="0" bw="8" slack="0"/>
<pin id="156" dir="0" index="1" bw="0" slack="2147483647"/>
<pin id="157" dir="0" index="2" bw="1" slack="1"/>
<pin id="158" dir="0" index="3" bw="0" slack="2147483647"/>
<pin id="159" dir="1" index="4" bw="8" slack="0"/>
</pin_list>
<bind>
<opcode="phi(47) " fcode="phi"/>
<opset="indvar_flatten/2 "/>
</bind>
</comp>

<comp id="161" class="1005" name="p_076_0_reg_161">
<pin_list>
<pin id="162" dir="0" index="0" bw="4" slack="1"/>
<pin id="163" dir="1" index="1" bw="4" slack="1"/>
</pin_list>
<bind>
<opset="p_076_0 (phireg) "/>
</bind>
</comp>

<comp id="165" class="1004" name="p_076_0_phi_fu_165">
<pin_list>
<pin id="166" dir="0" index="0" bw="4" slack="0"/>
<pin id="167" dir="0" index="1" bw="0" slack="2147483647"/>
<pin id="168" dir="0" index="2" bw="1" slack="1"/>
<pin id="169" dir="0" index="3" bw="0" slack="2147483647"/>
<pin id="170" dir="1" index="4" bw="4" slack="0"/>
</pin_list>
<bind>
<opcode="phi(47) " fcode="phi"/>
<opset="p_076_0/2 "/>
</bind>
</comp>

<comp id="172" class="1005" name="p_066_0_reg_172">
<pin_list>
<pin id="173" dir="0" index="0" bw="4" slack="1"/>
<pin id="174" dir="1" index="1" bw="4" slack="1"/>
</pin_list>
<bind>
<opset="p_066_0 (phireg) "/>
</bind>
</comp>

<comp id="176" class="1004" name="p_066_0_phi_fu_176">
<pin_list>
<pin id="177" dir="0" index="0" bw="4" slack="0"/>
<pin id="178" dir="0" index="1" bw="0" slack="2147483647"/>
<pin id="179" dir="0" index="2" bw="1" slack="1"/>
<pin id="180" dir="0" index="3" bw="0" slack="2147483647"/>
<pin id="181" dir="1" index="4" bw="4" slack="0"/>
</pin_list>
<bind>
<opcode="phi(47) " fcode="phi"/>
<opset="p_066_0/2 "/>
</bind>
</comp>

<comp id="183" class="1004" name="icmp_ln407_fu_183">
<pin_list>
<pin id="184" dir="0" index="0" bw="10" slack="0"/>
<pin id="185" dir="0" index="1" bw="10" slack="0"/>
<pin id="186" dir="1" index="2" bw="1" slack="1"/>
</pin_list>
<bind>
<opcode="icmp(45) " fcode="icmp"/>
<opset="icmp_ln407/2 "/>
</bind>
</comp>

<comp id="189" class="1004" name="add_ln407_fu_189">
<pin_list>
<pin id="190" dir="0" index="0" bw="10" slack="0"/>
<pin id="191" dir="0" index="1" bw="1" slack="0"/>
<pin id="192" dir="1" index="2" bw="10" slack="0"/>
</pin_list>
<bind>
<opcode="add(8) " fcode="add"/>
<opset="add_ln407/2 "/>
</bind>
</comp>

<comp id="195" class="1004" name="c5_V_fu_195">
<pin_list>
<pin id="196" dir="0" index="0" bw="1" slack="0"/>
<pin id="197" dir="0" index="1" bw="4" slack="0"/>
<pin id="198" dir="1" index="2" bw="4" slack="0"/>
</pin_list>
<bind>
<opcode="add(8) " fcode="add"/>
<opset="c5_V/2 "/>
</bind>
</comp>

<comp id="201" class="1004" name="icmp_ln409_fu_201">
<pin_list>
<pin id="202" dir="0" index="0" bw="8" slack="0"/>
<pin id="203" dir="0" index="1" bw="8" slack="0"/>
<pin id="204" dir="1" index="2" bw="1" slack="0"/>
</pin_list>
<bind>
<opcode="icmp(45) " fcode="icmp"/>
<opset="icmp_ln409/2 "/>
</bind>
</comp>

<comp id="207" class="1004" name="select_ln1371_fu_207">
<pin_list>
<pin id="208" dir="0" index="0" bw="1" slack="0"/>
<pin id="209" dir="0" index="1" bw="1" slack="0"/>
<pin id="210" dir="0" index="2" bw="4" slack="0"/>
<pin id="211" dir="1" index="3" bw="4" slack="0"/>
</pin_list>
<bind>
<opcode="select(49) " fcode="select"/>
<opset="select_ln1371/2 "/>
</bind>
</comp>

<comp id="215" class="1004" name="select_ln1371_4_fu_215">
<pin_list>
<pin id="216" dir="0" index="0" bw="1" slack="0"/>
<pin id="217" dir="0" index="1" bw="4" slack="0"/>
<pin id="218" dir="0" index="2" bw="4" slack="0"/>
<pin id="219" dir="1" index="3" bw="4" slack="0"/>
</pin_list>
<bind>
<opcode="select(49) " fcode="select"/>
<opset="select_ln1371_4/2 "/>
</bind>
</comp>

<comp id="223" class="1004" name="tmp_9_fu_223">
<pin_list>
<pin id="224" dir="0" index="0" bw="1" slack="0"/>
<pin id="225" dir="0" index="1" bw="4" slack="0"/>
<pin id="226" dir="0" index="2" bw="3" slack="0"/>
<pin id="227" dir="1" index="3" bw="1" slack="0"/>
</pin_list>
<bind>
<opcode="bitselect(1000) " fcode="bitselect"/>
<opset="tmp_9/2 "/>
</bind>
</comp>

<comp id="231" class="1004" name="zext_ln1371_fu_231">
<pin_list>
<pin id="232" dir="0" index="0" bw="1" slack="0"/>
<pin id="233" dir="1" index="1" bw="5" slack="0"/>
</pin_list>
<bind>
<opcode="zext(34) " fcode="zext"/>
<opset="zext_ln1371/2 "/>
</bind>
</comp>

<comp id="235" class="1004" name="trunc_ln1371_fu_235">
<pin_list>
<pin id="236" dir="0" index="0" bw="4" slack="0"/>
<pin id="237" dir="1" index="1" bw="3" slack="1"/>
</pin_list>
<bind>
<opcode="trunc(33) " fcode="trunc"/>
<opset="trunc_ln1371/2 "/>
</bind>
</comp>

<comp id="239" class="1004" name="xor_ln1371_fu_239">
<pin_list>
<pin id="240" dir="0" index="0" bw="1" slack="0"/>
<pin id="241" dir="0" index="1" bw="1" slack="0"/>
<pin id="242" dir="1" index="2" bw="1" slack="0"/>
</pin_list>
<bind>
<opcode="xor(25) " fcode="xor"/>
<opset="xor_ln1371/2 "/>
</bind>
</comp>

<comp id="245" class="1004" name="icmp_ln411_fu_245">
<pin_list>
<pin id="246" dir="0" index="0" bw="4" slack="0"/>
<pin id="247" dir="0" index="1" bw="4" slack="0"/>
<pin id="248" dir="1" index="2" bw="1" slack="0"/>
</pin_list>
<bind>
<opcode="icmp(45) " fcode="icmp"/>
<opset="icmp_ln411/2 "/>
</bind>
</comp>

<comp id="251" class="1004" name="and_ln1371_fu_251">
<pin_list>
<pin id="252" dir="0" index="0" bw="1" slack="0"/>
<pin id="253" dir="0" index="1" bw="1" slack="0"/>
<pin id="254" dir="1" index="2" bw="1" slack="0"/>
</pin_list>
<bind>
<opcode="and(23) " fcode="and"/>
<opset="and_ln1371/2 "/>
</bind>
</comp>

<comp id="257" class="1004" name="c6_V_fu_257">
<pin_list>
<pin id="258" dir="0" index="0" bw="1" slack="0"/>
<pin id="259" dir="0" index="1" bw="4" slack="0"/>
<pin id="260" dir="1" index="2" bw="4" slack="0"/>
</pin_list>
<bind>
<opcode="add(8) " fcode="add"/>
<opset="c6_V/2 "/>
</bind>
</comp>

<comp id="263" class="1004" name="select_ln544_fu_263">
<pin_list>
<pin id="264" dir="0" index="0" bw="1" slack="0"/>
<pin id="265" dir="0" index="1" bw="4" slack="0"/>
<pin id="266" dir="0" index="2" bw="4" slack="0"/>
<pin id="267" dir="1" index="3" bw="4" slack="0"/>
</pin_list>
<bind>
<opcode="select(49) " fcode="select"/>
<opset="select_ln544/2 "/>
</bind>
</comp>

<comp id="271" class="1004" name="zext_ln544_fu_271">
<pin_list>
<pin id="272" dir="0" index="0" bw="4" slack="0"/>
<pin id="273" dir="1" index="1" bw="5" slack="0"/>
</pin_list>
<bind>
<opcode="zext(34) " fcode="zext"/>
<opset="zext_ln544/2 "/>
</bind>
</comp>

<comp id="275" class="1004" name="add_ln321_fu_275">
<pin_list>
<pin id="276" dir="0" index="0" bw="4" slack="0"/>
<pin id="277" dir="0" index="1" bw="1" slack="0"/>
<pin id="278" dir="1" index="2" bw="5" slack="0"/>
</pin_list>
<bind>
<opcode="add(8) " fcode="add"/>
<opset="add_ln321/2 "/>
</bind>
</comp>

<comp id="281" class="1004" name="zext_ln321_fu_281">
<pin_list>
<pin id="282" dir="0" index="0" bw="5" slack="0"/>
<pin id="283" dir="1" index="1" bw="64" slack="0"/>
</pin_list>
<bind>
<opcode="zext(34) " fcode="zext"/>
<opset="zext_ln321/2 "/>
</bind>
</comp>

<comp id="286" class="1004" name="add_ln700_8_fu_286">
<pin_list>
<pin id="287" dir="0" index="0" bw="1" slack="0"/>
<pin id="288" dir="0" index="1" bw="4" slack="0"/>
<pin id="289" dir="1" index="2" bw="4" slack="0"/>
</pin_list>
<bind>
<opcode="add(8) " fcode="add"/>
<opset="add_ln700_8/2 "/>
</bind>
</comp>

<comp id="292" class="1004" name="or_ln700_fu_292">
<pin_list>
<pin id="293" dir="0" index="0" bw="1" slack="0"/>
<pin id="294" dir="0" index="1" bw="1" slack="0"/>
<pin id="295" dir="1" index="2" bw="1" slack="0"/>
</pin_list>
<bind>
<opcode="or(24) " fcode="or"/>
<opset="or_ln700/2 "/>
</bind>
</comp>

<comp id="298" class="1004" name="c7_V_fu_298">
<pin_list>
<pin id="299" dir="0" index="0" bw="1" slack="0"/>
<pin id="300" dir="0" index="1" bw="1" slack="0"/>
<pin id="301" dir="0" index="2" bw="4" slack="0"/>
<pin id="302" dir="1" index="3" bw="4" slack="0"/>
</pin_list>
<bind>
<opcode="select(49) " fcode="select"/>
<opset="c7_V/2 "/>
</bind>
</comp>

<comp id="306" class="1004" name="add_ln409_fu_306">
<pin_list>
<pin id="307" dir="0" index="0" bw="1" slack="0"/>
<pin id="308" dir="0" index="1" bw="8" slack="0"/>
<pin id="309" dir="1" index="2" bw="8" slack="0"/>
</pin_list>
<bind>
<opcode="add(8) " fcode="add"/>
<opset="add_ln409/2 "/>
</bind>
</comp>

<comp id="312" class="1004" name="select_ln409_fu_312">
<pin_list>
<pin id="313" dir="0" index="0" bw="1" slack="0"/>
<pin id="314" dir="0" index="1" bw="1" slack="0"/>
<pin id="315" dir="0" index="2" bw="8" slack="0"/>
<pin id="316" dir="1" index="3" bw="8" slack="0"/>
</pin_list>
<bind>
<opcode="select(49) " fcode="select"/>
<opset="select_ln409/2 "/>
</bind>
</comp>

<comp id="320" class="1004" name="data_split_0_V_fu_320">
<pin_list>
<pin id="321" dir="0" index="0" bw="512" slack="0"/>
<pin id="322" dir="1" index="1" bw="64" slack="0"/>
</pin_list>
<bind>
<opcode="trunc(33) " fcode="trunc"/>
<opset="data_split_0_V/3 "/>
</bind>
</comp>

<comp id="324" class="1004" name="data_split_1_V_fu_324">
<pin_list>
<pin id="325" dir="0" index="0" bw="64" slack="0"/>
<pin id="326" dir="0" index="1" bw="512" slack="0"/>
<pin id="327" dir="0" index="2" bw="8" slack="0"/>
<pin id="328" dir="0" index="3" bw="8" slack="0"/>
<pin id="329" dir="1" index="4" bw="64" slack="0"/>
</pin_list>
<bind>
<opcode="partselect(1002) " fcode="partselect"/>
<opset="data_split_1_V/3 "/>
</bind>
</comp>

<comp id="334" class="1004" name="data_split_2_V_fu_334">
<pin_list>
<pin id="335" dir="0" index="0" bw="64" slack="0"/>
<pin id="336" dir="0" index="1" bw="512" slack="0"/>
<pin id="337" dir="0" index="2" bw="9" slack="0"/>
<pin id="338" dir="0" index="3" bw="9" slack="0"/>
<pin id="339" dir="1" index="4" bw="64" slack="0"/>
</pin_list>
<bind>
<opcode="partselect(1002) " fcode="partselect"/>
<opset="data_split_2_V/3 "/>
</bind>
</comp>

<comp id="344" class="1004" name="data_split_3_V_fu_344">
<pin_list>
<pin id="345" dir="0" index="0" bw="64" slack="0"/>
<pin id="346" dir="0" index="1" bw="512" slack="0"/>
<pin id="347" dir="0" index="2" bw="9" slack="0"/>
<pin id="348" dir="0" index="3" bw="9" slack="0"/>
<pin id="349" dir="1" index="4" bw="64" slack="0"/>
</pin_list>
<bind>
<opcode="partselect(1002) " fcode="partselect"/>
<opset="data_split_3_V/3 "/>
</bind>
</comp>

<comp id="354" class="1004" name="data_split_4_V_fu_354">
<pin_list>
<pin id="355" dir="0" index="0" bw="64" slack="0"/>
<pin id="356" dir="0" index="1" bw="512" slack="0"/>
<pin id="357" dir="0" index="2" bw="10" slack="0"/>
<pin id="358" dir="0" index="3" bw="10" slack="0"/>
<pin id="359" dir="1" index="4" bw="64" slack="0"/>
</pin_list>
<bind>
<opcode="partselect(1002) " fcode="partselect"/>
<opset="data_split_4_V/3 "/>
</bind>
</comp>

<comp id="364" class="1004" name="data_split_5_V_fu_364">
<pin_list>
<pin id="365" dir="0" index="0" bw="64" slack="0"/>
<pin id="366" dir="0" index="1" bw="512" slack="0"/>
<pin id="367" dir="0" index="2" bw="10" slack="0"/>
<pin id="368" dir="0" index="3" bw="10" slack="0"/>
<pin id="369" dir="1" index="4" bw="64" slack="0"/>
</pin_list>
<bind>
<opcode="partselect(1002) " fcode="partselect"/>
<opset="data_split_5_V/3 "/>
</bind>
</comp>

<comp id="374" class="1004" name="data_split_6_V_fu_374">
<pin_list>
<pin id="375" dir="0" index="0" bw="64" slack="0"/>
<pin id="376" dir="0" index="1" bw="512" slack="0"/>
<pin id="377" dir="0" index="2" bw="10" slack="0"/>
<pin id="378" dir="0" index="3" bw="10" slack="0"/>
<pin id="379" dir="1" index="4" bw="64" slack="0"/>
</pin_list>
<bind>
<opcode="partselect(1002) " fcode="partselect"/>
<opset="data_split_6_V/3 "/>
</bind>
</comp>

<comp id="384" class="1004" name="data_split_7_V_fu_384">
<pin_list>
<pin id="385" dir="0" index="0" bw="64" slack="0"/>
<pin id="386" dir="0" index="1" bw="512" slack="0"/>
<pin id="387" dir="0" index="2" bw="10" slack="0"/>
<pin id="388" dir="0" index="3" bw="10" slack="0"/>
<pin id="389" dir="1" index="4" bw="64" slack="0"/>
</pin_list>
<bind>
<opcode="partselect(1002) " fcode="partselect"/>
<opset="data_split_7_V/3 "/>
</bind>
</comp>

<comp id="394" class="1004" name="out_data_V_fu_394">
<pin_list>
<pin id="395" dir="0" index="0" bw="64" slack="0"/>
<pin id="396" dir="0" index="1" bw="64" slack="0"/>
<pin id="397" dir="0" index="2" bw="64" slack="0"/>
<pin id="398" dir="0" index="3" bw="64" slack="0"/>
<pin id="399" dir="0" index="4" bw="64" slack="0"/>
<pin id="400" dir="0" index="5" bw="64" slack="0"/>
<pin id="401" dir="0" index="6" bw="64" slack="0"/>
<pin id="402" dir="0" index="7" bw="64" slack="0"/>
<pin id="403" dir="0" index="8" bw="64" slack="0"/>
<pin id="404" dir="0" index="9" bw="3" slack="1"/>
<pin id="405" dir="1" index="10" bw="64" slack="0"/>
</pin_list>
<bind>
<opcode="mux(1196) " fcode="mux"/>
<opset="out_data_V/3 "/>
</bind>
</comp>

<comp id="416" class="1005" name="intra_trans_en_read_reg_416">
<pin_list>
<pin id="417" dir="0" index="0" bw="1" slack="1"/>
<pin id="418" dir="1" index="1" bw="1" slack="2147483647"/>
</pin_list>
<bind>
<opset="intra_trans_en_read "/>
</bind>
</comp>

<comp id="420" class="1005" name="icmp_ln407_reg_420">
<pin_list>
<pin id="421" dir="0" index="0" bw="1" slack="1"/>
<pin id="422" dir="1" index="1" bw="1" slack="2147483647"/>
</pin_list>
<bind>
<opset="icmp_ln407 "/>
</bind>
</comp>

<comp id="424" class="1005" name="add_ln407_reg_424">
<pin_list>
<pin id="425" dir="0" index="0" bw="10" slack="0"/>
<pin id="426" dir="1" index="1" bw="10" slack="0"/>
</pin_list>
<bind>
<opset="add_ln407 "/>
</bind>
</comp>

<comp id="429" class="1005" name="select_ln1371_4_reg_429">
<pin_list>
<pin id="430" dir="0" index="0" bw="4" slack="0"/>
<pin id="431" dir="1" index="1" bw="4" slack="0"/>
</pin_list>
<bind>
<opset="select_ln1371_4 "/>
</bind>
</comp>

<comp id="434" class="1005" name="trunc_ln1371_reg_434">
<pin_list>
<pin id="435" dir="0" index="0" bw="3" slack="1"/>
<pin id="436" dir="1" index="1" bw="3" slack="1"/>
</pin_list>
<bind>
<opset="trunc_ln1371 "/>
</bind>
</comp>

<comp id="439" class="1005" name="select_ln544_reg_439">
<pin_list>
<pin id="440" dir="0" index="0" bw="4" slack="0"/>
<pin id="441" dir="1" index="1" bw="4" slack="0"/>
</pin_list>
<bind>
<opset="select_ln544 "/>
</bind>
</comp>

<comp id="444" class="1005" name="local_B_V_addr_reg_444">
<pin_list>
<pin id="445" dir="0" index="0" bw="3" slack="1"/>
<pin id="446" dir="1" index="1" bw="3" slack="1"/>
</pin_list>
<bind>
<opset="local_B_V_addr "/>
</bind>
</comp>

<comp id="449" class="1005" name="c7_V_reg_449">
<pin_list>
<pin id="450" dir="0" index="0" bw="4" slack="0"/>
<pin id="451" dir="1" index="1" bw="4" slack="0"/>
</pin_list>
<bind>
<opset="c7_V "/>
</bind>
</comp>

<comp id="454" class="1005" name="select_ln409_reg_454">
<pin_list>
<pin id="455" dir="0" index="0" bw="8" slack="0"/>
<pin id="456" dir="1" index="1" bw="8" slack="0"/>
</pin_list>
<bind>
<opset="select_ln409 "/>
</bind>
</comp>

</comp_list>

<net_list>
<net id="106"><net_src comp="26" pin="0"/><net_sink comp="102" pin=0"/></net>

<net id="107"><net_src comp="4" pin="0"/><net_sink comp="102" pin=1"/></net>

<net id="113"><net_src comp="98" pin="0"/><net_sink comp="108" pin=0"/></net>

<net id="114"><net_src comp="2" pin="0"/><net_sink comp="108" pin=1"/></net>

<net id="120"><net_src comp="0" pin="0"/><net_sink comp="115" pin=0"/></net>

<net id="121"><net_src comp="50" pin="0"/><net_sink comp="115" pin=1"/></net>

<net id="127"><net_src comp="115" pin="3"/><net_sink comp="122" pin=0"/></net>

<net id="131"><net_src comp="28" pin="0"/><net_sink comp="128" pin=0"/></net>

<net id="138"><net_src comp="128" pin="1"/><net_sink comp="132" pin=2"/></net>

<net id="142"><net_src comp="30" pin="0"/><net_sink comp="139" pin=0"/></net>

<net id="149"><net_src comp="139" pin="1"/><net_sink comp="143" pin=2"/></net>

<net id="153"><net_src comp="32" pin="0"/><net_sink comp="150" pin=0"/></net>

<net id="160"><net_src comp="150" pin="1"/><net_sink comp="154" pin=2"/></net>

<net id="164"><net_src comp="30" pin="0"/><net_sink comp="161" pin=0"/></net>

<net id="171"><net_src comp="161" pin="1"/><net_sink comp="165" pin=2"/></net>

<net id="175"><net_src comp="30" pin="0"/><net_sink comp="172" pin=0"/></net>

<net id="182"><net_src comp="172" pin="1"/><net_sink comp="176" pin=2"/></net>

<net id="187"><net_src comp="132" pin="4"/><net_sink comp="183" pin=0"/></net>

<net id="188"><net_src comp="34" pin="0"/><net_sink comp="183" pin=1"/></net>

<net id="193"><net_src comp="132" pin="4"/><net_sink comp="189" pin=0"/></net>

<net id="194"><net_src comp="36" pin="0"/><net_sink comp="189" pin=1"/></net>

<net id="199"><net_src comp="38" pin="0"/><net_sink comp="195" pin=0"/></net>

<net id="200"><net_src comp="143" pin="4"/><net_sink comp="195" pin=1"/></net>

<net id="205"><net_src comp="154" pin="4"/><net_sink comp="201" pin=0"/></net>

<net id="206"><net_src comp="40" pin="0"/><net_sink comp="201" pin=1"/></net>

<net id="212"><net_src comp="201" pin="2"/><net_sink comp="207" pin=0"/></net>

<net id="213"><net_src comp="30" pin="0"/><net_sink comp="207" pin=1"/></net>

<net id="214"><net_src comp="165" pin="4"/><net_sink comp="207" pin=2"/></net>

<net id="220"><net_src comp="201" pin="2"/><net_sink comp="215" pin=0"/></net>

<net id="221"><net_src comp="195" pin="2"/><net_sink comp="215" pin=1"/></net>

<net id="222"><net_src comp="143" pin="4"/><net_sink comp="215" pin=2"/></net>

<net id="228"><net_src comp="42" pin="0"/><net_sink comp="223" pin=0"/></net>

<net id="229"><net_src comp="215" pin="3"/><net_sink comp="223" pin=1"/></net>

<net id="230"><net_src comp="44" pin="0"/><net_sink comp="223" pin=2"/></net>

<net id="234"><net_src comp="223" pin="3"/><net_sink comp="231" pin=0"/></net>

<net id="238"><net_src comp="215" pin="3"/><net_sink comp="235" pin=0"/></net>

<net id="243"><net_src comp="201" pin="2"/><net_sink comp="239" pin=0"/></net>

<net id="244"><net_src comp="46" pin="0"/><net_sink comp="239" pin=1"/></net>

<net id="249"><net_src comp="176" pin="4"/><net_sink comp="245" pin=0"/></net>

<net id="250"><net_src comp="48" pin="0"/><net_sink comp="245" pin=1"/></net>

<net id="255"><net_src comp="245" pin="2"/><net_sink comp="251" pin=0"/></net>

<net id="256"><net_src comp="239" pin="2"/><net_sink comp="251" pin=1"/></net>

<net id="261"><net_src comp="38" pin="0"/><net_sink comp="257" pin=0"/></net>

<net id="262"><net_src comp="207" pin="3"/><net_sink comp="257" pin=1"/></net>

<net id="268"><net_src comp="251" pin="2"/><net_sink comp="263" pin=0"/></net>

<net id="269"><net_src comp="257" pin="2"/><net_sink comp="263" pin=1"/></net>

<net id="270"><net_src comp="207" pin="3"/><net_sink comp="263" pin=2"/></net>

<net id="274"><net_src comp="263" pin="3"/><net_sink comp="271" pin=0"/></net>

<net id="279"><net_src comp="271" pin="1"/><net_sink comp="275" pin=0"/></net>

<net id="280"><net_src comp="231" pin="1"/><net_sink comp="275" pin=1"/></net>

<net id="284"><net_src comp="275" pin="2"/><net_sink comp="281" pin=0"/></net>

<net id="285"><net_src comp="281" pin="1"/><net_sink comp="115" pin=2"/></net>

<net id="290"><net_src comp="38" pin="0"/><net_sink comp="286" pin=0"/></net>

<net id="291"><net_src comp="176" pin="4"/><net_sink comp="286" pin=1"/></net>

<net id="296"><net_src comp="251" pin="2"/><net_sink comp="292" pin=0"/></net>

<net id="297"><net_src comp="201" pin="2"/><net_sink comp="292" pin=1"/></net>

<net id="303"><net_src comp="292" pin="2"/><net_sink comp="298" pin=0"/></net>

<net id="304"><net_src comp="38" pin="0"/><net_sink comp="298" pin=1"/></net>

<net id="305"><net_src comp="286" pin="2"/><net_sink comp="298" pin=2"/></net>

<net id="310"><net_src comp="52" pin="0"/><net_sink comp="306" pin=0"/></net>

<net id="311"><net_src comp="154" pin="4"/><net_sink comp="306" pin=1"/></net>

<net id="317"><net_src comp="201" pin="2"/><net_sink comp="312" pin=0"/></net>

<net id="318"><net_src comp="52" pin="0"/><net_sink comp="312" pin=1"/></net>

<net id="319"><net_src comp="306" pin="2"/><net_sink comp="312" pin=2"/></net>

<net id="323"><net_src comp="122" pin="3"/><net_sink comp="320" pin=0"/></net>

<net id="330"><net_src comp="66" pin="0"/><net_sink comp="324" pin=0"/></net>

<net id="331"><net_src comp="122" pin="3"/><net_sink comp="324" pin=1"/></net>

<net id="332"><net_src comp="68" pin="0"/><net_sink comp="324" pin=2"/></net>

<net id="333"><net_src comp="70" pin="0"/><net_sink comp="324" pin=3"/></net>

<net id="340"><net_src comp="66" pin="0"/><net_sink comp="334" pin=0"/></net>

<net id="341"><net_src comp="122" pin="3"/><net_sink comp="334" pin=1"/></net>

<net id="342"><net_src comp="72" pin="0"/><net_sink comp="334" pin=2"/></net>

<net id="343"><net_src comp="74" pin="0"/><net_sink comp="334" pin=3"/></net>

<net id="350"><net_src comp="66" pin="0"/><net_sink comp="344" pin=0"/></net>

<net id="351"><net_src comp="122" pin="3"/><net_sink comp="344" pin=1"/></net>

<net id="352"><net_src comp="76" pin="0"/><net_sink comp="344" pin=2"/></net>

<net id="353"><net_src comp="78" pin="0"/><net_sink comp="344" pin=3"/></net>

<net id="360"><net_src comp="66" pin="0"/><net_sink comp="354" pin=0"/></net>

<net id="361"><net_src comp="122" pin="3"/><net_sink comp="354" pin=1"/></net>

<net id="362"><net_src comp="80" pin="0"/><net_sink comp="354" pin=2"/></net>

<net id="363"><net_src comp="82" pin="0"/><net_sink comp="354" pin=3"/></net>

<net id="370"><net_src comp="66" pin="0"/><net_sink comp="364" pin=0"/></net>

<net id="371"><net_src comp="122" pin="3"/><net_sink comp="364" pin=1"/></net>

<net id="372"><net_src comp="84" pin="0"/><net_sink comp="364" pin=2"/></net>

<net id="373"><net_src comp="86" pin="0"/><net_sink comp="364" pin=3"/></net>

<net id="380"><net_src comp="66" pin="0"/><net_sink comp="374" pin=0"/></net>

<net id="381"><net_src comp="122" pin="3"/><net_sink comp="374" pin=1"/></net>

<net id="382"><net_src comp="88" pin="0"/><net_sink comp="374" pin=2"/></net>

<net id="383"><net_src comp="90" pin="0"/><net_sink comp="374" pin=3"/></net>

<net id="390"><net_src comp="66" pin="0"/><net_sink comp="384" pin=0"/></net>

<net id="391"><net_src comp="122" pin="3"/><net_sink comp="384" pin=1"/></net>

<net id="392"><net_src comp="92" pin="0"/><net_sink comp="384" pin=2"/></net>

<net id="393"><net_src comp="94" pin="0"/><net_sink comp="384" pin=3"/></net>

<net id="406"><net_src comp="96" pin="0"/><net_sink comp="394" pin=0"/></net>

<net id="407"><net_src comp="320" pin="1"/><net_sink comp="394" pin=1"/></net>

<net id="408"><net_src comp="324" pin="4"/><net_sink comp="394" pin=2"/></net>

<net id="409"><net_src comp="334" pin="4"/><net_sink comp="394" pin=3"/></net>

<net id="410"><net_src comp="344" pin="4"/><net_sink comp="394" pin=4"/></net>

<net id="411"><net_src comp="354" pin="4"/><net_sink comp="394" pin=5"/></net>

<net id="412"><net_src comp="364" pin="4"/><net_sink comp="394" pin=6"/></net>

<net id="413"><net_src comp="374" pin="4"/><net_sink comp="394" pin=7"/></net>

<net id="414"><net_src comp="384" pin="4"/><net_sink comp="394" pin=8"/></net>

<net id="415"><net_src comp="394" pin="10"/><net_sink comp="108" pin=2"/></net>

<net id="419"><net_src comp="102" pin="2"/><net_sink comp="416" pin=0"/></net>

<net id="423"><net_src comp="183" pin="2"/><net_sink comp="420" pin=0"/></net>

<net id="427"><net_src comp="189" pin="2"/><net_sink comp="424" pin=0"/></net>

<net id="428"><net_src comp="424" pin="1"/><net_sink comp="132" pin=0"/></net>

<net id="432"><net_src comp="215" pin="3"/><net_sink comp="429" pin=0"/></net>

<net id="433"><net_src comp="429" pin="1"/><net_sink comp="143" pin=0"/></net>

<net id="437"><net_src comp="235" pin="1"/><net_sink comp="434" pin=0"/></net>

<net id="438"><net_src comp="434" pin="1"/><net_sink comp="394" pin=9"/></net>

<net id="442"><net_src comp="263" pin="3"/><net_sink comp="439" pin=0"/></net>

<net id="443"><net_src comp="439" pin="1"/><net_sink comp="165" pin=0"/></net>

<net id="447"><net_src comp="115" pin="3"/><net_sink comp="444" pin=0"/></net>

<net id="448"><net_src comp="444" pin="1"/><net_sink comp="122" pin=0"/></net>

<net id="452"><net_src comp="298" pin="3"/><net_sink comp="449" pin=0"/></net>

<net id="453"><net_src comp="449" pin="1"/><net_sink comp="176" pin=0"/></net>

<net id="457"><net_src comp="312" pin="3"/><net_sink comp="454" pin=0"/></net>

<net id="458"><net_src comp="454" pin="1"/><net_sink comp="154" pin=0"/></net>

</net_list>

</model> 
---------------- Datapath Model END ------------------

* FSMD analyzer results:
  - Output states:
	Port: fifo_B_local_out_V_V | {3 }
 - Input state : 
	Port: B_IO_L2_in_intra_trans : local_B_V | {2 3 }
	Port: B_IO_L2_in_intra_trans : intra_trans_en | {1 }
  - Chain level:
	State 1
	State 2
		icmp_ln407 : 1
		add_ln407 : 1
		br_ln407 : 2
		c5_V : 1
		icmp_ln409 : 1
		select_ln1371 : 2
		select_ln1371_4 : 2
		tmp_9 : 3
		zext_ln1371 : 4
		trunc_ln1371 : 3
		xor_ln1371 : 2
		icmp_ln411 : 1
		and_ln1371 : 2
		c6_V : 3
		select_ln544 : 2
		zext_ln544 : 3
		add_ln321 : 4
		zext_ln321 : 5
		local_B_V_addr : 6
		in_data_V : 7
		add_ln700_8 : 1
		or_ln700 : 2
		c7_V : 2
		add_ln409 : 1
		select_ln409 : 2
	State 3
		data_split_0_V : 1
		data_split_1_V : 1
		data_split_2_V : 1
		data_split_3_V : 1
		data_split_4_V : 1
		data_split_5_V : 1
		data_split_6_V : 1
		data_split_7_V : 1
		out_data_V : 2
		write_ln425 : 3
		empty_109 : 1
	State 4


============================================================
+ Verbose Summary: Datapath Resource usage 
============================================================

* Functional unit list:
|----------|---------------------------------|---------|---------|
| Operation|         Functional Unit         |    FF   |   LUT   |
|----------|---------------------------------|---------|---------|
|          |         add_ln407_fu_189        |    0    |    10   |
|          |           c5_V_fu_195           |    0    |    6    |
|    add   |           c6_V_fu_257           |    0    |    6    |
|          |         add_ln321_fu_275        |    0    |    6    |
|          |        add_ln700_8_fu_286       |    0    |    6    |
|          |         add_ln409_fu_306        |    0    |    8    |
|----------|---------------------------------|---------|---------|
|          |        icmp_ln407_fu_183        |    0    |    13   |
|   icmp   |        icmp_ln409_fu_201        |    0    |    11   |
|          |        icmp_ln411_fu_245        |    0    |    9    |
|----------|---------------------------------|---------|---------|
|    mux   |        out_data_V_fu_394        |    0    |    33   |
|----------|---------------------------------|---------|---------|
|          |       select_ln1371_fu_207      |    0    |    4    |
|          |      select_ln1371_4_fu_215     |    0    |    4    |
|  select  |       select_ln544_fu_263       |    0    |    4    |
|          |           c7_V_fu_298           |    0    |    4    |
|          |       select_ln409_fu_312       |    0    |    8    |
|----------|---------------------------------|---------|---------|
|    xor   |        xor_ln1371_fu_239        |    0    |    2    |
|----------|---------------------------------|---------|---------|
|    and   |        and_ln1371_fu_251        |    0    |    2    |
|----------|---------------------------------|---------|---------|
|    or    |         or_ln700_fu_292         |    0    |    2    |
|----------|---------------------------------|---------|---------|
|   read   | intra_trans_en_read_read_fu_102 |    0    |    0    |
|----------|---------------------------------|---------|---------|
|   write  |     write_ln425_write_fu_108    |    0    |    0    |
|----------|---------------------------------|---------|---------|
| bitselect|           tmp_9_fu_223          |    0    |    0    |
|----------|---------------------------------|---------|---------|
|          |        zext_ln1371_fu_231       |    0    |    0    |
|   zext   |        zext_ln544_fu_271        |    0    |    0    |
|          |        zext_ln321_fu_281        |    0    |    0    |
|----------|---------------------------------|---------|---------|
|   trunc  |       trunc_ln1371_fu_235       |    0    |    0    |
|          |      data_split_0_V_fu_320      |    0    |    0    |
|----------|---------------------------------|---------|---------|
|          |      data_split_1_V_fu_324      |    0    |    0    |
|          |      data_split_2_V_fu_334      |    0    |    0    |
|          |      data_split_3_V_fu_344      |    0    |    0    |
|partselect|      data_split_4_V_fu_354      |    0    |    0    |
|          |      data_split_5_V_fu_364      |    0    |    0    |
|          |      data_split_6_V_fu_374      |    0    |    0    |
|          |      data_split_7_V_fu_384      |    0    |    0    |
|----------|---------------------------------|---------|---------|
|   Total  |                                 |    0    |   138   |
|----------|---------------------------------|---------|---------|

Memories:
N/A

* Register list:
+---------------------------+--------+
|                           |   FF   |
+---------------------------+--------+
|     add_ln407_reg_424     |   10   |
|        c7_V_reg_449       |    4   |
|     icmp_ln407_reg_420    |    1   |
|  indvar_flatten14_reg_128 |   10   |
|   indvar_flatten_reg_150  |    8   |
|intra_trans_en_read_reg_416|    1   |
|   local_B_V_addr_reg_444  |    3   |
|      p_066_0_reg_172      |    4   |
|      p_076_0_reg_161      |    4   |
|      p_088_0_reg_139      |    4   |
|  select_ln1371_4_reg_429  |    4   |
|    select_ln409_reg_454   |    8   |
|    select_ln544_reg_439   |    4   |
|    trunc_ln1371_reg_434   |    3   |
+---------------------------+--------+
|           Total           |   68   |
+---------------------------+--------+

* Multiplexer (MUX) list: 
|-------------------|------|------|------|--------||---------||---------|
|        Comp       |  Pin | Size |  BW  | S x BW ||  Delay  ||   LUT   |
|-------------------|------|------|------|--------||---------||---------|
| grp_access_fu_122 |  p0  |   2  |   3  |    6   ||    9    |
|-------------------|------|------|------|--------||---------||---------|
|       Total       |      |      |      |    6   ||  0.603  ||    9    |
|-------------------|------|------|------|--------||---------||---------|



* Summary:
+-----------+--------+--------+--------+
|           |  Delay |   FF   |   LUT  |
+-----------+--------+--------+--------+
|  Function |    -   |    0   |   138  |
|   Memory  |    -   |    -   |    -   |
|Multiplexer|    0   |    -   |    9   |
|  Register |    -   |   68   |    -   |
+-----------+--------+--------+--------+
|   Total   |    0   |   68   |   147  |
+-----------+--------+--------+--------+
