

================================================================
== Vivado HLS Report for 'C_drain_IO_L1_out_boundary_wrapper135'
================================================================
* Date:           Sat Sep 14 23:31:20 2024

* Version:        2019.2 (Build 2704478 on Wed Nov 06 22:10:23 MST 2019)
* Project:        hls_prj
* Solution:       solution1
* Product family: virtexuplus
* Target device:  xcu200-fsgd2104-2-e


================================================================
== Performance Estimates
================================================================
+ Timing: 
    * Summary: 
    +--------+---------+----------+------------+
    |  Clock |  Target | Estimated| Uncertainty|
    +--------+---------+----------+------------+
    |ap_clk  | 5.00 ns | 3.272 ns |   0.62 ns  |
    +--------+---------+----------+------------+

+ Latency: 
    * Summary: 
    +---------+---------+----------+----------+------+------+---------+
    |  Latency (cycles) |  Latency (absolute) |   Interval  | Pipeline|
    |   min   |   max   |    min   |    max   |  min |  max |   Type  |
    +---------+---------+----------+----------+------+------+---------+
    |     1361|     1361| 6.805 us | 6.805 us |  1361|  1361|   none  |
    +---------+---------+----------+----------+------+------+---------+

    + Detail: 
        * Instance: 
        N/A

        * Loop: 
        +-------------+---------+---------+----------+-----------+-----------+------+----------+
        |             |  Latency (cycles) | Iteration|  Initiation Interval  | Trip |          |
        |  Loop Name  |   min   |   max   |  Latency |  achieved |   target  | Count| Pipelined|
        +-------------+---------+---------+----------+-----------+-----------+------+----------+
        |- Loop 1     |     1360|     1360|        85|          -|          -|    16|    no    |
        | + Loop 1.1  |       64|       64|         2|          1|          1|    64|    yes   |
        | + Loop 1.2  |       16|       16|         2|          1|          1|    16|    yes   |
        +-------------+---------+---------+----------+-----------+-----------+------+----------+

============================================================
+ Verbose Summary: Synthesis Manager
============================================================
InlineROM: 1
ExposeGlobal: 0
============================================================
+ Verbose Summary: CDFG Model
============================================================
IsTopModel: 0
ResetActiveHigh: 1
IsCombinational: 2
IsDatapathOnly: 0
HasWiredReturn: 1
HasMFsm: 0
HasVarLatency: 1
IsPipeline: 0
IsRtlPipelined: 0
IsInstanceOverlapped: 0
IsDontTouch: 0
HasImplIP: 0
IsGatedGlobalClock: 0

+ Individual pipeline summary: 
  * Pipeline-0: initiation interval (II) = 1, depth = 2
  * Pipeline-1: initiation interval (II) = 1, depth = 2


============================================================
+ Verbose Summary: Schedule
============================================================
* Number of FSM states : 8
* Pipeline : 2
  Pipeline-0 : II = 1, D = 2, States = { 3 4 }
  Pipeline-1 : II = 1, D = 2, States = { 6 7 }
* Dataflow Pipeline: 0

* FSM state transitions: 
1 --> 2 
2 --> 3 
3 --> 5 4 
4 --> 3 
5 --> 6 
6 --> 8 7 
7 --> 6 
8 --> 2 

* FSM state operations: 

State 1 <SV = 0> <Delay = 1.15>
ST_1 : Operation 9 [1/1] (0.00ns)   --->   "call void (...)* @_ssdm_op_SpecInterface(i128* %fifo_C_drain_out_V_V, [8 x i8]* @ap_fifo_str, i32 0, i32 0, [1 x i8]* @p_str, i32 0, i32 0, [1 x i8]* @p_str, [1 x i8]* @p_str, [1 x i8]* @p_str, i32 2, i32 2, i32 16, i32 16, [1 x i8]* @p_str, [1 x i8]* @p_str)"   --->   Operation 9 'specinterface' <Predicate = true> <Delay = 0.00>
ST_1 : Operation 10 [1/1] (0.00ns)   --->   "call void (...)* @_ssdm_op_SpecInterface(float* %fifo_C_drain_local_in_V, [8 x i8]* @ap_fifo_str, i32 0, i32 0, [1 x i8]* @p_str, i32 0, i32 0, [1 x i8]* @p_str, [1 x i8]* @p_str, [1 x i8]* @p_str, i32 2, i32 2, i32 16, i32 16, [1 x i8]* @p_str, [1 x i8]* @p_str)"   --->   Operation 10 'specinterface' <Predicate = true> <Delay = 0.00>
ST_1 : Operation 11 [1/1] (0.00ns)   --->   "call void (...)* @_ssdm_op_SpecMemCore(i128* %fifo_C_drain_out_V_V, [1 x i8]* @p_str, [9 x i8]* @p_str40, [1 x i8]* @p_str, i32 -1, [1 x i8]* @p_str, [1 x i8]* @p_str, [1 x i8]* @p_str, [1 x i8]* @p_str, [1 x i8]* @p_str)"   --->   Operation 11 'specmemcore' <Predicate = true> <Delay = 0.00>
ST_1 : Operation 12 [1/1] (0.00ns)   --->   "call void (...)* @_ssdm_op_SpecMemCore(float* %fifo_C_drain_local_in_V, [1 x i8]* @p_str, [9 x i8]* @p_str40, [1 x i8]* @p_str, i32 -1, [1 x i8]* @p_str, [1 x i8]* @p_str, [1 x i8]* @p_str, [1 x i8]* @p_str, [1 x i8]* @p_str)"   --->   Operation 12 'specmemcore' <Predicate = true> <Delay = 0.00>
ST_1 : Operation 13 [1/1] (1.15ns)   --->   "%local_C_V = alloca [16 x i128], align 8" [src/kernel_kernel.cpp:996->src/kernel_kernel.cpp:1028]   --->   Operation 13 'alloca' 'local_C_V' <Predicate = true> <Delay = 1.15> <Core = "RAM_2P_BRAM">   --->   Core 42 'RAM_2P_BRAM' <Latency = 1> <II = 1> <Delay = 1.15> <Storage> <Opcode : 'load' 'store'> <Ports = 2> <Width = 128> <Depth = 16> <RAM>
ST_1 : Operation 14 [1/1] (0.00ns)   --->   "call void (...)* @_ssdm_op_SpecMemCore([16 x i128]* %local_C_V, [1 x i8]* @p_str, [12 x i8]* @p_str9, [1 x i8]* @p_str, i32 -1, [1 x i8]* @p_str, [1 x i8]* @p_str, [1 x i8]* @p_str, [1 x i8]* @p_str, [1 x i8]* @p_str)" [src/kernel_kernel.cpp:997->src/kernel_kernel.cpp:1028]   --->   Operation 14 'specmemcore' <Predicate = true> <Delay = 0.00>
ST_1 : Operation 15 [1/1] (0.60ns)   --->   "br label %.preheader.i" [src/kernel_kernel.cpp:1000->src/kernel_kernel.cpp:1028]   --->   Operation 15 'br' <Predicate = true> <Delay = 0.60>

State 2 <SV = 1> <Delay = 0.75>
ST_2 : Operation 16 [1/1] (0.00ns)   --->   "%indvar_flatten13 = phi i5 [ 0, %0 ], [ %add_ln1000, %.preheader.i.loopexit ]" [src/kernel_kernel.cpp:1000->src/kernel_kernel.cpp:1028]   --->   Operation 16 'phi' 'indvar_flatten13' <Predicate = true> <Delay = 0.00>
ST_2 : Operation 17 [1/1] (0.63ns)   --->   "%icmp_ln1000 = icmp eq i5 %indvar_flatten13, -16" [src/kernel_kernel.cpp:1000->src/kernel_kernel.cpp:1028]   --->   Operation 17 'icmp' 'icmp_ln1000' <Predicate = true> <Delay = 0.63> <Core = "Cmp">   --->   Core 25 'Cmp' <Latency = 0> <II = 1> <Delay = 0.34> <FuncUnit> <Opcode : 'icmp'> <InPorts = 2> <OutPorts = 1>
ST_2 : Operation 18 [1/1] (0.34ns)   --->   "%add_ln1000 = add i5 %indvar_flatten13, 1" [src/kernel_kernel.cpp:1000->src/kernel_kernel.cpp:1028]   --->   Operation 18 'add' 'add_ln1000' <Predicate = true> <Delay = 0.34> <Core = "AddSub">   --->   Core 14 'AddSub' <Latency = 0> <II = 1> <Delay = 0.23> <FuncUnit> <Opcode : 'add' 'sub'> <InPorts = 2> <OutPorts = 1>
ST_2 : Operation 19 [1/1] (0.00ns)   --->   "br i1 %icmp_ln1000, label %C_drain_IO_L1_out_boundary.exit, label %.preheader.i.preheader" [src/kernel_kernel.cpp:1000->src/kernel_kernel.cpp:1028]   --->   Operation 19 'br' <Predicate = true> <Delay = 0.00>
ST_2 : Operation 20 [1/1] (0.00ns)   --->   "%empty_93 = call i32 (...)* @_ssdm_op_SpecLoopTripCount(i64 16, i64 16, i64 16)"   --->   Operation 20 'speclooptripcount' 'empty_93' <Predicate = (!icmp_ln1000)> <Delay = 0.00>
ST_2 : Operation 21 [1/1] (0.60ns)   --->   "br label %.preheader.i.i" [src/kernel_kernel.cpp:849->src/kernel_kernel.cpp:1009->src/kernel_kernel.cpp:1028]   --->   Operation 21 'br' <Predicate = (!icmp_ln1000)> <Delay = 0.60>
ST_2 : Operation 22 [1/1] (0.00ns)   --->   "ret void" [src/kernel_kernel.cpp:1033]   --->   Operation 22 'ret' <Predicate = (icmp_ln1000)> <Delay = 0.00>

State 3 <SV = 2> <Delay = 2.16>
ST_3 : Operation 23 [1/1] (0.00ns)   --->   "%indvar_flatten = phi i7 [ 0, %.preheader.i.preheader ], [ %add_ln849, %hls_label_20_end ]" [src/kernel_kernel.cpp:849->src/kernel_kernel.cpp:1009->src/kernel_kernel.cpp:1028]   --->   Operation 23 'phi' 'indvar_flatten' <Predicate = true> <Delay = 0.00>
ST_3 : Operation 24 [1/1] (0.00ns)   --->   "%p_062_0_i_i = phi i4 [ 0, %.preheader.i.preheader ], [ %select_ln1371_1, %hls_label_20_end ]" [src/kernel_kernel.cpp:859->src/kernel_kernel.cpp:1009->src/kernel_kernel.cpp:1028]   --->   Operation 24 'phi' 'p_062_0_i_i' <Predicate = true> <Delay = 0.00>
ST_3 : Operation 25 [1/1] (0.00ns)   --->   "%p_076_0_i_i = phi i4 [ 0, %.preheader.i.preheader ], [ %c7_V, %hls_label_20_end ]"   --->   Operation 25 'phi' 'p_076_0_i_i' <Predicate = true> <Delay = 0.00>
ST_3 : Operation 26 [1/1] (0.59ns)   --->   "%icmp_ln849 = icmp eq i7 %indvar_flatten, -64" [src/kernel_kernel.cpp:849->src/kernel_kernel.cpp:1009->src/kernel_kernel.cpp:1028]   --->   Operation 26 'icmp' 'icmp_ln849' <Predicate = true> <Delay = 0.59> <Core = "Cmp">   --->   Core 25 'Cmp' <Latency = 0> <II = 1> <Delay = 0.34> <FuncUnit> <Opcode : 'icmp'> <InPorts = 2> <OutPorts = 1>
ST_3 : Operation 27 [1/1] (0.40ns)   --->   "%add_ln849 = add i7 %indvar_flatten, 1" [src/kernel_kernel.cpp:849->src/kernel_kernel.cpp:1009->src/kernel_kernel.cpp:1028]   --->   Operation 27 'add' 'add_ln849' <Predicate = true> <Delay = 0.40> <Core = "AddSub">   --->   Core 14 'AddSub' <Latency = 0> <II = 1> <Delay = 0.23> <FuncUnit> <Opcode : 'add' 'sub'> <InPorts = 2> <OutPorts = 1>
ST_3 : Operation 28 [1/1] (0.00ns)   --->   "br i1 %icmp_ln849, label %.preheader.i4.i.0.preheader, label %hls_label_20_begin" [src/kernel_kernel.cpp:849->src/kernel_kernel.cpp:1009->src/kernel_kernel.cpp:1028]   --->   Operation 28 'br' <Predicate = true> <Delay = 0.00>
ST_3 : Operation 29 [1/1] (0.33ns)   --->   "%c6_V = add i4 1, %p_062_0_i_i" [src/kernel_kernel.cpp:849->src/kernel_kernel.cpp:1009->src/kernel_kernel.cpp:1028]   --->   Operation 29 'add' 'c6_V' <Predicate = (!icmp_ln849)> <Delay = 0.33> <Core = "AddSub">   --->   Core 14 'AddSub' <Latency = 0> <II = 1> <Delay = 0.23> <FuncUnit> <Opcode : 'add' 'sub'> <InPorts = 2> <OutPorts = 1>
ST_3 : Operation 30 [1/1] (0.65ns)   --->   "%icmp_ln851 = icmp eq i4 %p_076_0_i_i, -8" [src/kernel_kernel.cpp:851->src/kernel_kernel.cpp:1009->src/kernel_kernel.cpp:1028]   --->   Operation 30 'icmp' 'icmp_ln851' <Predicate = (!icmp_ln849)> <Delay = 0.65> <Core = "Cmp">   --->   Core 25 'Cmp' <Latency = 0> <II = 1> <Delay = 0.34> <FuncUnit> <Opcode : 'icmp'> <InPorts = 2> <OutPorts = 1>
ST_3 : Operation 31 [1/1] (0.35ns)   --->   "%select_ln1371 = select i1 %icmp_ln851, i4 0, i4 %p_076_0_i_i" [src/kernel_kernel.cpp:859->src/kernel_kernel.cpp:1009->src/kernel_kernel.cpp:1028]   --->   Operation 31 'select' 'select_ln1371' <Predicate = (!icmp_ln849)> <Delay = 0.35> <Core = "Sel">   --->   Core 26 'Sel' <Latency = 0> <II = 1> <Delay = 0.35> <FuncUnit> <Opcode : 'select'> <InPorts = 3> <OutPorts = 1>
ST_3 : Operation 32 [1/1] (0.35ns)   --->   "%select_ln1371_1 = select i1 %icmp_ln851, i4 %c6_V, i4 %p_062_0_i_i" [src/kernel_kernel.cpp:859->src/kernel_kernel.cpp:1009->src/kernel_kernel.cpp:1028]   --->   Operation 32 'select' 'select_ln1371_1' <Predicate = (!icmp_ln849)> <Delay = 0.35> <Core = "Sel">   --->   Core 26 'Sel' <Latency = 0> <II = 1> <Delay = 0.35> <FuncUnit> <Opcode : 'select'> <InPorts = 3> <OutPorts = 1>
ST_3 : Operation 33 [1/1] (0.00ns)   --->   "%tmp = call i1 @_ssdm_op_BitSelect.i1.i4.i32(i4 %select_ln1371_1, i32 2)" [src/kernel_kernel.cpp:859->src/kernel_kernel.cpp:1009->src/kernel_kernel.cpp:1028]   --->   Operation 33 'bitselect' 'tmp' <Predicate = (!icmp_ln849)> <Delay = 0.00>
ST_3 : Operation 34 [1/1] (0.00ns)   --->   "%trunc_ln1371 = trunc i4 %select_ln1371_1 to i2" [src/kernel_kernel.cpp:859->src/kernel_kernel.cpp:1009->src/kernel_kernel.cpp:1028]   --->   Operation 34 'trunc' 'trunc_ln1371' <Predicate = (!icmp_ln849)> <Delay = 0.00>
ST_3 : Operation 35 [1/1] (0.00ns)   --->   "%tmp_7 = call i5 @_ssdm_op_BitConcatenate.i5.i4.i1(i4 %select_ln1371, i1 %tmp)" [src/kernel_kernel.cpp:859->src/kernel_kernel.cpp:1009->src/kernel_kernel.cpp:1028]   --->   Operation 35 'bitconcatenate' 'tmp_7' <Predicate = (!icmp_ln849)> <Delay = 0.00>
ST_3 : Operation 36 [1/1] (0.00ns)   --->   "%zext_ln321 = zext i5 %tmp_7 to i64" [src/kernel_kernel.cpp:859->src/kernel_kernel.cpp:1009->src/kernel_kernel.cpp:1028]   --->   Operation 36 'zext' 'zext_ln321' <Predicate = (!icmp_ln849)> <Delay = 0.00>
ST_3 : Operation 37 [1/1] (0.00ns)   --->   "%local_C_V_addr = getelementptr [16 x i128]* %local_C_V, i64 0, i64 %zext_ln321" [src/kernel_kernel.cpp:859->src/kernel_kernel.cpp:1009->src/kernel_kernel.cpp:1028]   --->   Operation 37 'getelementptr' 'local_C_V_addr' <Predicate = (!icmp_ln849)> <Delay = 0.00>
ST_3 : Operation 38 [2/2] (1.15ns)   --->   "%out_data_V = load i128* %local_C_V_addr, align 16" [src/kernel_kernel.cpp:859->src/kernel_kernel.cpp:1009->src/kernel_kernel.cpp:1028]   --->   Operation 38 'load' 'out_data_V' <Predicate = (!icmp_ln849)> <Delay = 1.15> <Core = "RAM_2P_BRAM">   --->   Core 42 'RAM_2P_BRAM' <Latency = 1> <II = 1> <Delay = 1.15> <Storage> <Opcode : 'load' 'store'> <Ports = 2> <Width = 128> <Depth = 16> <RAM>
ST_3 : Operation 39 [1/1] (0.33ns)   --->   "%c7_V = add i4 %select_ln1371, 1" [src/kernel_kernel.cpp:851->src/kernel_kernel.cpp:1009->src/kernel_kernel.cpp:1028]   --->   Operation 39 'add' 'c7_V' <Predicate = (!icmp_ln849)> <Delay = 0.33> <Core = "AddSub">   --->   Core 14 'AddSub' <Latency = 0> <II = 1> <Delay = 0.23> <FuncUnit> <Opcode : 'add' 'sub'> <InPorts = 2> <OutPorts = 1>

State 4 <SV = 3> <Delay = 3.27>
ST_4 : Operation 40 [1/1] (0.00ns)   --->   "%empty_90 = call i32 (...)* @_ssdm_op_SpecLoopTripCount(i64 64, i64 64, i64 64)"   --->   Operation 40 'speclooptripcount' 'empty_90' <Predicate = (!icmp_ln849)> <Delay = 0.00>
ST_4 : Operation 41 [1/1] (0.00ns)   --->   "%tmp_5 = call i32 (...)* @_ssdm_op_SpecRegionBegin([13 x i8]* @p_str23)" [src/kernel_kernel.cpp:851->src/kernel_kernel.cpp:1009->src/kernel_kernel.cpp:1028]   --->   Operation 41 'specregionbegin' 'tmp_5' <Predicate = (!icmp_ln849)> <Delay = 0.00>
ST_4 : Operation 42 [1/1] (0.00ns)   --->   "call void (...)* @_ssdm_op_SpecPipeline(i32 1, i32 1, i32 1, i32 0, [1 x i8]* @p_str) nounwind" [src/kernel_kernel.cpp:852->src/kernel_kernel.cpp:1009->src/kernel_kernel.cpp:1028]   --->   Operation 42 'specpipeline' <Predicate = (!icmp_ln849)> <Delay = 0.00>
ST_4 : Operation 43 [1/1] (1.45ns)   --->   "%tmp_4 = call float @_ssdm_op_Read.ap_fifo.volatile.floatP(float* %fifo_C_drain_local_in_V)" [src/kernel_kernel.cpp:857->src/kernel_kernel.cpp:1009->src/kernel_kernel.cpp:1028]   --->   Operation 43 'read' 'tmp_4' <Predicate = (!icmp_ln849)> <Delay = 1.45> <Core = "FIFO_SRL">   --->   Core 36 'FIFO_SRL' <Latency = 0> <II = 1> <Delay = 1.45> <Storage> <Opcode : 'read' 'write' 'nbread' 'nbwrite'> <Ports = 0> <Width = 128> <Depth = 0> <FIFO>
ST_4 : Operation 44 [1/2] (1.15ns)   --->   "%out_data_V = load i128* %local_C_V_addr, align 16" [src/kernel_kernel.cpp:859->src/kernel_kernel.cpp:1009->src/kernel_kernel.cpp:1028]   --->   Operation 44 'load' 'out_data_V' <Predicate = (!icmp_ln849)> <Delay = 1.15> <Core = "RAM_2P_BRAM">   --->   Core 42 'RAM_2P_BRAM' <Latency = 1> <II = 1> <Delay = 1.15> <Storage> <Opcode : 'load' 'store'> <Ports = 2> <Width = 128> <Depth = 16> <RAM>
ST_4 : Operation 45 [1/1] (0.00ns)   --->   "%data_split_0_V = trunc i128 %out_data_V to i32" [src/kernel_kernel.cpp:862->src/kernel_kernel.cpp:1009->src/kernel_kernel.cpp:1028]   --->   Operation 45 'trunc' 'data_split_0_V' <Predicate = (!icmp_ln849)> <Delay = 0.00>
ST_4 : Operation 46 [1/1] (0.00ns)   --->   "%data_split_1_V = call i32 @_ssdm_op_PartSelect.i32.i128.i32.i32(i128 %out_data_V, i32 32, i32 63)" [src/kernel_kernel.cpp:862->src/kernel_kernel.cpp:1009->src/kernel_kernel.cpp:1028]   --->   Operation 46 'partselect' 'data_split_1_V' <Predicate = (!icmp_ln849)> <Delay = 0.00>
ST_4 : Operation 47 [1/1] (0.00ns)   --->   "%data_split_2_V = call i32 @_ssdm_op_PartSelect.i32.i128.i32.i32(i128 %out_data_V, i32 64, i32 95)" [src/kernel_kernel.cpp:862->src/kernel_kernel.cpp:1009->src/kernel_kernel.cpp:1028]   --->   Operation 47 'partselect' 'data_split_2_V' <Predicate = (!icmp_ln849)> <Delay = 0.00>
ST_4 : Operation 48 [1/1] (0.00ns)   --->   "%data_split_3_V = call i32 @_ssdm_op_PartSelect.i32.i128.i32.i32(i128 %out_data_V, i32 96, i32 127)" [src/kernel_kernel.cpp:862->src/kernel_kernel.cpp:1009->src/kernel_kernel.cpp:1028]   --->   Operation 48 'partselect' 'data_split_3_V' <Predicate = (!icmp_ln849)> <Delay = 0.00>
ST_4 : Operation 49 [1/1] (0.00ns)   --->   "%data_split_0_V_2 = bitcast float %tmp_4 to i32" [src/kernel_kernel.cpp:866->src/kernel_kernel.cpp:1009->src/kernel_kernel.cpp:1028]   --->   Operation 49 'bitcast' 'data_split_0_V_2' <Predicate = (!icmp_ln849)> <Delay = 0.00>
ST_4 : Operation 50 [1/1] (0.65ns)   --->   "switch i2 %trunc_ln1371, label %branch3 [
    i2 0, label %hls_label_20_end
    i2 1, label %branch1
    i2 -2, label %branch2
  ]" [src/kernel_kernel.cpp:867->src/kernel_kernel.cpp:1009->src/kernel_kernel.cpp:1028]   --->   Operation 50 'switch' <Predicate = (!icmp_ln849)> <Delay = 0.65>
ST_4 : Operation 51 [1/1] (0.60ns)   --->   "br label %hls_label_20_end" [src/kernel_kernel.cpp:867->src/kernel_kernel.cpp:1009->src/kernel_kernel.cpp:1028]   --->   Operation 51 'br' <Predicate = (!icmp_ln849 & trunc_ln1371 == 2)> <Delay = 0.60>
ST_4 : Operation 52 [1/1] (0.60ns)   --->   "br label %hls_label_20_end" [src/kernel_kernel.cpp:867->src/kernel_kernel.cpp:1009->src/kernel_kernel.cpp:1028]   --->   Operation 52 'br' <Predicate = (!icmp_ln849 & trunc_ln1371 == 1)> <Delay = 0.60>
ST_4 : Operation 53 [1/1] (0.60ns)   --->   "br label %hls_label_20_end" [src/kernel_kernel.cpp:867->src/kernel_kernel.cpp:1009->src/kernel_kernel.cpp:1028]   --->   Operation 53 'br' <Predicate = (!icmp_ln849 & trunc_ln1371 == 3)> <Delay = 0.60>
ST_4 : Operation 54 [1/1] (0.00ns)   --->   "%v1_V = phi i32 [ %data_split_0_V_2, %branch3 ], [ %data_split_3_V, %branch2 ], [ %data_split_3_V, %branch1 ], [ %data_split_3_V, %hls_label_20_begin ]"   --->   Operation 54 'phi' 'v1_V' <Predicate = (!icmp_ln849)> <Delay = 0.00>
ST_4 : Operation 55 [1/1] (0.00ns)   --->   "%v2_V_6 = phi i32 [ %data_split_2_V, %branch3 ], [ %data_split_0_V_2, %branch2 ], [ %data_split_2_V, %branch1 ], [ %data_split_2_V, %hls_label_20_begin ]"   --->   Operation 55 'phi' 'v2_V_6' <Predicate = (!icmp_ln849)> <Delay = 0.00>
ST_4 : Operation 56 [1/1] (0.00ns)   --->   "%v2_V_5 = phi i32 [ %data_split_1_V, %branch3 ], [ %data_split_1_V, %branch2 ], [ %data_split_0_V_2, %branch1 ], [ %data_split_1_V, %hls_label_20_begin ]"   --->   Operation 56 'phi' 'v2_V_5' <Predicate = (!icmp_ln849)> <Delay = 0.00>
ST_4 : Operation 57 [1/1] (0.00ns)   --->   "%v2_V = phi i32 [ %data_split_0_V, %branch3 ], [ %data_split_0_V, %branch2 ], [ %data_split_0_V, %branch1 ], [ %data_split_0_V_2, %hls_label_20_begin ]"   --->   Operation 57 'phi' 'v2_V' <Predicate = (!icmp_ln849)> <Delay = 0.00>
ST_4 : Operation 58 [1/1] (0.00ns)   --->   "%p_Result_s = call i128 @_ssdm_op_BitConcatenate.i128.i32.i32.i32.i32(i32 %v1_V, i32 %v2_V_6, i32 %v2_V_5, i32 %v2_V)" [src/kernel_kernel.cpp:868->src/kernel_kernel.cpp:1009->src/kernel_kernel.cpp:1028]   --->   Operation 58 'bitconcatenate' 'p_Result_s' <Predicate = (!icmp_ln849)> <Delay = 0.00>
ST_4 : Operation 59 [1/1] (1.15ns)   --->   "store i128 %p_Result_s, i128* %local_C_V_addr, align 16" [src/kernel_kernel.cpp:868->src/kernel_kernel.cpp:1009->src/kernel_kernel.cpp:1028]   --->   Operation 59 'store' <Predicate = (!icmp_ln849)> <Delay = 1.15> <Core = "RAM_2P_BRAM">   --->   Core 42 'RAM_2P_BRAM' <Latency = 1> <II = 1> <Delay = 1.15> <Storage> <Opcode : 'load' 'store'> <Ports = 2> <Width = 128> <Depth = 16> <RAM>
ST_4 : Operation 60 [1/1] (0.00ns)   --->   "%empty = call i32 (...)* @_ssdm_op_SpecRegionEnd([13 x i8]* @p_str23, i32 %tmp_5)" [src/kernel_kernel.cpp:870->src/kernel_kernel.cpp:1009->src/kernel_kernel.cpp:1028]   --->   Operation 60 'specregionend' 'empty' <Predicate = (!icmp_ln849)> <Delay = 0.00>
ST_4 : Operation 61 [1/1] (0.00ns)   --->   "br label %.preheader.i.i" [src/kernel_kernel.cpp:851->src/kernel_kernel.cpp:1009->src/kernel_kernel.cpp:1028]   --->   Operation 61 'br' <Predicate = (!icmp_ln849)> <Delay = 0.00>

State 5 <SV = 3> <Delay = 0.60>
ST_5 : Operation 62 [1/1] (0.60ns)   --->   "br label %.preheader.i4.i.0" [src/kernel_kernel.cpp:927->src/kernel_kernel.cpp:1017->src/kernel_kernel.cpp:1028]   --->   Operation 62 'br' <Predicate = true> <Delay = 0.60>

State 6 <SV = 4> <Delay = 2.19>
ST_6 : Operation 63 [1/1] (0.00ns)   --->   "%indvar_flatten6 = phi i5 [ %add_ln927, %hls_label_24 ], [ 0, %.preheader.i4.i.0.preheader ]" [src/kernel_kernel.cpp:927->src/kernel_kernel.cpp:1017->src/kernel_kernel.cpp:1028]   --->   Operation 63 'phi' 'indvar_flatten6' <Predicate = true> <Delay = 0.00>
ST_6 : Operation 64 [1/1] (0.00ns)   --->   "%p_064_0_i_i_0 = phi i4 [ %select_ln544_2, %hls_label_24 ], [ 0, %.preheader.i4.i.0.preheader ]" [src/kernel_kernel.cpp:934->src/kernel_kernel.cpp:1017->src/kernel_kernel.cpp:1028]   --->   Operation 64 'phi' 'p_064_0_i_i_0' <Predicate = true> <Delay = 0.00>
ST_6 : Operation 65 [1/1] (0.00ns)   --->   "%p_054_0_i_i_0 = phi i2 [ %add_ln700_3, %hls_label_24 ], [ 0, %.preheader.i4.i.0.preheader ]" [src/kernel_kernel.cpp:929->src/kernel_kernel.cpp:1017->src/kernel_kernel.cpp:1028]   --->   Operation 65 'phi' 'p_054_0_i_i_0' <Predicate = true> <Delay = 0.00>
ST_6 : Operation 66 [1/1] (0.63ns)   --->   "%icmp_ln927 = icmp eq i5 %indvar_flatten6, -16" [src/kernel_kernel.cpp:927->src/kernel_kernel.cpp:1017->src/kernel_kernel.cpp:1028]   --->   Operation 66 'icmp' 'icmp_ln927' <Predicate = true> <Delay = 0.63> <Core = "Cmp">   --->   Core 25 'Cmp' <Latency = 0> <II = 1> <Delay = 0.34> <FuncUnit> <Opcode : 'icmp'> <InPorts = 2> <OutPorts = 1>
ST_6 : Operation 67 [1/1] (0.34ns)   --->   "%add_ln927 = add i5 %indvar_flatten6, 1" [src/kernel_kernel.cpp:927->src/kernel_kernel.cpp:1017->src/kernel_kernel.cpp:1028]   --->   Operation 67 'add' 'add_ln927' <Predicate = true> <Delay = 0.34> <Core = "AddSub">   --->   Core 14 'AddSub' <Latency = 0> <II = 1> <Delay = 0.23> <FuncUnit> <Opcode : 'add' 'sub'> <InPorts = 2> <OutPorts = 1>
ST_6 : Operation 68 [1/1] (0.00ns)   --->   "br i1 %icmp_ln927, label %.preheader.i.loopexit, label %hls_label_24" [src/kernel_kernel.cpp:927->src/kernel_kernel.cpp:1017->src/kernel_kernel.cpp:1028]   --->   Operation 68 'br' <Predicate = true> <Delay = 0.00>
ST_6 : Operation 69 [1/1] (0.33ns)   --->   "%add_ln700 = add i4 %p_064_0_i_i_0, 1" [src/kernel_kernel.cpp:927->src/kernel_kernel.cpp:1017->src/kernel_kernel.cpp:1028]   --->   Operation 69 'add' 'add_ln700' <Predicate = (!icmp_ln927)> <Delay = 0.33> <Core = "AddSub">   --->   Core 14 'AddSub' <Latency = 0> <II = 1> <Delay = 0.23> <FuncUnit> <Opcode : 'add' 'sub'> <InPorts = 2> <OutPorts = 1>
ST_6 : Operation 70 [1/1] (0.34ns)   --->   "%icmp_ln929 = icmp eq i2 %p_054_0_i_i_0, -2" [src/kernel_kernel.cpp:929->src/kernel_kernel.cpp:1017->src/kernel_kernel.cpp:1028]   --->   Operation 70 'icmp' 'icmp_ln929' <Predicate = (!icmp_ln927)> <Delay = 0.34> <Core = "Cmp">   --->   Core 25 'Cmp' <Latency = 0> <II = 1> <Delay = 0.34> <FuncUnit> <Opcode : 'icmp'> <InPorts = 2> <OutPorts = 1>
ST_6 : Operation 71 [1/1] (0.27ns)   --->   "%select_ln544 = select i1 %icmp_ln929, i2 0, i2 %p_054_0_i_i_0" [src/kernel_kernel.cpp:934->src/kernel_kernel.cpp:1017->src/kernel_kernel.cpp:1028]   --->   Operation 71 'select' 'select_ln544' <Predicate = (!icmp_ln927)> <Delay = 0.27> <Core = "Sel">   --->   Core 26 'Sel' <Latency = 0> <II = 1> <Delay = 0.35> <FuncUnit> <Opcode : 'select'> <InPorts = 3> <OutPorts = 1>
ST_6 : Operation 72 [1/1] (0.35ns)   --->   "%select_ln544_2 = select i1 %icmp_ln929, i4 %add_ln700, i4 %p_064_0_i_i_0" [src/kernel_kernel.cpp:934->src/kernel_kernel.cpp:1017->src/kernel_kernel.cpp:1028]   --->   Operation 72 'select' 'select_ln544_2' <Predicate = (!icmp_ln927)> <Delay = 0.35> <Core = "Sel">   --->   Core 26 'Sel' <Latency = 0> <II = 1> <Delay = 0.35> <FuncUnit> <Opcode : 'select'> <InPorts = 3> <OutPorts = 1>
ST_6 : Operation 73 [1/1] (0.00ns)   --->   "%tmp_8 = call i5 @_ssdm_op_BitConcatenate.i5.i4.i1(i4 %select_ln544_2, i1 false)" [src/kernel_kernel.cpp:934->src/kernel_kernel.cpp:1017->src/kernel_kernel.cpp:1028]   --->   Operation 73 'bitconcatenate' 'tmp_8' <Predicate = (!icmp_ln927)> <Delay = 0.00>
ST_6 : Operation 74 [1/1] (0.00ns)   --->   "%zext_ln929 = zext i5 %tmp_8 to i6" [src/kernel_kernel.cpp:929->src/kernel_kernel.cpp:1017->src/kernel_kernel.cpp:1028]   --->   Operation 74 'zext' 'zext_ln929' <Predicate = (!icmp_ln927)> <Delay = 0.00>
ST_6 : Operation 75 [1/1] (0.00ns)   --->   "%zext_ln321_1 = zext i2 %select_ln544 to i6" [src/kernel_kernel.cpp:934->src/kernel_kernel.cpp:1017->src/kernel_kernel.cpp:1028]   --->   Operation 75 'zext' 'zext_ln321_1' <Predicate = (!icmp_ln927)> <Delay = 0.00>
ST_6 : Operation 76 [1/1] (0.34ns)   --->   "%add_ln321 = add i6 %zext_ln321_1, %zext_ln929" [src/kernel_kernel.cpp:934->src/kernel_kernel.cpp:1017->src/kernel_kernel.cpp:1028]   --->   Operation 76 'add' 'add_ln321' <Predicate = (!icmp_ln927)> <Delay = 0.34> <Core = "AddSub">   --->   Core 14 'AddSub' <Latency = 0> <II = 1> <Delay = 0.23> <FuncUnit> <Opcode : 'add' 'sub'> <InPorts = 2> <OutPorts = 1>
ST_6 : Operation 77 [1/1] (0.00ns)   --->   "%zext_ln321_2 = zext i6 %add_ln321 to i64" [src/kernel_kernel.cpp:934->src/kernel_kernel.cpp:1017->src/kernel_kernel.cpp:1028]   --->   Operation 77 'zext' 'zext_ln321_2' <Predicate = (!icmp_ln927)> <Delay = 0.00>
ST_6 : Operation 78 [1/1] (0.00ns)   --->   "%local_C_V_addr_1 = getelementptr [16 x i128]* %local_C_V, i64 0, i64 %zext_ln321_2" [src/kernel_kernel.cpp:934->src/kernel_kernel.cpp:1017->src/kernel_kernel.cpp:1028]   --->   Operation 78 'getelementptr' 'local_C_V_addr_1' <Predicate = (!icmp_ln927)> <Delay = 0.00>
ST_6 : Operation 79 [2/2] (1.15ns)   --->   "%tmp_V = load i128* %local_C_V_addr_1, align 16" [src/kernel_kernel.cpp:934->src/kernel_kernel.cpp:1017->src/kernel_kernel.cpp:1028]   --->   Operation 79 'load' 'tmp_V' <Predicate = (!icmp_ln927)> <Delay = 1.15> <Core = "RAM_2P_BRAM">   --->   Core 42 'RAM_2P_BRAM' <Latency = 1> <II = 1> <Delay = 1.15> <Storage> <Opcode : 'load' 'store'> <Ports = 2> <Width = 128> <Depth = 16> <RAM>
ST_6 : Operation 80 [1/1] (0.23ns)   --->   "%add_ln700_3 = add i2 %select_ln544, 1" [src/kernel_kernel.cpp:929->src/kernel_kernel.cpp:1017->src/kernel_kernel.cpp:1028]   --->   Operation 80 'add' 'add_ln700_3' <Predicate = (!icmp_ln927)> <Delay = 0.23> <Core = "AddSub">   --->   Core 14 'AddSub' <Latency = 0> <II = 1> <Delay = 0.23> <FuncUnit> <Opcode : 'add' 'sub'> <InPorts = 2> <OutPorts = 1>

State 7 <SV = 5> <Delay = 2.61>
ST_7 : Operation 81 [1/1] (0.00ns)   --->   "%empty_91 = call i32 (...)* @_ssdm_op_SpecLoopTripCount(i64 16, i64 16, i64 16)"   --->   Operation 81 'speclooptripcount' 'empty_91' <Predicate = (!icmp_ln927)> <Delay = 0.00>
ST_7 : Operation 82 [1/1] (0.00ns)   --->   "%tmp_6 = call i32 (...)* @_ssdm_op_SpecRegionBegin([13 x i8]* @p_str27)" [src/kernel_kernel.cpp:929->src/kernel_kernel.cpp:1017->src/kernel_kernel.cpp:1028]   --->   Operation 82 'specregionbegin' 'tmp_6' <Predicate = (!icmp_ln927)> <Delay = 0.00>
ST_7 : Operation 83 [1/1] (0.00ns)   --->   "call void (...)* @_ssdm_op_SpecPipeline(i32 1, i32 1, i32 1, i32 0, [1 x i8]* @p_str) nounwind" [src/kernel_kernel.cpp:930->src/kernel_kernel.cpp:1017->src/kernel_kernel.cpp:1028]   --->   Operation 83 'specpipeline' <Predicate = (!icmp_ln927)> <Delay = 0.00>
ST_7 : Operation 84 [1/2] (1.15ns)   --->   "%tmp_V = load i128* %local_C_V_addr_1, align 16" [src/kernel_kernel.cpp:934->src/kernel_kernel.cpp:1017->src/kernel_kernel.cpp:1028]   --->   Operation 84 'load' 'tmp_V' <Predicate = (!icmp_ln927)> <Delay = 1.15> <Core = "RAM_2P_BRAM">   --->   Core 42 'RAM_2P_BRAM' <Latency = 1> <II = 1> <Delay = 1.15> <Storage> <Opcode : 'load' 'store'> <Ports = 2> <Width = 128> <Depth = 16> <RAM>
ST_7 : Operation 85 [1/1] (1.45ns)   --->   "call void @_ssdm_op_Write.ap_fifo.volatile.i128P(i128* %fifo_C_drain_out_V_V, i128 %tmp_V)" [src/kernel_kernel.cpp:936->src/kernel_kernel.cpp:1017->src/kernel_kernel.cpp:1028]   --->   Operation 85 'write' <Predicate = (!icmp_ln927)> <Delay = 1.45> <Core = "FIFO_SRL">   --->   Core 36 'FIFO_SRL' <Latency = 0> <II = 1> <Delay = 1.45> <Storage> <Opcode : 'read' 'write' 'nbread' 'nbwrite'> <Ports = 0> <Width = 128> <Depth = 0> <FIFO>
ST_7 : Operation 86 [1/1] (0.00ns)   --->   "%empty_92 = call i32 (...)* @_ssdm_op_SpecRegionEnd([13 x i8]* @p_str27, i32 %tmp_6)" [src/kernel_kernel.cpp:938->src/kernel_kernel.cpp:1017->src/kernel_kernel.cpp:1028]   --->   Operation 86 'specregionend' 'empty_92' <Predicate = (!icmp_ln927)> <Delay = 0.00>
ST_7 : Operation 87 [1/1] (0.00ns)   --->   "br label %.preheader.i4.i.0" [src/kernel_kernel.cpp:929->src/kernel_kernel.cpp:1017->src/kernel_kernel.cpp:1028]   --->   Operation 87 'br' <Predicate = (!icmp_ln927)> <Delay = 0.00>

State 8 <SV = 5> <Delay = 0.00>
ST_8 : Operation 88 [1/1] (0.00ns)   --->   "br label %.preheader.i"   --->   Operation 88 'br' <Predicate = true> <Delay = 0.00>


============================================================
+ Verbose Summary: Binding
============================================================
STG Binding: 
---------------- STG Properties BEGIN ----------------
- Is combinational: 0
- Is one-state seq: 0
- Is datapath-only: 0
- Is pipelined: 0
- Is top level: 0
Port [ Return ] is wired: 1; IO mode=ap_ctrl_hs:ce=0
Port [ fifo_C_drain_out_V_V]:  wired=1; compound=1; hidden=0; nouse=0; global=0; static=0; extern=0; dir=1; type=3; pingpong=0; private_global=0; IO mode=ap_fifo:ce=0
Port [ fifo_C_drain_local_in_V]:  wired=1; compound=1; hidden=0; nouse=0; global=0; static=0; extern=0; dir=0; type=3; pingpong=0; private_global=0; IO mode=ap_fifo:ce=0
---------------- STG Properties END ------------------

---------------- Datapath Model BEGIN ----------------

<LifeTime>
<method=bitvector/>
specinterface_ln0  (specinterface    ) [ 000000000]
specinterface_ln0  (specinterface    ) [ 000000000]
specmemcore_ln0    (specmemcore      ) [ 000000000]
specmemcore_ln0    (specmemcore      ) [ 000000000]
local_C_V          (alloca           ) [ 001111111]
specmemcore_ln997  (specmemcore      ) [ 000000000]
br_ln1000          (br               ) [ 011111111]
indvar_flatten13   (phi              ) [ 001000000]
icmp_ln1000        (icmp             ) [ 001111111]
add_ln1000         (add              ) [ 011111111]
br_ln1000          (br               ) [ 000000000]
empty_93           (speclooptripcount) [ 000000000]
br_ln849           (br               ) [ 001111111]
ret_ln1033         (ret              ) [ 000000000]
indvar_flatten     (phi              ) [ 000100000]
p_062_0_i_i        (phi              ) [ 000100000]
p_076_0_i_i        (phi              ) [ 000100000]
icmp_ln849         (icmp             ) [ 001111111]
add_ln849          (add              ) [ 001111111]
br_ln849           (br               ) [ 000000000]
c6_V               (add              ) [ 000000000]
icmp_ln851         (icmp             ) [ 000000000]
select_ln1371      (select           ) [ 000000000]
select_ln1371_1    (select           ) [ 001111111]
tmp                (bitselect        ) [ 000000000]
trunc_ln1371       (trunc            ) [ 000110000]
tmp_7              (bitconcatenate   ) [ 000000000]
zext_ln321         (zext             ) [ 000000000]
local_C_V_addr     (getelementptr    ) [ 000110000]
c7_V               (add              ) [ 001111111]
empty_90           (speclooptripcount) [ 000000000]
tmp_5              (specregionbegin  ) [ 000000000]
specpipeline_ln852 (specpipeline     ) [ 000000000]
tmp_4              (read             ) [ 000000000]
out_data_V         (load             ) [ 000000000]
data_split_0_V     (trunc            ) [ 000000000]
data_split_1_V     (partselect       ) [ 000000000]
data_split_2_V     (partselect       ) [ 000000000]
data_split_3_V     (partselect       ) [ 000000000]
data_split_0_V_2   (bitcast          ) [ 000000000]
switch_ln867       (switch           ) [ 000000000]
br_ln867           (br               ) [ 000000000]
br_ln867           (br               ) [ 000000000]
br_ln867           (br               ) [ 000000000]
v1_V               (phi              ) [ 000000000]
v2_V_6             (phi              ) [ 000000000]
v2_V_5             (phi              ) [ 000000000]
v2_V               (phi              ) [ 000000000]
p_Result_s         (bitconcatenate   ) [ 000000000]
store_ln868        (store            ) [ 000000000]
empty              (specregionend    ) [ 000000000]
br_ln851           (br               ) [ 001111111]
br_ln927           (br               ) [ 001111111]
indvar_flatten6    (phi              ) [ 000000100]
p_064_0_i_i_0      (phi              ) [ 000000100]
p_054_0_i_i_0      (phi              ) [ 000000100]
icmp_ln927         (icmp             ) [ 001111111]
add_ln927          (add              ) [ 001111111]
br_ln927           (br               ) [ 000000000]
add_ln700          (add              ) [ 000000000]
icmp_ln929         (icmp             ) [ 000000000]
select_ln544       (select           ) [ 000000000]
select_ln544_2     (select           ) [ 001111111]
tmp_8              (bitconcatenate   ) [ 000000000]
zext_ln929         (zext             ) [ 000000000]
zext_ln321_1       (zext             ) [ 000000000]
add_ln321          (add              ) [ 000000000]
zext_ln321_2       (zext             ) [ 000000000]
local_C_V_addr_1   (getelementptr    ) [ 000000110]
add_ln700_3        (add              ) [ 001111111]
empty_91           (speclooptripcount) [ 000000000]
tmp_6              (specregionbegin  ) [ 000000000]
specpipeline_ln930 (specpipeline     ) [ 000000000]
tmp_V              (load             ) [ 000000000]
write_ln936        (write            ) [ 000000000]
empty_92           (specregionend    ) [ 000000000]
br_ln929           (br               ) [ 001111111]
br_ln0             (br               ) [ 011111111]
</LifeTime>

<model>

<comp_list>
<comp id="0" class="1000" name="fifo_C_drain_out_V_V">
<pin_list>
<pin id="1" dir="1" index="0" bw="1" slack="0"/>
</pin_list>
<bind>
<StgValue><ssdm name="fifo_C_drain_out_V_V"/></StgValue>
</bind>
</comp>

<comp id="2" class="1000" name="fifo_C_drain_local_in_V">
<pin_list>
<pin id="3" dir="1" index="0" bw="1" slack="0"/>
</pin_list>
<bind>
<StgValue><ssdm name="fifo_C_drain_local_in_V"/></StgValue>
</bind>
</comp>

<comp id="4" class="1001" name="const_4">
<pin_list>
<pin id="5" dir="1" index="0" bw="1" slack="2147483647"/>
</pin_list>
<bind>
<StgValue><ssdm name="_ssdm_op_SpecInterface"/></StgValue>
</bind>
</comp>

<comp id="6" class="1001" name="const_6">
<pin_list>
<pin id="7" dir="1" index="0" bw="1" slack="2147483647"/>
</pin_list>
<bind>
<StgValue><ssdm name="ap_fifo_str"/></StgValue>
</bind>
</comp>

<comp id="8" class="1001" name="const_8">
<pin_list>
<pin id="9" dir="1" index="0" bw="1" slack="2147483647"/>
</pin_list>
<bind>
<StgValue><ssdm name=""/></StgValue>
</bind>
</comp>

<comp id="10" class="1001" name="const_10">
<pin_list>
<pin id="11" dir="1" index="0" bw="1" slack="2147483647"/>
</pin_list>
<bind>
<StgValue><ssdm name="p_str"/></StgValue>
</bind>
</comp>

<comp id="12" class="1001" name="const_12">
<pin_list>
<pin id="13" dir="1" index="0" bw="1" slack="0"/>
</pin_list>
<bind>
<StgValue><ssdm name=""/></StgValue>
</bind>
</comp>

<comp id="14" class="1001" name="const_14">
<pin_list>
<pin id="15" dir="1" index="0" bw="1" slack="2147483647"/>
</pin_list>
<bind>
<StgValue><ssdm name=""/></StgValue>
</bind>
</comp>

<comp id="16" class="1001" name="const_16">
<pin_list>
<pin id="17" dir="1" index="0" bw="1" slack="2147483647"/>
</pin_list>
<bind>
<StgValue><ssdm name="_ssdm_op_SpecMemCore"/></StgValue>
</bind>
</comp>

<comp id="18" class="1001" name="const_18">
<pin_list>
<pin id="19" dir="1" index="0" bw="1" slack="2147483647"/>
</pin_list>
<bind>
<StgValue><ssdm name="p_str40"/></StgValue>
</bind>
</comp>

<comp id="20" class="1001" name="const_20">
<pin_list>
<pin id="21" dir="1" index="0" bw="1" slack="2147483647"/>
</pin_list>
<bind>
<StgValue><ssdm name=""/></StgValue>
</bind>
</comp>

<comp id="22" class="1001" name="const_22">
<pin_list>
<pin id="23" dir="1" index="0" bw="1" slack="0"/>
</pin_list>
<bind>
<StgValue><ssdm name=""/></StgValue>
</bind>
</comp>

<comp id="24" class="1001" name="const_24">
<pin_list>
<pin id="25" dir="1" index="0" bw="1" slack="2147483647"/>
</pin_list>
<bind>
<StgValue><ssdm name="p_str9"/></StgValue>
</bind>
</comp>

<comp id="26" class="1001" name="const_26">
<pin_list>
<pin id="27" dir="1" index="0" bw="1" slack="1"/>
</pin_list>
<bind>
<StgValue><ssdm name=""/></StgValue>
</bind>
</comp>

<comp id="28" class="1001" name="const_28">
<pin_list>
<pin id="29" dir="1" index="0" bw="1" slack="0"/>
</pin_list>
<bind>
<StgValue><ssdm name=""/></StgValue>
</bind>
</comp>

<comp id="30" class="1001" name="const_30">
<pin_list>
<pin id="31" dir="1" index="0" bw="1" slack="0"/>
</pin_list>
<bind>
<StgValue><ssdm name=""/></StgValue>
</bind>
</comp>

<comp id="32" class="1001" name="const_32">
<pin_list>
<pin id="33" dir="1" index="0" bw="1" slack="2147483647"/>
</pin_list>
<bind>
<StgValue><ssdm name="_ssdm_op_SpecLoopTripCount"/></StgValue>
</bind>
</comp>

<comp id="34" class="1001" name="const_34">
<pin_list>
<pin id="35" dir="1" index="0" bw="1" slack="2147483647"/>
</pin_list>
<bind>
<StgValue><ssdm name=""/></StgValue>
</bind>
</comp>

<comp id="36" class="1001" name="const_36">
<pin_list>
<pin id="37" dir="1" index="0" bw="1" slack="1"/>
</pin_list>
<bind>
<StgValue><ssdm name=""/></StgValue>
</bind>
</comp>

<comp id="38" class="1001" name="const_38">
<pin_list>
<pin id="39" dir="1" index="0" bw="1" slack="0"/>
</pin_list>
<bind>
<StgValue><ssdm name=""/></StgValue>
</bind>
</comp>

<comp id="40" class="1001" name="const_40">
<pin_list>
<pin id="41" dir="1" index="0" bw="1" slack="0"/>
</pin_list>
<bind>
<StgValue><ssdm name=""/></StgValue>
</bind>
</comp>

<comp id="42" class="1001" name="const_42">
<pin_list>
<pin id="43" dir="1" index="0" bw="1" slack="0"/>
</pin_list>
<bind>
<StgValue><ssdm name=""/></StgValue>
</bind>
</comp>

<comp id="44" class="1001" name="const_44">
<pin_list>
<pin id="45" dir="1" index="0" bw="1" slack="0"/>
</pin_list>
<bind>
<StgValue><ssdm name=""/></StgValue>
</bind>
</comp>

<comp id="46" class="1001" name="const_46">
<pin_list>
<pin id="47" dir="1" index="0" bw="1" slack="0"/>
</pin_list>
<bind>
<StgValue><ssdm name=""/></StgValue>
</bind>
</comp>

<comp id="48" class="1001" name="const_48">
<pin_list>
<pin id="49" dir="1" index="0" bw="1" slack="0"/>
</pin_list>
<bind>
<StgValue><ssdm name="_ssdm_op_BitSelect.i1.i4.i32"/></StgValue>
</bind>
</comp>

<comp id="50" class="1001" name="const_50">
<pin_list>
<pin id="51" dir="1" index="0" bw="1" slack="0"/>
</pin_list>
<bind>
<StgValue><ssdm name="_ssdm_op_BitConcatenate.i5.i4.i1"/></StgValue>
</bind>
</comp>

<comp id="52" class="1001" name="const_52">
<pin_list>
<pin id="53" dir="1" index="0" bw="1" slack="0"/>
</pin_list>
<bind>
<StgValue><ssdm name=""/></StgValue>
</bind>
</comp>

<comp id="54" class="1001" name="const_54">
<pin_list>
<pin id="55" dir="1" index="0" bw="1" slack="2147483647"/>
</pin_list>
<bind>
<StgValue><ssdm name=""/></StgValue>
</bind>
</comp>

<comp id="56" class="1001" name="const_56">
<pin_list>
<pin id="57" dir="1" index="0" bw="1" slack="2147483647"/>
</pin_list>
<bind>
<StgValue><ssdm name="_ssdm_op_SpecRegionBegin"/></StgValue>
</bind>
</comp>

<comp id="58" class="1001" name="const_58">
<pin_list>
<pin id="59" dir="1" index="0" bw="1" slack="2147483647"/>
</pin_list>
<bind>
<StgValue><ssdm name="p_str23"/></StgValue>
</bind>
</comp>

<comp id="60" class="1001" name="const_60">
<pin_list>
<pin id="61" dir="1" index="0" bw="1" slack="2147483647"/>
</pin_list>
<bind>
<StgValue><ssdm name="_ssdm_op_SpecPipeline"/></StgValue>
</bind>
</comp>

<comp id="62" class="1001" name="const_62">
<pin_list>
<pin id="63" dir="1" index="0" bw="1" slack="2147483647"/>
</pin_list>
<bind>
<StgValue><ssdm name=""/></StgValue>
</bind>
</comp>

<comp id="64" class="1001" name="const_64">
<pin_list>
<pin id="65" dir="1" index="0" bw="1" slack="0"/>
</pin_list>
<bind>
<StgValue><ssdm name="_ssdm_op_Read.ap_fifo.volatile.floatP"/></StgValue>
</bind>
</comp>

<comp id="66" class="1001" name="const_66">
<pin_list>
<pin id="67" dir="1" index="0" bw="1" slack="0"/>
</pin_list>
<bind>
<StgValue><ssdm name="_ssdm_op_PartSelect.i32.i128.i32.i32"/></StgValue>
</bind>
</comp>

<comp id="68" class="1001" name="const_68">
<pin_list>
<pin id="69" dir="1" index="0" bw="1" slack="0"/>
</pin_list>
<bind>
<StgValue><ssdm name=""/></StgValue>
</bind>
</comp>

<comp id="70" class="1001" name="const_70">
<pin_list>
<pin id="71" dir="1" index="0" bw="1" slack="0"/>
</pin_list>
<bind>
<StgValue><ssdm name=""/></StgValue>
</bind>
</comp>

<comp id="72" class="1001" name="const_72">
<pin_list>
<pin id="73" dir="1" index="0" bw="1" slack="0"/>
</pin_list>
<bind>
<StgValue><ssdm name=""/></StgValue>
</bind>
</comp>

<comp id="74" class="1001" name="const_74">
<pin_list>
<pin id="75" dir="1" index="0" bw="1" slack="0"/>
</pin_list>
<bind>
<StgValue><ssdm name=""/></StgValue>
</bind>
</comp>

<comp id="76" class="1001" name="const_76">
<pin_list>
<pin id="77" dir="1" index="0" bw="1" slack="0"/>
</pin_list>
<bind>
<StgValue><ssdm name=""/></StgValue>
</bind>
</comp>

<comp id="78" class="1001" name="const_78">
<pin_list>
<pin id="79" dir="1" index="0" bw="1" slack="0"/>
</pin_list>
<bind>
<StgValue><ssdm name=""/></StgValue>
</bind>
</comp>

<comp id="80" class="1001" name="const_80">
<pin_list>
<pin id="81" dir="1" index="0" bw="1" slack="0"/>
</pin_list>
<bind>
<StgValue><ssdm name=""/></StgValue>
</bind>
</comp>

<comp id="82" class="1001" name="const_82">
<pin_list>
<pin id="83" dir="1" index="0" bw="1" slack="0"/>
</pin_list>
<bind>
<StgValue><ssdm name=""/></StgValue>
</bind>
</comp>

<comp id="84" class="1001" name="const_84">
<pin_list>
<pin id="85" dir="1" index="0" bw="1" slack="0"/>
</pin_list>
<bind>
<StgValue><ssdm name=""/></StgValue>
</bind>
</comp>

<comp id="86" class="1001" name="const_86">
<pin_list>
<pin id="87" dir="1" index="0" bw="1" slack="0"/>
</pin_list>
<bind>
<StgValue><ssdm name="_ssdm_op_BitConcatenate.i128.i32.i32.i32.i32"/></StgValue>
</bind>
</comp>

<comp id="88" class="1001" name="const_88">
<pin_list>
<pin id="89" dir="1" index="0" bw="1" slack="2147483647"/>
</pin_list>
<bind>
<StgValue><ssdm name="_ssdm_op_SpecRegionEnd"/></StgValue>
</bind>
</comp>

<comp id="90" class="1001" name="const_90">
<pin_list>
<pin id="91" dir="1" index="0" bw="1" slack="0"/>
</pin_list>
<bind>
<StgValue><ssdm name=""/></StgValue>
</bind>
</comp>

<comp id="92" class="1001" name="const_92">
<pin_list>
<pin id="93" dir="1" index="0" bw="1" slack="2147483647"/>
</pin_list>
<bind>
<StgValue><ssdm name="p_str27"/></StgValue>
</bind>
</comp>

<comp id="94" class="1001" name="const_94">
<pin_list>
<pin id="95" dir="1" index="0" bw="1" slack="0"/>
</pin_list>
<bind>
<StgValue><ssdm name="_ssdm_op_Write.ap_fifo.volatile.i128P"/></StgValue>
</bind>
</comp>

<comp id="96" class="1004" name="local_C_V_alloca_fu_96">
<pin_list>
<pin id="97" dir="0" index="0" bw="1" slack="0"/>
<pin id="98" dir="1" index="1" bw="128" slack="2147483647"/>
</pin_list>
<bind>
<opcode="alloca(26) " fcode="alloca"/>
<opset="local_C_V/1 "/>
</bind>
</comp>

<comp id="100" class="1004" name="tmp_4_read_fu_100">
<pin_list>
<pin id="101" dir="0" index="0" bw="32" slack="0"/>
<pin id="102" dir="0" index="1" bw="32" slack="0"/>
<pin id="103" dir="1" index="2" bw="32" slack="0"/>
</pin_list>
<bind>
<opcode="read(1150) " fcode="read"/>
<opset="tmp_4/4 "/>
</bind>
</comp>

<comp id="106" class="1004" name="write_ln936_write_fu_106">
<pin_list>
<pin id="107" dir="0" index="0" bw="0" slack="0"/>
<pin id="108" dir="0" index="1" bw="128" slack="0"/>
<pin id="109" dir="0" index="2" bw="128" slack="0"/>
<pin id="110" dir="1" index="3" bw="0" slack="2147483647"/>
</pin_list>
<bind>
<opcode="write(1151) " fcode="write"/>
<opset="write_ln936/7 "/>
</bind>
</comp>

<comp id="113" class="1004" name="local_C_V_addr_gep_fu_113">
<pin_list>
<pin id="114" dir="0" index="0" bw="128" slack="2147483647"/>
<pin id="115" dir="0" index="1" bw="1" slack="0"/>
<pin id="116" dir="0" index="2" bw="5" slack="0"/>
<pin id="117" dir="1" index="3" bw="4" slack="0"/>
</pin_list>
<bind>
<opcode="getelementptr(29) " fcode="getelementptr"/>
<opset="local_C_V_addr/3 "/>
</bind>
</comp>

<comp id="119" class="1004" name="grp_access_fu_119">
<pin_list>
<pin id="120" dir="0" index="0" bw="4" slack="0"/>
<pin id="121" dir="0" index="1" bw="128" slack="2147483647"/>
<pin id="122" dir="0" index="2" bw="0" slack="1"/>
<pin id="125" dir="0" index="4" bw="4" slack="0"/>
<pin id="126" dir="0" index="5" bw="128" slack="2147483647"/>
<pin id="127" dir="0" index="6" bw="0" slack="2147483647"/>
<pin id="123" dir="1" index="3" bw="128" slack="0"/>
<pin id="128" dir="1" index="7" bw="128" slack="2147483647"/>
</pin_list>
<bind>
<opcode="load(27) store(28) " fcode="load"/>
<opset="out_data_V/3 store_ln868/4 tmp_V/6 "/>
</bind>
</comp>

<comp id="129" class="1004" name="local_C_V_addr_1_gep_fu_129">
<pin_list>
<pin id="130" dir="0" index="0" bw="128" slack="2147483647"/>
<pin id="131" dir="0" index="1" bw="1" slack="0"/>
<pin id="132" dir="0" index="2" bw="6" slack="0"/>
<pin id="133" dir="1" index="3" bw="4" slack="0"/>
</pin_list>
<bind>
<opcode="getelementptr(29) " fcode="getelementptr"/>
<opset="local_C_V_addr_1/6 "/>
</bind>
</comp>

<comp id="137" class="1005" name="indvar_flatten13_reg_137">
<pin_list>
<pin id="138" dir="0" index="0" bw="5" slack="1"/>
<pin id="139" dir="1" index="1" bw="5" slack="1"/>
</pin_list>
<bind>
<opset="indvar_flatten13 (phireg) "/>
</bind>
</comp>

<comp id="141" class="1004" name="indvar_flatten13_phi_fu_141">
<pin_list>
<pin id="142" dir="0" index="0" bw="1" slack="1"/>
<pin id="143" dir="0" index="1" bw="0" slack="2147483647"/>
<pin id="144" dir="0" index="2" bw="5" slack="0"/>
<pin id="145" dir="0" index="3" bw="0" slack="2147483647"/>
<pin id="146" dir="1" index="4" bw="5" slack="0"/>
</pin_list>
<bind>
<opcode="phi(47) " fcode="phi"/>
<opset="indvar_flatten13/2 "/>
</bind>
</comp>

<comp id="148" class="1005" name="indvar_flatten_reg_148">
<pin_list>
<pin id="149" dir="0" index="0" bw="7" slack="1"/>
<pin id="150" dir="1" index="1" bw="7" slack="1"/>
</pin_list>
<bind>
<opset="indvar_flatten (phireg) "/>
</bind>
</comp>

<comp id="152" class="1004" name="indvar_flatten_phi_fu_152">
<pin_list>
<pin id="153" dir="0" index="0" bw="1" slack="1"/>
<pin id="154" dir="0" index="1" bw="0" slack="2147483647"/>
<pin id="155" dir="0" index="2" bw="7" slack="0"/>
<pin id="156" dir="0" index="3" bw="0" slack="2147483647"/>
<pin id="157" dir="1" index="4" bw="7" slack="0"/>
</pin_list>
<bind>
<opcode="phi(47) " fcode="phi"/>
<opset="indvar_flatten/3 "/>
</bind>
</comp>

<comp id="159" class="1005" name="p_062_0_i_i_reg_159">
<pin_list>
<pin id="160" dir="0" index="0" bw="4" slack="1"/>
<pin id="161" dir="1" index="1" bw="4" slack="1"/>
</pin_list>
<bind>
<opset="p_062_0_i_i (phireg) "/>
</bind>
</comp>

<comp id="163" class="1004" name="p_062_0_i_i_phi_fu_163">
<pin_list>
<pin id="164" dir="0" index="0" bw="1" slack="1"/>
<pin id="165" dir="0" index="1" bw="0" slack="2147483647"/>
<pin id="166" dir="0" index="2" bw="4" slack="0"/>
<pin id="167" dir="0" index="3" bw="0" slack="2147483647"/>
<pin id="168" dir="1" index="4" bw="4" slack="0"/>
</pin_list>
<bind>
<opcode="phi(47) " fcode="phi"/>
<opset="p_062_0_i_i/3 "/>
</bind>
</comp>

<comp id="170" class="1005" name="p_076_0_i_i_reg_170">
<pin_list>
<pin id="171" dir="0" index="0" bw="4" slack="1"/>
<pin id="172" dir="1" index="1" bw="4" slack="1"/>
</pin_list>
<bind>
<opset="p_076_0_i_i (phireg) "/>
</bind>
</comp>

<comp id="174" class="1004" name="p_076_0_i_i_phi_fu_174">
<pin_list>
<pin id="175" dir="0" index="0" bw="1" slack="1"/>
<pin id="176" dir="0" index="1" bw="0" slack="2147483647"/>
<pin id="177" dir="0" index="2" bw="4" slack="0"/>
<pin id="178" dir="0" index="3" bw="0" slack="2147483647"/>
<pin id="179" dir="1" index="4" bw="4" slack="0"/>
</pin_list>
<bind>
<opcode="phi(47) " fcode="phi"/>
<opset="p_076_0_i_i/3 "/>
</bind>
</comp>

<comp id="181" class="1005" name="v1_V_reg_181">
<pin_list>
<pin id="182" dir="0" index="0" bw="32" slack="2147483647"/>
<pin id="183" dir="1" index="1" bw="32" slack="2147483647"/>
</pin_list>
<bind>
<opset="v1_V (phireg) "/>
</bind>
</comp>

<comp id="184" class="1004" name="v1_V_phi_fu_184">
<pin_list>
<pin id="185" dir="0" index="0" bw="32" slack="0"/>
<pin id="186" dir="0" index="1" bw="0" slack="2147483647"/>
<pin id="187" dir="0" index="2" bw="32" slack="0"/>
<pin id="188" dir="0" index="3" bw="0" slack="2147483647"/>
<pin id="189" dir="0" index="4" bw="32" slack="0"/>
<pin id="190" dir="0" index="5" bw="0" slack="2147483647"/>
<pin id="191" dir="0" index="6" bw="32" slack="0"/>
<pin id="192" dir="0" index="7" bw="0" slack="2147483647"/>
<pin id="193" dir="1" index="8" bw="32" slack="0"/>
</pin_list>
<bind>
<opcode="phi(47) " fcode="phi"/>
<opset="v1_V/4 "/>
</bind>
</comp>

<comp id="194" class="1005" name="v2_V_6_reg_194">
<pin_list>
<pin id="195" dir="0" index="0" bw="32" slack="2147483647"/>
<pin id="196" dir="1" index="1" bw="32" slack="2147483647"/>
</pin_list>
<bind>
<opset="v2_V_6 (phireg) "/>
</bind>
</comp>

<comp id="197" class="1004" name="v2_V_6_phi_fu_197">
<pin_list>
<pin id="198" dir="0" index="0" bw="32" slack="0"/>
<pin id="199" dir="0" index="1" bw="0" slack="2147483647"/>
<pin id="200" dir="0" index="2" bw="32" slack="0"/>
<pin id="201" dir="0" index="3" bw="0" slack="2147483647"/>
<pin id="202" dir="0" index="4" bw="32" slack="0"/>
<pin id="203" dir="0" index="5" bw="0" slack="2147483647"/>
<pin id="204" dir="0" index="6" bw="32" slack="0"/>
<pin id="205" dir="0" index="7" bw="0" slack="2147483647"/>
<pin id="206" dir="1" index="8" bw="32" slack="0"/>
</pin_list>
<bind>
<opcode="phi(47) " fcode="phi"/>
<opset="v2_V_6/4 "/>
</bind>
</comp>

<comp id="207" class="1005" name="v2_V_5_reg_207">
<pin_list>
<pin id="208" dir="0" index="0" bw="32" slack="2147483647"/>
<pin id="209" dir="1" index="1" bw="32" slack="2147483647"/>
</pin_list>
<bind>
<opset="v2_V_5 (phireg) "/>
</bind>
</comp>

<comp id="210" class="1004" name="v2_V_5_phi_fu_210">
<pin_list>
<pin id="211" dir="0" index="0" bw="32" slack="0"/>
<pin id="212" dir="0" index="1" bw="0" slack="2147483647"/>
<pin id="213" dir="0" index="2" bw="32" slack="0"/>
<pin id="214" dir="0" index="3" bw="0" slack="2147483647"/>
<pin id="215" dir="0" index="4" bw="32" slack="0"/>
<pin id="216" dir="0" index="5" bw="0" slack="2147483647"/>
<pin id="217" dir="0" index="6" bw="32" slack="0"/>
<pin id="218" dir="0" index="7" bw="0" slack="2147483647"/>
<pin id="219" dir="1" index="8" bw="32" slack="0"/>
</pin_list>
<bind>
<opcode="phi(47) " fcode="phi"/>
<opset="v2_V_5/4 "/>
</bind>
</comp>

<comp id="220" class="1005" name="v2_V_reg_220">
<pin_list>
<pin id="221" dir="0" index="0" bw="32" slack="2147483647"/>
<pin id="222" dir="1" index="1" bw="32" slack="2147483647"/>
</pin_list>
<bind>
<opset="v2_V (phireg) "/>
</bind>
</comp>

<comp id="223" class="1004" name="v2_V_phi_fu_223">
<pin_list>
<pin id="224" dir="0" index="0" bw="32" slack="0"/>
<pin id="225" dir="0" index="1" bw="0" slack="2147483647"/>
<pin id="226" dir="0" index="2" bw="32" slack="0"/>
<pin id="227" dir="0" index="3" bw="0" slack="2147483647"/>
<pin id="228" dir="0" index="4" bw="32" slack="0"/>
<pin id="229" dir="0" index="5" bw="0" slack="2147483647"/>
<pin id="230" dir="0" index="6" bw="32" slack="0"/>
<pin id="231" dir="0" index="7" bw="0" slack="2147483647"/>
<pin id="232" dir="1" index="8" bw="32" slack="0"/>
</pin_list>
<bind>
<opcode="phi(47) " fcode="phi"/>
<opset="v2_V/4 "/>
</bind>
</comp>

<comp id="233" class="1005" name="indvar_flatten6_reg_233">
<pin_list>
<pin id="234" dir="0" index="0" bw="5" slack="1"/>
<pin id="235" dir="1" index="1" bw="5" slack="1"/>
</pin_list>
<bind>
<opset="indvar_flatten6 (phireg) "/>
</bind>
</comp>

<comp id="237" class="1004" name="indvar_flatten6_phi_fu_237">
<pin_list>
<pin id="238" dir="0" index="0" bw="5" slack="0"/>
<pin id="239" dir="0" index="1" bw="0" slack="2147483647"/>
<pin id="240" dir="0" index="2" bw="1" slack="1"/>
<pin id="241" dir="0" index="3" bw="0" slack="2147483647"/>
<pin id="242" dir="1" index="4" bw="5" slack="0"/>
</pin_list>
<bind>
<opcode="phi(47) " fcode="phi"/>
<opset="indvar_flatten6/6 "/>
</bind>
</comp>

<comp id="244" class="1005" name="p_064_0_i_i_0_reg_244">
<pin_list>
<pin id="245" dir="0" index="0" bw="4" slack="1"/>
<pin id="246" dir="1" index="1" bw="4" slack="1"/>
</pin_list>
<bind>
<opset="p_064_0_i_i_0 (phireg) "/>
</bind>
</comp>

<comp id="248" class="1004" name="p_064_0_i_i_0_phi_fu_248">
<pin_list>
<pin id="249" dir="0" index="0" bw="4" slack="0"/>
<pin id="250" dir="0" index="1" bw="0" slack="2147483647"/>
<pin id="251" dir="0" index="2" bw="1" slack="1"/>
<pin id="252" dir="0" index="3" bw="0" slack="2147483647"/>
<pin id="253" dir="1" index="4" bw="4" slack="0"/>
</pin_list>
<bind>
<opcode="phi(47) " fcode="phi"/>
<opset="p_064_0_i_i_0/6 "/>
</bind>
</comp>

<comp id="255" class="1005" name="p_054_0_i_i_0_reg_255">
<pin_list>
<pin id="256" dir="0" index="0" bw="2" slack="1"/>
<pin id="257" dir="1" index="1" bw="2" slack="1"/>
</pin_list>
<bind>
<opset="p_054_0_i_i_0 (phireg) "/>
</bind>
</comp>

<comp id="259" class="1004" name="p_054_0_i_i_0_phi_fu_259">
<pin_list>
<pin id="260" dir="0" index="0" bw="2" slack="0"/>
<pin id="261" dir="0" index="1" bw="0" slack="2147483647"/>
<pin id="262" dir="0" index="2" bw="1" slack="1"/>
<pin id="263" dir="0" index="3" bw="0" slack="2147483647"/>
<pin id="264" dir="1" index="4" bw="2" slack="0"/>
</pin_list>
<bind>
<opcode="phi(47) " fcode="phi"/>
<opset="p_054_0_i_i_0/6 "/>
</bind>
</comp>

<comp id="266" class="1004" name="icmp_ln1000_fu_266">
<pin_list>
<pin id="267" dir="0" index="0" bw="5" slack="0"/>
<pin id="268" dir="0" index="1" bw="5" slack="0"/>
<pin id="269" dir="1" index="2" bw="1" slack="1"/>
</pin_list>
<bind>
<opcode="icmp(45) " fcode="icmp"/>
<opset="icmp_ln1000/2 "/>
</bind>
</comp>

<comp id="272" class="1004" name="add_ln1000_fu_272">
<pin_list>
<pin id="273" dir="0" index="0" bw="5" slack="0"/>
<pin id="274" dir="0" index="1" bw="1" slack="0"/>
<pin id="275" dir="1" index="2" bw="5" slack="0"/>
</pin_list>
<bind>
<opcode="add(8) " fcode="add"/>
<opset="add_ln1000/2 "/>
</bind>
</comp>

<comp id="278" class="1004" name="icmp_ln849_fu_278">
<pin_list>
<pin id="279" dir="0" index="0" bw="7" slack="0"/>
<pin id="280" dir="0" index="1" bw="7" slack="0"/>
<pin id="281" dir="1" index="2" bw="1" slack="1"/>
</pin_list>
<bind>
<opcode="icmp(45) " fcode="icmp"/>
<opset="icmp_ln849/3 "/>
</bind>
</comp>

<comp id="284" class="1004" name="add_ln849_fu_284">
<pin_list>
<pin id="285" dir="0" index="0" bw="7" slack="0"/>
<pin id="286" dir="0" index="1" bw="1" slack="0"/>
<pin id="287" dir="1" index="2" bw="7" slack="0"/>
</pin_list>
<bind>
<opcode="add(8) " fcode="add"/>
<opset="add_ln849/3 "/>
</bind>
</comp>

<comp id="290" class="1004" name="c6_V_fu_290">
<pin_list>
<pin id="291" dir="0" index="0" bw="1" slack="0"/>
<pin id="292" dir="0" index="1" bw="4" slack="0"/>
<pin id="293" dir="1" index="2" bw="4" slack="0"/>
</pin_list>
<bind>
<opcode="add(8) " fcode="add"/>
<opset="c6_V/3 "/>
</bind>
</comp>

<comp id="296" class="1004" name="icmp_ln851_fu_296">
<pin_list>
<pin id="297" dir="0" index="0" bw="4" slack="0"/>
<pin id="298" dir="0" index="1" bw="4" slack="0"/>
<pin id="299" dir="1" index="2" bw="1" slack="0"/>
</pin_list>
<bind>
<opcode="icmp(45) " fcode="icmp"/>
<opset="icmp_ln851/3 "/>
</bind>
</comp>

<comp id="302" class="1004" name="select_ln1371_fu_302">
<pin_list>
<pin id="303" dir="0" index="0" bw="1" slack="0"/>
<pin id="304" dir="0" index="1" bw="1" slack="0"/>
<pin id="305" dir="0" index="2" bw="4" slack="0"/>
<pin id="306" dir="1" index="3" bw="4" slack="0"/>
</pin_list>
<bind>
<opcode="select(49) " fcode="select"/>
<opset="select_ln1371/3 "/>
</bind>
</comp>

<comp id="310" class="1004" name="select_ln1371_1_fu_310">
<pin_list>
<pin id="311" dir="0" index="0" bw="1" slack="0"/>
<pin id="312" dir="0" index="1" bw="4" slack="0"/>
<pin id="313" dir="0" index="2" bw="4" slack="0"/>
<pin id="314" dir="1" index="3" bw="4" slack="0"/>
</pin_list>
<bind>
<opcode="select(49) " fcode="select"/>
<opset="select_ln1371_1/3 "/>
</bind>
</comp>

<comp id="318" class="1004" name="tmp_fu_318">
<pin_list>
<pin id="319" dir="0" index="0" bw="1" slack="0"/>
<pin id="320" dir="0" index="1" bw="4" slack="0"/>
<pin id="321" dir="0" index="2" bw="3" slack="0"/>
<pin id="322" dir="1" index="3" bw="1" slack="0"/>
</pin_list>
<bind>
<opcode="bitselect(1000) " fcode="bitselect"/>
<opset="tmp/3 "/>
</bind>
</comp>

<comp id="326" class="1004" name="trunc_ln1371_fu_326">
<pin_list>
<pin id="327" dir="0" index="0" bw="4" slack="0"/>
<pin id="328" dir="1" index="1" bw="2" slack="1"/>
</pin_list>
<bind>
<opcode="trunc(33) " fcode="trunc"/>
<opset="trunc_ln1371/3 "/>
</bind>
</comp>

<comp id="330" class="1004" name="tmp_7_fu_330">
<pin_list>
<pin id="331" dir="0" index="0" bw="5" slack="0"/>
<pin id="332" dir="0" index="1" bw="4" slack="0"/>
<pin id="333" dir="0" index="2" bw="1" slack="0"/>
<pin id="334" dir="1" index="3" bw="5" slack="0"/>
</pin_list>
<bind>
<opcode="bitconcatenate(1004) " fcode="bitconcatenate"/>
<opset="tmp_7/3 "/>
</bind>
</comp>

<comp id="338" class="1004" name="zext_ln321_fu_338">
<pin_list>
<pin id="339" dir="0" index="0" bw="5" slack="0"/>
<pin id="340" dir="1" index="1" bw="64" slack="0"/>
</pin_list>
<bind>
<opcode="zext(34) " fcode="zext"/>
<opset="zext_ln321/3 "/>
</bind>
</comp>

<comp id="343" class="1004" name="c7_V_fu_343">
<pin_list>
<pin id="344" dir="0" index="0" bw="4" slack="0"/>
<pin id="345" dir="0" index="1" bw="1" slack="0"/>
<pin id="346" dir="1" index="2" bw="4" slack="0"/>
</pin_list>
<bind>
<opcode="add(8) " fcode="add"/>
<opset="c7_V/3 "/>
</bind>
</comp>

<comp id="349" class="1004" name="data_split_0_V_fu_349">
<pin_list>
<pin id="350" dir="0" index="0" bw="128" slack="0"/>
<pin id="351" dir="1" index="1" bw="32" slack="0"/>
</pin_list>
<bind>
<opcode="trunc(33) " fcode="trunc"/>
<opset="data_split_0_V/4 "/>
</bind>
</comp>

<comp id="356" class="1004" name="data_split_1_V_fu_356">
<pin_list>
<pin id="357" dir="0" index="0" bw="32" slack="0"/>
<pin id="358" dir="0" index="1" bw="128" slack="0"/>
<pin id="359" dir="0" index="2" bw="7" slack="0"/>
<pin id="360" dir="0" index="3" bw="7" slack="0"/>
<pin id="361" dir="1" index="4" bw="32" slack="0"/>
</pin_list>
<bind>
<opcode="partselect(1002) " fcode="partselect"/>
<opset="data_split_1_V/4 "/>
</bind>
</comp>

<comp id="369" class="1004" name="data_split_2_V_fu_369">
<pin_list>
<pin id="370" dir="0" index="0" bw="32" slack="0"/>
<pin id="371" dir="0" index="1" bw="128" slack="0"/>
<pin id="372" dir="0" index="2" bw="8" slack="0"/>
<pin id="373" dir="0" index="3" bw="8" slack="0"/>
<pin id="374" dir="1" index="4" bw="32" slack="0"/>
</pin_list>
<bind>
<opcode="partselect(1002) " fcode="partselect"/>
<opset="data_split_2_V/4 "/>
</bind>
</comp>

<comp id="382" class="1004" name="data_split_3_V_fu_382">
<pin_list>
<pin id="383" dir="0" index="0" bw="32" slack="0"/>
<pin id="384" dir="0" index="1" bw="128" slack="0"/>
<pin id="385" dir="0" index="2" bw="8" slack="0"/>
<pin id="386" dir="0" index="3" bw="8" slack="0"/>
<pin id="387" dir="1" index="4" bw="32" slack="0"/>
</pin_list>
<bind>
<opcode="partselect(1002) " fcode="partselect"/>
<opset="data_split_3_V/4 "/>
</bind>
</comp>

<comp id="395" class="1004" name="data_split_0_V_2_fu_395">
<pin_list>
<pin id="396" dir="0" index="0" bw="32" slack="0"/>
<pin id="397" dir="1" index="1" bw="32" slack="0"/>
</pin_list>
<bind>
<opcode="bitcast(44) " fcode="bitcast"/>
<opset="data_split_0_V_2/4 "/>
</bind>
</comp>

<comp id="403" class="1004" name="p_Result_s_fu_403">
<pin_list>
<pin id="404" dir="0" index="0" bw="128" slack="0"/>
<pin id="405" dir="0" index="1" bw="32" slack="0"/>
<pin id="406" dir="0" index="2" bw="32" slack="0"/>
<pin id="407" dir="0" index="3" bw="32" slack="0"/>
<pin id="408" dir="0" index="4" bw="32" slack="0"/>
<pin id="409" dir="1" index="5" bw="128" slack="0"/>
</pin_list>
<bind>
<opcode="bitconcatenate(1004) " fcode="bitconcatenate"/>
<opset="p_Result_s/4 "/>
</bind>
</comp>

<comp id="416" class="1004" name="icmp_ln927_fu_416">
<pin_list>
<pin id="417" dir="0" index="0" bw="5" slack="0"/>
<pin id="418" dir="0" index="1" bw="5" slack="0"/>
<pin id="419" dir="1" index="2" bw="1" slack="1"/>
</pin_list>
<bind>
<opcode="icmp(45) " fcode="icmp"/>
<opset="icmp_ln927/6 "/>
</bind>
</comp>

<comp id="422" class="1004" name="add_ln927_fu_422">
<pin_list>
<pin id="423" dir="0" index="0" bw="5" slack="0"/>
<pin id="424" dir="0" index="1" bw="1" slack="0"/>
<pin id="425" dir="1" index="2" bw="5" slack="0"/>
</pin_list>
<bind>
<opcode="add(8) " fcode="add"/>
<opset="add_ln927/6 "/>
</bind>
</comp>

<comp id="428" class="1004" name="add_ln700_fu_428">
<pin_list>
<pin id="429" dir="0" index="0" bw="4" slack="0"/>
<pin id="430" dir="0" index="1" bw="1" slack="0"/>
<pin id="431" dir="1" index="2" bw="4" slack="0"/>
</pin_list>
<bind>
<opcode="add(8) " fcode="add"/>
<opset="add_ln700/6 "/>
</bind>
</comp>

<comp id="434" class="1004" name="icmp_ln929_fu_434">
<pin_list>
<pin id="435" dir="0" index="0" bw="2" slack="0"/>
<pin id="436" dir="0" index="1" bw="2" slack="0"/>
<pin id="437" dir="1" index="2" bw="1" slack="0"/>
</pin_list>
<bind>
<opcode="icmp(45) " fcode="icmp"/>
<opset="icmp_ln929/6 "/>
</bind>
</comp>

<comp id="440" class="1004" name="select_ln544_fu_440">
<pin_list>
<pin id="441" dir="0" index="0" bw="1" slack="0"/>
<pin id="442" dir="0" index="1" bw="1" slack="0"/>
<pin id="443" dir="0" index="2" bw="2" slack="0"/>
<pin id="444" dir="1" index="3" bw="2" slack="0"/>
</pin_list>
<bind>
<opcode="select(49) " fcode="select"/>
<opset="select_ln544/6 "/>
</bind>
</comp>

<comp id="448" class="1004" name="select_ln544_2_fu_448">
<pin_list>
<pin id="449" dir="0" index="0" bw="1" slack="0"/>
<pin id="450" dir="0" index="1" bw="4" slack="0"/>
<pin id="451" dir="0" index="2" bw="4" slack="0"/>
<pin id="452" dir="1" index="3" bw="4" slack="0"/>
</pin_list>
<bind>
<opcode="select(49) " fcode="select"/>
<opset="select_ln544_2/6 "/>
</bind>
</comp>

<comp id="456" class="1004" name="tmp_8_fu_456">
<pin_list>
<pin id="457" dir="0" index="0" bw="5" slack="0"/>
<pin id="458" dir="0" index="1" bw="4" slack="0"/>
<pin id="459" dir="0" index="2" bw="1" slack="0"/>
<pin id="460" dir="1" index="3" bw="5" slack="0"/>
</pin_list>
<bind>
<opcode="bitconcatenate(1004) " fcode="bitconcatenate"/>
<opset="tmp_8/6 "/>
</bind>
</comp>

<comp id="464" class="1004" name="zext_ln929_fu_464">
<pin_list>
<pin id="465" dir="0" index="0" bw="5" slack="0"/>
<pin id="466" dir="1" index="1" bw="6" slack="0"/>
</pin_list>
<bind>
<opcode="zext(34) " fcode="zext"/>
<opset="zext_ln929/6 "/>
</bind>
</comp>

<comp id="468" class="1004" name="zext_ln321_1_fu_468">
<pin_list>
<pin id="469" dir="0" index="0" bw="2" slack="0"/>
<pin id="470" dir="1" index="1" bw="6" slack="0"/>
</pin_list>
<bind>
<opcode="zext(34) " fcode="zext"/>
<opset="zext_ln321_1/6 "/>
</bind>
</comp>

<comp id="472" class="1004" name="add_ln321_fu_472">
<pin_list>
<pin id="473" dir="0" index="0" bw="2" slack="0"/>
<pin id="474" dir="0" index="1" bw="5" slack="0"/>
<pin id="475" dir="1" index="2" bw="6" slack="0"/>
</pin_list>
<bind>
<opcode="add(8) " fcode="add"/>
<opset="add_ln321/6 "/>
</bind>
</comp>

<comp id="478" class="1004" name="zext_ln321_2_fu_478">
<pin_list>
<pin id="479" dir="0" index="0" bw="6" slack="0"/>
<pin id="480" dir="1" index="1" bw="64" slack="0"/>
</pin_list>
<bind>
<opcode="zext(34) " fcode="zext"/>
<opset="zext_ln321_2/6 "/>
</bind>
</comp>

<comp id="483" class="1004" name="add_ln700_3_fu_483">
<pin_list>
<pin id="484" dir="0" index="0" bw="2" slack="0"/>
<pin id="485" dir="0" index="1" bw="1" slack="0"/>
<pin id="486" dir="1" index="2" bw="2" slack="0"/>
</pin_list>
<bind>
<opcode="add(8) " fcode="add"/>
<opset="add_ln700_3/6 "/>
</bind>
</comp>

<comp id="489" class="1005" name="icmp_ln1000_reg_489">
<pin_list>
<pin id="490" dir="0" index="0" bw="1" slack="1"/>
<pin id="491" dir="1" index="1" bw="1" slack="2147483647"/>
</pin_list>
<bind>
<opset="icmp_ln1000 "/>
</bind>
</comp>

<comp id="493" class="1005" name="add_ln1000_reg_493">
<pin_list>
<pin id="494" dir="0" index="0" bw="5" slack="0"/>
<pin id="495" dir="1" index="1" bw="5" slack="0"/>
</pin_list>
<bind>
<opset="add_ln1000 "/>
</bind>
</comp>

<comp id="498" class="1005" name="icmp_ln849_reg_498">
<pin_list>
<pin id="499" dir="0" index="0" bw="1" slack="1"/>
<pin id="500" dir="1" index="1" bw="1" slack="2147483647"/>
</pin_list>
<bind>
<opset="icmp_ln849 "/>
</bind>
</comp>

<comp id="502" class="1005" name="add_ln849_reg_502">
<pin_list>
<pin id="503" dir="0" index="0" bw="7" slack="0"/>
<pin id="504" dir="1" index="1" bw="7" slack="0"/>
</pin_list>
<bind>
<opset="add_ln849 "/>
</bind>
</comp>

<comp id="507" class="1005" name="select_ln1371_1_reg_507">
<pin_list>
<pin id="508" dir="0" index="0" bw="4" slack="0"/>
<pin id="509" dir="1" index="1" bw="4" slack="0"/>
</pin_list>
<bind>
<opset="select_ln1371_1 "/>
</bind>
</comp>

<comp id="512" class="1005" name="trunc_ln1371_reg_512">
<pin_list>
<pin id="513" dir="0" index="0" bw="2" slack="1"/>
<pin id="514" dir="1" index="1" bw="2" slack="2147483647"/>
</pin_list>
<bind>
<opset="trunc_ln1371 "/>
</bind>
</comp>

<comp id="516" class="1005" name="local_C_V_addr_reg_516">
<pin_list>
<pin id="517" dir="0" index="0" bw="4" slack="1"/>
<pin id="518" dir="1" index="1" bw="4" slack="1"/>
</pin_list>
<bind>
<opset="local_C_V_addr "/>
</bind>
</comp>

<comp id="522" class="1005" name="c7_V_reg_522">
<pin_list>
<pin id="523" dir="0" index="0" bw="4" slack="0"/>
<pin id="524" dir="1" index="1" bw="4" slack="0"/>
</pin_list>
<bind>
<opset="c7_V "/>
</bind>
</comp>

<comp id="527" class="1005" name="icmp_ln927_reg_527">
<pin_list>
<pin id="528" dir="0" index="0" bw="1" slack="1"/>
<pin id="529" dir="1" index="1" bw="1" slack="2147483647"/>
</pin_list>
<bind>
<opset="icmp_ln927 "/>
</bind>
</comp>

<comp id="531" class="1005" name="add_ln927_reg_531">
<pin_list>
<pin id="532" dir="0" index="0" bw="5" slack="0"/>
<pin id="533" dir="1" index="1" bw="5" slack="0"/>
</pin_list>
<bind>
<opset="add_ln927 "/>
</bind>
</comp>

<comp id="536" class="1005" name="select_ln544_2_reg_536">
<pin_list>
<pin id="537" dir="0" index="0" bw="4" slack="0"/>
<pin id="538" dir="1" index="1" bw="4" slack="0"/>
</pin_list>
<bind>
<opset="select_ln544_2 "/>
</bind>
</comp>

<comp id="541" class="1005" name="local_C_V_addr_1_reg_541">
<pin_list>
<pin id="542" dir="0" index="0" bw="4" slack="1"/>
<pin id="543" dir="1" index="1" bw="4" slack="1"/>
</pin_list>
<bind>
<opset="local_C_V_addr_1 "/>
</bind>
</comp>

<comp id="546" class="1005" name="add_ln700_3_reg_546">
<pin_list>
<pin id="547" dir="0" index="0" bw="2" slack="0"/>
<pin id="548" dir="1" index="1" bw="2" slack="0"/>
</pin_list>
<bind>
<opset="add_ln700_3 "/>
</bind>
</comp>

</comp_list>

<net_list>
<net id="99"><net_src comp="22" pin="0"/><net_sink comp="96" pin=0"/></net>

<net id="104"><net_src comp="64" pin="0"/><net_sink comp="100" pin=0"/></net>

<net id="105"><net_src comp="2" pin="0"/><net_sink comp="100" pin=1"/></net>

<net id="111"><net_src comp="94" pin="0"/><net_sink comp="106" pin=0"/></net>

<net id="112"><net_src comp="0" pin="0"/><net_sink comp="106" pin=1"/></net>

<net id="118"><net_src comp="52" pin="0"/><net_sink comp="113" pin=1"/></net>

<net id="124"><net_src comp="113" pin="3"/><net_sink comp="119" pin=0"/></net>

<net id="134"><net_src comp="52" pin="0"/><net_sink comp="129" pin=1"/></net>

<net id="135"><net_src comp="119" pin="3"/><net_sink comp="106" pin=2"/></net>

<net id="136"><net_src comp="129" pin="3"/><net_sink comp="119" pin=0"/></net>

<net id="140"><net_src comp="26" pin="0"/><net_sink comp="137" pin=0"/></net>

<net id="147"><net_src comp="137" pin="1"/><net_sink comp="141" pin=0"/></net>

<net id="151"><net_src comp="36" pin="0"/><net_sink comp="148" pin=0"/></net>

<net id="158"><net_src comp="148" pin="1"/><net_sink comp="152" pin=0"/></net>

<net id="162"><net_src comp="38" pin="0"/><net_sink comp="159" pin=0"/></net>

<net id="169"><net_src comp="159" pin="1"/><net_sink comp="163" pin=0"/></net>

<net id="173"><net_src comp="38" pin="0"/><net_sink comp="170" pin=0"/></net>

<net id="180"><net_src comp="170" pin="1"/><net_sink comp="174" pin=0"/></net>

<net id="236"><net_src comp="26" pin="0"/><net_sink comp="233" pin=0"/></net>

<net id="243"><net_src comp="233" pin="1"/><net_sink comp="237" pin=2"/></net>

<net id="247"><net_src comp="38" pin="0"/><net_sink comp="244" pin=0"/></net>

<net id="254"><net_src comp="244" pin="1"/><net_sink comp="248" pin=2"/></net>

<net id="258"><net_src comp="80" pin="0"/><net_sink comp="255" pin=0"/></net>

<net id="265"><net_src comp="255" pin="1"/><net_sink comp="259" pin=2"/></net>

<net id="270"><net_src comp="141" pin="4"/><net_sink comp="266" pin=0"/></net>

<net id="271"><net_src comp="28" pin="0"/><net_sink comp="266" pin=1"/></net>

<net id="276"><net_src comp="141" pin="4"/><net_sink comp="272" pin=0"/></net>

<net id="277"><net_src comp="30" pin="0"/><net_sink comp="272" pin=1"/></net>

<net id="282"><net_src comp="152" pin="4"/><net_sink comp="278" pin=0"/></net>

<net id="283"><net_src comp="40" pin="0"/><net_sink comp="278" pin=1"/></net>

<net id="288"><net_src comp="152" pin="4"/><net_sink comp="284" pin=0"/></net>

<net id="289"><net_src comp="42" pin="0"/><net_sink comp="284" pin=1"/></net>

<net id="294"><net_src comp="44" pin="0"/><net_sink comp="290" pin=0"/></net>

<net id="295"><net_src comp="163" pin="4"/><net_sink comp="290" pin=1"/></net>

<net id="300"><net_src comp="174" pin="4"/><net_sink comp="296" pin=0"/></net>

<net id="301"><net_src comp="46" pin="0"/><net_sink comp="296" pin=1"/></net>

<net id="307"><net_src comp="296" pin="2"/><net_sink comp="302" pin=0"/></net>

<net id="308"><net_src comp="38" pin="0"/><net_sink comp="302" pin=1"/></net>

<net id="309"><net_src comp="174" pin="4"/><net_sink comp="302" pin=2"/></net>

<net id="315"><net_src comp="296" pin="2"/><net_sink comp="310" pin=0"/></net>

<net id="316"><net_src comp="290" pin="2"/><net_sink comp="310" pin=1"/></net>

<net id="317"><net_src comp="163" pin="4"/><net_sink comp="310" pin=2"/></net>

<net id="323"><net_src comp="48" pin="0"/><net_sink comp="318" pin=0"/></net>

<net id="324"><net_src comp="310" pin="3"/><net_sink comp="318" pin=1"/></net>

<net id="325"><net_src comp="12" pin="0"/><net_sink comp="318" pin=2"/></net>

<net id="329"><net_src comp="310" pin="3"/><net_sink comp="326" pin=0"/></net>

<net id="335"><net_src comp="50" pin="0"/><net_sink comp="330" pin=0"/></net>

<net id="336"><net_src comp="302" pin="3"/><net_sink comp="330" pin=1"/></net>

<net id="337"><net_src comp="318" pin="3"/><net_sink comp="330" pin=2"/></net>

<net id="341"><net_src comp="330" pin="3"/><net_sink comp="338" pin=0"/></net>

<net id="342"><net_src comp="338" pin="1"/><net_sink comp="113" pin=2"/></net>

<net id="347"><net_src comp="302" pin="3"/><net_sink comp="343" pin=0"/></net>

<net id="348"><net_src comp="44" pin="0"/><net_sink comp="343" pin=1"/></net>

<net id="352"><net_src comp="119" pin="3"/><net_sink comp="349" pin=0"/></net>

<net id="353"><net_src comp="349" pin="1"/><net_sink comp="223" pin=0"/></net>

<net id="354"><net_src comp="349" pin="1"/><net_sink comp="223" pin=2"/></net>

<net id="355"><net_src comp="349" pin="1"/><net_sink comp="223" pin=4"/></net>

<net id="362"><net_src comp="66" pin="0"/><net_sink comp="356" pin=0"/></net>

<net id="363"><net_src comp="119" pin="3"/><net_sink comp="356" pin=1"/></net>

<net id="364"><net_src comp="68" pin="0"/><net_sink comp="356" pin=2"/></net>

<net id="365"><net_src comp="70" pin="0"/><net_sink comp="356" pin=3"/></net>

<net id="366"><net_src comp="356" pin="4"/><net_sink comp="210" pin=0"/></net>

<net id="367"><net_src comp="356" pin="4"/><net_sink comp="210" pin=2"/></net>

<net id="368"><net_src comp="356" pin="4"/><net_sink comp="210" pin=6"/></net>

<net id="375"><net_src comp="66" pin="0"/><net_sink comp="369" pin=0"/></net>

<net id="376"><net_src comp="119" pin="3"/><net_sink comp="369" pin=1"/></net>

<net id="377"><net_src comp="72" pin="0"/><net_sink comp="369" pin=2"/></net>

<net id="378"><net_src comp="74" pin="0"/><net_sink comp="369" pin=3"/></net>

<net id="379"><net_src comp="369" pin="4"/><net_sink comp="197" pin=0"/></net>

<net id="380"><net_src comp="369" pin="4"/><net_sink comp="197" pin=4"/></net>

<net id="381"><net_src comp="369" pin="4"/><net_sink comp="197" pin=6"/></net>

<net id="388"><net_src comp="66" pin="0"/><net_sink comp="382" pin=0"/></net>

<net id="389"><net_src comp="119" pin="3"/><net_sink comp="382" pin=1"/></net>

<net id="390"><net_src comp="76" pin="0"/><net_sink comp="382" pin=2"/></net>

<net id="391"><net_src comp="78" pin="0"/><net_sink comp="382" pin=3"/></net>

<net id="392"><net_src comp="382" pin="4"/><net_sink comp="184" pin=2"/></net>

<net id="393"><net_src comp="382" pin="4"/><net_sink comp="184" pin=4"/></net>

<net id="394"><net_src comp="382" pin="4"/><net_sink comp="184" pin=6"/></net>

<net id="398"><net_src comp="100" pin="2"/><net_sink comp="395" pin=0"/></net>

<net id="399"><net_src comp="395" pin="1"/><net_sink comp="184" pin=0"/></net>

<net id="400"><net_src comp="395" pin="1"/><net_sink comp="197" pin=2"/></net>

<net id="401"><net_src comp="395" pin="1"/><net_sink comp="210" pin=4"/></net>

<net id="402"><net_src comp="395" pin="1"/><net_sink comp="223" pin=6"/></net>

<net id="410"><net_src comp="86" pin="0"/><net_sink comp="403" pin=0"/></net>

<net id="411"><net_src comp="184" pin="8"/><net_sink comp="403" pin=1"/></net>

<net id="412"><net_src comp="197" pin="8"/><net_sink comp="403" pin=2"/></net>

<net id="413"><net_src comp="210" pin="8"/><net_sink comp="403" pin=3"/></net>

<net id="414"><net_src comp="223" pin="8"/><net_sink comp="403" pin=4"/></net>

<net id="415"><net_src comp="403" pin="5"/><net_sink comp="119" pin=4"/></net>

<net id="420"><net_src comp="237" pin="4"/><net_sink comp="416" pin=0"/></net>

<net id="421"><net_src comp="28" pin="0"/><net_sink comp="416" pin=1"/></net>

<net id="426"><net_src comp="237" pin="4"/><net_sink comp="422" pin=0"/></net>

<net id="427"><net_src comp="30" pin="0"/><net_sink comp="422" pin=1"/></net>

<net id="432"><net_src comp="248" pin="4"/><net_sink comp="428" pin=0"/></net>

<net id="433"><net_src comp="44" pin="0"/><net_sink comp="428" pin=1"/></net>

<net id="438"><net_src comp="259" pin="4"/><net_sink comp="434" pin=0"/></net>

<net id="439"><net_src comp="84" pin="0"/><net_sink comp="434" pin=1"/></net>

<net id="445"><net_src comp="434" pin="2"/><net_sink comp="440" pin=0"/></net>

<net id="446"><net_src comp="80" pin="0"/><net_sink comp="440" pin=1"/></net>

<net id="447"><net_src comp="259" pin="4"/><net_sink comp="440" pin=2"/></net>

<net id="453"><net_src comp="434" pin="2"/><net_sink comp="448" pin=0"/></net>

<net id="454"><net_src comp="428" pin="2"/><net_sink comp="448" pin=1"/></net>

<net id="455"><net_src comp="248" pin="4"/><net_sink comp="448" pin=2"/></net>

<net id="461"><net_src comp="50" pin="0"/><net_sink comp="456" pin=0"/></net>

<net id="462"><net_src comp="448" pin="3"/><net_sink comp="456" pin=1"/></net>

<net id="463"><net_src comp="90" pin="0"/><net_sink comp="456" pin=2"/></net>

<net id="467"><net_src comp="456" pin="3"/><net_sink comp="464" pin=0"/></net>

<net id="471"><net_src comp="440" pin="3"/><net_sink comp="468" pin=0"/></net>

<net id="476"><net_src comp="468" pin="1"/><net_sink comp="472" pin=0"/></net>

<net id="477"><net_src comp="464" pin="1"/><net_sink comp="472" pin=1"/></net>

<net id="481"><net_src comp="472" pin="2"/><net_sink comp="478" pin=0"/></net>

<net id="482"><net_src comp="478" pin="1"/><net_sink comp="129" pin=2"/></net>

<net id="487"><net_src comp="440" pin="3"/><net_sink comp="483" pin=0"/></net>

<net id="488"><net_src comp="82" pin="0"/><net_sink comp="483" pin=1"/></net>

<net id="492"><net_src comp="266" pin="2"/><net_sink comp="489" pin=0"/></net>

<net id="496"><net_src comp="272" pin="2"/><net_sink comp="493" pin=0"/></net>

<net id="497"><net_src comp="493" pin="1"/><net_sink comp="141" pin=2"/></net>

<net id="501"><net_src comp="278" pin="2"/><net_sink comp="498" pin=0"/></net>

<net id="505"><net_src comp="284" pin="2"/><net_sink comp="502" pin=0"/></net>

<net id="506"><net_src comp="502" pin="1"/><net_sink comp="152" pin=2"/></net>

<net id="510"><net_src comp="310" pin="3"/><net_sink comp="507" pin=0"/></net>

<net id="511"><net_src comp="507" pin="1"/><net_sink comp="163" pin=2"/></net>

<net id="515"><net_src comp="326" pin="1"/><net_sink comp="512" pin=0"/></net>

<net id="519"><net_src comp="113" pin="3"/><net_sink comp="516" pin=0"/></net>

<net id="520"><net_src comp="516" pin="1"/><net_sink comp="119" pin=0"/></net>

<net id="521"><net_src comp="516" pin="1"/><net_sink comp="119" pin=2"/></net>

<net id="525"><net_src comp="343" pin="2"/><net_sink comp="522" pin=0"/></net>

<net id="526"><net_src comp="522" pin="1"/><net_sink comp="174" pin=2"/></net>

<net id="530"><net_src comp="416" pin="2"/><net_sink comp="527" pin=0"/></net>

<net id="534"><net_src comp="422" pin="2"/><net_sink comp="531" pin=0"/></net>

<net id="535"><net_src comp="531" pin="1"/><net_sink comp="237" pin=0"/></net>

<net id="539"><net_src comp="448" pin="3"/><net_sink comp="536" pin=0"/></net>

<net id="540"><net_src comp="536" pin="1"/><net_sink comp="248" pin=0"/></net>

<net id="544"><net_src comp="129" pin="3"/><net_sink comp="541" pin=0"/></net>

<net id="545"><net_src comp="541" pin="1"/><net_sink comp="119" pin=0"/></net>

<net id="549"><net_src comp="483" pin="2"/><net_sink comp="546" pin=0"/></net>

<net id="550"><net_src comp="546" pin="1"/><net_sink comp="259" pin=0"/></net>

</net_list>

</model> 
---------------- Datapath Model END ------------------

* FSMD analyzer results:
  - Output states:
	Port: fifo_C_drain_out_V_V | {7 }
 - Input state : 
	Port: C_drain_IO_L1_out_boundary_wrapper135 : fifo_C_drain_local_in_V | {4 }
  - Chain level:
	State 1
		specmemcore_ln997 : 1
	State 2
		icmp_ln1000 : 1
		add_ln1000 : 1
		br_ln1000 : 2
	State 3
		icmp_ln849 : 1
		add_ln849 : 1
		br_ln849 : 2
		c6_V : 1
		icmp_ln851 : 1
		select_ln1371 : 2
		select_ln1371_1 : 2
		tmp : 3
		trunc_ln1371 : 3
		tmp_7 : 4
		zext_ln321 : 5
		local_C_V_addr : 6
		out_data_V : 7
		c7_V : 3
	State 4
		data_split_0_V : 1
		data_split_1_V : 1
		data_split_2_V : 1
		data_split_3_V : 1
		v1_V : 2
		v2_V_6 : 2
		v2_V_5 : 2
		v2_V : 2
		p_Result_s : 3
		store_ln868 : 4
		empty : 1
	State 5
	State 6
		icmp_ln927 : 1
		add_ln927 : 1
		br_ln927 : 2
		add_ln700 : 1
		icmp_ln929 : 1
		select_ln544 : 2
		select_ln544_2 : 2
		tmp_8 : 3
		zext_ln929 : 4
		zext_ln321_1 : 3
		add_ln321 : 5
		zext_ln321_2 : 6
		local_C_V_addr_1 : 7
		tmp_V : 8
		add_ln700_3 : 3
	State 7
		write_ln936 : 1
		empty_92 : 1
	State 8


============================================================
+ Verbose Summary: Datapath Resource usage 
============================================================

* Functional unit list:
|----------|--------------------------|---------|---------|
| Operation|      Functional Unit     |    FF   |   LUT   |
|----------|--------------------------|---------|---------|
|          |    icmp_ln1000_fu_266    |    0    |    11   |
|          |     icmp_ln849_fu_278    |    0    |    11   |
|   icmp   |     icmp_ln851_fu_296    |    0    |    9    |
|          |     icmp_ln927_fu_416    |    0    |    11   |
|          |     icmp_ln929_fu_434    |    0    |    8    |
|----------|--------------------------|---------|---------|
|          |     add_ln1000_fu_272    |    0    |    6    |
|          |     add_ln849_fu_284     |    0    |    7    |
|          |        c6_V_fu_290       |    0    |    6    |
|    add   |        c7_V_fu_343       |    0    |    6    |
|          |     add_ln927_fu_422     |    0    |    6    |
|          |     add_ln700_fu_428     |    0    |    6    |
|          |     add_ln321_fu_472     |    0    |    6    |
|          |    add_ln700_3_fu_483    |    0    |    3    |
|----------|--------------------------|---------|---------|
|          |   select_ln1371_fu_302   |    0    |    4    |
|  select  |  select_ln1371_1_fu_310  |    0    |    4    |
|          |    select_ln544_fu_440   |    0    |    2    |
|          |   select_ln544_2_fu_448  |    0    |    4    |
|----------|--------------------------|---------|---------|
|   read   |     tmp_4_read_fu_100    |    0    |    0    |
|----------|--------------------------|---------|---------|
|   write  | write_ln936_write_fu_106 |    0    |    0    |
|----------|--------------------------|---------|---------|
| bitselect|        tmp_fu_318        |    0    |    0    |
|----------|--------------------------|---------|---------|
|   trunc  |    trunc_ln1371_fu_326   |    0    |    0    |
|          |   data_split_0_V_fu_349  |    0    |    0    |
|----------|--------------------------|---------|---------|
|          |       tmp_7_fu_330       |    0    |    0    |
|bitconcatenate|     p_Result_s_fu_403    |    0    |    0    |
|          |       tmp_8_fu_456       |    0    |    0    |
|----------|--------------------------|---------|---------|
|          |     zext_ln321_fu_338    |    0    |    0    |
|   zext   |     zext_ln929_fu_464    |    0    |    0    |
|          |    zext_ln321_1_fu_468   |    0    |    0    |
|          |    zext_ln321_2_fu_478   |    0    |    0    |
|----------|--------------------------|---------|---------|
|          |   data_split_1_V_fu_356  |    0    |    0    |
|partselect|   data_split_2_V_fu_369  |    0    |    0    |
|          |   data_split_3_V_fu_382  |    0    |    0    |
|----------|--------------------------|---------|---------|
|   Total  |                          |    0    |   110   |
|----------|--------------------------|---------|---------|

Memories:
+---------+--------+--------+--------+--------+
|         |  BRAM  |   FF   |   LUT  |  URAM  |
+---------+--------+--------+--------+--------+
|local_C_V|    4   |    0   |    0   |    0   |
+---------+--------+--------+--------+--------+
|  Total  |    4   |    0   |    0   |    0   |
+---------+--------+--------+--------+--------+

* Register list:
+------------------------+--------+
|                        |   FF   |
+------------------------+--------+
|   add_ln1000_reg_493   |    5   |
|   add_ln700_3_reg_546  |    2   |
|    add_ln849_reg_502   |    7   |
|    add_ln927_reg_531   |    5   |
|      c7_V_reg_522      |    4   |
|   icmp_ln1000_reg_489  |    1   |
|   icmp_ln849_reg_498   |    1   |
|   icmp_ln927_reg_527   |    1   |
|indvar_flatten13_reg_137|    5   |
| indvar_flatten6_reg_233|    5   |
| indvar_flatten_reg_148 |    7   |
|local_C_V_addr_1_reg_541|    4   |
| local_C_V_addr_reg_516 |    4   |
|  p_054_0_i_i_0_reg_255 |    2   |
|   p_062_0_i_i_reg_159  |    4   |
|  p_064_0_i_i_0_reg_244 |    4   |
|   p_076_0_i_i_reg_170  |    4   |
| select_ln1371_1_reg_507|    4   |
| select_ln544_2_reg_536 |    4   |
|  trunc_ln1371_reg_512  |    2   |
|      v1_V_reg_181      |   32   |
|     v2_V_5_reg_207     |   32   |
|     v2_V_6_reg_194     |   32   |
|      v2_V_reg_220      |   32   |
+------------------------+--------+
|          Total         |   203  |
+------------------------+--------+

* Multiplexer (MUX) list: 
|-------------------|------|------|------|--------||---------||---------|
|        Comp       |  Pin | Size |  BW  | S x BW ||  Delay  ||   LUT   |
|-------------------|------|------|------|--------||---------||---------|
| grp_access_fu_119 |  p0  |   4  |   4  |   16   ||    21   |
|-------------------|------|------|------|--------||---------||---------|
|       Total       |      |      |      |   16   ||  0.6315 ||    21   |
|-------------------|------|------|------|--------||---------||---------|



* Summary:
+-----------+--------+--------+--------+--------+--------+
|           |  BRAM  |  Delay |   FF   |   LUT  |  URAM  |
+-----------+--------+--------+--------+--------+--------+
|  Function |    -   |    -   |    0   |   110  |    -   |
|   Memory  |    4   |    -   |    0   |    0   |    0   |
|Multiplexer|    -   |    0   |    -   |   21   |    -   |
|  Register |    -   |    -   |   203  |    -   |    -   |
+-----------+--------+--------+--------+--------+--------+
|   Total   |    4   |    0   |   203  |   131  |    0   |
+-----------+--------+--------+--------+--------+--------+
