INFO: [SIM 2] *************** CSIM start ***************
INFO: [SIM 4] CSIM will launch GCC as the compiler.
   Compiling(apcc) ../../../../src/geem_test.c in debug mode
INFO: Applying HLS Y2K22 patch v1.2 for IP revision
INFO: [HLS 200-10] Running '/home/ulisses/Tools/Xilinx/Vivado/2019.2/bin/unwrapped/lnx64.o/apcc'
INFO: [HLS 200-10] For user 'ulisses' on host 'ulisses-thinkpad' (Linux_x86_64 version 5.15.0-130-generic) on Tue Jan 14 20:24:05 -03 2025
INFO: [HLS 200-10] On os Ubuntu 20.04.6 LTS
INFO: [HLS 200-10] In directory '/home/ulisses/Projects/masters-degree/geem/geem_hls/solution1/csim/build'
INFO: [APCC 202-3] Tmp directory is /tmp/apcc_db_ulisses/80441736897045391906
INFO: [APCC 202-1] APCC is done.
   Generating csim.exe
COMPUTE SA WAVES FUNCTION: SA 2X2

Insert Buffer A: li_0[0]=2 li_1[0]=0 
Insert Buffer B: tw_0[0]=9 tw_1[0]=0 
Computing SA wave [0]

Insert Buffer A: li_0[1]=1 li_1[1]=4 
Insert Buffer B: tw_0[1]=7 tw_1[1]=10 
Computing SA wave [1]

Insert Buffer A: li_0[2]=0 li_1[2]=3 
Insert Buffer B: tw_0[2]=0 tw_1[2]=8 
Computing SA wave [2]

Insert Buffer A: li_0[3]=0 li_1[3]=0 
Insert Buffer B: tw_0[3]=0 tw_1[3]=0 
Computing SA wave [3]

Insert Buffer A: li_0[4]=0 li_1[4]=0 
Insert Buffer B: tw_0[4]=0 tw_1[4]=0 
Computing SA wave [4]

SA Results:
25 28 
57 64 

INFO: [SIM 1] CSim done with 0 errors.
INFO: [SIM 3] *************** CSIM finish ***************
