

================================================================
== Vitis HLS Report for 'A_IO_L3_in_serialize'
================================================================
* Date:           Thu Sep 12 16:26:58 2024

* Version:        2023.1.1 (Build 3869133 on Jun 15 2023)
* Project:        hls_prj
* Solution:       solution1 (Vivado IP Flow Target)
* Product family: virtexuplus
* Target device:  xcu200-fsgd2104-2-e


================================================================
== Performance Estimates
================================================================
+ Timing: 
    * Summary: 
    +--------+---------+----------+------------+
    |  Clock |  Target | Estimated| Uncertainty|
    +--------+---------+----------+------------+
    |ap_clk  |  5.00 ns|  3.650 ns|     1.35 ns|
    +--------+---------+----------+------------+

+ Latency: 
    * Summary: 
    +---------+---------+----------+----------+------+------+---------+
    |  Latency (cycles) |  Latency (absolute) |   Interval  | Pipeline|
    |   min   |   max   |    min   |    max   |  min |  max |   Type  |
    +---------+---------+----------+----------+------+------+---------+
    |     1035|     1035|  5.175 us|  5.175 us|  1035|  1035|       no|
    +---------+---------+----------+----------+------+------+---------+

    + Detail: 
        * Instance: 
        N/A

        * Loop: 
        +-------------------+---------+---------+----------+-----------+-----------+------+----------+
        |                   |  Latency (cycles) | Iteration|  Initiation Interval  | Trip |          |
        |     Loop Name     |   min   |   max   |  Latency |  achieved |   target  | Count| Pipelined|
        +-------------------+---------+---------+----------+-----------+-----------+------+----------+
        |- VITIS_LOOP_38_1  |     1033|     1033|        11|          1|          1|  1024|       yes|
        +-------------------+---------+---------+----------+-----------+-----------+------+----------+



================================================================
== Utilization Estimates
================================================================
* Summary: 
+---------------------+---------+------+---------+---------+-----+
|         Name        | BRAM_18K|  DSP |    FF   |   LUT   | URAM|
+---------------------+---------+------+---------+---------+-----+
|DSP                  |        -|     -|        -|        -|    -|
|Expression           |        -|     -|        0|       53|    -|
|FIFO                 |        -|     -|        -|        -|    -|
|Instance             |        -|     -|        -|        -|    -|
|Memory               |        -|     -|        -|        -|    -|
|Multiplexer          |        -|     -|        -|       72|    -|
|Register             |        -|     -|      675|       32|    -|
+---------------------+---------+------+---------+---------+-----+
|Total                |        0|     0|      675|      157|    0|
+---------------------+---------+------+---------+---------+-----+
|Available SLR        |     1440|  2280|   788160|   394080|  320|
+---------------------+---------+------+---------+---------+-----+
|Utilization SLR (%)  |        0|     0|       ~0|       ~0|    0|
+---------------------+---------+------+---------+---------+-----+
|Available            |     4320|  6840|  2364480|  1182240|  960|
+---------------------+---------+------+---------+---------+-----+
|Utilization (%)      |        0|     0|       ~0|       ~0|    0|
+---------------------+---------+------+---------+---------+-----+

+ Detail: 
    * Instance: 
    N/A

    * DSP: 
    N/A

    * Memory: 
    N/A

    * FIFO: 
    N/A

    * Expression: 
    +------------------------------------+----------+----+---+----+------------+------------+
    |            Variable Name           | Operation| DSP| FF| LUT| Bitwidth P0| Bitwidth P1|
    +------------------------------------+----------+----+---+----+------------+------------+
    |add_ln38_fu_117_p2                  |         +|   0|  0|  18|          11|           1|
    |ap_block_state10_pp0_stage0_iter9   |       and|   0|  0|   2|           1|           1|
    |ap_block_state11_pp0_stage0_iter10  |       and|   0|  0|   2|           1|           1|
    |ap_block_state2_io                  |       and|   0|  0|   2|           1|           1|
    |ap_condition_257                    |       and|   0|  0|   2|           1|           1|
    |ap_condition_338                    |       and|   0|  0|   2|           1|           1|
    |icmp_ln38_fu_111_p2                 |      icmp|   0|  0|  19|          11|          12|
    |ap_block_pp0_stage0_01001           |        or|   0|  0|   2|           1|           1|
    |ap_block_pp0_stage0_11001           |        or|   0|  0|   2|           1|           1|
    |ap_enable_pp0                       |       xor|   0|  0|   2|           1|           2|
    +------------------------------------+----------+----+---+----+------------+------------+
    |Total                               |          |   0|  0|  53|          30|          22|
    +------------------------------------+----------+----+---+----+------------+------------+

    * Multiplexer: 
    +-----------------------------------+----+-----------+-----+-----------+
    |                Name               | LUT| Input Size| Bits| Total Bits|
    +-----------------------------------+----+-----------+-----+-----------+
    |ap_done_int                        |   9|          2|    1|          2|
    |ap_enable_reg_pp0_iter1            |   9|          2|    1|          2|
    |ap_sig_allocacmp_i_3               |   9|          2|   11|         22|
    |fifo_A_A_IO_L3_in_serialize_blk_n  |   9|          2|    1|          2|
    |gmem_A_blk_n_AR                    |   9|          2|    1|          2|
    |gmem_A_blk_n_R                     |   9|          2|    1|          2|
    |i_fu_62                            |   9|          2|   11|         22|
    |real_start                         |   9|          2|    1|          2|
    +-----------------------------------+----+-----------+-----+-----------+
    |Total                              |  72|         16|   28|         56|
    +-----------------------------------+----+-----------+-----+-----------+

    * Register: 
    +----------------------------------+-----+----+-----+-----------+
    |               Name               |  FF | LUT| Bits| Const Bits|
    +----------------------------------+-----+----+-----+-----------+
    |A_read_reg_155                    |   64|   0|   64|          0|
    |ap_CS_fsm                         |    1|   0|    1|          0|
    |ap_done_reg                       |    1|   0|    1|          0|
    |ap_enable_reg_pp0_iter1           |    1|   0|    1|          0|
    |ap_enable_reg_pp0_iter10          |    1|   0|    1|          0|
    |ap_enable_reg_pp0_iter2           |    1|   0|    1|          0|
    |ap_enable_reg_pp0_iter3           |    1|   0|    1|          0|
    |ap_enable_reg_pp0_iter4           |    1|   0|    1|          0|
    |ap_enable_reg_pp0_iter5           |    1|   0|    1|          0|
    |ap_enable_reg_pp0_iter6           |    1|   0|    1|          0|
    |ap_enable_reg_pp0_iter7           |    1|   0|    1|          0|
    |ap_enable_reg_pp0_iter8           |    1|   0|    1|          0|
    |ap_enable_reg_pp0_iter9           |    1|   0|    1|          0|
    |ap_loop_exit_ready_pp0_iter1_reg  |    1|   0|    1|          0|
    |ap_loop_exit_ready_pp0_iter2_reg  |    1|   0|    1|          0|
    |ap_loop_exit_ready_pp0_iter3_reg  |    1|   0|    1|          0|
    |ap_loop_exit_ready_pp0_iter4_reg  |    1|   0|    1|          0|
    |ap_loop_exit_ready_pp0_iter5_reg  |    1|   0|    1|          0|
    |ap_loop_exit_ready_pp0_iter6_reg  |    1|   0|    1|          0|
    |ap_loop_exit_ready_pp0_iter7_reg  |    1|   0|    1|          0|
    |ap_loop_exit_ready_pp0_iter8_reg  |    1|   0|    1|          0|
    |ap_loop_exit_ready_pp0_iter9_reg  |    1|   0|    1|          0|
    |first_iter_0_reg_91               |    1|   0|    1|          0|
    |gmem_A_addr_read_reg_170          |  512|   0|  512|          0|
    |i_fu_62                           |   11|   0|   11|          0|
    |icmp_ln38_reg_160                 |    1|   0|    1|          0|
    |start_once_reg                    |    1|   0|    1|          0|
    |icmp_ln38_reg_160                 |   64|  32|    1|          0|
    +----------------------------------+-----+----+-----+-----------+
    |Total                             |  675|  32|  612|          0|
    +----------------------------------+-----+----+-----+-----------+



================================================================
== Interface
================================================================
* Summary: 
+--------------------------------------------+-----+-----+------------+-----------------------------+--------------+
|                  RTL Ports                 | Dir | Bits|  Protocol  |        Source Object        |    C Type    |
+--------------------------------------------+-----+-----+------------+-----------------------------+--------------+
|ap_clk                                      |   in|    1|  ap_ctrl_hs|         A_IO_L3_in_serialize|  return value|
|ap_rst                                      |   in|    1|  ap_ctrl_hs|         A_IO_L3_in_serialize|  return value|
|ap_start                                    |   in|    1|  ap_ctrl_hs|         A_IO_L3_in_serialize|  return value|
|start_full_n                                |   in|    1|  ap_ctrl_hs|         A_IO_L3_in_serialize|  return value|
|ap_done                                     |  out|    1|  ap_ctrl_hs|         A_IO_L3_in_serialize|  return value|
|ap_continue                                 |   in|    1|  ap_ctrl_hs|         A_IO_L3_in_serialize|  return value|
|ap_idle                                     |  out|    1|  ap_ctrl_hs|         A_IO_L3_in_serialize|  return value|
|ap_ready                                    |  out|    1|  ap_ctrl_hs|         A_IO_L3_in_serialize|  return value|
|start_out                                   |  out|    1|  ap_ctrl_hs|         A_IO_L3_in_serialize|  return value|
|start_write                                 |  out|    1|  ap_ctrl_hs|         A_IO_L3_in_serialize|  return value|
|m_axi_gmem_A_AWVALID                        |  out|    1|       m_axi|                       gmem_A|       pointer|
|m_axi_gmem_A_AWREADY                        |   in|    1|       m_axi|                       gmem_A|       pointer|
|m_axi_gmem_A_AWADDR                         |  out|   64|       m_axi|                       gmem_A|       pointer|
|m_axi_gmem_A_AWID                           |  out|    1|       m_axi|                       gmem_A|       pointer|
|m_axi_gmem_A_AWLEN                          |  out|   32|       m_axi|                       gmem_A|       pointer|
|m_axi_gmem_A_AWSIZE                         |  out|    3|       m_axi|                       gmem_A|       pointer|
|m_axi_gmem_A_AWBURST                        |  out|    2|       m_axi|                       gmem_A|       pointer|
|m_axi_gmem_A_AWLOCK                         |  out|    2|       m_axi|                       gmem_A|       pointer|
|m_axi_gmem_A_AWCACHE                        |  out|    4|       m_axi|                       gmem_A|       pointer|
|m_axi_gmem_A_AWPROT                         |  out|    3|       m_axi|                       gmem_A|       pointer|
|m_axi_gmem_A_AWQOS                          |  out|    4|       m_axi|                       gmem_A|       pointer|
|m_axi_gmem_A_AWREGION                       |  out|    4|       m_axi|                       gmem_A|       pointer|
|m_axi_gmem_A_AWUSER                         |  out|    1|       m_axi|                       gmem_A|       pointer|
|m_axi_gmem_A_WVALID                         |  out|    1|       m_axi|                       gmem_A|       pointer|
|m_axi_gmem_A_WREADY                         |   in|    1|       m_axi|                       gmem_A|       pointer|
|m_axi_gmem_A_WDATA                          |  out|  512|       m_axi|                       gmem_A|       pointer|
|m_axi_gmem_A_WSTRB                          |  out|   64|       m_axi|                       gmem_A|       pointer|
|m_axi_gmem_A_WLAST                          |  out|    1|       m_axi|                       gmem_A|       pointer|
|m_axi_gmem_A_WID                            |  out|    1|       m_axi|                       gmem_A|       pointer|
|m_axi_gmem_A_WUSER                          |  out|    1|       m_axi|                       gmem_A|       pointer|
|m_axi_gmem_A_ARVALID                        |  out|    1|       m_axi|                       gmem_A|       pointer|
|m_axi_gmem_A_ARREADY                        |   in|    1|       m_axi|                       gmem_A|       pointer|
|m_axi_gmem_A_ARADDR                         |  out|   64|       m_axi|                       gmem_A|       pointer|
|m_axi_gmem_A_ARID                           |  out|    1|       m_axi|                       gmem_A|       pointer|
|m_axi_gmem_A_ARLEN                          |  out|   32|       m_axi|                       gmem_A|       pointer|
|m_axi_gmem_A_ARSIZE                         |  out|    3|       m_axi|                       gmem_A|       pointer|
|m_axi_gmem_A_ARBURST                        |  out|    2|       m_axi|                       gmem_A|       pointer|
|m_axi_gmem_A_ARLOCK                         |  out|    2|       m_axi|                       gmem_A|       pointer|
|m_axi_gmem_A_ARCACHE                        |  out|    4|       m_axi|                       gmem_A|       pointer|
|m_axi_gmem_A_ARPROT                         |  out|    3|       m_axi|                       gmem_A|       pointer|
|m_axi_gmem_A_ARQOS                          |  out|    4|       m_axi|                       gmem_A|       pointer|
|m_axi_gmem_A_ARREGION                       |  out|    4|       m_axi|                       gmem_A|       pointer|
|m_axi_gmem_A_ARUSER                         |  out|    1|       m_axi|                       gmem_A|       pointer|
|m_axi_gmem_A_RVALID                         |   in|    1|       m_axi|                       gmem_A|       pointer|
|m_axi_gmem_A_RREADY                         |  out|    1|       m_axi|                       gmem_A|       pointer|
|m_axi_gmem_A_RDATA                          |   in|  512|       m_axi|                       gmem_A|       pointer|
|m_axi_gmem_A_RLAST                          |   in|    1|       m_axi|                       gmem_A|       pointer|
|m_axi_gmem_A_RID                            |   in|    1|       m_axi|                       gmem_A|       pointer|
|m_axi_gmem_A_RFIFONUM                       |   in|    9|       m_axi|                       gmem_A|       pointer|
|m_axi_gmem_A_RUSER                          |   in|    1|       m_axi|                       gmem_A|       pointer|
|m_axi_gmem_A_RRESP                          |   in|    2|       m_axi|                       gmem_A|       pointer|
|m_axi_gmem_A_BVALID                         |   in|    1|       m_axi|                       gmem_A|       pointer|
|m_axi_gmem_A_BREADY                         |  out|    1|       m_axi|                       gmem_A|       pointer|
|m_axi_gmem_A_BRESP                          |   in|    2|       m_axi|                       gmem_A|       pointer|
|m_axi_gmem_A_BID                            |   in|    1|       m_axi|                       gmem_A|       pointer|
|m_axi_gmem_A_BUSER                          |   in|    1|       m_axi|                       gmem_A|       pointer|
|fifo_A_A_IO_L3_in_serialize_din             |  out|  512|     ap_fifo|  fifo_A_A_IO_L3_in_serialize|       pointer|
|fifo_A_A_IO_L3_in_serialize_num_data_valid  |   in|    2|     ap_fifo|  fifo_A_A_IO_L3_in_serialize|       pointer|
|fifo_A_A_IO_L3_in_serialize_fifo_cap        |   in|    2|     ap_fifo|  fifo_A_A_IO_L3_in_serialize|       pointer|
|fifo_A_A_IO_L3_in_serialize_full_n          |   in|    1|     ap_fifo|  fifo_A_A_IO_L3_in_serialize|       pointer|
|fifo_A_A_IO_L3_in_serialize_write           |  out|    1|     ap_fifo|  fifo_A_A_IO_L3_in_serialize|       pointer|
|A                                           |   in|   64|     ap_none|                            A|        scalar|
+--------------------------------------------+-----+-----+------------+-----------------------------+--------------+

