INFO: [SIM 2] *************** CSIM start ***************
INFO: [SIM 4] CSIM will launch GCC as the compiler.
   Compiling(apcc) ../../../../fir_test.c in debug mode
INFO: Applying HLS Y2K22 patch v1.2 for IP revision
INFO: [HLS 200-10] Running '/home/ulisses/Tools/Xilinx/Vivado/2019.2/bin/unwrapped/lnx64.o/apcc'
INFO: [HLS 200-10] For user 'ulisses' on host 'ulisses-thinkpad' (Linux_x86_64 version 5.15.0-124-generic) on Wed Dec 11 11:01:52 -03 2024
INFO: [HLS 200-10] On os Ubuntu 20.04.6 LTS
INFO: [HLS 200-10] In directory '/home/ulisses/Projects/masters-degree/courses/HLS/ug871-design-files/Introduction/lab1/fir_prj/solution1/csim/build'
INFO: [APCC 202-3] Tmp directory is /tmp/apcc_db_ulisses/9560941733925712217873
INFO: [APCC 202-1] APCC is done.
   Compiling(apcc) ../../../../fir.c in debug mode
INFO: Applying HLS Y2K22 patch v1.2 for IP revision
INFO: [HLS 200-10] Running '/home/ulisses/Tools/Xilinx/Vivado/2019.2/bin/unwrapped/lnx64.o/apcc'
INFO: [HLS 200-10] For user 'ulisses' on host 'ulisses-thinkpad' (Linux_x86_64 version 5.15.0-124-generic) on Wed Dec 11 11:01:56 -03 2024
INFO: [HLS 200-10] On os Ubuntu 20.04.6 LTS
INFO: [HLS 200-10] In directory '/home/ulisses/Projects/masters-degree/courses/HLS/ug871-design-files/Introduction/lab1/fir_prj/solution1/csim/build'
INFO: [APCC 202-3] Tmp directory is /tmp/apcc_db_ulisses/9561521733925716506533
INFO: [APCC 202-1] APCC is done.
   Generating csim.exe
Comparing against output data 
*******************************************
PASS: The output matches the golden output!
*******************************************
INFO: [SIM 1] CSim done with 0 errors.
INFO: [SIM 3] *************** CSIM finish ***************
