   Build using "/home/ulisses/Tools/Xilinx/Vivado/2019.2/tps/lnx64/gcc-6.2.0/bin/g++"
   Compiling apatb_addsub.cpp
   Compiling (apcc) addsub.c_pre.c.tb.c
INFO: Applying HLS Y2K22 patch v1.2 for IP revision
INFO: [HLS 200-10] Running '/home/ulisses/Tools/Xilinx/Vivado/2019.2/bin/unwrapped/lnx64.o/apcc'
INFO: [HLS 200-10] For user 'ulisses' on host 'ulisses-thinkpad' (Linux_x86_64 version 5.15.0-124-generic) on Wed Dec 11 15:36:17 -03 2024
INFO: [HLS 200-10] On os Ubuntu 20.04.6 LTS
INFO: [HLS 200-10] In directory '/home/ulisses/Projects/masters-degree/courses/HLS/ug871-design-files/Introduction/lab4_ulisses/addsub/solution1/sim/wrapc'
clang: warning: argument unused during compilation: '-fno-builtin-isinf'
clang: warning: argument unused during compilation: '-fno-builtin-isnan'
INFO: [APCC 202-3] Tmp directory is /tmp/apcc_db_ulisses/9689311733942177485900
INFO: [APCC 202-1] APCC is done.
   Compiling (apcc) addsub_test.c_pre.c.tb.c
INFO: Applying HLS Y2K22 patch v1.2 for IP revision
INFO: [HLS 200-10] Running '/home/ulisses/Tools/Xilinx/Vivado/2019.2/bin/unwrapped/lnx64.o/apcc'
INFO: [HLS 200-10] For user 'ulisses' on host 'ulisses-thinkpad' (Linux_x86_64 version 5.15.0-124-generic) on Wed Dec 11 15:36:21 -03 2024
INFO: [HLS 200-10] On os Ubuntu 20.04.6 LTS
INFO: [HLS 200-10] In directory '/home/ulisses/Projects/masters-degree/courses/HLS/ug871-design-files/Introduction/lab4_ulisses/addsub/solution1/sim/wrapc'
clang: warning: argument unused during compilation: '-fno-builtin-isinf'
clang: warning: argument unused during compilation: '-fno-builtin-isnan'
INFO: [APCC 202-3] Tmp directory is /tmp/apcc_db_ulisses/9689861733942181377986
INFO: [APCC 202-1] APCC is done.
   Generating cosim.tv.exe
