

================================================================
== Vitis HLS Report for 'A_IO_L2_in_boundary'
================================================================
* Date:           Thu Sep 12 16:26:50 2024

* Version:        2023.1.1 (Build 3869133 on Jun 15 2023)
* Project:        hls_prj
* Solution:       solution1 (Vivado IP Flow Target)
* Product family: virtexuplus
* Target device:  xcu200-fsgd2104-2-e


================================================================
== Performance Estimates
================================================================
+ Timing: 
    * Summary: 
    +--------+---------+----------+------------+
    |  Clock |  Target | Estimated| Uncertainty|
    +--------+---------+----------+------------+
    |ap_clk  |  5.00 ns|  3.193 ns|     1.35 ns|
    +--------+---------+----------+------------+

+ Latency: 
    * Summary: 
    +---------+---------+----------+----------+-----+-------+---------+
    |  Latency (cycles) |  Latency (absolute) |   Interval  | Pipeline|
    |   min   |   max   |    min   |    max   | min |  max  |   Type  |
    +---------+---------+----------+----------+-----+-------+---------+
    |      811|    33645|  4.055 us|  0.168 ms|  811|  33645|       no|
    +---------+---------+----------+----------+-----+-------+---------+

    + Detail: 
        * Instance: 
        N/A

        * Loop: 
        +-----------------------+---------+---------+------------+-----------+-----------+------+----------+
        |                       |  Latency (cycles) |  Iteration |  Initiation Interval  | Trip |          |
        |       Loop Name       |   min   |   max   |   Latency  |  achieved |   target  | Count| Pipelined|
        +-----------------------+---------+---------+------------+-----------+-----------+------+----------+
        |- VITIS_LOOP_270_1     |      808|    33128|  202 ~ 8282|          -|          -|     4|        no|
        | + VITIS_LOOP_271_2    |      200|     8280|   50 ~ 2070|          -|          -|     4|        no|
        |  ++ VITIS_LOOP_272_3  |       48|     2068|    12 ~ 517|          -|          -|     4|        no|
        +-----------------------+---------+---------+------------+-----------+-----------+------+----------+

============================================================
+ Verbose Summary: Synthesis Manager
============================================================
InlineROM: 1
ExposeGlobal: 0
============================================================
+ Verbose Summary: CDFG Model
============================================================
IsTopModel: 0
ResetActiveHigh: 1
IsCombinational: 2
IsDatapathOnly: 0
HasWiredReturn: 1
HasMFsm: 0
HasVarLatency: 1
IsPipeline: 0
IsRtlPipelined: 0
IsInstanceOverlapped: 0
IsDontTouch: 0
HasImplIP: 0
IsGatedGlobalClock: 0


============================================================
+ Verbose Summary: Schedule
============================================================
* Number of FSM states : 6
* Pipeline : 0
* Dataflow Pipeline: 0

* FSM state transitions: 
1 --> 2 
2 --> 6 3 
3 --> 4 2 
4 --> 5 3 
5 --> 4 
6 --> 

* FSM state operations: 

State 1 <SV = 0> <Delay = 0.38>
ST_1 : Operation 7 [1/1] (0.00ns)   --->   "%c0 = alloca i32 1"   --->   Operation 7 'alloca' 'c0' <Predicate = true> <Delay = 0.00>
ST_1 : Operation 8 [1/1] (0.00ns)   --->   "%specmemcore_ln0 = specmemcore void @_ssdm_op_SpecMemCore, i64 %fifo_A_PE_1_0, i64 666, i64 10, i64 18446744073709551615"   --->   Operation 8 'specmemcore' 'specmemcore_ln0' <Predicate = true> <Delay = 0.00>
ST_1 : Operation 9 [1/1] (0.00ns)   --->   "%specmemcore_ln0 = specmemcore void @_ssdm_op_SpecMemCore, i512 %fifo_A_A_IO_L2_in_1, i64 666, i64 10, i64 18446744073709551615"   --->   Operation 9 'specmemcore' 'specmemcore_ln0' <Predicate = true> <Delay = 0.00>
ST_1 : Operation 10 [1/1] (0.00ns)   --->   "%specinterface_ln0 = specinterface void @_ssdm_op_SpecInterface, i64 %fifo_A_PE_1_0, void @empty_46, i32 0, i32 0, void @empty_6, i32 0, i32 0, void @empty_6, void @empty_6, void @empty_6, i32 0, i32 0, i32 0, i32 0, void @empty_6, void @empty_6, i32 4294967295, i32 0"   --->   Operation 10 'specinterface' 'specinterface_ln0' <Predicate = true> <Delay = 0.00>
ST_1 : Operation 11 [1/1] (0.00ns)   --->   "%specinterface_ln0 = specinterface void @_ssdm_op_SpecInterface, i512 %fifo_A_A_IO_L2_in_1, void @empty_46, i32 0, i32 0, void @empty_6, i32 0, i32 0, void @empty_6, void @empty_6, void @empty_6, i32 0, i32 0, i32 0, i32 0, void @empty_6, void @empty_6, i32 4294967295, i32 0"   --->   Operation 11 'specinterface' 'specinterface_ln0' <Predicate = true> <Delay = 0.00>
ST_1 : Operation 12 [1/1] (0.00ns)   --->   "%local_A_ping = alloca i64 1" [src/kernel_kernel.cpp:257]   --->   Operation 12 'alloca' 'local_A_ping' <Predicate = true> <Delay = 0.00> <CoreInst = "RAM_2P_BRAM">   --->   Core 94 'RAM_2P_BRAM' <Latency = 1> <II = 1> <Delay = 1.20> <Storage> <Opcode : 'load' 'store'> <Ports = 2> <Width = 512> <Depth = 8> <RAM>
ST_1 : Operation 13 [1/1] (0.00ns)   --->   "%local_A_pong = alloca i64 1" [src/kernel_kernel.cpp:259]   --->   Operation 13 'alloca' 'local_A_pong' <Predicate = true> <Delay = 0.00> <CoreInst = "RAM_2P_BRAM">   --->   Core 94 'RAM_2P_BRAM' <Latency = 1> <II = 1> <Delay = 1.20> <Storage> <Opcode : 'load' 'store'> <Ports = 2> <Width = 512> <Depth = 8> <RAM>
ST_1 : Operation 14 [1/1] (0.00ns)   --->   "%specmemcore_ln258 = specmemcore void @_ssdm_op_SpecMemCore, i512 %local_A_ping, i64 666, i64 22, i64 18446744073709551615" [src/kernel_kernel.cpp:258]   --->   Operation 14 'specmemcore' 'specmemcore_ln258' <Predicate = true> <Delay = 0.00>
ST_1 : Operation 15 [1/1] (0.00ns)   --->   "%specmemcore_ln260 = specmemcore void @_ssdm_op_SpecMemCore, i512 %local_A_pong, i64 666, i64 22, i64 18446744073709551615" [src/kernel_kernel.cpp:260]   --->   Operation 15 'specmemcore' 'specmemcore_ln260' <Predicate = true> <Delay = 0.00>
ST_1 : Operation 16 [1/1] (0.38ns)   --->   "%store_ln270 = store i3 0, i3 %c0" [src/kernel_kernel.cpp:270]   --->   Operation 16 'store' 'store_ln270' <Predicate = true> <Delay = 0.38>
ST_1 : Operation 17 [1/1] (0.38ns)   --->   "%br_ln270 = br void %VITIS_LOOP_271_2" [src/kernel_kernel.cpp:270]   --->   Operation 17 'br' 'br_ln270' <Predicate = true> <Delay = 0.38>

State 2 <SV = 1> <Delay = 0.57>
ST_2 : Operation 18 [1/1] (0.00ns)   --->   "%intra_trans_en = phi i1 0, void %entry, i1 1, void %for.inc58"   --->   Operation 18 'phi' 'intra_trans_en' <Predicate = true> <Delay = 0.00>
ST_2 : Operation 19 [1/1] (0.00ns)   --->   "%c0_5 = load i3 %c0" [src/kernel_kernel.cpp:270]   --->   Operation 19 'load' 'c0_5' <Predicate = true> <Delay = 0.00>
ST_2 : Operation 20 [1/1] (0.57ns)   --->   "%icmp_ln270 = icmp_eq  i3 %c0_5, i3 4" [src/kernel_kernel.cpp:270]   --->   Operation 20 'icmp' 'icmp_ln270' <Predicate = true> <Delay = 0.57> <CoreInst = "Cmp">   --->   Core 9 'Cmp' <Latency = 0> <II = 1> <Delay = 0.57> <FuncUnit> <Opcode : 'icmp'> <InPorts = 2> <OutPorts = 1>
ST_2 : Operation 21 [1/1] (0.57ns)   --->   "%c0_6 = add i3 %c0_5, i3 1" [src/kernel_kernel.cpp:270]   --->   Operation 21 'add' 'c0_6' <Predicate = true> <Delay = 0.57> <CoreInst = "Adder">   --->   Core 1 'Adder' <Latency = 0> <II = 1> <Delay = 0.57> <FuncUnit> <Opcode : 'add' 'sub'> <InPorts = 2> <OutPorts = 1>
ST_2 : Operation 22 [1/1] (0.00ns)   --->   "%br_ln270 = br i1 %icmp_ln270, void %VITIS_LOOP_271_2.split, void %for.end60" [src/kernel_kernel.cpp:270]   --->   Operation 22 'br' 'br_ln270' <Predicate = true> <Delay = 0.00>
ST_2 : Operation 23 [1/1] (0.00ns)   --->   "%speclooptripcount_ln270 = speclooptripcount void @_ssdm_op_SpecLoopTripCount, i64 4, i64 4, i64 4" [src/kernel_kernel.cpp:270]   --->   Operation 23 'speclooptripcount' 'speclooptripcount_ln270' <Predicate = (!icmp_ln270)> <Delay = 0.00>
ST_2 : Operation 24 [1/1] (0.00ns)   --->   "%specloopname_ln270 = specloopname void @_ssdm_op_SpecLoopName, void @empty_25" [src/kernel_kernel.cpp:270]   --->   Operation 24 'specloopname' 'specloopname_ln270' <Predicate = (!icmp_ln270)> <Delay = 0.00>
ST_2 : Operation 25 [1/1] (0.38ns)   --->   "%br_ln271 = br void %VITIS_LOOP_272_3" [src/kernel_kernel.cpp:271]   --->   Operation 25 'br' 'br_ln271' <Predicate = (!icmp_ln270)> <Delay = 0.38>
ST_2 : Operation 26 [2/2] (0.00ns)   --->   "%call_ln323 = call void @A_IO_L2_in_intra_trans, i512 %local_A_ping, i64 %fifo_A_PE_1_0, i1 1" [src/kernel_kernel.cpp:323]   --->   Operation 26 'call' 'call_ln323' <Predicate = (icmp_ln270)> <Delay = 0.00> <CoreType = "Generic">   --->   Core 0 '' <Latency = 0> <II = 1> <Delay = 1.00> <Generic> <Opcode : >

State 3 <SV = 2> <Delay = 0.95>
ST_3 : Operation 27 [1/1] (0.00ns)   --->   "%intra_trans_en_5 = phi i1 %intra_trans_en, void %VITIS_LOOP_271_2.split, i1 1, void %for.inc55"   --->   Operation 27 'phi' 'intra_trans_en_5' <Predicate = true> <Delay = 0.00>
ST_3 : Operation 28 [1/1] (0.00ns)   --->   "%c1 = phi i3 0, void %VITIS_LOOP_271_2.split, i3 %c1_3, void %for.inc55"   --->   Operation 28 'phi' 'c1' <Predicate = true> <Delay = 0.00>
ST_3 : Operation 29 [1/1] (0.57ns)   --->   "%icmp_ln271 = icmp_eq  i3 %c1, i3 4" [src/kernel_kernel.cpp:271]   --->   Operation 29 'icmp' 'icmp_ln271' <Predicate = true> <Delay = 0.57> <CoreInst = "Cmp">   --->   Core 9 'Cmp' <Latency = 0> <II = 1> <Delay = 0.57> <FuncUnit> <Opcode : 'icmp'> <InPorts = 2> <OutPorts = 1>
ST_3 : Operation 30 [1/1] (0.57ns)   --->   "%c1_3 = add i3 %c1, i3 1" [src/kernel_kernel.cpp:271]   --->   Operation 30 'add' 'c1_3' <Predicate = true> <Delay = 0.57> <CoreInst = "Adder">   --->   Core 1 'Adder' <Latency = 0> <II = 1> <Delay = 0.57> <FuncUnit> <Opcode : 'add' 'sub'> <InPorts = 2> <OutPorts = 1>
ST_3 : Operation 31 [1/1] (0.00ns)   --->   "%br_ln271 = br i1 %icmp_ln271, void %VITIS_LOOP_272_3.split, void %for.inc58" [src/kernel_kernel.cpp:271]   --->   Operation 31 'br' 'br_ln271' <Predicate = true> <Delay = 0.00>
ST_3 : Operation 32 [1/1] (0.00ns)   --->   "%speclooptripcount_ln271 = speclooptripcount void @_ssdm_op_SpecLoopTripCount, i64 4, i64 4, i64 4" [src/kernel_kernel.cpp:271]   --->   Operation 32 'speclooptripcount' 'speclooptripcount_ln271' <Predicate = (!icmp_ln271)> <Delay = 0.00>
ST_3 : Operation 33 [1/1] (0.00ns)   --->   "%specloopname_ln271 = specloopname void @_ssdm_op_SpecLoopName, void @empty_48" [src/kernel_kernel.cpp:271]   --->   Operation 33 'specloopname' 'specloopname_ln271' <Predicate = (!icmp_ln271)> <Delay = 0.00>
ST_3 : Operation 34 [1/1] (0.38ns)   --->   "%br_ln272 = br void %for.body32" [src/kernel_kernel.cpp:272]   --->   Operation 34 'br' 'br_ln272' <Predicate = (!icmp_ln271)> <Delay = 0.38>
ST_3 : Operation 35 [1/1] (0.38ns)   --->   "%store_ln270 = store i3 %c0_6, i3 %c0" [src/kernel_kernel.cpp:270]   --->   Operation 35 'store' 'store_ln270' <Predicate = (icmp_ln271)> <Delay = 0.38>
ST_3 : Operation 36 [1/1] (0.00ns)   --->   "%br_ln270 = br void %VITIS_LOOP_271_2" [src/kernel_kernel.cpp:270]   --->   Operation 36 'br' 'br_ln270' <Predicate = (icmp_ln271)> <Delay = 0.00>

State 4 <SV = 3> <Delay = 0.57>
ST_4 : Operation 37 [1/1] (0.00ns)   --->   "%arb_3 = phi i1 0, void %VITIS_LOOP_272_3.split, i1 %arb, void %for.inc"   --->   Operation 37 'phi' 'arb_3' <Predicate = true> <Delay = 0.00>
ST_4 : Operation 38 [1/1] (0.00ns)   --->   "%intra_trans_en_6 = phi i1 %intra_trans_en_5, void %VITIS_LOOP_272_3.split, i1 1, void %for.inc"   --->   Operation 38 'phi' 'intra_trans_en_6' <Predicate = true> <Delay = 0.00>
ST_4 : Operation 39 [1/1] (0.00ns)   --->   "%c2 = phi i3 0, void %VITIS_LOOP_272_3.split, i3 %c2_6, void %for.inc"   --->   Operation 39 'phi' 'c2' <Predicate = true> <Delay = 0.00>
ST_4 : Operation 40 [1/1] (0.57ns)   --->   "%icmp_ln272 = icmp_eq  i3 %c2, i3 4" [src/kernel_kernel.cpp:272]   --->   Operation 40 'icmp' 'icmp_ln272' <Predicate = true> <Delay = 0.57> <CoreInst = "Cmp">   --->   Core 9 'Cmp' <Latency = 0> <II = 1> <Delay = 0.57> <FuncUnit> <Opcode : 'icmp'> <InPorts = 2> <OutPorts = 1>
ST_4 : Operation 41 [1/1] (0.57ns)   --->   "%c2_6 = add i3 %c2, i3 1" [src/kernel_kernel.cpp:272]   --->   Operation 41 'add' 'c2_6' <Predicate = true> <Delay = 0.57> <CoreInst = "Adder">   --->   Core 1 'Adder' <Latency = 0> <II = 1> <Delay = 0.57> <FuncUnit> <Opcode : 'add' 'sub'> <InPorts = 2> <OutPorts = 1>
ST_4 : Operation 42 [1/1] (0.00ns)   --->   "%br_ln272 = br i1 %icmp_ln272, void %for.body32.split, void %for.inc55" [src/kernel_kernel.cpp:272]   --->   Operation 42 'br' 'br_ln272' <Predicate = true> <Delay = 0.00>
ST_4 : Operation 43 [1/1] (0.00ns)   --->   "%speclooptripcount_ln272 = speclooptripcount void @_ssdm_op_SpecLoopTripCount, i64 4, i64 4, i64 4" [src/kernel_kernel.cpp:272]   --->   Operation 43 'speclooptripcount' 'speclooptripcount_ln272' <Predicate = (!icmp_ln272)> <Delay = 0.00>
ST_4 : Operation 44 [1/1] (0.00ns)   --->   "%specloopname_ln272 = specloopname void @_ssdm_op_SpecLoopName, void @empty_44" [src/kernel_kernel.cpp:272]   --->   Operation 44 'specloopname' 'specloopname_ln272' <Predicate = (!icmp_ln272)> <Delay = 0.00>
ST_4 : Operation 45 [1/1] (0.00ns)   --->   "%br_ln276 = br i1 %arb_3, void %if.then, void %if.else" [src/kernel_kernel.cpp:276]   --->   Operation 45 'br' 'br_ln276' <Predicate = (!icmp_ln272)> <Delay = 0.00>
ST_4 : Operation 46 [2/2] (0.00ns)   --->   "%call_ln277 = call void @A_IO_L2_in_inter_trans_boundary, i512 %local_A_pong, i512 %fifo_A_A_IO_L2_in_1" [src/kernel_kernel.cpp:277]   --->   Operation 46 'call' 'call_ln277' <Predicate = (!icmp_ln272 & !arb_3)> <Delay = 0.00> <CoreType = "Generic">   --->   Core 0 '' <Latency = 0> <II = 1> <Delay = 1.00> <Generic> <Opcode : >
ST_4 : Operation 47 [2/2] (0.00ns)   --->   "%call_ln286 = call void @A_IO_L2_in_intra_trans, i512 %local_A_ping, i64 %fifo_A_PE_1_0, i1 %intra_trans_en_6" [src/kernel_kernel.cpp:286]   --->   Operation 47 'call' 'call_ln286' <Predicate = (!icmp_ln272 & !arb_3)> <Delay = 0.00> <CoreType = "Generic">   --->   Core 0 '' <Latency = 0> <II = 1> <Delay = 1.00> <Generic> <Opcode : >
ST_4 : Operation 48 [2/2] (0.00ns)   --->   "%call_ln296 = call void @A_IO_L2_in_inter_trans_boundary, i512 %local_A_ping, i512 %fifo_A_A_IO_L2_in_1" [src/kernel_kernel.cpp:296]   --->   Operation 48 'call' 'call_ln296' <Predicate = (!icmp_ln272 & arb_3)> <Delay = 0.00> <CoreType = "Generic">   --->   Core 0 '' <Latency = 0> <II = 1> <Delay = 1.00> <Generic> <Opcode : >
ST_4 : Operation 49 [2/2] (0.00ns)   --->   "%call_ln305 = call void @A_IO_L2_in_intra_trans, i512 %local_A_pong, i64 %fifo_A_PE_1_0, i1 %intra_trans_en_6" [src/kernel_kernel.cpp:305]   --->   Operation 49 'call' 'call_ln305' <Predicate = (!icmp_ln272 & arb_3)> <Delay = 0.00> <CoreType = "Generic">   --->   Core 0 '' <Latency = 0> <II = 1> <Delay = 1.00> <Generic> <Opcode : >
ST_4 : Operation 50 [1/1] (0.00ns)   --->   "%br_ln271 = br void %VITIS_LOOP_272_3" [src/kernel_kernel.cpp:271]   --->   Operation 50 'br' 'br_ln271' <Predicate = (icmp_ln272)> <Delay = 0.00>

State 5 <SV = 4> <Delay = 0.12>
ST_5 : Operation 51 [1/2] (0.00ns)   --->   "%call_ln277 = call void @A_IO_L2_in_inter_trans_boundary, i512 %local_A_pong, i512 %fifo_A_A_IO_L2_in_1" [src/kernel_kernel.cpp:277]   --->   Operation 51 'call' 'call_ln277' <Predicate = (!arb_3)> <Delay = 0.00> <CoreType = "Generic">   --->   Core 0 '' <Latency = 0> <II = 1> <Delay = 1.00> <Generic> <Opcode : >
ST_5 : Operation 52 [1/2] (0.00ns)   --->   "%call_ln286 = call void @A_IO_L2_in_intra_trans, i512 %local_A_ping, i64 %fifo_A_PE_1_0, i1 %intra_trans_en_6" [src/kernel_kernel.cpp:286]   --->   Operation 52 'call' 'call_ln286' <Predicate = (!arb_3)> <Delay = 0.00> <CoreType = "Generic">   --->   Core 0 '' <Latency = 0> <II = 1> <Delay = 1.00> <Generic> <Opcode : >
ST_5 : Operation 53 [1/1] (0.00ns)   --->   "%br_ln295 = br void %for.inc" [src/kernel_kernel.cpp:295]   --->   Operation 53 'br' 'br_ln295' <Predicate = (!arb_3)> <Delay = 0.00>
ST_5 : Operation 54 [1/2] (0.00ns)   --->   "%call_ln296 = call void @A_IO_L2_in_inter_trans_boundary, i512 %local_A_ping, i512 %fifo_A_A_IO_L2_in_1" [src/kernel_kernel.cpp:296]   --->   Operation 54 'call' 'call_ln296' <Predicate = (arb_3)> <Delay = 0.00> <CoreType = "Generic">   --->   Core 0 '' <Latency = 0> <II = 1> <Delay = 1.00> <Generic> <Opcode : >
ST_5 : Operation 55 [1/2] (0.00ns)   --->   "%call_ln305 = call void @A_IO_L2_in_intra_trans, i512 %local_A_pong, i64 %fifo_A_PE_1_0, i1 %intra_trans_en_6" [src/kernel_kernel.cpp:305]   --->   Operation 55 'call' 'call_ln305' <Predicate = (arb_3)> <Delay = 0.00> <CoreType = "Generic">   --->   Core 0 '' <Latency = 0> <II = 1> <Delay = 1.00> <Generic> <Opcode : >
ST_5 : Operation 56 [1/1] (0.00ns)   --->   "%br_ln0 = br void %for.inc"   --->   Operation 56 'br' 'br_ln0' <Predicate = (arb_3)> <Delay = 0.00>
ST_5 : Operation 57 [1/1] (0.12ns)   --->   "%arb = xor i1 %arb_3, i1 1" [src/kernel_kernel.cpp:316]   --->   Operation 57 'xor' 'arb' <Predicate = true> <Delay = 0.12> <CoreInst = "LogicGate">   --->   Core 74 'LogicGate' <Latency = 0> <II = 1> <Delay = 0.12> <FuncUnit> <Opcode : 'and' 'or' 'xor'> <InPorts = 2> <OutPorts = 1>
ST_5 : Operation 58 [1/1] (0.00ns)   --->   "%br_ln272 = br void %for.body32" [src/kernel_kernel.cpp:272]   --->   Operation 58 'br' 'br_ln272' <Predicate = true> <Delay = 0.00>

State 6 <SV = 2> <Delay = 0.00>
ST_6 : Operation 59 [1/2] (0.00ns)   --->   "%call_ln323 = call void @A_IO_L2_in_intra_trans, i512 %local_A_ping, i64 %fifo_A_PE_1_0, i1 1" [src/kernel_kernel.cpp:323]   --->   Operation 59 'call' 'call_ln323' <Predicate = true> <Delay = 0.00> <CoreType = "Generic">   --->   Core 0 '' <Latency = 0> <II = 1> <Delay = 1.00> <Generic> <Opcode : >
ST_6 : Operation 60 [1/1] (0.00ns)   --->   "%ret_ln344 = ret" [src/kernel_kernel.cpp:344]   --->   Operation 60 'ret' 'ret_ln344' <Predicate = true> <Delay = 0.00>


============================================================
+ Verbose Summary: Timing violations
============================================================
Target clock period: 5.000ns, clock uncertainty: 1.350ns.

 <State 1>: 0.387ns
The critical path consists of the following:
	'alloca' operation ('c0') [3]  (0.000 ns)
	'store' operation ('store_ln270', src/kernel_kernel.cpp:270) of constant 0 on local variable 'c0' [12]  (0.387 ns)

 <State 2>: 0.572ns
The critical path consists of the following:
	'load' operation ('c0', src/kernel_kernel.cpp:270) on local variable 'c0' [16]  (0.000 ns)
	'icmp' operation ('icmp_ln270', src/kernel_kernel.cpp:270) [17]  (0.572 ns)

 <State 3>: 0.959ns
The critical path consists of the following:
	'phi' operation ('c1') with incoming values : ('c1', src/kernel_kernel.cpp:271) [26]  (0.000 ns)
	'icmp' operation ('icmp_ln271', src/kernel_kernel.cpp:271) [27]  (0.572 ns)
	blocking operation 0.387 ns on control path)

 <State 4>: 0.572ns
The critical path consists of the following:
	'phi' operation ('c2') with incoming values : ('c2', src/kernel_kernel.cpp:272) [37]  (0.000 ns)
	'icmp' operation ('icmp_ln272', src/kernel_kernel.cpp:272) [38]  (0.572 ns)

 <State 5>: 0.122ns
The critical path consists of the following:
	'xor' operation ('arb', src/kernel_kernel.cpp:316) [54]  (0.122 ns)

 <State 6>: 0.000ns
The critical path consists of the following:


============================================================
+ Verbose Summary: Binding
============================================================
N/A
* FSMD analyzer results:
  - Output states:
 - Input state : 
  - Chain level:
	State 1
	State 2
	State 3
	State 4
	State 5
	State 6


============================================================
+ Verbose Summary: Datapath Resource usage 
============================================================
N/A
