

================================================================
== Vitis HLS Report for 'B_IO_L3_in'
================================================================
* Date:           Thu Sep 12 16:26:51 2024

* Version:        2023.1.1 (Build 3869133 on Jun 15 2023)
* Project:        hls_prj
* Solution:       solution1 (Vivado IP Flow Target)
* Product family: virtexuplus
* Target device:  xcu200-fsgd2104-2-e


================================================================
== Performance Estimates
================================================================
+ Timing: 
    * Summary: 
    +--------+---------+----------+------------+
    |  Clock |  Target | Estimated| Uncertainty|
    +--------+---------+----------+------------+
    |ap_clk  |  5.00 ns|  2.824 ns|     1.35 ns|
    +--------+---------+----------+------------+

+ Latency: 
    * Summary: 
    +---------+---------+----------+----------+------+------+---------+
    |  Latency (cycles) |  Latency (absolute) |   Interval  | Pipeline|
    |   min   |   max   |    min   |    max   |  min |  max |   Type  |
    +---------+---------+----------+----------+------+------+---------+
    |     1026|     1026|  5.130 us|  5.130 us|  1026|  1026|       no|
    +---------+---------+----------+----------+------+------+---------+

    + Detail: 
        * Instance: 
        N/A

        * Loop: 
        +-----------------------------------------------------------------------+---------+---------+----------+-----------+-----------+------+----------+
        |                                                                       |  Latency (cycles) | Iteration|  Initiation Interval  | Trip |          |
        |                               Loop Name                               |   min   |   max   |  Latency |  achieved |   target  | Count| Pipelined|
        +-----------------------------------------------------------------------+---------+---------+----------+-----------+-----------+------+----------+
        |- VITIS_LOOP_353_1_VITIS_LOOP_355_3_VITIS_LOOP_358_4_VITIS_LOOP_360_5  |     1024|     1024|         2|          1|          1|  1024|       yes|
        +-----------------------------------------------------------------------+---------+---------+----------+-----------+-----------+------+----------+

============================================================
+ Verbose Summary: Synthesis Manager
============================================================
InlineROM: 1
ExposeGlobal: 0
============================================================
+ Verbose Summary: CDFG Model
============================================================
IsTopModel: 0
ResetActiveHigh: 1
IsCombinational: 2
IsDatapathOnly: 0
HasWiredReturn: 1
HasMFsm: 2
HasVarLatency: 1
IsPipeline: 0
IsRtlPipelined: 0
IsInstanceOverlapped: 0
IsDontTouch: 0
HasImplIP: 0
IsGatedGlobalClock: 0

+ Individual pipeline summary: 
  * Pipeline-0: initiation interval (II) = 1, depth = 2


============================================================
+ Verbose Summary: Schedule
============================================================
* Number of FSM states : 2
* Pipeline : 1
  Pipeline-0 : II = 1, D = 2, States = { 1 2 }
* Dataflow Pipeline: 0

* FSM state transitions: 
1 --> 2 
2 --> 

* FSM state operations: 

State 1 <SV = 0> <Delay = 1.12>
ST_1 : Operation 5 [1/1] (0.00ns)   --->   "%indvar_flatten56 = alloca i32 1"   --->   Operation 5 'alloca' 'indvar_flatten56' <Predicate = true> <Delay = 0.00>
ST_1 : Operation 6 [1/1] (0.00ns)   --->   "%specmemcore_ln0 = specmemcore void @_ssdm_op_SpecMemCore, i512 %fifo_B_B_IO_L2_in_0, i64 666, i64 10, i64 18446744073709551615"   --->   Operation 6 'specmemcore' 'specmemcore_ln0' <Predicate = true> <Delay = 0.00>
ST_1 : Operation 7 [1/1] (0.00ns)   --->   "%specinterface_ln0 = specinterface void @_ssdm_op_SpecInterface, i512 %fifo_B_B_IO_L2_in_0, void @empty_46, i32 0, i32 0, void @empty_6, i32 0, i32 0, void @empty_6, void @empty_6, void @empty_6, i32 0, i32 0, i32 0, i32 0, void @empty_6, void @empty_6, i32 4294967295, i32 0"   --->   Operation 7 'specinterface' 'specinterface_ln0' <Predicate = true> <Delay = 0.00>
ST_1 : Operation 8 [1/1] (0.00ns)   --->   "%specinterface_ln0 = specinterface void @_ssdm_op_SpecInterface, i512 %fifo_B_B_IO_L3_in_serialize, void @empty_46, i32 0, i32 0, void @empty_6, i32 0, i32 0, void @empty_6, void @empty_6, void @empty_6, i32 0, i32 0, i32 0, i32 0, void @empty_6, void @empty_6, i32 4294967295, i32 0"   --->   Operation 8 'specinterface' 'specinterface_ln0' <Predicate = true> <Delay = 0.00>
ST_1 : Operation 9 [1/1] (0.38ns)   --->   "%store_ln353 = store i11 0, i11 %indvar_flatten56" [src/kernel_kernel.cpp:353]   --->   Operation 9 'store' 'store_ln353' <Predicate = true> <Delay = 0.38>
ST_1 : Operation 10 [1/1] (0.00ns)   --->   "%br_ln353 = br void %for.inc" [src/kernel_kernel.cpp:353]   --->   Operation 10 'br' 'br_ln353' <Predicate = true> <Delay = 0.00>
ST_1 : Operation 11 [1/1] (0.00ns)   --->   "%indvar_flatten56_load = load i11 %indvar_flatten56" [src/kernel_kernel.cpp:353]   --->   Operation 11 'load' 'indvar_flatten56_load' <Predicate = true> <Delay = 0.00>
ST_1 : Operation 12 [1/1] (0.73ns)   --->   "%icmp_ln353 = icmp_eq  i11 %indvar_flatten56_load, i11 1024" [src/kernel_kernel.cpp:353]   --->   Operation 12 'icmp' 'icmp_ln353' <Predicate = true> <Delay = 0.73> <CoreInst = "Cmp">   --->   Core 9 'Cmp' <Latency = 0> <II = 1> <Delay = 0.73> <FuncUnit> <Opcode : 'icmp'> <InPorts = 2> <OutPorts = 1>
ST_1 : Operation 13 [1/1] (0.73ns)   --->   "%add_ln353 = add i11 %indvar_flatten56_load, i11 1" [src/kernel_kernel.cpp:353]   --->   Operation 13 'add' 'add_ln353' <Predicate = true> <Delay = 0.73> <CoreInst = "Adder">   --->   Core 1 'Adder' <Latency = 0> <II = 1> <Delay = 0.73> <FuncUnit> <Opcode : 'add' 'sub'> <InPorts = 2> <OutPorts = 1>
ST_1 : Operation 14 [1/1] (0.00ns)   --->   "%br_ln353 = br i1 %icmp_ln353, void %for.inc27, void %for.end29" [src/kernel_kernel.cpp:353]   --->   Operation 14 'br' 'br_ln353' <Predicate = true> <Delay = 0.00>
ST_1 : Operation 15 [1/1] (0.38ns)   --->   "%store_ln360 = store i11 %add_ln353, i11 %indvar_flatten56" [src/kernel_kernel.cpp:360]   --->   Operation 15 'store' 'store_ln360' <Predicate = (!icmp_ln353)> <Delay = 0.38>
ST_1 : Operation 26 [1/1] (0.00ns)   --->   "%ret_ln374 = ret" [src/kernel_kernel.cpp:374]   --->   Operation 26 'ret' 'ret_ln374' <Predicate = (icmp_ln353)> <Delay = 0.00>

State 2 <SV = 1> <Delay = 2.82>
ST_2 : Operation 16 [1/1] (0.00ns)   --->   "%specloopname_ln0 = specloopname void @_ssdm_op_SpecLoopName, void @VITIS_LOOP_353_1_VITIS_LOOP_355_3_VITIS_LOOP_358_4"   --->   Operation 16 'specloopname' 'specloopname_ln0' <Predicate = true> <Delay = 0.00>
ST_2 : Operation 17 [1/1] (0.00ns)   --->   "%speclooptripcount_ln0 = speclooptripcount void @_ssdm_op_SpecLoopTripCount, i64 1024, i64 1024, i64 1024"   --->   Operation 17 'speclooptripcount' 'speclooptripcount_ln0' <Predicate = true> <Delay = 0.00>
ST_2 : Operation 18 [1/1] (0.00ns)   --->   "%specloopname_ln0 = specloopname void @_ssdm_op_SpecLoopName, void @VITIS_LOOP_354_2_VITIS_LOOP_358_4_VITIS_LOOP_360_5"   --->   Operation 18 'specloopname' 'specloopname_ln0' <Predicate = true> <Delay = 0.00>
ST_2 : Operation 19 [1/1] (0.00ns)   --->   "%specloopname_ln0 = specloopname void @_ssdm_op_SpecLoopName, void @VITIS_LOOP_355_3_VITIS_LOOP_358_4_VITIS_LOOP_360_5"   --->   Operation 19 'specloopname' 'specloopname_ln0' <Predicate = true> <Delay = 0.00>
ST_2 : Operation 20 [1/1] (0.00ns)   --->   "%specloopname_ln0 = specloopname void @_ssdm_op_SpecLoopName, void @VITIS_LOOP_358_4_VITIS_LOOP_360_5_str"   --->   Operation 20 'specloopname' 'specloopname_ln0' <Predicate = true> <Delay = 0.00>
ST_2 : Operation 21 [1/1] (0.00ns)   --->   "%specpipeline_ln361 = specpipeline void @_ssdm_op_SpecPipeline, i32 1, i32 0, i32 0, i32 0, void @empty_6" [src/kernel_kernel.cpp:361]   --->   Operation 21 'specpipeline' 'specpipeline_ln361' <Predicate = true> <Delay = 0.00>
ST_2 : Operation 22 [1/1] (0.00ns)   --->   "%specloopname_ln360 = specloopname void @_ssdm_op_SpecLoopName, void @empty_1" [src/kernel_kernel.cpp:360]   --->   Operation 22 'specloopname' 'specloopname_ln360' <Predicate = true> <Delay = 0.00>
ST_2 : Operation 23 [1/1] (1.41ns)   --->   "%fifo_B_B_IO_L3_in_serialize_read = read i512 @_ssdm_op_Read.ap_fifo.volatile.i512P0A, i512 %fifo_B_B_IO_L3_in_serialize" [src/kernel_kernel.cpp:367]   --->   Operation 23 'read' 'fifo_B_B_IO_L3_in_serialize_read' <Predicate = true> <Delay = 1.41> <CoreInst = "FIFO_SRL">   --->   Core 81 'FIFO_SRL' <Latency = 0> <II = 1> <Delay = 1.41> <Storage> <Opcode : 'read' 'write' 'nbread' 'nbwrite'> <Ports = 0> <Width = 512> <Depth = 2> <FIFO>
ST_2 : Operation 24 [1/1] (1.41ns)   --->   "%write_ln369 = write void @_ssdm_op_Write.ap_fifo.volatile.i512P0A, i512 %fifo_B_B_IO_L2_in_0, i512 %fifo_B_B_IO_L3_in_serialize_read" [src/kernel_kernel.cpp:369]   --->   Operation 24 'write' 'write_ln369' <Predicate = true> <Delay = 1.41> <CoreInst = "FIFO_SRL">   --->   Core 81 'FIFO_SRL' <Latency = 0> <II = 1> <Delay = 1.41> <Storage> <Opcode : 'read' 'write' 'nbread' 'nbwrite'> <Ports = 0> <Width = 512> <Depth = 2> <FIFO>
ST_2 : Operation 25 [1/1] (0.00ns)   --->   "%br_ln360 = br void %for.inc" [src/kernel_kernel.cpp:360]   --->   Operation 25 'br' 'br_ln360' <Predicate = true> <Delay = 0.00>


============================================================
+ Verbose Summary: Timing violations
============================================================
Target clock period: 5.000ns, clock uncertainty: 1.350ns.

 <State 1>: 1.122ns
The critical path consists of the following:
	'alloca' operation ('indvar_flatten56') [3]  (0.000 ns)
	'load' operation ('indvar_flatten56_load', src/kernel_kernel.cpp:353) on local variable 'indvar_flatten56' [10]  (0.000 ns)
	'add' operation ('add_ln353', src/kernel_kernel.cpp:353) [12]  (0.735 ns)
	'store' operation ('store_ln360', src/kernel_kernel.cpp:360) of variable 'add_ln353', src/kernel_kernel.cpp:353 on local variable 'indvar_flatten56' [24]  (0.387 ns)

 <State 2>: 2.824ns
The critical path consists of the following:
	fifo read operation ('fifo_B_B_IO_L3_in_serialize_read', src/kernel_kernel.cpp:367) on port 'fifo_B_B_IO_L3_in_serialize' (src/kernel_kernel.cpp:367) [22]  (1.412 ns)
	fifo write operation ('write_ln369', src/kernel_kernel.cpp:369) on port 'fifo_B_B_IO_L2_in_0' (src/kernel_kernel.cpp:369) [23]  (1.412 ns)


============================================================
+ Verbose Summary: Binding
============================================================
N/A
* FSMD analyzer results:
  - Output states:
 - Input state : 
  - Chain level:
	State 1
	State 2


============================================================
+ Verbose Summary: Datapath Resource usage 
============================================================
N/A
