

================================================================
== Vitis HLS Report for 'B_IO_L2_in_inter_trans_Pipeline_VITIS_LOOP_457_3'
================================================================
* Date:           Thu Sep 12 16:26:51 2024

* Version:        2023.1.1 (Build 3869133 on Jun 15 2023)
* Project:        hls_prj
* Solution:       solution1 (Vivado IP Flow Target)
* Product family: virtexuplus
* Target device:  xcu200-fsgd2104-2-e


================================================================
== Performance Estimates
================================================================
+ Timing: 
    * Summary: 
    +--------+---------+----------+------------+
    |  Clock |  Target | Estimated| Uncertainty|
    +--------+---------+----------+------------+
    |ap_clk  |  5.00 ns|  2.824 ns|     1.35 ns|
    +--------+---------+----------+------------+

+ Latency: 
    * Summary: 
    +---------+---------+-----------+-----------+-----+-----+---------+
    |  Latency (cycles) |   Latency (absolute)  |  Interval | Pipeline|
    |   min   |   max   |    min    |    max    | min | max |   Type  |
    +---------+---------+-----------+-----------+-----+-----+---------+
    |       10|       10|  50.000 ns|  50.000 ns|   10|   10|       no|
    +---------+---------+-----------+-----------+-----+-----+---------+

    + Detail: 
        * Instance: 
        N/A

        * Loop: 
        +--------------------+---------+---------+----------+-----------+-----------+------+----------+
        |                    |  Latency (cycles) | Iteration|  Initiation Interval  | Trip |          |
        |      Loop Name     |   min   |   max   |  Latency |  achieved |   target  | Count| Pipelined|
        +--------------------+---------+---------+----------+-----------+-----------+------+----------+
        |- VITIS_LOOP_457_3  |        8|        8|         2|          1|          1|     8|       yes|
        +--------------------+---------+---------+----------+-----------+-----------+------+----------+

============================================================
+ Verbose Summary: Synthesis Manager
============================================================
InlineROM: 1
ExposeGlobal: 0
============================================================
+ Verbose Summary: CDFG Model
============================================================
IsTopModel: 0
ResetActiveHigh: 1
IsCombinational: 0
IsDatapathOnly: 0
HasWiredReturn: 1
HasMFsm: 2
HasVarLatency: 1
IsPipeline: 0
IsRtlPipelined: 0
IsInstanceOverlapped: 0
IsDontTouch: 0
HasImplIP: 0
IsGatedGlobalClock: 0

+ Individual pipeline summary: 
  * Pipeline-0: initiation interval (II) = 1, depth = 2


============================================================
+ Verbose Summary: Schedule
============================================================
* Number of FSM states : 2
* Pipeline : 1
  Pipeline-0 : II = 1, D = 2, States = { 1 2 }
* Dataflow Pipeline: 0

* FSM state transitions: 
1 --> 2 
2 --> 

* FSM state operations: 

State 1 <SV = 0> <Delay = 1.09>
ST_1 : Operation 5 [1/1] (0.00ns)   --->   "%c4_2 = alloca i32 1"   --->   Operation 5 'alloca' 'c4_2' <Predicate = true> <Delay = 0.00>
ST_1 : Operation 6 [1/1] (0.00ns)   --->   "%specmemcore_ln0 = specmemcore void @_ssdm_op_SpecMemCore, i512 %fifo_B_B_IO_L2_in_1, i64 666, i64 10, i64 18446744073709551615"   --->   Operation 6 'specmemcore' 'specmemcore_ln0' <Predicate = true> <Delay = 0.00>
ST_1 : Operation 7 [1/1] (0.00ns)   --->   "%specmemcore_ln0 = specmemcore void @_ssdm_op_SpecMemCore, i512 %fifo_B_B_IO_L2_in_0, i64 666, i64 10, i64 18446744073709551615"   --->   Operation 7 'specmemcore' 'specmemcore_ln0' <Predicate = true> <Delay = 0.00>
ST_1 : Operation 8 [1/1] (0.00ns)   --->   "%specinterface_ln0 = specinterface void @_ssdm_op_SpecInterface, i512 %fifo_B_B_IO_L2_in_1, void @empty_46, i32 0, i32 0, void @empty_6, i32 0, i32 0, void @empty_6, void @empty_6, void @empty_6, i32 0, i32 0, i32 0, i32 0, void @empty_6, void @empty_6, i32 4294967295, i32 0"   --->   Operation 8 'specinterface' 'specinterface_ln0' <Predicate = true> <Delay = 0.00>
ST_1 : Operation 9 [1/1] (0.00ns)   --->   "%specinterface_ln0 = specinterface void @_ssdm_op_SpecInterface, i512 %fifo_B_B_IO_L2_in_0, void @empty_46, i32 0, i32 0, void @empty_6, i32 0, i32 0, void @empty_6, void @empty_6, void @empty_6, i32 0, i32 0, i32 0, i32 0, void @empty_6, void @empty_6, i32 4294967295, i32 0"   --->   Operation 9 'specinterface' 'specinterface_ln0' <Predicate = true> <Delay = 0.00>
ST_1 : Operation 10 [1/1] (0.38ns)   --->   "%store_ln0 = store i4 0, i4 %c4_2"   --->   Operation 10 'store' 'store_ln0' <Predicate = true> <Delay = 0.38>
ST_1 : Operation 11 [1/1] (0.00ns)   --->   "%br_ln0 = br void %for.inc18"   --->   Operation 11 'br' 'br_ln0' <Predicate = true> <Delay = 0.00>
ST_1 : Operation 12 [1/1] (0.00ns)   --->   "%c4 = load i4 %c4_2" [src/kernel_kernel.cpp:457]   --->   Operation 12 'load' 'c4' <Predicate = true> <Delay = 0.00>
ST_1 : Operation 13 [1/1] (0.70ns)   --->   "%icmp_ln457 = icmp_eq  i4 %c4, i4 8" [src/kernel_kernel.cpp:457]   --->   Operation 13 'icmp' 'icmp_ln457' <Predicate = true> <Delay = 0.70> <CoreInst = "Cmp">   --->   Core 9 'Cmp' <Latency = 0> <II = 1> <Delay = 0.70> <FuncUnit> <Opcode : 'icmp'> <InPorts = 2> <OutPorts = 1>
ST_1 : Operation 14 [1/1] (0.70ns)   --->   "%c4_3 = add i4 %c4, i4 1" [src/kernel_kernel.cpp:457]   --->   Operation 14 'add' 'c4_3' <Predicate = true> <Delay = 0.70> <CoreInst = "Adder">   --->   Core 1 'Adder' <Latency = 0> <II = 1> <Delay = 0.70> <FuncUnit> <Opcode : 'add' 'sub'> <InPorts = 2> <OutPorts = 1>
ST_1 : Operation 15 [1/1] (0.00ns)   --->   "%br_ln457 = br i1 %icmp_ln457, void %for.inc18.split, void %for.inc22.loopexit.exitStub" [src/kernel_kernel.cpp:457]   --->   Operation 15 'br' 'br_ln457' <Predicate = true> <Delay = 0.00>
ST_1 : Operation 16 [1/1] (0.38ns)   --->   "%store_ln457 = store i4 %c4_3, i4 %c4_2" [src/kernel_kernel.cpp:457]   --->   Operation 16 'store' 'store_ln457' <Predicate = (!icmp_ln457)> <Delay = 0.38>
ST_1 : Operation 23 [1/1] (0.00ns)   --->   "%ret_ln0 = ret"   --->   Operation 23 'ret' 'ret_ln0' <Predicate = (icmp_ln457)> <Delay = 0.00>

State 2 <SV = 1> <Delay = 2.82>
ST_2 : Operation 17 [1/1] (0.00ns)   --->   "%specpipeline_ln458 = specpipeline void @_ssdm_op_SpecPipeline, i32 1, i32 0, i32 0, i32 0, void @empty_6" [src/kernel_kernel.cpp:458]   --->   Operation 17 'specpipeline' 'specpipeline_ln458' <Predicate = true> <Delay = 0.00>
ST_2 : Operation 18 [1/1] (0.00ns)   --->   "%speclooptripcount_ln457 = speclooptripcount void @_ssdm_op_SpecLoopTripCount, i64 8, i64 8, i64 8" [src/kernel_kernel.cpp:457]   --->   Operation 18 'speclooptripcount' 'speclooptripcount_ln457' <Predicate = true> <Delay = 0.00>
ST_2 : Operation 19 [1/1] (0.00ns)   --->   "%specloopname_ln457 = specloopname void @_ssdm_op_SpecLoopName, void @empty_21" [src/kernel_kernel.cpp:457]   --->   Operation 19 'specloopname' 'specloopname_ln457' <Predicate = true> <Delay = 0.00>
ST_2 : Operation 20 [1/1] (1.41ns)   --->   "%fifo_B_B_IO_L2_in_0_read = read i512 @_ssdm_op_Read.ap_fifo.volatile.i512P0A, i512 %fifo_B_B_IO_L2_in_0" [src/kernel_kernel.cpp:463]   --->   Operation 20 'read' 'fifo_B_B_IO_L2_in_0_read' <Predicate = true> <Delay = 1.41> <CoreInst = "FIFO_SRL">   --->   Core 81 'FIFO_SRL' <Latency = 0> <II = 1> <Delay = 1.41> <Storage> <Opcode : 'read' 'write' 'nbread' 'nbwrite'> <Ports = 0> <Width = 512> <Depth = 2> <FIFO>
ST_2 : Operation 21 [1/1] (1.41ns)   --->   "%write_ln465 = write void @_ssdm_op_Write.ap_fifo.volatile.i512P0A, i512 %fifo_B_B_IO_L2_in_1, i512 %fifo_B_B_IO_L2_in_0_read" [src/kernel_kernel.cpp:465]   --->   Operation 21 'write' 'write_ln465' <Predicate = true> <Delay = 1.41> <CoreInst = "FIFO_SRL">   --->   Core 81 'FIFO_SRL' <Latency = 0> <II = 1> <Delay = 1.41> <Storage> <Opcode : 'read' 'write' 'nbread' 'nbwrite'> <Ports = 0> <Width = 512> <Depth = 2> <FIFO>
ST_2 : Operation 22 [1/1] (0.00ns)   --->   "%br_ln457 = br void %for.inc18" [src/kernel_kernel.cpp:457]   --->   Operation 22 'br' 'br_ln457' <Predicate = true> <Delay = 0.00>


============================================================
+ Verbose Summary: Binding
============================================================
STG Binding: 
---------------- STG Properties BEGIN ----------------
- Is combinational: 0
- Is one-state seq: 0
- Is datapath-only: 0
- Is pipelined: 0
- Is top level: 0
Port [ Return ] is wired: 1; IO mode=ap_ctrl_hs:ce=0
Port [ fifo_B_B_IO_L2_in_0]:  wired=1; compound=1; hidden=0; nouse=0; global=0; static=0; extern=0; dir=0; type=3; pingpong=0; private_global=0; IO mode=ap_fifo:ce=0
Port [ fifo_B_B_IO_L2_in_1]:  wired=1; compound=1; hidden=0; nouse=0; global=0; static=0; extern=0; dir=1; type=3; pingpong=0; private_global=0; IO mode=ap_fifo:ce=0
---------------- STG Properties END ------------------

---------------- Datapath Model BEGIN ----------------

<LifeTime>
<method=bitvector/>
c4_2                     (alloca           ) [ 010]
specmemcore_ln0          (specmemcore      ) [ 000]
specmemcore_ln0          (specmemcore      ) [ 000]
specinterface_ln0        (specinterface    ) [ 000]
specinterface_ln0        (specinterface    ) [ 000]
store_ln0                (store            ) [ 000]
br_ln0                   (br               ) [ 000]
c4                       (load             ) [ 000]
icmp_ln457               (icmp             ) [ 010]
c4_3                     (add              ) [ 000]
br_ln457                 (br               ) [ 000]
store_ln457              (store            ) [ 000]
specpipeline_ln458       (specpipeline     ) [ 000]
speclooptripcount_ln457  (speclooptripcount) [ 000]
specloopname_ln457       (specloopname     ) [ 000]
fifo_B_B_IO_L2_in_0_read (read             ) [ 000]
write_ln465              (write            ) [ 000]
br_ln457                 (br               ) [ 000]
ret_ln0                  (ret              ) [ 000]
</LifeTime>

<model>

<comp_list>
<comp id="0" class="1000" name="fifo_B_B_IO_L2_in_0">
<pin_list>
<pin id="1" dir="1" index="0" bw="1" slack="0"/>
</pin_list>
<bind>
<StgValue><ssdm name="fifo_B_B_IO_L2_in_0"/></StgValue>
</bind>
</comp>

<comp id="2" class="1000" name="fifo_B_B_IO_L2_in_1">
<pin_list>
<pin id="3" dir="1" index="0" bw="1" slack="0"/>
</pin_list>
<bind>
<StgValue><ssdm name="fifo_B_B_IO_L2_in_1"/></StgValue>
</bind>
</comp>

<comp id="4" class="1001" name="const_4">
<pin_list>
<pin id="5" dir="1" index="0" bw="1" slack="0"/>
</pin_list>
<bind>
<StgValue><ssdm name=""/></StgValue>
</bind>
</comp>

<comp id="6" class="1001" name="const_6">
<pin_list>
<pin id="7" dir="1" index="0" bw="1" slack="2147483647"/>
</pin_list>
<bind>
<StgValue><ssdm name="_ssdm_op_SpecMemCore"/></StgValue>
</bind>
</comp>

<comp id="8" class="1001" name="const_8">
<pin_list>
<pin id="9" dir="1" index="0" bw="1" slack="2147483647"/>
</pin_list>
<bind>
<StgValue><ssdm name=""/></StgValue>
</bind>
</comp>

<comp id="10" class="1001" name="const_10">
<pin_list>
<pin id="11" dir="1" index="0" bw="1" slack="2147483647"/>
</pin_list>
<bind>
<StgValue><ssdm name=""/></StgValue>
</bind>
</comp>

<comp id="12" class="1001" name="const_12">
<pin_list>
<pin id="13" dir="1" index="0" bw="1" slack="2147483647"/>
</pin_list>
<bind>
<StgValue><ssdm name=""/></StgValue>
</bind>
</comp>

<comp id="14" class="1001" name="const_14">
<pin_list>
<pin id="15" dir="1" index="0" bw="1" slack="2147483647"/>
</pin_list>
<bind>
<StgValue><ssdm name="_ssdm_op_SpecInterface"/></StgValue>
</bind>
</comp>

<comp id="16" class="1001" name="const_16">
<pin_list>
<pin id="17" dir="1" index="0" bw="1" slack="2147483647"/>
</pin_list>
<bind>
<StgValue><ssdm name="empty_46"/></StgValue>
</bind>
</comp>

<comp id="18" class="1001" name="const_18">
<pin_list>
<pin id="19" dir="1" index="0" bw="1" slack="2147483647"/>
</pin_list>
<bind>
<StgValue><ssdm name=""/></StgValue>
</bind>
</comp>

<comp id="20" class="1001" name="const_20">
<pin_list>
<pin id="21" dir="1" index="0" bw="1" slack="2147483647"/>
</pin_list>
<bind>
<StgValue><ssdm name="empty_6"/></StgValue>
</bind>
</comp>

<comp id="22" class="1001" name="const_22">
<pin_list>
<pin id="23" dir="1" index="0" bw="1" slack="2147483647"/>
</pin_list>
<bind>
<StgValue><ssdm name=""/></StgValue>
</bind>
</comp>

<comp id="24" class="1001" name="const_24">
<pin_list>
<pin id="25" dir="1" index="0" bw="1" slack="0"/>
</pin_list>
<bind>
<StgValue><ssdm name=""/></StgValue>
</bind>
</comp>

<comp id="26" class="1001" name="const_26">
<pin_list>
<pin id="27" dir="1" index="0" bw="1" slack="0"/>
</pin_list>
<bind>
<StgValue><ssdm name=""/></StgValue>
</bind>
</comp>

<comp id="28" class="1001" name="const_28">
<pin_list>
<pin id="29" dir="1" index="0" bw="1" slack="0"/>
</pin_list>
<bind>
<StgValue><ssdm name=""/></StgValue>
</bind>
</comp>

<comp id="30" class="1001" name="const_30">
<pin_list>
<pin id="31" dir="1" index="0" bw="1" slack="2147483647"/>
</pin_list>
<bind>
<StgValue><ssdm name="_ssdm_op_SpecPipeline"/></StgValue>
</bind>
</comp>

<comp id="32" class="1001" name="const_32">
<pin_list>
<pin id="33" dir="1" index="0" bw="1" slack="2147483647"/>
</pin_list>
<bind>
<StgValue><ssdm name="_ssdm_op_SpecLoopTripCount"/></StgValue>
</bind>
</comp>

<comp id="34" class="1001" name="const_34">
<pin_list>
<pin id="35" dir="1" index="0" bw="1" slack="2147483647"/>
</pin_list>
<bind>
<StgValue><ssdm name=""/></StgValue>
</bind>
</comp>

<comp id="36" class="1001" name="const_36">
<pin_list>
<pin id="37" dir="1" index="0" bw="1" slack="2147483647"/>
</pin_list>
<bind>
<StgValue><ssdm name="_ssdm_op_SpecLoopName"/></StgValue>
</bind>
</comp>

<comp id="38" class="1001" name="const_38">
<pin_list>
<pin id="39" dir="1" index="0" bw="1" slack="2147483647"/>
</pin_list>
<bind>
<StgValue><ssdm name="empty_21"/></StgValue>
</bind>
</comp>

<comp id="40" class="1001" name="const_40">
<pin_list>
<pin id="41" dir="1" index="0" bw="1" slack="0"/>
</pin_list>
<bind>
<StgValue><ssdm name="_ssdm_op_Read.ap_fifo.volatile.i512P0A"/></StgValue>
</bind>
</comp>

<comp id="42" class="1001" name="const_42">
<pin_list>
<pin id="43" dir="1" index="0" bw="1" slack="0"/>
</pin_list>
<bind>
<StgValue><ssdm name="_ssdm_op_Write.ap_fifo.volatile.i512P0A"/></StgValue>
</bind>
</comp>

<comp id="44" class="1004" name="c4_2_fu_44">
<pin_list>
<pin id="45" dir="0" index="0" bw="1" slack="0"/>
<pin id="46" dir="1" index="1" bw="4" slack="0"/>
</pin_list>
<bind>
<opcode="alloca(26) " fcode="alloca"/>
<opset="c4_2/1 "/>
</bind>
</comp>

<comp id="48" class="1004" name="fifo_B_B_IO_L2_in_0_read_read_fu_48">
<pin_list>
<pin id="49" dir="0" index="0" bw="512" slack="0"/>
<pin id="50" dir="0" index="1" bw="512" slack="0"/>
<pin id="51" dir="1" index="2" bw="512" slack="0"/>
</pin_list>
<bind>
<opcode="read(1150) " fcode="read"/>
<opset="fifo_B_B_IO_L2_in_0_read/2 "/>
</bind>
</comp>

<comp id="54" class="1004" name="write_ln465_write_fu_54">
<pin_list>
<pin id="55" dir="0" index="0" bw="0" slack="0"/>
<pin id="56" dir="0" index="1" bw="512" slack="0"/>
<pin id="57" dir="0" index="2" bw="512" slack="0"/>
<pin id="58" dir="1" index="3" bw="0" slack="2147483647"/>
</pin_list>
<bind>
<opcode="write(1151) " fcode="write"/>
<opset="write_ln465/2 "/>
</bind>
</comp>

<comp id="62" class="1004" name="store_ln0_store_fu_62">
<pin_list>
<pin id="63" dir="0" index="0" bw="1" slack="0"/>
<pin id="64" dir="0" index="1" bw="4" slack="0"/>
<pin id="65" dir="1" index="2" bw="0" slack="2147483647"/>
</pin_list>
<bind>
<opcode="store(28) " fcode="store"/>
<opset="store_ln0/1 "/>
</bind>
</comp>

<comp id="67" class="1004" name="c4_load_fu_67">
<pin_list>
<pin id="68" dir="0" index="0" bw="4" slack="0"/>
<pin id="69" dir="1" index="1" bw="4" slack="0"/>
</pin_list>
<bind>
<opcode="load(27) " fcode="load"/>
<opset="c4/1 "/>
</bind>
</comp>

<comp id="70" class="1004" name="icmp_ln457_fu_70">
<pin_list>
<pin id="71" dir="0" index="0" bw="4" slack="0"/>
<pin id="72" dir="0" index="1" bw="4" slack="0"/>
<pin id="73" dir="1" index="2" bw="1" slack="2147483647"/>
</pin_list>
<bind>
<opcode="icmp(45) " fcode="icmp"/>
<opset="icmp_ln457/1 "/>
</bind>
</comp>

<comp id="76" class="1004" name="c4_3_fu_76">
<pin_list>
<pin id="77" dir="0" index="0" bw="4" slack="0"/>
<pin id="78" dir="0" index="1" bw="1" slack="0"/>
<pin id="79" dir="1" index="2" bw="4" slack="0"/>
</pin_list>
<bind>
<opcode="add(8) " fcode="add"/>
<opset="c4_3/1 "/>
</bind>
</comp>

<comp id="82" class="1004" name="store_ln457_store_fu_82">
<pin_list>
<pin id="83" dir="0" index="0" bw="4" slack="0"/>
<pin id="84" dir="0" index="1" bw="4" slack="0"/>
<pin id="85" dir="1" index="2" bw="0" slack="2147483647"/>
</pin_list>
<bind>
<opcode="store(28) " fcode="store"/>
<opset="store_ln457/1 "/>
</bind>
</comp>

<comp id="87" class="1005" name="c4_2_reg_87">
<pin_list>
<pin id="88" dir="0" index="0" bw="4" slack="0"/>
<pin id="89" dir="1" index="1" bw="4" slack="0"/>
</pin_list>
<bind>
<opset="c4_2 "/>
</bind>
</comp>

</comp_list>

<net_list>
<net id="47"><net_src comp="4" pin="0"/><net_sink comp="44" pin=0"/></net>

<net id="52"><net_src comp="40" pin="0"/><net_sink comp="48" pin=0"/></net>

<net id="53"><net_src comp="0" pin="0"/><net_sink comp="48" pin=1"/></net>

<net id="59"><net_src comp="42" pin="0"/><net_sink comp="54" pin=0"/></net>

<net id="60"><net_src comp="2" pin="0"/><net_sink comp="54" pin=1"/></net>

<net id="61"><net_src comp="48" pin="2"/><net_sink comp="54" pin=2"/></net>

<net id="66"><net_src comp="24" pin="0"/><net_sink comp="62" pin=0"/></net>

<net id="74"><net_src comp="67" pin="1"/><net_sink comp="70" pin=0"/></net>

<net id="75"><net_src comp="26" pin="0"/><net_sink comp="70" pin=1"/></net>

<net id="80"><net_src comp="67" pin="1"/><net_sink comp="76" pin=0"/></net>

<net id="81"><net_src comp="28" pin="0"/><net_sink comp="76" pin=1"/></net>

<net id="86"><net_src comp="76" pin="2"/><net_sink comp="82" pin=0"/></net>

<net id="90"><net_src comp="44" pin="1"/><net_sink comp="87" pin=0"/></net>

<net id="91"><net_src comp="87" pin="1"/><net_sink comp="62" pin=1"/></net>

<net id="92"><net_src comp="87" pin="1"/><net_sink comp="67" pin=0"/></net>

<net id="93"><net_src comp="87" pin="1"/><net_sink comp="82" pin=1"/></net>

</net_list>

</model> 
---------------- Datapath Model END ------------------

* FSMD analyzer results:
  - Output states:
	Port: fifo_B_B_IO_L2_in_1 | {2 }
 - Input state : 
	Port: B_IO_L2_in_inter_trans_Pipeline_VITIS_LOOP_457_3 : fifo_B_B_IO_L2_in_0 | {2 }
  - Chain level:
	State 1
		store_ln0 : 1
		c4 : 1
		icmp_ln457 : 2
		c4_3 : 2
		br_ln457 : 3
		store_ln457 : 3
	State 2


============================================================
+ Verbose Summary: Datapath Resource usage 
============================================================

* Functional unit list:
|----------|-------------------------------------|---------|---------|
| Operation|           Functional Unit           |    FF   |   LUT   |
|----------|-------------------------------------|---------|---------|
|   icmp   |           icmp_ln457_fu_70          |    0    |    12   |
|----------|-------------------------------------|---------|---------|
|    add   |              c4_3_fu_76             |    0    |    12   |
|----------|-------------------------------------|---------|---------|
|   read   | fifo_B_B_IO_L2_in_0_read_read_fu_48 |    0    |    0    |
|----------|-------------------------------------|---------|---------|
|   write  |       write_ln465_write_fu_54       |    0    |    0    |
|----------|-------------------------------------|---------|---------|
|   Total  |                                     |    0    |    24   |
|----------|-------------------------------------|---------|---------|

Memories:
N/A

* Register list:
+-----------+--------+
|           |   FF   |
+-----------+--------+
|c4_2_reg_87|    4   |
+-----------+--------+
|   Total   |    4   |
+-----------+--------+

* Multiplexer (MUX) list: 
|--------|------|------|------|--------|
|  Comp  |  Pin | Size |  BW  | S x BW |
|--------|------|------|------|--------|
|  Total |      |      |      |    0   |
|--------|------|------|------|--------|



* Summary:
+-----------+--------+--------+
|           |   FF   |   LUT  |
+-----------+--------+--------+
|  Function |    0   |   24   |
|   Memory  |    -   |    -   |
|Multiplexer|    -   |    -   |
|  Register |    4   |    -   |
+-----------+--------+--------+
|   Total   |    4   |   24   |
+-----------+--------+--------+
