

================================================================
== Vitis HLS Report for 'C_drain_IO_L2_out_boundary'
================================================================
* Date:           Thu Sep 12 16:26:56 2024

* Version:        2023.1.1 (Build 3869133 on Jun 15 2023)
* Project:        hls_prj
* Solution:       solution1 (Vivado IP Flow Target)
* Product family: virtexuplus
* Target device:  xcu200-fsgd2104-2-e


================================================================
== Performance Estimates
================================================================
+ Timing: 
    * Summary: 
    +--------+---------+----------+------------+
    |  Clock |  Target | Estimated| Uncertainty|
    +--------+---------+----------+------------+
    |ap_clk  |  5.00 ns|  2.810 ns|     1.35 ns|
    +--------+---------+----------+------------+

+ Latency: 
    * Summary: 
    +---------+---------+----------+----------+-----+-----+---------+
    |  Latency (cycles) |  Latency (absolute) |  Interval | Pipeline|
    |   min   |   max   |    min   |    max   | min | max |   Type  |
    +---------+---------+----------+----------+-----+-----+---------+
    |      514|      514|  2.570 us|  2.570 us|  514|  514|       no|
    +---------+---------+----------+----------+-----+-----+---------+

    + Detail: 
        * Instance: 
        N/A

        * Loop: 
        +---------------------------------------------------------------------------+---------+---------+----------+-----------+-----------+------+----------+
        |                                                                           |  Latency (cycles) | Iteration|  Initiation Interval  | Trip |          |
        |                                 Loop Name                                 |   min   |   max   |  Latency |  achieved |   target  | Count| Pipelined|
        +---------------------------------------------------------------------------+---------+---------+----------+-----------+-----------+------+----------+
        |- VITIS_LOOP_1096_1_VITIS_LOOP_1103_4_VITIS_LOOP_1105_5_VITIS_LOOP_1107_6  |      512|      512|         2|          1|          1|   512|       yes|
        +---------------------------------------------------------------------------+---------+---------+----------+-----------+-----------+------+----------+

============================================================
+ Verbose Summary: Synthesis Manager
============================================================
InlineROM: 1
ExposeGlobal: 0
============================================================
+ Verbose Summary: CDFG Model
============================================================
IsTopModel: 0
ResetActiveHigh: 1
IsCombinational: 2
IsDatapathOnly: 0
HasWiredReturn: 1
HasMFsm: 2
HasVarLatency: 1
IsPipeline: 0
IsRtlPipelined: 0
IsInstanceOverlapped: 0
IsDontTouch: 0
HasImplIP: 0
IsGatedGlobalClock: 0

+ Individual pipeline summary: 
  * Pipeline-0: initiation interval (II) = 1, depth = 2


============================================================
+ Verbose Summary: Schedule
============================================================
* Number of FSM states : 2
* Pipeline : 1
  Pipeline-0 : II = 1, D = 2, States = { 1 2 }
* Dataflow Pipeline: 0

* FSM state transitions: 
1 --> 2 
2 --> 

* FSM state operations: 

State 1 <SV = 0> <Delay = 1.11>
ST_1 : Operation 5 [1/1] (0.00ns)   --->   "%indvar_flatten56 = alloca i32 1"   --->   Operation 5 'alloca' 'indvar_flatten56' <Predicate = true> <Delay = 0.00>
ST_1 : Operation 6 [1/1] (0.00ns)   --->   "%specmemcore_ln0 = specmemcore void @_ssdm_op_SpecMemCore, i128 %fifo_C_drain_C_drain_IO_L2_out_1, i64 666, i64 10, i64 18446744073709551615"   --->   Operation 6 'specmemcore' 'specmemcore_ln0' <Predicate = true> <Delay = 0.00>
ST_1 : Operation 7 [1/1] (0.00ns)   --->   "%specmemcore_ln0 = specmemcore void @_ssdm_op_SpecMemCore, i128 %fifo_C_drain_C_drain_IO_L1_out_1_0, i64 666, i64 10, i64 18446744073709551615"   --->   Operation 7 'specmemcore' 'specmemcore_ln0' <Predicate = true> <Delay = 0.00>
ST_1 : Operation 8 [1/1] (0.00ns)   --->   "%specinterface_ln0 = specinterface void @_ssdm_op_SpecInterface, i128 %fifo_C_drain_C_drain_IO_L2_out_1, void @empty_46, i32 0, i32 0, void @empty_6, i32 0, i32 0, void @empty_6, void @empty_6, void @empty_6, i32 0, i32 0, i32 0, i32 0, void @empty_6, void @empty_6, i32 4294967295, i32 0"   --->   Operation 8 'specinterface' 'specinterface_ln0' <Predicate = true> <Delay = 0.00>
ST_1 : Operation 9 [1/1] (0.00ns)   --->   "%specinterface_ln0 = specinterface void @_ssdm_op_SpecInterface, i128 %fifo_C_drain_C_drain_IO_L1_out_1_0, void @empty_46, i32 0, i32 0, void @empty_6, i32 0, i32 0, void @empty_6, void @empty_6, void @empty_6, i32 0, i32 0, i32 0, i32 0, void @empty_6, void @empty_6, i32 4294967295, i32 0"   --->   Operation 9 'specinterface' 'specinterface_ln0' <Predicate = true> <Delay = 0.00>
ST_1 : Operation 10 [1/1] (0.38ns)   --->   "%store_ln1096 = store i10 0, i10 %indvar_flatten56" [src/kernel_kernel.cpp:1096]   --->   Operation 10 'store' 'store_ln1096' <Predicate = true> <Delay = 0.38>
ST_1 : Operation 11 [1/1] (0.00ns)   --->   "%br_ln1096 = br void %for.inc" [src/kernel_kernel.cpp:1096]   --->   Operation 11 'br' 'br_ln1096' <Predicate = true> <Delay = 0.00>
ST_1 : Operation 12 [1/1] (0.00ns)   --->   "%indvar_flatten56_load = load i10 %indvar_flatten56" [src/kernel_kernel.cpp:1096]   --->   Operation 12 'load' 'indvar_flatten56_load' <Predicate = true> <Delay = 0.00>
ST_1 : Operation 13 [1/1] (0.72ns)   --->   "%icmp_ln1096 = icmp_eq  i10 %indvar_flatten56_load, i10 512" [src/kernel_kernel.cpp:1096]   --->   Operation 13 'icmp' 'icmp_ln1096' <Predicate = true> <Delay = 0.72> <CoreInst = "Cmp">   --->   Core 9 'Cmp' <Latency = 0> <II = 1> <Delay = 0.72> <FuncUnit> <Opcode : 'icmp'> <InPorts = 2> <OutPorts = 1>
ST_1 : Operation 14 [1/1] (0.72ns)   --->   "%add_ln1096 = add i10 %indvar_flatten56_load, i10 1" [src/kernel_kernel.cpp:1096]   --->   Operation 14 'add' 'add_ln1096' <Predicate = true> <Delay = 0.72> <CoreInst = "Adder">   --->   Core 1 'Adder' <Latency = 0> <II = 1> <Delay = 0.72> <FuncUnit> <Opcode : 'add' 'sub'> <InPorts = 2> <OutPorts = 1>
ST_1 : Operation 15 [1/1] (0.00ns)   --->   "%br_ln1096 = br i1 %icmp_ln1096, void %for.inc35, void %for.end37" [src/kernel_kernel.cpp:1096]   --->   Operation 15 'br' 'br_ln1096' <Predicate = true> <Delay = 0.00>
ST_1 : Operation 16 [1/1] (0.38ns)   --->   "%store_ln1107 = store i10 %add_ln1096, i10 %indvar_flatten56" [src/kernel_kernel.cpp:1107]   --->   Operation 16 'store' 'store_ln1107' <Predicate = (!icmp_ln1096)> <Delay = 0.38>
ST_1 : Operation 27 [1/1] (0.00ns)   --->   "%ret_ln1121 = ret" [src/kernel_kernel.cpp:1121]   --->   Operation 27 'ret' 'ret_ln1121' <Predicate = (icmp_ln1096)> <Delay = 0.00>

State 2 <SV = 1> <Delay = 2.81>
ST_2 : Operation 17 [1/1] (0.00ns)   --->   "%specloopname_ln0 = specloopname void @_ssdm_op_SpecLoopName, void @VITIS_LOOP_1096_1_VITIS_LOOP_1103_4_VITIS_LOOP_110"   --->   Operation 17 'specloopname' 'specloopname_ln0' <Predicate = true> <Delay = 0.00>
ST_2 : Operation 18 [1/1] (0.00ns)   --->   "%speclooptripcount_ln0 = speclooptripcount void @_ssdm_op_SpecLoopTripCount, i64 512, i64 512, i64 512"   --->   Operation 18 'speclooptripcount' 'speclooptripcount_ln0' <Predicate = true> <Delay = 0.00>
ST_2 : Operation 19 [1/1] (0.00ns)   --->   "%specloopname_ln0 = specloopname void @_ssdm_op_SpecLoopName, void @VITIS_LOOP_1097_2_VITIS_LOOP_1105_5_VITIS_LOOP_110"   --->   Operation 19 'specloopname' 'specloopname_ln0' <Predicate = true> <Delay = 0.00>
ST_2 : Operation 20 [1/1] (0.00ns)   --->   "%specloopname_ln0 = specloopname void @_ssdm_op_SpecLoopName, void @VITIS_LOOP_1103_4_VITIS_LOOP_1105_5_VITIS_LOOP_110"   --->   Operation 20 'specloopname' 'specloopname_ln0' <Predicate = true> <Delay = 0.00>
ST_2 : Operation 21 [1/1] (0.00ns)   --->   "%specloopname_ln0 = specloopname void @_ssdm_op_SpecLoopName, void @VITIS_LOOP_1105_5_VITIS_LOOP_1107_6_str"   --->   Operation 21 'specloopname' 'specloopname_ln0' <Predicate = true> <Delay = 0.00>
ST_2 : Operation 22 [1/1] (0.00ns)   --->   "%specpipeline_ln1108 = specpipeline void @_ssdm_op_SpecPipeline, i32 1, i32 0, i32 0, i32 0, void @empty_6" [src/kernel_kernel.cpp:1108]   --->   Operation 22 'specpipeline' 'specpipeline_ln1108' <Predicate = true> <Delay = 0.00>
ST_2 : Operation 23 [1/1] (0.00ns)   --->   "%specloopname_ln1107 = specloopname void @_ssdm_op_SpecLoopName, void @empty_49" [src/kernel_kernel.cpp:1107]   --->   Operation 23 'specloopname' 'specloopname_ln1107' <Predicate = true> <Delay = 0.00>
ST_2 : Operation 24 [1/1] (1.40ns)   --->   "%fifo_C_drain_C_drain_IO_L1_out_1_0_read = read i128 @_ssdm_op_Read.ap_fifo.volatile.i128P0A, i128 %fifo_C_drain_C_drain_IO_L1_out_1_0" [src/kernel_kernel.cpp:1112]   --->   Operation 24 'read' 'fifo_C_drain_C_drain_IO_L1_out_1_0_read' <Predicate = true> <Delay = 1.40> <CoreInst = "FIFO_SRL">   --->   Core 81 'FIFO_SRL' <Latency = 0> <II = 1> <Delay = 1.40> <Storage> <Opcode : 'read' 'write' 'nbread' 'nbwrite'> <Ports = 0> <Width = 128> <Depth = 2> <FIFO>
ST_2 : Operation 25 [1/1] (1.40ns)   --->   "%write_ln1114 = write void @_ssdm_op_Write.ap_fifo.volatile.i128P0A, i128 %fifo_C_drain_C_drain_IO_L2_out_1, i128 %fifo_C_drain_C_drain_IO_L1_out_1_0_read" [src/kernel_kernel.cpp:1114]   --->   Operation 25 'write' 'write_ln1114' <Predicate = true> <Delay = 1.40> <CoreInst = "FIFO_SRL">   --->   Core 81 'FIFO_SRL' <Latency = 0> <II = 1> <Delay = 1.40> <Storage> <Opcode : 'read' 'write' 'nbread' 'nbwrite'> <Ports = 0> <Width = 128> <Depth = 2> <FIFO>
ST_2 : Operation 26 [1/1] (0.00ns)   --->   "%br_ln1107 = br void %for.inc" [src/kernel_kernel.cpp:1107]   --->   Operation 26 'br' 'br_ln1107' <Predicate = true> <Delay = 0.00>


============================================================
+ Verbose Summary: Timing violations
============================================================
Target clock period: 5.000ns, clock uncertainty: 1.350ns.

 <State 1>: 1.112ns
The critical path consists of the following:
	'alloca' operation ('indvar_flatten56') [3]  (0.000 ns)
	'load' operation ('indvar_flatten56_load', src/kernel_kernel.cpp:1096) on local variable 'indvar_flatten56' [11]  (0.000 ns)
	'add' operation ('add_ln1096', src/kernel_kernel.cpp:1096) [13]  (0.725 ns)
	'store' operation ('store_ln1107', src/kernel_kernel.cpp:1107) of variable 'add_ln1096', src/kernel_kernel.cpp:1096 on local variable 'indvar_flatten56' [25]  (0.387 ns)

 <State 2>: 2.810ns
The critical path consists of the following:
	fifo read operation ('fifo_C_drain_C_drain_IO_L1_out_1_0_read', src/kernel_kernel.cpp:1112) on port 'fifo_C_drain_C_drain_IO_L1_out_1_0' (src/kernel_kernel.cpp:1112) [23]  (1.405 ns)
	fifo write operation ('write_ln1114', src/kernel_kernel.cpp:1114) on port 'fifo_C_drain_C_drain_IO_L2_out_1' (src/kernel_kernel.cpp:1114) [24]  (1.405 ns)


============================================================
+ Verbose Summary: Binding
============================================================
N/A
* FSMD analyzer results:
  - Output states:
 - Input state : 
  - Chain level:
	State 1
	State 2


============================================================
+ Verbose Summary: Datapath Resource usage 
============================================================
N/A
