

================================================================
== Vitis HLS Report for 'C_drain_IO_L1_out_Pipeline_VITIS_LOOP_849_1_VITIS_s'
================================================================
* Date:           Thu Sep 12 16:26:54 2024

* Version:        2023.1.1 (Build 3869133 on Jun 15 2023)
* Project:        hls_prj
* Solution:       solution1 (Vivado IP Flow Target)
* Product family: virtexuplus
* Target device:  xcu200-fsgd2104-2-e


================================================================
== Performance Estimates
================================================================
+ Timing: 
    * Summary: 
    +--------+---------+----------+------------+
    |  Clock |  Target | Estimated| Uncertainty|
    +--------+---------+----------+------------+
    |ap_clk  |  5.00 ns|  3.067 ns|     1.35 ns|
    +--------+---------+----------+------------+

+ Latency: 
    * Summary: 
    +---------+---------+----------+----------+-----+-----+---------+
    |  Latency (cycles) |  Latency (absolute) |  Interval | Pipeline|
    |   min   |   max   |    min   |    max   | min | max |   Type  |
    +---------+---------+----------+----------+-----+-----+---------+
    |       67|       67|  0.335 us|  0.335 us|   67|   67|       no|
    +---------+---------+----------+----------+-----+-----+---------+

    + Detail: 
        * Instance: 
        N/A

        * Loop: 
        +-------------------------------------+---------+---------+----------+-----------+-----------+------+----------+
        |                                     |  Latency (cycles) | Iteration|  Initiation Interval  | Trip |          |
        |              Loop Name              |   min   |   max   |  Latency |  achieved |   target  | Count| Pipelined|
        +-------------------------------------+---------+---------+----------+-----------+-----------+------+----------+
        |- VITIS_LOOP_849_1_VITIS_LOOP_851_2  |       65|       65|         3|          1|          1|    64|       yes|
        +-------------------------------------+---------+---------+----------+-----------+-----------+------+----------+

============================================================
+ Verbose Summary: Synthesis Manager
============================================================
InlineROM: 1
ExposeGlobal: 0
============================================================
+ Verbose Summary: CDFG Model
============================================================
IsTopModel: 0
ResetActiveHigh: 1
IsCombinational: 0
IsDatapathOnly: 0
HasWiredReturn: 1
HasMFsm: 2
HasVarLatency: 1
IsPipeline: 0
IsRtlPipelined: 0
IsInstanceOverlapped: 0
IsDontTouch: 0
HasImplIP: 0
IsGatedGlobalClock: 0

+ Individual pipeline summary: 
  * Pipeline-0: initiation interval (II) = 1, depth = 3


============================================================
+ Verbose Summary: Schedule
============================================================
* Number of FSM states : 3
* Pipeline : 1
  Pipeline-0 : II = 1, D = 3, States = { 1 2 3 }
* Dataflow Pipeline: 0

* FSM state transitions: 
1 --> 2 
2 --> 3 
3 --> 

* FSM state operations: 

State 1 <SV = 0> <Delay = 1.09>
ST_1 : Operation 6 [1/1] (0.00ns)   --->   "%c7 = alloca i32 1"   --->   Operation 6 'alloca' 'c7' <Predicate = true> <Delay = 0.00>
ST_1 : Operation 7 [1/1] (0.00ns)   --->   "%c6 = alloca i32 1"   --->   Operation 7 'alloca' 'c6' <Predicate = true> <Delay = 0.00>
ST_1 : Operation 8 [1/1] (0.00ns)   --->   "%indvar_flatten = alloca i32 1"   --->   Operation 8 'alloca' 'indvar_flatten' <Predicate = true> <Delay = 0.00>
ST_1 : Operation 9 [1/1] (0.00ns)   --->   "%specmemcore_ln0 = specmemcore void @_ssdm_op_SpecMemCore, i128 %local_C, i64 666, i64 22, i64 18446744073709551615"   --->   Operation 9 'specmemcore' 'specmemcore_ln0' <Predicate = true> <Delay = 0.00>
ST_1 : Operation 10 [1/1] (0.00ns)   --->   "%specmemcore_ln0 = specmemcore void @_ssdm_op_SpecMemCore, i32 %fifo_C_drain_PE_0_1, i64 666, i64 10, i64 18446744073709551615"   --->   Operation 10 'specmemcore' 'specmemcore_ln0' <Predicate = true> <Delay = 0.00>
ST_1 : Operation 11 [1/1] (0.00ns)   --->   "%specinterface_ln0 = specinterface void @_ssdm_op_SpecInterface, i32 %fifo_C_drain_PE_0_1, void @empty_46, i32 0, i32 0, void @empty_6, i32 0, i32 0, void @empty_6, void @empty_6, void @empty_6, i32 0, i32 0, i32 0, i32 0, void @empty_6, void @empty_6, i32 4294967295, i32 0"   --->   Operation 11 'specinterface' 'specinterface_ln0' <Predicate = true> <Delay = 0.00>
ST_1 : Operation 12 [1/1] (0.38ns)   --->   "%store_ln0 = store i7 0, i7 %indvar_flatten"   --->   Operation 12 'store' 'store_ln0' <Predicate = true> <Delay = 0.38>
ST_1 : Operation 13 [1/1] (0.38ns)   --->   "%store_ln0 = store i4 0, i4 %c6"   --->   Operation 13 'store' 'store_ln0' <Predicate = true> <Delay = 0.38>
ST_1 : Operation 14 [1/1] (0.38ns)   --->   "%store_ln0 = store i4 0, i4 %c7"   --->   Operation 14 'store' 'store_ln0' <Predicate = true> <Delay = 0.38>
ST_1 : Operation 15 [1/1] (0.00ns)   --->   "%br_ln0 = br void %for.body16.i"   --->   Operation 15 'br' 'br_ln0' <Predicate = true> <Delay = 0.00>
ST_1 : Operation 16 [1/1] (0.00ns)   --->   "%indvar_flatten_load = load i7 %indvar_flatten" [src/kernel_kernel.cpp:849->src/kernel_kernel.cpp:958]   --->   Operation 16 'load' 'indvar_flatten_load' <Predicate = true> <Delay = 0.00>
ST_1 : Operation 17 [1/1] (0.70ns)   --->   "%icmp_ln849 = icmp_eq  i7 %indvar_flatten_load, i7 64" [src/kernel_kernel.cpp:849->src/kernel_kernel.cpp:958]   --->   Operation 17 'icmp' 'icmp_ln849' <Predicate = true> <Delay = 0.70> <CoreInst = "Cmp">   --->   Core 9 'Cmp' <Latency = 0> <II = 1> <Delay = 0.70> <FuncUnit> <Opcode : 'icmp'> <InPorts = 2> <OutPorts = 1>
ST_1 : Operation 18 [1/1] (0.70ns)   --->   "%add_ln849_2 = add i7 %indvar_flatten_load, i7 1" [src/kernel_kernel.cpp:849->src/kernel_kernel.cpp:958]   --->   Operation 18 'add' 'add_ln849_2' <Predicate = true> <Delay = 0.70> <CoreInst = "Adder">   --->   Core 1 'Adder' <Latency = 0> <II = 1> <Delay = 0.70> <FuncUnit> <Opcode : 'add' 'sub'> <InPorts = 2> <OutPorts = 1>
ST_1 : Operation 19 [1/1] (0.00ns)   --->   "%br_ln849 = br i1 %icmp_ln849, void %for.cond.cleanup5.i, void %for.body.i.preheader.exitStub" [src/kernel_kernel.cpp:849->src/kernel_kernel.cpp:958]   --->   Operation 19 'br' 'br_ln849' <Predicate = true> <Delay = 0.00>
ST_1 : Operation 20 [1/1] (0.38ns)   --->   "%store_ln851 = store i7 %add_ln849_2, i7 %indvar_flatten" [src/kernel_kernel.cpp:851->src/kernel_kernel.cpp:958]   --->   Operation 20 'store' 'store_ln851' <Predicate = (!icmp_ln849)> <Delay = 0.38>

State 2 <SV = 1> <Delay = 2.25>
ST_2 : Operation 21 [1/1] (0.00ns)   --->   "%c7_load = load i4 %c7" [src/kernel_kernel.cpp:851->src/kernel_kernel.cpp:958]   --->   Operation 21 'load' 'c7_load' <Predicate = (!icmp_ln849)> <Delay = 0.00>
ST_2 : Operation 22 [1/1] (0.00ns)   --->   "%c6_load = load i4 %c6" [src/kernel_kernel.cpp:849->src/kernel_kernel.cpp:958]   --->   Operation 22 'load' 'c6_load' <Predicate = (!icmp_ln849)> <Delay = 0.00>
ST_2 : Operation 23 [1/1] (0.70ns)   --->   "%add_ln849 = add i4 %c6_load, i4 1" [src/kernel_kernel.cpp:849->src/kernel_kernel.cpp:958]   --->   Operation 23 'add' 'add_ln849' <Predicate = (!icmp_ln849)> <Delay = 0.70> <CoreInst = "Adder">   --->   Core 1 'Adder' <Latency = 0> <II = 1> <Delay = 0.70> <FuncUnit> <Opcode : 'add' 'sub'> <InPorts = 2> <OutPorts = 1>
ST_2 : Operation 24 [1/1] (0.70ns)   --->   "%icmp_ln851 = icmp_eq  i4 %c7_load, i4 8" [src/kernel_kernel.cpp:851->src/kernel_kernel.cpp:958]   --->   Operation 24 'icmp' 'icmp_ln851' <Predicate = (!icmp_ln849)> <Delay = 0.70> <CoreInst = "Cmp">   --->   Core 9 'Cmp' <Latency = 0> <II = 1> <Delay = 0.70> <FuncUnit> <Opcode : 'icmp'> <InPorts = 2> <OutPorts = 1>
ST_2 : Operation 25 [1/1] (0.35ns)   --->   "%select_ln849 = select i1 %icmp_ln851, i4 0, i4 %c7_load" [src/kernel_kernel.cpp:849->src/kernel_kernel.cpp:958]   --->   Operation 25 'select' 'select_ln849' <Predicate = (!icmp_ln849)> <Delay = 0.35> <CoreInst = "Sel">   --->   Core 73 'Sel' <Latency = 0> <II = 1> <Delay = 0.35> <FuncUnit> <Opcode : 'select'> <InPorts = 3> <OutPorts = 1>
ST_2 : Operation 26 [1/1] (0.00ns)   --->   "%trunc_ln849 = trunc i4 %select_ln849" [src/kernel_kernel.cpp:849->src/kernel_kernel.cpp:958]   --->   Operation 26 'trunc' 'trunc_ln849' <Predicate = (!icmp_ln849)> <Delay = 0.00>
ST_2 : Operation 27 [1/1] (0.35ns)   --->   "%select_ln849_2 = select i1 %icmp_ln851, i4 %add_ln849, i4 %c6_load" [src/kernel_kernel.cpp:849->src/kernel_kernel.cpp:958]   --->   Operation 27 'select' 'select_ln849_2' <Predicate = (!icmp_ln849)> <Delay = 0.35> <CoreInst = "Sel">   --->   Core 73 'Sel' <Latency = 0> <II = 1> <Delay = 0.35> <FuncUnit> <Opcode : 'select'> <InPorts = 3> <OutPorts = 1>
ST_2 : Operation 28 [1/1] (0.00ns)   --->   "%trunc_ln849_3 = trunc i4 %select_ln849_2" [src/kernel_kernel.cpp:849->src/kernel_kernel.cpp:958]   --->   Operation 28 'trunc' 'trunc_ln849_3' <Predicate = (!icmp_ln849)> <Delay = 0.00>
ST_2 : Operation 29 [1/1] (0.00ns)   --->   "%tmp_3 = bitselect i1 @_ssdm_op_BitSelect.i1.i4.i32, i4 %select_ln849_2, i32 2" [src/kernel_kernel.cpp:849->src/kernel_kernel.cpp:958]   --->   Operation 29 'bitselect' 'tmp_3' <Predicate = (!icmp_ln849)> <Delay = 0.00>
ST_2 : Operation 30 [1/1] (0.00ns)   --->   "%tmp = bitconcatenate i4 @_ssdm_op_BitConcatenate.i4.i3.i1, i3 %trunc_ln849, i1 %tmp_3" [src/kernel_kernel.cpp:859->src/kernel_kernel.cpp:958]   --->   Operation 30 'bitconcatenate' 'tmp' <Predicate = (!icmp_ln849)> <Delay = 0.00>
ST_2 : Operation 31 [1/1] (0.00ns)   --->   "%zext_ln859 = zext i4 %tmp" [src/kernel_kernel.cpp:859->src/kernel_kernel.cpp:958]   --->   Operation 31 'zext' 'zext_ln859' <Predicate = (!icmp_ln849)> <Delay = 0.00>
ST_2 : Operation 32 [1/1] (0.00ns)   --->   "%local_C_addr = getelementptr i128 %local_C, i64 0, i64 %zext_ln859" [src/kernel_kernel.cpp:859->src/kernel_kernel.cpp:958]   --->   Operation 32 'getelementptr' 'local_C_addr' <Predicate = (!icmp_ln849)> <Delay = 0.00>
ST_2 : Operation 33 [1/1] (1.39ns)   --->   "%data_split_11 = read i32 @_ssdm_op_Read.ap_fifo.volatile.i32P0A, i32 %fifo_C_drain_PE_0_1" [src/kernel_kernel.cpp:857->src/kernel_kernel.cpp:958]   --->   Operation 33 'read' 'data_split_11' <Predicate = (!icmp_ln849)> <Delay = 1.39> <CoreInst = "FIFO_SRL">   --->   Core 81 'FIFO_SRL' <Latency = 0> <II = 1> <Delay = 1.39> <Storage> <Opcode : 'read' 'write' 'nbread' 'nbwrite'> <Ports = 0> <Width = 32> <Depth = 2> <FIFO>
ST_2 : Operation 34 [2/2] (1.20ns)   --->   "%out_data = load i4 %local_C_addr" [src/kernel_kernel.cpp:859->src/kernel_kernel.cpp:958]   --->   Operation 34 'load' 'out_data' <Predicate = (!icmp_ln849)> <Delay = 1.20> <CoreInst = "RAM_2P_BRAM">   --->   Core 94 'RAM_2P_BRAM' <Latency = 1> <II = 1> <Delay = 1.20> <Storage> <Opcode : 'load' 'store'> <Ports = 2> <Width = 128> <Depth = 16> <RAM>
ST_2 : Operation 35 [1/1] (0.70ns)   --->   "%add_ln851 = add i4 %select_ln849, i4 1" [src/kernel_kernel.cpp:851->src/kernel_kernel.cpp:958]   --->   Operation 35 'add' 'add_ln851' <Predicate = true> <Delay = 0.70> <CoreInst = "Adder">   --->   Core 1 'Adder' <Latency = 0> <II = 1> <Delay = 0.70> <FuncUnit> <Opcode : 'add' 'sub'> <InPorts = 2> <OutPorts = 1>
ST_2 : Operation 36 [1/1] (0.38ns)   --->   "%store_ln851 = store i4 %select_ln849_2, i4 %c6" [src/kernel_kernel.cpp:851->src/kernel_kernel.cpp:958]   --->   Operation 36 'store' 'store_ln851' <Predicate = true> <Delay = 0.38>
ST_2 : Operation 37 [1/1] (0.38ns)   --->   "%store_ln851 = store i4 %add_ln851, i4 %c7" [src/kernel_kernel.cpp:851->src/kernel_kernel.cpp:958]   --->   Operation 37 'store' 'store_ln851' <Predicate = true> <Delay = 0.38>
ST_2 : Operation 58 [1/1] (0.00ns)   --->   "%ret_ln0 = ret"   --->   Operation 58 'ret' 'ret_ln0' <Predicate = (icmp_ln849)> <Delay = 0.00>

State 3 <SV = 2> <Delay = 3.06>
ST_3 : Operation 38 [1/1] (0.00ns)   --->   "%specloopname_ln0 = specloopname void @_ssdm_op_SpecLoopName, void @VITIS_LOOP_849_1_VITIS_LOOP_851_2_str"   --->   Operation 38 'specloopname' 'specloopname_ln0' <Predicate = (!icmp_ln849)> <Delay = 0.00>
ST_3 : Operation 39 [1/1] (0.00ns)   --->   "%speclooptripcount_ln0 = speclooptripcount void @_ssdm_op_SpecLoopTripCount, i64 64, i64 64, i64 64"   --->   Operation 39 'speclooptripcount' 'speclooptripcount_ln0' <Predicate = (!icmp_ln849)> <Delay = 0.00>
ST_3 : Operation 40 [1/1] (0.00ns)   --->   "%specpipeline_ln852 = specpipeline void @_ssdm_op_SpecPipeline, i32 1, i32 0, i32 0, i32 0, void @empty_6" [src/kernel_kernel.cpp:852->src/kernel_kernel.cpp:958]   --->   Operation 40 'specpipeline' 'specpipeline_ln852' <Predicate = (!icmp_ln849)> <Delay = 0.00>
ST_3 : Operation 41 [1/1] (0.00ns)   --->   "%specloopname_ln851 = specloopname void @_ssdm_op_SpecLoopName, void @empty_43" [src/kernel_kernel.cpp:851->src/kernel_kernel.cpp:958]   --->   Operation 41 'specloopname' 'specloopname_ln851' <Predicate = (!icmp_ln849)> <Delay = 0.00>
ST_3 : Operation 42 [1/2] (1.20ns)   --->   "%out_data = load i4 %local_C_addr" [src/kernel_kernel.cpp:859->src/kernel_kernel.cpp:958]   --->   Operation 42 'load' 'out_data' <Predicate = (!icmp_ln849)> <Delay = 1.20> <CoreInst = "RAM_2P_BRAM">   --->   Core 94 'RAM_2P_BRAM' <Latency = 1> <II = 1> <Delay = 1.20> <Storage> <Opcode : 'load' 'store'> <Ports = 2> <Width = 128> <Depth = 16> <RAM>
ST_3 : Operation 43 [1/1] (0.00ns)   --->   "%data_split = trunc i128 %out_data" [src/kernel_kernel.cpp:862->src/kernel_kernel.cpp:958]   --->   Operation 43 'trunc' 'data_split' <Predicate = (!icmp_ln849)> <Delay = 0.00>
ST_3 : Operation 44 [1/1] (0.00ns)   --->   "%data_split_10 = partselect i32 @_ssdm_op_PartSelect.i32.i128.i32.i32, i128 %out_data, i32 32, i32 63" [src/kernel_kernel.cpp:862->src/kernel_kernel.cpp:958]   --->   Operation 44 'partselect' 'data_split_10' <Predicate = (!icmp_ln849)> <Delay = 0.00>
ST_3 : Operation 45 [1/1] (0.00ns)   --->   "%data_split_2 = partselect i32 @_ssdm_op_PartSelect.i32.i128.i32.i32, i128 %out_data, i32 64, i32 95" [src/kernel_kernel.cpp:862->src/kernel_kernel.cpp:958]   --->   Operation 45 'partselect' 'data_split_2' <Predicate = (!icmp_ln849)> <Delay = 0.00>
ST_3 : Operation 46 [1/1] (0.00ns)   --->   "%data_split_3 = partselect i32 @_ssdm_op_PartSelect.i32.i128.i32.i32, i128 %out_data, i32 96, i32 127" [src/kernel_kernel.cpp:862->src/kernel_kernel.cpp:958]   --->   Operation 46 'partselect' 'data_split_3' <Predicate = (!icmp_ln849)> <Delay = 0.00>
ST_3 : Operation 47 [1/1] (0.66ns)   --->   "%switch_ln867 = switch i2 %trunc_ln849_3, void %arrayidx23.i.case.3, i2 0, void %arrayidx23.i.exit, i2 1, void %arrayidx23.i.case.1, i2 2, void %for.cond.cleanup5.i.arrayidx23.i.exit_crit_edge" [src/kernel_kernel.cpp:867->src/kernel_kernel.cpp:958]   --->   Operation 47 'switch' 'switch_ln867' <Predicate = (!icmp_ln849)> <Delay = 0.66>
ST_3 : Operation 48 [1/1] (0.38ns)   --->   "%br_ln867 = br void %arrayidx23.i.exit" [src/kernel_kernel.cpp:867->src/kernel_kernel.cpp:958]   --->   Operation 48 'br' 'br_ln867' <Predicate = (!icmp_ln849 & trunc_ln849_3 == 2)> <Delay = 0.38>
ST_3 : Operation 49 [1/1] (0.38ns)   --->   "%br_ln867 = br void %arrayidx23.i.exit" [src/kernel_kernel.cpp:867->src/kernel_kernel.cpp:958]   --->   Operation 49 'br' 'br_ln867' <Predicate = (!icmp_ln849 & trunc_ln849_3 == 1)> <Delay = 0.38>
ST_3 : Operation 50 [1/1] (0.38ns)   --->   "%br_ln867 = br void %arrayidx23.i.exit" [src/kernel_kernel.cpp:867->src/kernel_kernel.cpp:958]   --->   Operation 50 'br' 'br_ln867' <Predicate = (!icmp_ln849 & trunc_ln849_3 == 3)> <Delay = 0.38>
ST_3 : Operation 51 [1/1] (0.00ns)   --->   "%data_split_15 = phi i32 %data_split_11, void %arrayidx23.i.case.3, i32 %data_split_3, void %arrayidx23.i.case.1, i32 %data_split_3, void %for.cond.cleanup5.i.arrayidx23.i.exit_crit_edge, i32 %data_split_3, void %for.cond.cleanup5.i"   --->   Operation 51 'phi' 'data_split_15' <Predicate = true> <Delay = 0.00>
ST_3 : Operation 52 [1/1] (0.00ns)   --->   "%data_split_14 = phi i32 %data_split_2, void %arrayidx23.i.case.3, i32 %data_split_2, void %arrayidx23.i.case.1, i32 %data_split_11, void %for.cond.cleanup5.i.arrayidx23.i.exit_crit_edge, i32 %data_split_2, void %for.cond.cleanup5.i"   --->   Operation 52 'phi' 'data_split_14' <Predicate = true> <Delay = 0.00>
ST_3 : Operation 53 [1/1] (0.00ns)   --->   "%data_split_13 = phi i32 %data_split_10, void %arrayidx23.i.case.3, i32 %data_split_11, void %arrayidx23.i.case.1, i32 %data_split_10, void %for.cond.cleanup5.i.arrayidx23.i.exit_crit_edge, i32 %data_split_10, void %for.cond.cleanup5.i"   --->   Operation 53 'phi' 'data_split_13' <Predicate = true> <Delay = 0.00>
ST_3 : Operation 54 [1/1] (0.00ns)   --->   "%data_split_12 = phi i32 %data_split, void %arrayidx23.i.case.3, i32 %data_split, void %arrayidx23.i.case.1, i32 %data_split, void %for.cond.cleanup5.i.arrayidx23.i.exit_crit_edge, i32 %data_split_11, void %for.cond.cleanup5.i"   --->   Operation 54 'phi' 'data_split_12' <Predicate = true> <Delay = 0.00>
ST_3 : Operation 55 [1/1] (0.00ns)   --->   "%out_data_2 = bitconcatenate i128 @_ssdm_op_BitConcatenate.i128.i32.i32.i32.i32, i32 %data_split_15, i32 %data_split_14, i32 %data_split_13, i32 %data_split_12" [src/kernel_kernel.cpp:868->src/kernel_kernel.cpp:958]   --->   Operation 55 'bitconcatenate' 'out_data_2' <Predicate = true> <Delay = 0.00>
ST_3 : Operation 56 [1/1] (1.20ns)   --->   "%store_ln868 = store i128 %out_data_2, i4 %local_C_addr" [src/kernel_kernel.cpp:868->src/kernel_kernel.cpp:958]   --->   Operation 56 'store' 'store_ln868' <Predicate = true> <Delay = 1.20> <CoreInst = "RAM_2P_BRAM">   --->   Core 94 'RAM_2P_BRAM' <Latency = 1> <II = 1> <Delay = 1.20> <Storage> <Opcode : 'load' 'store'> <Ports = 2> <Width = 128> <Depth = 16> <RAM>
ST_3 : Operation 57 [1/1] (0.00ns)   --->   "%br_ln851 = br void %for.body16.i" [src/kernel_kernel.cpp:851->src/kernel_kernel.cpp:958]   --->   Operation 57 'br' 'br_ln851' <Predicate = true> <Delay = 0.00>


============================================================
+ Verbose Summary: Timing violations
============================================================
Target clock period: 5.000ns, clock uncertainty: 1.350ns.

 <State 1>: 1.093ns
The critical path consists of the following:
	'alloca' operation ('indvar_flatten') [5]  (0.000 ns)
	'load' operation ('indvar_flatten_load', src/kernel_kernel.cpp:849->src/kernel_kernel.cpp:958) on local variable 'indvar_flatten' [14]  (0.000 ns)
	'add' operation ('add_ln849_2', src/kernel_kernel.cpp:849->src/kernel_kernel.cpp:958) [16]  (0.706 ns)
	'store' operation ('store_ln851', src/kernel_kernel.cpp:851->src/kernel_kernel.cpp:958) of variable 'add_ln849_2', src/kernel_kernel.cpp:849->src/kernel_kernel.cpp:958 on local variable 'indvar_flatten' [56]  (0.387 ns)

 <State 2>: 2.259ns
The critical path consists of the following:
	'load' operation ('c7_load', src/kernel_kernel.cpp:851->src/kernel_kernel.cpp:958) on local variable 'c7' [19]  (0.000 ns)
	'icmp' operation ('icmp_ln851', src/kernel_kernel.cpp:851->src/kernel_kernel.cpp:958) [24]  (0.708 ns)
	'select' operation ('select_ln849_2', src/kernel_kernel.cpp:849->src/kernel_kernel.cpp:958) [27]  (0.351 ns)
	'getelementptr' operation ('local_C_addr', src/kernel_kernel.cpp:859->src/kernel_kernel.cpp:958) [32]  (0.000 ns)
	'load' operation ('out_data', src/kernel_kernel.cpp:859->src/kernel_kernel.cpp:958) on array 'local_C' [36]  (1.200 ns)

 <State 3>: 3.067ns
The critical path consists of the following:
	'load' operation ('out_data', src/kernel_kernel.cpp:859->src/kernel_kernel.cpp:958) on array 'local_C' [36]  (1.200 ns)
	multiplexor before 'phi' operation ('data_split') with incoming values : ('data_split', src/kernel_kernel.cpp:857->src/kernel_kernel.cpp:958) ('data_split', src/kernel_kernel.cpp:862->src/kernel_kernel.cpp:958) [49]  (0.667 ns)
	'phi' operation ('data_split') with incoming values : ('data_split', src/kernel_kernel.cpp:857->src/kernel_kernel.cpp:958) ('data_split', src/kernel_kernel.cpp:862->src/kernel_kernel.cpp:958) [49]  (0.000 ns)
	'store' operation ('store_ln868', src/kernel_kernel.cpp:868->src/kernel_kernel.cpp:958) of variable 'out_data', src/kernel_kernel.cpp:868->src/kernel_kernel.cpp:958 on array 'local_C' [54]  (1.200 ns)


============================================================
+ Verbose Summary: Binding
============================================================
N/A
* FSMD analyzer results:
  - Output states:
 - Input state : 
  - Chain level:
	State 1
	State 2
	State 3


============================================================
+ Verbose Summary: Datapath Resource usage 
============================================================
N/A
