

================================================================
== Vitis HLS Report for 'C_drain_IO_L1_out_boundary_wrapper_6_Pipeline_VITI_1'
================================================================
* Date:           Thu Sep 12 16:26:55 2024

* Version:        2023.1.1 (Build 3869133 on Jun 15 2023)
* Project:        hls_prj
* Solution:       solution1 (Vivado IP Flow Target)
* Product family: virtexuplus
* Target device:  xcu200-fsgd2104-2-e


================================================================
== Performance Estimates
================================================================
+ Timing: 
    * Summary: 
    +--------+---------+----------+------------+
    |  Clock |  Target | Estimated| Uncertainty|
    +--------+---------+----------+------------+
    |ap_clk  |  5.00 ns|  3.067 ns|     1.35 ns|
    +--------+---------+----------+------------+

+ Latency: 
    * Summary: 
    +---------+---------+----------+----------+-----+-----+---------+
    |  Latency (cycles) |  Latency (absolute) |  Interval | Pipeline|
    |   min   |   max   |    min   |    max   | min | max |   Type  |
    +---------+---------+----------+----------+-----+-----+---------+
    |       67|       67|  0.335 us|  0.335 us|   67|   67|       no|
    +---------+---------+----------+----------+-----+-----+---------+

    + Detail: 
        * Instance: 
        N/A

        * Loop: 
        +-------------------------------------+---------+---------+----------+-----------+-----------+------+----------+
        |                                     |  Latency (cycles) | Iteration|  Initiation Interval  | Trip |          |
        |              Loop Name              |   min   |   max   |  Latency |  achieved |   target  | Count| Pipelined|
        +-------------------------------------+---------+---------+----------+-----------+-----------+------+----------+
        |- VITIS_LOOP_849_1_VITIS_LOOP_851_2  |       65|       65|         3|          1|          1|    64|       yes|
        +-------------------------------------+---------+---------+----------+-----------+-----------+------+----------+

============================================================
+ Verbose Summary: Synthesis Manager
============================================================
InlineROM: 1
ExposeGlobal: 0
============================================================
+ Verbose Summary: CDFG Model
============================================================
IsTopModel: 0
ResetActiveHigh: 1
IsCombinational: 0
IsDatapathOnly: 0
HasWiredReturn: 1
HasMFsm: 2
HasVarLatency: 1
IsPipeline: 0
IsRtlPipelined: 0
IsInstanceOverlapped: 0
IsDontTouch: 0
HasImplIP: 0
IsGatedGlobalClock: 0

+ Individual pipeline summary: 
  * Pipeline-0: initiation interval (II) = 1, depth = 3


============================================================
+ Verbose Summary: Schedule
============================================================
* Number of FSM states : 3
* Pipeline : 1
  Pipeline-0 : II = 1, D = 3, States = { 1 2 3 }
* Dataflow Pipeline: 0

* FSM state transitions: 
1 --> 2 
2 --> 3 
3 --> 

* FSM state operations: 

State 1 <SV = 0> <Delay = 1.09>
ST_1 : Operation 6 [1/1] (0.00ns)   --->   "%c7 = alloca i32 1"   --->   Operation 6 'alloca' 'c7' <Predicate = true> <Delay = 0.00>
ST_1 : Operation 7 [1/1] (0.00ns)   --->   "%c6 = alloca i32 1"   --->   Operation 7 'alloca' 'c6' <Predicate = true> <Delay = 0.00>
ST_1 : Operation 8 [1/1] (0.00ns)   --->   "%indvar_flatten = alloca i32 1"   --->   Operation 8 'alloca' 'indvar_flatten' <Predicate = true> <Delay = 0.00>
ST_1 : Operation 9 [1/1] (0.00ns)   --->   "%specmemcore_ln0 = specmemcore void @_ssdm_op_SpecMemCore, i128 %local_C, i64 666, i64 22, i64 18446744073709551615"   --->   Operation 9 'specmemcore' 'specmemcore_ln0' <Predicate = true> <Delay = 0.00>
ST_1 : Operation 10 [1/1] (0.00ns)   --->   "%specmemcore_ln0 = specmemcore void @_ssdm_op_SpecMemCore, i32 %fifo_C_drain_PE_1_1, i64 666, i64 10, i64 18446744073709551615"   --->   Operation 10 'specmemcore' 'specmemcore_ln0' <Predicate = true> <Delay = 0.00>
ST_1 : Operation 11 [1/1] (0.00ns)   --->   "%specinterface_ln0 = specinterface void @_ssdm_op_SpecInterface, i32 %fifo_C_drain_PE_1_1, void @empty_46, i32 0, i32 0, void @empty_6, i32 0, i32 0, void @empty_6, void @empty_6, void @empty_6, i32 0, i32 0, i32 0, i32 0, void @empty_6, void @empty_6, i32 4294967295, i32 0"   --->   Operation 11 'specinterface' 'specinterface_ln0' <Predicate = true> <Delay = 0.00>
ST_1 : Operation 12 [1/1] (0.38ns)   --->   "%store_ln0 = store i7 0, i7 %indvar_flatten"   --->   Operation 12 'store' 'store_ln0' <Predicate = true> <Delay = 0.38>
ST_1 : Operation 13 [1/1] (0.38ns)   --->   "%store_ln0 = store i4 0, i4 %c6"   --->   Operation 13 'store' 'store_ln0' <Predicate = true> <Delay = 0.38>
ST_1 : Operation 14 [1/1] (0.38ns)   --->   "%store_ln0 = store i4 0, i4 %c7"   --->   Operation 14 'store' 'store_ln0' <Predicate = true> <Delay = 0.38>
ST_1 : Operation 15 [1/1] (0.00ns)   --->   "%br_ln0 = br void %for.body16.i.i"   --->   Operation 15 'br' 'br_ln0' <Predicate = true> <Delay = 0.00>
ST_1 : Operation 16 [1/1] (0.00ns)   --->   "%indvar_flatten_load = load i7 %indvar_flatten" [src/kernel_kernel.cpp:849->src/kernel_kernel.cpp:1005->src/kernel_kernel.cpp:1028]   --->   Operation 16 'load' 'indvar_flatten_load' <Predicate = true> <Delay = 0.00>
ST_1 : Operation 17 [1/1] (0.70ns)   --->   "%icmp_ln849 = icmp_eq  i7 %indvar_flatten_load, i7 64" [src/kernel_kernel.cpp:849->src/kernel_kernel.cpp:1005->src/kernel_kernel.cpp:1028]   --->   Operation 17 'icmp' 'icmp_ln849' <Predicate = true> <Delay = 0.70> <CoreInst = "Cmp">   --->   Core 9 'Cmp' <Latency = 0> <II = 1> <Delay = 0.70> <FuncUnit> <Opcode : 'icmp'> <InPorts = 2> <OutPorts = 1>
ST_1 : Operation 18 [1/1] (0.70ns)   --->   "%add_ln849_1 = add i7 %indvar_flatten_load, i7 1" [src/kernel_kernel.cpp:849->src/kernel_kernel.cpp:1005->src/kernel_kernel.cpp:1028]   --->   Operation 18 'add' 'add_ln849_1' <Predicate = true> <Delay = 0.70> <CoreInst = "Adder">   --->   Core 1 'Adder' <Latency = 0> <II = 1> <Delay = 0.70> <FuncUnit> <Opcode : 'add' 'sub'> <InPorts = 2> <OutPorts = 1>
ST_1 : Operation 19 [1/1] (0.00ns)   --->   "%br_ln849 = br i1 %icmp_ln849, void %for.cond.cleanup5.i.i, void %for.body9.i.i.preheader.exitStub" [src/kernel_kernel.cpp:849->src/kernel_kernel.cpp:1005->src/kernel_kernel.cpp:1028]   --->   Operation 19 'br' 'br_ln849' <Predicate = true> <Delay = 0.00>
ST_1 : Operation 20 [1/1] (0.38ns)   --->   "%store_ln851 = store i7 %add_ln849_1, i7 %indvar_flatten" [src/kernel_kernel.cpp:851->src/kernel_kernel.cpp:1005->src/kernel_kernel.cpp:1028]   --->   Operation 20 'store' 'store_ln851' <Predicate = (!icmp_ln849)> <Delay = 0.38>

State 2 <SV = 1> <Delay = 2.25>
ST_2 : Operation 21 [1/1] (0.00ns)   --->   "%c7_load = load i4 %c7" [src/kernel_kernel.cpp:851->src/kernel_kernel.cpp:1005->src/kernel_kernel.cpp:1028]   --->   Operation 21 'load' 'c7_load' <Predicate = (!icmp_ln849)> <Delay = 0.00>
ST_2 : Operation 22 [1/1] (0.00ns)   --->   "%c6_load = load i4 %c6" [src/kernel_kernel.cpp:849->src/kernel_kernel.cpp:1005->src/kernel_kernel.cpp:1028]   --->   Operation 22 'load' 'c6_load' <Predicate = (!icmp_ln849)> <Delay = 0.00>
ST_2 : Operation 23 [1/1] (0.70ns)   --->   "%add_ln849 = add i4 %c6_load, i4 1" [src/kernel_kernel.cpp:849->src/kernel_kernel.cpp:1005->src/kernel_kernel.cpp:1028]   --->   Operation 23 'add' 'add_ln849' <Predicate = (!icmp_ln849)> <Delay = 0.70> <CoreInst = "Adder">   --->   Core 1 'Adder' <Latency = 0> <II = 1> <Delay = 0.70> <FuncUnit> <Opcode : 'add' 'sub'> <InPorts = 2> <OutPorts = 1>
ST_2 : Operation 24 [1/1] (0.70ns)   --->   "%icmp_ln851 = icmp_eq  i4 %c7_load, i4 8" [src/kernel_kernel.cpp:851->src/kernel_kernel.cpp:1005->src/kernel_kernel.cpp:1028]   --->   Operation 24 'icmp' 'icmp_ln851' <Predicate = (!icmp_ln849)> <Delay = 0.70> <CoreInst = "Cmp">   --->   Core 9 'Cmp' <Latency = 0> <II = 1> <Delay = 0.70> <FuncUnit> <Opcode : 'icmp'> <InPorts = 2> <OutPorts = 1>
ST_2 : Operation 25 [1/1] (0.35ns)   --->   "%select_ln849 = select i1 %icmp_ln851, i4 0, i4 %c7_load" [src/kernel_kernel.cpp:849->src/kernel_kernel.cpp:1005->src/kernel_kernel.cpp:1028]   --->   Operation 25 'select' 'select_ln849' <Predicate = (!icmp_ln849)> <Delay = 0.35> <CoreInst = "Sel">   --->   Core 73 'Sel' <Latency = 0> <II = 1> <Delay = 0.35> <FuncUnit> <Opcode : 'select'> <InPorts = 3> <OutPorts = 1>
ST_2 : Operation 26 [1/1] (0.00ns)   --->   "%trunc_ln849 = trunc i4 %select_ln849" [src/kernel_kernel.cpp:849->src/kernel_kernel.cpp:1005->src/kernel_kernel.cpp:1028]   --->   Operation 26 'trunc' 'trunc_ln849' <Predicate = (!icmp_ln849)> <Delay = 0.00>
ST_2 : Operation 27 [1/1] (0.35ns)   --->   "%select_ln849_1 = select i1 %icmp_ln851, i4 %add_ln849, i4 %c6_load" [src/kernel_kernel.cpp:849->src/kernel_kernel.cpp:1005->src/kernel_kernel.cpp:1028]   --->   Operation 27 'select' 'select_ln849_1' <Predicate = (!icmp_ln849)> <Delay = 0.35> <CoreInst = "Sel">   --->   Core 73 'Sel' <Latency = 0> <II = 1> <Delay = 0.35> <FuncUnit> <Opcode : 'select'> <InPorts = 3> <OutPorts = 1>
ST_2 : Operation 28 [1/1] (0.00ns)   --->   "%trunc_ln849_2 = trunc i4 %select_ln849_1" [src/kernel_kernel.cpp:849->src/kernel_kernel.cpp:1005->src/kernel_kernel.cpp:1028]   --->   Operation 28 'trunc' 'trunc_ln849_2' <Predicate = (!icmp_ln849)> <Delay = 0.00>
ST_2 : Operation 29 [1/1] (0.00ns)   --->   "%tmp_2 = bitselect i1 @_ssdm_op_BitSelect.i1.i4.i32, i4 %select_ln849_1, i32 2" [src/kernel_kernel.cpp:849->src/kernel_kernel.cpp:1005->src/kernel_kernel.cpp:1028]   --->   Operation 29 'bitselect' 'tmp_2' <Predicate = (!icmp_ln849)> <Delay = 0.00>
ST_2 : Operation 30 [1/1] (0.00ns)   --->   "%tmp = bitconcatenate i4 @_ssdm_op_BitConcatenate.i4.i3.i1, i3 %trunc_ln849, i1 %tmp_2" [src/kernel_kernel.cpp:859->src/kernel_kernel.cpp:1005->src/kernel_kernel.cpp:1028]   --->   Operation 30 'bitconcatenate' 'tmp' <Predicate = (!icmp_ln849)> <Delay = 0.00>
ST_2 : Operation 31 [1/1] (0.00ns)   --->   "%zext_ln859 = zext i4 %tmp" [src/kernel_kernel.cpp:859->src/kernel_kernel.cpp:1005->src/kernel_kernel.cpp:1028]   --->   Operation 31 'zext' 'zext_ln859' <Predicate = (!icmp_ln849)> <Delay = 0.00>
ST_2 : Operation 32 [1/1] (0.00ns)   --->   "%local_C_addr = getelementptr i128 %local_C, i64 0, i64 %zext_ln859" [src/kernel_kernel.cpp:859->src/kernel_kernel.cpp:1005->src/kernel_kernel.cpp:1028]   --->   Operation 32 'getelementptr' 'local_C_addr' <Predicate = (!icmp_ln849)> <Delay = 0.00>
ST_2 : Operation 33 [1/1] (1.39ns)   --->   "%data_split_9 = read i32 @_ssdm_op_Read.ap_fifo.volatile.i32P0A, i32 %fifo_C_drain_PE_1_1" [src/kernel_kernel.cpp:857->src/kernel_kernel.cpp:1005->src/kernel_kernel.cpp:1028]   --->   Operation 33 'read' 'data_split_9' <Predicate = (!icmp_ln849)> <Delay = 1.39> <CoreInst = "FIFO_SRL">   --->   Core 81 'FIFO_SRL' <Latency = 0> <II = 1> <Delay = 1.39> <Storage> <Opcode : 'read' 'write' 'nbread' 'nbwrite'> <Ports = 0> <Width = 32> <Depth = 2> <FIFO>
ST_2 : Operation 34 [2/2] (1.20ns)   --->   "%out_data = load i4 %local_C_addr" [src/kernel_kernel.cpp:859->src/kernel_kernel.cpp:1005->src/kernel_kernel.cpp:1028]   --->   Operation 34 'load' 'out_data' <Predicate = (!icmp_ln849)> <Delay = 1.20> <CoreInst = "RAM_2P_BRAM">   --->   Core 94 'RAM_2P_BRAM' <Latency = 1> <II = 1> <Delay = 1.20> <Storage> <Opcode : 'load' 'store'> <Ports = 2> <Width = 128> <Depth = 16> <RAM>
ST_2 : Operation 35 [1/1] (0.70ns)   --->   "%add_ln851 = add i4 %select_ln849, i4 1" [src/kernel_kernel.cpp:851->src/kernel_kernel.cpp:1005->src/kernel_kernel.cpp:1028]   --->   Operation 35 'add' 'add_ln851' <Predicate = true> <Delay = 0.70> <CoreInst = "Adder">   --->   Core 1 'Adder' <Latency = 0> <II = 1> <Delay = 0.70> <FuncUnit> <Opcode : 'add' 'sub'> <InPorts = 2> <OutPorts = 1>
ST_2 : Operation 36 [1/1] (0.38ns)   --->   "%store_ln851 = store i4 %select_ln849_1, i4 %c6" [src/kernel_kernel.cpp:851->src/kernel_kernel.cpp:1005->src/kernel_kernel.cpp:1028]   --->   Operation 36 'store' 'store_ln851' <Predicate = true> <Delay = 0.38>
ST_2 : Operation 37 [1/1] (0.38ns)   --->   "%store_ln851 = store i4 %add_ln851, i4 %c7" [src/kernel_kernel.cpp:851->src/kernel_kernel.cpp:1005->src/kernel_kernel.cpp:1028]   --->   Operation 37 'store' 'store_ln851' <Predicate = true> <Delay = 0.38>
ST_2 : Operation 58 [1/1] (0.00ns)   --->   "%ret_ln0 = ret"   --->   Operation 58 'ret' 'ret_ln0' <Predicate = (icmp_ln849)> <Delay = 0.00>

State 3 <SV = 2> <Delay = 3.06>
ST_3 : Operation 38 [1/1] (0.00ns)   --->   "%specloopname_ln0 = specloopname void @_ssdm_op_SpecLoopName, void @VITIS_LOOP_849_1_VITIS_LOOP_851_2_str"   --->   Operation 38 'specloopname' 'specloopname_ln0' <Predicate = (!icmp_ln849)> <Delay = 0.00>
ST_3 : Operation 39 [1/1] (0.00ns)   --->   "%speclooptripcount_ln0 = speclooptripcount void @_ssdm_op_SpecLoopTripCount, i64 64, i64 64, i64 64"   --->   Operation 39 'speclooptripcount' 'speclooptripcount_ln0' <Predicate = (!icmp_ln849)> <Delay = 0.00>
ST_3 : Operation 40 [1/1] (0.00ns)   --->   "%specpipeline_ln852 = specpipeline void @_ssdm_op_SpecPipeline, i32 1, i32 0, i32 0, i32 0, void @empty_6" [src/kernel_kernel.cpp:852->src/kernel_kernel.cpp:1005->src/kernel_kernel.cpp:1028]   --->   Operation 40 'specpipeline' 'specpipeline_ln852' <Predicate = (!icmp_ln849)> <Delay = 0.00>
ST_3 : Operation 41 [1/1] (0.00ns)   --->   "%specloopname_ln851 = specloopname void @_ssdm_op_SpecLoopName, void @empty_43" [src/kernel_kernel.cpp:851->src/kernel_kernel.cpp:1005->src/kernel_kernel.cpp:1028]   --->   Operation 41 'specloopname' 'specloopname_ln851' <Predicate = (!icmp_ln849)> <Delay = 0.00>
ST_3 : Operation 42 [1/2] (1.20ns)   --->   "%out_data = load i4 %local_C_addr" [src/kernel_kernel.cpp:859->src/kernel_kernel.cpp:1005->src/kernel_kernel.cpp:1028]   --->   Operation 42 'load' 'out_data' <Predicate = (!icmp_ln849)> <Delay = 1.20> <CoreInst = "RAM_2P_BRAM">   --->   Core 94 'RAM_2P_BRAM' <Latency = 1> <II = 1> <Delay = 1.20> <Storage> <Opcode : 'load' 'store'> <Ports = 2> <Width = 128> <Depth = 16> <RAM>
ST_3 : Operation 43 [1/1] (0.00ns)   --->   "%data_split = trunc i128 %out_data" [src/kernel_kernel.cpp:862->src/kernel_kernel.cpp:1005->src/kernel_kernel.cpp:1028]   --->   Operation 43 'trunc' 'data_split' <Predicate = (!icmp_ln849)> <Delay = 0.00>
ST_3 : Operation 44 [1/1] (0.00ns)   --->   "%data_split_1 = partselect i32 @_ssdm_op_PartSelect.i32.i128.i32.i32, i128 %out_data, i32 32, i32 63" [src/kernel_kernel.cpp:862->src/kernel_kernel.cpp:1005->src/kernel_kernel.cpp:1028]   --->   Operation 44 'partselect' 'data_split_1' <Predicate = (!icmp_ln849)> <Delay = 0.00>
ST_3 : Operation 45 [1/1] (0.00ns)   --->   "%data_split_2 = partselect i32 @_ssdm_op_PartSelect.i32.i128.i32.i32, i128 %out_data, i32 64, i32 95" [src/kernel_kernel.cpp:862->src/kernel_kernel.cpp:1005->src/kernel_kernel.cpp:1028]   --->   Operation 45 'partselect' 'data_split_2' <Predicate = (!icmp_ln849)> <Delay = 0.00>
ST_3 : Operation 46 [1/1] (0.00ns)   --->   "%data_split_3 = partselect i32 @_ssdm_op_PartSelect.i32.i128.i32.i32, i128 %out_data, i32 96, i32 127" [src/kernel_kernel.cpp:862->src/kernel_kernel.cpp:1005->src/kernel_kernel.cpp:1028]   --->   Operation 46 'partselect' 'data_split_3' <Predicate = (!icmp_ln849)> <Delay = 0.00>
ST_3 : Operation 47 [1/1] (0.66ns)   --->   "%switch_ln867 = switch i2 %trunc_ln849_2, void %arrayidx23.i.i.case.3, i2 0, void %arrayidx23.i.i.exit, i2 1, void %arrayidx23.i.i.case.1, i2 2, void %for.cond.cleanup5.i.i.arrayidx23.i.i.exit_crit_edge" [src/kernel_kernel.cpp:867->src/kernel_kernel.cpp:1005->src/kernel_kernel.cpp:1028]   --->   Operation 47 'switch' 'switch_ln867' <Predicate = (!icmp_ln849)> <Delay = 0.66>
ST_3 : Operation 48 [1/1] (0.38ns)   --->   "%br_ln867 = br void %arrayidx23.i.i.exit" [src/kernel_kernel.cpp:867->src/kernel_kernel.cpp:1005->src/kernel_kernel.cpp:1028]   --->   Operation 48 'br' 'br_ln867' <Predicate = (!icmp_ln849 & trunc_ln849_2 == 2)> <Delay = 0.38>
ST_3 : Operation 49 [1/1] (0.38ns)   --->   "%br_ln867 = br void %arrayidx23.i.i.exit" [src/kernel_kernel.cpp:867->src/kernel_kernel.cpp:1005->src/kernel_kernel.cpp:1028]   --->   Operation 49 'br' 'br_ln867' <Predicate = (!icmp_ln849 & trunc_ln849_2 == 1)> <Delay = 0.38>
ST_3 : Operation 50 [1/1] (0.38ns)   --->   "%br_ln867 = br void %arrayidx23.i.i.exit" [src/kernel_kernel.cpp:867->src/kernel_kernel.cpp:1005->src/kernel_kernel.cpp:1028]   --->   Operation 50 'br' 'br_ln867' <Predicate = (!icmp_ln849 & trunc_ln849_2 == 3)> <Delay = 0.38>
ST_3 : Operation 51 [1/1] (0.00ns)   --->   "%data_split_8 = phi i32 %data_split_9, void %arrayidx23.i.i.case.3, i32 %data_split_3, void %arrayidx23.i.i.case.1, i32 %data_split_3, void %for.cond.cleanup5.i.i.arrayidx23.i.i.exit_crit_edge, i32 %data_split_3, void %for.cond.cleanup5.i.i"   --->   Operation 51 'phi' 'data_split_8' <Predicate = true> <Delay = 0.00>
ST_3 : Operation 52 [1/1] (0.00ns)   --->   "%data_split_7 = phi i32 %data_split_2, void %arrayidx23.i.i.case.3, i32 %data_split_2, void %arrayidx23.i.i.case.1, i32 %data_split_9, void %for.cond.cleanup5.i.i.arrayidx23.i.i.exit_crit_edge, i32 %data_split_2, void %for.cond.cleanup5.i.i"   --->   Operation 52 'phi' 'data_split_7' <Predicate = true> <Delay = 0.00>
ST_3 : Operation 53 [1/1] (0.00ns)   --->   "%data_split_6 = phi i32 %data_split_1, void %arrayidx23.i.i.case.3, i32 %data_split_9, void %arrayidx23.i.i.case.1, i32 %data_split_1, void %for.cond.cleanup5.i.i.arrayidx23.i.i.exit_crit_edge, i32 %data_split_1, void %for.cond.cleanup5.i.i"   --->   Operation 53 'phi' 'data_split_6' <Predicate = true> <Delay = 0.00>
ST_3 : Operation 54 [1/1] (0.00ns)   --->   "%data_split_5 = phi i32 %data_split, void %arrayidx23.i.i.case.3, i32 %data_split, void %arrayidx23.i.i.case.1, i32 %data_split, void %for.cond.cleanup5.i.i.arrayidx23.i.i.exit_crit_edge, i32 %data_split_9, void %for.cond.cleanup5.i.i"   --->   Operation 54 'phi' 'data_split_5' <Predicate = true> <Delay = 0.00>
ST_3 : Operation 55 [1/1] (0.00ns)   --->   "%out_data_1 = bitconcatenate i128 @_ssdm_op_BitConcatenate.i128.i32.i32.i32.i32, i32 %data_split_8, i32 %data_split_7, i32 %data_split_6, i32 %data_split_5" [src/kernel_kernel.cpp:868->src/kernel_kernel.cpp:1005->src/kernel_kernel.cpp:1028]   --->   Operation 55 'bitconcatenate' 'out_data_1' <Predicate = true> <Delay = 0.00>
ST_3 : Operation 56 [1/1] (1.20ns)   --->   "%store_ln868 = store i128 %out_data_1, i4 %local_C_addr" [src/kernel_kernel.cpp:868->src/kernel_kernel.cpp:1005->src/kernel_kernel.cpp:1028]   --->   Operation 56 'store' 'store_ln868' <Predicate = true> <Delay = 1.20> <CoreInst = "RAM_2P_BRAM">   --->   Core 94 'RAM_2P_BRAM' <Latency = 1> <II = 1> <Delay = 1.20> <Storage> <Opcode : 'load' 'store'> <Ports = 2> <Width = 128> <Depth = 16> <RAM>
ST_3 : Operation 57 [1/1] (0.00ns)   --->   "%br_ln851 = br void %for.body16.i.i" [src/kernel_kernel.cpp:851->src/kernel_kernel.cpp:1005->src/kernel_kernel.cpp:1028]   --->   Operation 57 'br' 'br_ln851' <Predicate = true> <Delay = 0.00>


============================================================
+ Verbose Summary: Binding
============================================================
STG Binding: 
---------------- STG Properties BEGIN ----------------
- Is combinational: 0
- Is one-state seq: 0
- Is datapath-only: 0
- Is pipelined: 0
- Is top level: 0
Port [ Return ] is wired: 1; IO mode=ap_ctrl_hs:ce=0
Port [ local_C]:  wired=1; compound=1; hidden=0; nouse=0; global=0; static=0; extern=0; dir=2; type=1; pingpong=0; private_global=0; MemPort=[10]; IO mode=ap_memory:ce=0
Port [ fifo_C_drain_PE_1_1]:  wired=1; compound=1; hidden=0; nouse=0; global=0; static=0; extern=0; dir=0; type=3; pingpong=0; private_global=0; IO mode=ap_fifo:ce=0
---------------- STG Properties END ------------------

---------------- Datapath Model BEGIN ----------------

<LifeTime>
<method=bitvector/>
c7                    (alloca           ) [ 0110]
c6                    (alloca           ) [ 0110]
indvar_flatten        (alloca           ) [ 0100]
specmemcore_ln0       (specmemcore      ) [ 0000]
specmemcore_ln0       (specmemcore      ) [ 0000]
specinterface_ln0     (specinterface    ) [ 0000]
store_ln0             (store            ) [ 0000]
store_ln0             (store            ) [ 0000]
store_ln0             (store            ) [ 0000]
br_ln0                (br               ) [ 0000]
indvar_flatten_load   (load             ) [ 0000]
icmp_ln849            (icmp             ) [ 0111]
add_ln849_1           (add              ) [ 0000]
br_ln849              (br               ) [ 0000]
store_ln851           (store            ) [ 0000]
c7_load               (load             ) [ 0000]
c6_load               (load             ) [ 0000]
add_ln849             (add              ) [ 0000]
icmp_ln851            (icmp             ) [ 0000]
select_ln849          (select           ) [ 0000]
trunc_ln849           (trunc            ) [ 0000]
select_ln849_1        (select           ) [ 0000]
trunc_ln849_2         (trunc            ) [ 0101]
tmp_2                 (bitselect        ) [ 0000]
tmp                   (bitconcatenate   ) [ 0000]
zext_ln859            (zext             ) [ 0000]
local_C_addr          (getelementptr    ) [ 0101]
data_split_9          (read             ) [ 0101]
add_ln851             (add              ) [ 0000]
store_ln851           (store            ) [ 0000]
store_ln851           (store            ) [ 0000]
specloopname_ln0      (specloopname     ) [ 0000]
speclooptripcount_ln0 (speclooptripcount) [ 0000]
specpipeline_ln852    (specpipeline     ) [ 0000]
specloopname_ln851    (specloopname     ) [ 0000]
out_data              (load             ) [ 0000]
data_split            (trunc            ) [ 0000]
data_split_1          (partselect       ) [ 0000]
data_split_2          (partselect       ) [ 0000]
data_split_3          (partselect       ) [ 0000]
switch_ln867          (switch           ) [ 0000]
br_ln867              (br               ) [ 0000]
br_ln867              (br               ) [ 0000]
br_ln867              (br               ) [ 0000]
data_split_8          (phi              ) [ 0101]
data_split_7          (phi              ) [ 0101]
data_split_6          (phi              ) [ 0101]
data_split_5          (phi              ) [ 0101]
out_data_1            (bitconcatenate   ) [ 0000]
store_ln868           (store            ) [ 0000]
br_ln851              (br               ) [ 0000]
ret_ln0               (ret              ) [ 0000]
</LifeTime>

<model>

<comp_list>
<comp id="0" class="1000" name="local_C">
<pin_list>
<pin id="1" dir="1" index="0" bw="1" slack="0"/>
</pin_list>
<bind>
<StgValue><ssdm name="local_C"/><MemPortTyVec>1 0 </MemPortTyVec>
</StgValue>
</bind>
</comp>

<comp id="2" class="1000" name="fifo_C_drain_PE_1_1">
<pin_list>
<pin id="3" dir="1" index="0" bw="1" slack="0"/>
</pin_list>
<bind>
<StgValue><ssdm name="fifo_C_drain_PE_1_1"/></StgValue>
</bind>
</comp>

<comp id="4" class="1001" name="const_4">
<pin_list>
<pin id="5" dir="1" index="0" bw="1" slack="0"/>
</pin_list>
<bind>
<StgValue><ssdm name=""/></StgValue>
</bind>
</comp>

<comp id="6" class="1001" name="const_6">
<pin_list>
<pin id="7" dir="1" index="0" bw="1" slack="2147483647"/>
</pin_list>
<bind>
<StgValue><ssdm name="_ssdm_op_SpecMemCore"/></StgValue>
</bind>
</comp>

<comp id="8" class="1001" name="const_8">
<pin_list>
<pin id="9" dir="1" index="0" bw="1" slack="2147483647"/>
</pin_list>
<bind>
<StgValue><ssdm name=""/></StgValue>
</bind>
</comp>

<comp id="10" class="1001" name="const_10">
<pin_list>
<pin id="11" dir="1" index="0" bw="1" slack="2147483647"/>
</pin_list>
<bind>
<StgValue><ssdm name=""/></StgValue>
</bind>
</comp>

<comp id="12" class="1001" name="const_12">
<pin_list>
<pin id="13" dir="1" index="0" bw="1" slack="2147483647"/>
</pin_list>
<bind>
<StgValue><ssdm name=""/></StgValue>
</bind>
</comp>

<comp id="14" class="1001" name="const_14">
<pin_list>
<pin id="15" dir="1" index="0" bw="1" slack="2147483647"/>
</pin_list>
<bind>
<StgValue><ssdm name=""/></StgValue>
</bind>
</comp>

<comp id="16" class="1001" name="const_16">
<pin_list>
<pin id="17" dir="1" index="0" bw="1" slack="2147483647"/>
</pin_list>
<bind>
<StgValue><ssdm name="_ssdm_op_SpecInterface"/></StgValue>
</bind>
</comp>

<comp id="18" class="1001" name="const_18">
<pin_list>
<pin id="19" dir="1" index="0" bw="1" slack="2147483647"/>
</pin_list>
<bind>
<StgValue><ssdm name="empty_46"/></StgValue>
</bind>
</comp>

<comp id="20" class="1001" name="const_20">
<pin_list>
<pin id="21" dir="1" index="0" bw="1" slack="2147483647"/>
</pin_list>
<bind>
<StgValue><ssdm name=""/></StgValue>
</bind>
</comp>

<comp id="22" class="1001" name="const_22">
<pin_list>
<pin id="23" dir="1" index="0" bw="1" slack="2147483647"/>
</pin_list>
<bind>
<StgValue><ssdm name="empty_6"/></StgValue>
</bind>
</comp>

<comp id="24" class="1001" name="const_24">
<pin_list>
<pin id="25" dir="1" index="0" bw="1" slack="2147483647"/>
</pin_list>
<bind>
<StgValue><ssdm name=""/></StgValue>
</bind>
</comp>

<comp id="26" class="1001" name="const_26">
<pin_list>
<pin id="27" dir="1" index="0" bw="1" slack="0"/>
</pin_list>
<bind>
<StgValue><ssdm name=""/></StgValue>
</bind>
</comp>

<comp id="28" class="1001" name="const_28">
<pin_list>
<pin id="29" dir="1" index="0" bw="1" slack="0"/>
</pin_list>
<bind>
<StgValue><ssdm name=""/></StgValue>
</bind>
</comp>

<comp id="30" class="1001" name="const_30">
<pin_list>
<pin id="31" dir="1" index="0" bw="1" slack="0"/>
</pin_list>
<bind>
<StgValue><ssdm name=""/></StgValue>
</bind>
</comp>

<comp id="32" class="1001" name="const_32">
<pin_list>
<pin id="33" dir="1" index="0" bw="1" slack="0"/>
</pin_list>
<bind>
<StgValue><ssdm name=""/></StgValue>
</bind>
</comp>

<comp id="34" class="1001" name="const_34">
<pin_list>
<pin id="35" dir="1" index="0" bw="1" slack="0"/>
</pin_list>
<bind>
<StgValue><ssdm name=""/></StgValue>
</bind>
</comp>

<comp id="36" class="1001" name="const_36">
<pin_list>
<pin id="37" dir="1" index="0" bw="1" slack="0"/>
</pin_list>
<bind>
<StgValue><ssdm name=""/></StgValue>
</bind>
</comp>

<comp id="38" class="1001" name="const_38">
<pin_list>
<pin id="39" dir="1" index="0" bw="1" slack="0"/>
</pin_list>
<bind>
<StgValue><ssdm name="_ssdm_op_BitSelect.i1.i4.i32"/></StgValue>
</bind>
</comp>

<comp id="40" class="1001" name="const_40">
<pin_list>
<pin id="41" dir="1" index="0" bw="1" slack="0"/>
</pin_list>
<bind>
<StgValue><ssdm name=""/></StgValue>
</bind>
</comp>

<comp id="42" class="1001" name="const_42">
<pin_list>
<pin id="43" dir="1" index="0" bw="1" slack="0"/>
</pin_list>
<bind>
<StgValue><ssdm name="_ssdm_op_BitConcatenate.i4.i3.i1"/></StgValue>
</bind>
</comp>

<comp id="44" class="1001" name="const_44">
<pin_list>
<pin id="45" dir="1" index="0" bw="1" slack="0"/>
</pin_list>
<bind>
<StgValue><ssdm name=""/></StgValue>
</bind>
</comp>

<comp id="46" class="1001" name="const_46">
<pin_list>
<pin id="47" dir="1" index="0" bw="1" slack="0"/>
</pin_list>
<bind>
<StgValue><ssdm name="_ssdm_op_Read.ap_fifo.volatile.i32P0A"/></StgValue>
</bind>
</comp>

<comp id="48" class="1001" name="const_48">
<pin_list>
<pin id="49" dir="1" index="0" bw="1" slack="2147483647"/>
</pin_list>
<bind>
<StgValue><ssdm name="_ssdm_op_SpecLoopName"/></StgValue>
</bind>
</comp>

<comp id="50" class="1001" name="const_50">
<pin_list>
<pin id="51" dir="1" index="0" bw="1" slack="2147483647"/>
</pin_list>
<bind>
<StgValue><ssdm name="VITIS_LOOP_849_1_VITIS_LOOP_851_2_str"/></StgValue>
</bind>
</comp>

<comp id="52" class="1001" name="const_52">
<pin_list>
<pin id="53" dir="1" index="0" bw="1" slack="2147483647"/>
</pin_list>
<bind>
<StgValue><ssdm name="_ssdm_op_SpecLoopTripCount"/></StgValue>
</bind>
</comp>

<comp id="54" class="1001" name="const_54">
<pin_list>
<pin id="55" dir="1" index="0" bw="1" slack="2147483647"/>
</pin_list>
<bind>
<StgValue><ssdm name=""/></StgValue>
</bind>
</comp>

<comp id="56" class="1001" name="const_56">
<pin_list>
<pin id="57" dir="1" index="0" bw="1" slack="2147483647"/>
</pin_list>
<bind>
<StgValue><ssdm name="_ssdm_op_SpecPipeline"/></StgValue>
</bind>
</comp>

<comp id="58" class="1001" name="const_58">
<pin_list>
<pin id="59" dir="1" index="0" bw="1" slack="2147483647"/>
</pin_list>
<bind>
<StgValue><ssdm name="empty_43"/></StgValue>
</bind>
</comp>

<comp id="60" class="1001" name="const_60">
<pin_list>
<pin id="61" dir="1" index="0" bw="1" slack="0"/>
</pin_list>
<bind>
<StgValue><ssdm name="_ssdm_op_PartSelect.i32.i128.i32.i32"/></StgValue>
</bind>
</comp>

<comp id="62" class="1001" name="const_62">
<pin_list>
<pin id="63" dir="1" index="0" bw="1" slack="0"/>
</pin_list>
<bind>
<StgValue><ssdm name=""/></StgValue>
</bind>
</comp>

<comp id="64" class="1001" name="const_64">
<pin_list>
<pin id="65" dir="1" index="0" bw="1" slack="0"/>
</pin_list>
<bind>
<StgValue><ssdm name=""/></StgValue>
</bind>
</comp>

<comp id="66" class="1001" name="const_66">
<pin_list>
<pin id="67" dir="1" index="0" bw="1" slack="0"/>
</pin_list>
<bind>
<StgValue><ssdm name=""/></StgValue>
</bind>
</comp>

<comp id="68" class="1001" name="const_68">
<pin_list>
<pin id="69" dir="1" index="0" bw="1" slack="0"/>
</pin_list>
<bind>
<StgValue><ssdm name=""/></StgValue>
</bind>
</comp>

<comp id="70" class="1001" name="const_70">
<pin_list>
<pin id="71" dir="1" index="0" bw="1" slack="0"/>
</pin_list>
<bind>
<StgValue><ssdm name=""/></StgValue>
</bind>
</comp>

<comp id="72" class="1001" name="const_72">
<pin_list>
<pin id="73" dir="1" index="0" bw="1" slack="0"/>
</pin_list>
<bind>
<StgValue><ssdm name=""/></StgValue>
</bind>
</comp>

<comp id="74" class="1001" name="const_74">
<pin_list>
<pin id="75" dir="1" index="0" bw="1" slack="2147483647"/>
</pin_list>
<bind>
<StgValue><ssdm name=""/></StgValue>
</bind>
</comp>

<comp id="76" class="1001" name="const_76">
<pin_list>
<pin id="77" dir="1" index="0" bw="1" slack="2147483647"/>
</pin_list>
<bind>
<StgValue><ssdm name=""/></StgValue>
</bind>
</comp>

<comp id="78" class="1001" name="const_78">
<pin_list>
<pin id="79" dir="1" index="0" bw="1" slack="2147483647"/>
</pin_list>
<bind>
<StgValue><ssdm name=""/></StgValue>
</bind>
</comp>

<comp id="80" class="1001" name="const_80">
<pin_list>
<pin id="81" dir="1" index="0" bw="1" slack="0"/>
</pin_list>
<bind>
<StgValue><ssdm name="_ssdm_op_BitConcatenate.i128.i32.i32.i32.i32"/></StgValue>
</bind>
</comp>

<comp id="82" class="1004" name="c7_fu_82">
<pin_list>
<pin id="83" dir="0" index="0" bw="1" slack="0"/>
<pin id="84" dir="1" index="1" bw="4" slack="0"/>
</pin_list>
<bind>
<opcode="alloca(26) " fcode="alloca"/>
<opset="c7/1 "/>
</bind>
</comp>

<comp id="86" class="1004" name="c6_fu_86">
<pin_list>
<pin id="87" dir="0" index="0" bw="1" slack="0"/>
<pin id="88" dir="1" index="1" bw="4" slack="0"/>
</pin_list>
<bind>
<opcode="alloca(26) " fcode="alloca"/>
<opset="c6/1 "/>
</bind>
</comp>

<comp id="90" class="1004" name="indvar_flatten_fu_90">
<pin_list>
<pin id="91" dir="0" index="0" bw="1" slack="0"/>
<pin id="92" dir="1" index="1" bw="7" slack="0"/>
</pin_list>
<bind>
<opcode="alloca(26) " fcode="alloca"/>
<opset="indvar_flatten/1 "/>
</bind>
</comp>

<comp id="94" class="1004" name="data_split_9_read_fu_94">
<pin_list>
<pin id="95" dir="0" index="0" bw="32" slack="0"/>
<pin id="96" dir="0" index="1" bw="32" slack="0"/>
<pin id="97" dir="1" index="2" bw="32" slack="1"/>
</pin_list>
<bind>
<opcode="read(1150) " fcode="read"/>
<opset="data_split_9/2 "/>
</bind>
</comp>

<comp id="100" class="1004" name="local_C_addr_gep_fu_100">
<pin_list>
<pin id="101" dir="0" index="0" bw="128" slack="0"/>
<pin id="102" dir="0" index="1" bw="1" slack="0"/>
<pin id="103" dir="0" index="2" bw="4" slack="0"/>
<pin id="104" dir="1" index="3" bw="4" slack="0"/>
</pin_list>
<bind>
<opcode="getelementptr(29) " fcode="getelementptr"/>
<opset="local_C_addr/2 "/>
</bind>
</comp>

<comp id="107" class="1004" name="grp_access_fu_107">
<pin_list>
<pin id="108" dir="0" index="0" bw="4" slack="0"/>
<pin id="109" dir="0" index="1" bw="128" slack="2147483647"/>
<pin id="110" dir="0" index="2" bw="0" slack="1"/>
<pin id="113" dir="0" index="4" bw="4" slack="0"/>
<pin id="114" dir="0" index="5" bw="128" slack="2147483647"/>
<pin id="115" dir="0" index="6" bw="0" slack="2147483647"/>
<pin id="111" dir="1" index="3" bw="128" slack="0"/>
<pin id="116" dir="1" index="7" bw="128" slack="2147483647"/>
</pin_list>
<bind>
<opcode="load(27) store(28) " fcode="store"/>
<opset="out_data/2 store_ln868/3 "/>
</bind>
</comp>

<comp id="117" class="1005" name="data_split_8_reg_117">
<pin_list>
<pin id="118" dir="0" index="0" bw="32" slack="2147483647"/>
<pin id="119" dir="1" index="1" bw="32" slack="2147483647"/>
</pin_list>
<bind>
<opset="data_split_8 (phireg) "/>
</bind>
</comp>

<comp id="120" class="1004" name="data_split_8_phi_fu_120">
<pin_list>
<pin id="121" dir="0" index="0" bw="32" slack="1"/>
<pin id="122" dir="0" index="1" bw="0" slack="2147483647"/>
<pin id="123" dir="0" index="2" bw="32" slack="0"/>
<pin id="124" dir="0" index="3" bw="0" slack="2147483647"/>
<pin id="125" dir="0" index="4" bw="32" slack="0"/>
<pin id="126" dir="0" index="5" bw="0" slack="2147483647"/>
<pin id="127" dir="0" index="6" bw="32" slack="0"/>
<pin id="128" dir="0" index="7" bw="0" slack="2147483647"/>
<pin id="129" dir="1" index="8" bw="32" slack="0"/>
</pin_list>
<bind>
<opcode="phi(47) " fcode="phi"/>
<opset="data_split_8/3 "/>
</bind>
</comp>

<comp id="130" class="1005" name="data_split_7_reg_130">
<pin_list>
<pin id="131" dir="0" index="0" bw="32" slack="2147483647"/>
<pin id="132" dir="1" index="1" bw="32" slack="2147483647"/>
</pin_list>
<bind>
<opset="data_split_7 (phireg) "/>
</bind>
</comp>

<comp id="133" class="1004" name="data_split_7_phi_fu_133">
<pin_list>
<pin id="134" dir="0" index="0" bw="32" slack="0"/>
<pin id="135" dir="0" index="1" bw="0" slack="2147483647"/>
<pin id="136" dir="0" index="2" bw="32" slack="0"/>
<pin id="137" dir="0" index="3" bw="0" slack="2147483647"/>
<pin id="138" dir="0" index="4" bw="32" slack="1"/>
<pin id="139" dir="0" index="5" bw="0" slack="2147483647"/>
<pin id="140" dir="0" index="6" bw="32" slack="0"/>
<pin id="141" dir="0" index="7" bw="0" slack="2147483647"/>
<pin id="142" dir="1" index="8" bw="32" slack="0"/>
</pin_list>
<bind>
<opcode="phi(47) " fcode="phi"/>
<opset="data_split_7/3 "/>
</bind>
</comp>

<comp id="143" class="1005" name="data_split_6_reg_143">
<pin_list>
<pin id="144" dir="0" index="0" bw="32" slack="2147483647"/>
<pin id="145" dir="1" index="1" bw="32" slack="2147483647"/>
</pin_list>
<bind>
<opset="data_split_6 (phireg) "/>
</bind>
</comp>

<comp id="146" class="1004" name="data_split_6_phi_fu_146">
<pin_list>
<pin id="147" dir="0" index="0" bw="32" slack="0"/>
<pin id="148" dir="0" index="1" bw="0" slack="2147483647"/>
<pin id="149" dir="0" index="2" bw="32" slack="1"/>
<pin id="150" dir="0" index="3" bw="0" slack="2147483647"/>
<pin id="151" dir="0" index="4" bw="32" slack="0"/>
<pin id="152" dir="0" index="5" bw="0" slack="2147483647"/>
<pin id="153" dir="0" index="6" bw="32" slack="0"/>
<pin id="154" dir="0" index="7" bw="0" slack="2147483647"/>
<pin id="155" dir="1" index="8" bw="32" slack="0"/>
</pin_list>
<bind>
<opcode="phi(47) " fcode="phi"/>
<opset="data_split_6/3 "/>
</bind>
</comp>

<comp id="156" class="1005" name="data_split_5_reg_156">
<pin_list>
<pin id="157" dir="0" index="0" bw="32" slack="2147483647"/>
<pin id="158" dir="1" index="1" bw="32" slack="2147483647"/>
</pin_list>
<bind>
<opset="data_split_5 (phireg) "/>
</bind>
</comp>

<comp id="159" class="1004" name="data_split_5_phi_fu_159">
<pin_list>
<pin id="160" dir="0" index="0" bw="32" slack="0"/>
<pin id="161" dir="0" index="1" bw="0" slack="2147483647"/>
<pin id="162" dir="0" index="2" bw="32" slack="0"/>
<pin id="163" dir="0" index="3" bw="0" slack="2147483647"/>
<pin id="164" dir="0" index="4" bw="32" slack="0"/>
<pin id="165" dir="0" index="5" bw="0" slack="2147483647"/>
<pin id="166" dir="0" index="6" bw="32" slack="1"/>
<pin id="167" dir="0" index="7" bw="0" slack="2147483647"/>
<pin id="168" dir="1" index="8" bw="32" slack="0"/>
</pin_list>
<bind>
<opcode="phi(47) " fcode="phi"/>
<opset="data_split_5/3 "/>
</bind>
</comp>

<comp id="169" class="1004" name="store_ln0_store_fu_169">
<pin_list>
<pin id="170" dir="0" index="0" bw="1" slack="0"/>
<pin id="171" dir="0" index="1" bw="7" slack="0"/>
<pin id="172" dir="1" index="2" bw="0" slack="2147483647"/>
</pin_list>
<bind>
<opcode="store(28) " fcode="store"/>
<opset="store_ln0/1 "/>
</bind>
</comp>

<comp id="174" class="1004" name="store_ln0_store_fu_174">
<pin_list>
<pin id="175" dir="0" index="0" bw="1" slack="0"/>
<pin id="176" dir="0" index="1" bw="4" slack="0"/>
<pin id="177" dir="1" index="2" bw="0" slack="2147483647"/>
</pin_list>
<bind>
<opcode="store(28) " fcode="store"/>
<opset="store_ln0/1 "/>
</bind>
</comp>

<comp id="179" class="1004" name="store_ln0_store_fu_179">
<pin_list>
<pin id="180" dir="0" index="0" bw="1" slack="0"/>
<pin id="181" dir="0" index="1" bw="4" slack="0"/>
<pin id="182" dir="1" index="2" bw="0" slack="2147483647"/>
</pin_list>
<bind>
<opcode="store(28) " fcode="store"/>
<opset="store_ln0/1 "/>
</bind>
</comp>

<comp id="184" class="1004" name="indvar_flatten_load_load_fu_184">
<pin_list>
<pin id="185" dir="0" index="0" bw="7" slack="0"/>
<pin id="186" dir="1" index="1" bw="7" slack="0"/>
</pin_list>
<bind>
<opcode="load(27) " fcode="load"/>
<opset="indvar_flatten_load/1 "/>
</bind>
</comp>

<comp id="187" class="1004" name="icmp_ln849_fu_187">
<pin_list>
<pin id="188" dir="0" index="0" bw="7" slack="0"/>
<pin id="189" dir="0" index="1" bw="7" slack="0"/>
<pin id="190" dir="1" index="2" bw="1" slack="1"/>
</pin_list>
<bind>
<opcode="icmp(45) " fcode="icmp"/>
<opset="icmp_ln849/1 "/>
</bind>
</comp>

<comp id="193" class="1004" name="add_ln849_1_fu_193">
<pin_list>
<pin id="194" dir="0" index="0" bw="7" slack="0"/>
<pin id="195" dir="0" index="1" bw="1" slack="0"/>
<pin id="196" dir="1" index="2" bw="7" slack="0"/>
</pin_list>
<bind>
<opcode="add(8) " fcode="add"/>
<opset="add_ln849_1/1 "/>
</bind>
</comp>

<comp id="199" class="1004" name="store_ln851_store_fu_199">
<pin_list>
<pin id="200" dir="0" index="0" bw="7" slack="0"/>
<pin id="201" dir="0" index="1" bw="7" slack="0"/>
<pin id="202" dir="1" index="2" bw="0" slack="2147483647"/>
</pin_list>
<bind>
<opcode="store(28) " fcode="store"/>
<opset="store_ln851/1 "/>
</bind>
</comp>

<comp id="204" class="1004" name="c7_load_load_fu_204">
<pin_list>
<pin id="205" dir="0" index="0" bw="4" slack="1"/>
<pin id="206" dir="1" index="1" bw="4" slack="0"/>
</pin_list>
<bind>
<opcode="load(27) " fcode="load"/>
<opset="c7_load/2 "/>
</bind>
</comp>

<comp id="207" class="1004" name="c6_load_load_fu_207">
<pin_list>
<pin id="208" dir="0" index="0" bw="4" slack="1"/>
<pin id="209" dir="1" index="1" bw="4" slack="0"/>
</pin_list>
<bind>
<opcode="load(27) " fcode="load"/>
<opset="c6_load/2 "/>
</bind>
</comp>

<comp id="210" class="1004" name="add_ln849_fu_210">
<pin_list>
<pin id="211" dir="0" index="0" bw="4" slack="0"/>
<pin id="212" dir="0" index="1" bw="1" slack="0"/>
<pin id="213" dir="1" index="2" bw="4" slack="0"/>
</pin_list>
<bind>
<opcode="add(8) " fcode="add"/>
<opset="add_ln849/2 "/>
</bind>
</comp>

<comp id="216" class="1004" name="icmp_ln851_fu_216">
<pin_list>
<pin id="217" dir="0" index="0" bw="4" slack="0"/>
<pin id="218" dir="0" index="1" bw="4" slack="0"/>
<pin id="219" dir="1" index="2" bw="1" slack="0"/>
</pin_list>
<bind>
<opcode="icmp(45) " fcode="icmp"/>
<opset="icmp_ln851/2 "/>
</bind>
</comp>

<comp id="222" class="1004" name="select_ln849_fu_222">
<pin_list>
<pin id="223" dir="0" index="0" bw="1" slack="0"/>
<pin id="224" dir="0" index="1" bw="1" slack="0"/>
<pin id="225" dir="0" index="2" bw="4" slack="0"/>
<pin id="226" dir="1" index="3" bw="4" slack="0"/>
</pin_list>
<bind>
<opcode="select(49) " fcode="select"/>
<opset="select_ln849/2 "/>
</bind>
</comp>

<comp id="230" class="1004" name="trunc_ln849_fu_230">
<pin_list>
<pin id="231" dir="0" index="0" bw="4" slack="0"/>
<pin id="232" dir="1" index="1" bw="3" slack="0"/>
</pin_list>
<bind>
<opcode="trunc(33) " fcode="trunc"/>
<opset="trunc_ln849/2 "/>
</bind>
</comp>

<comp id="234" class="1004" name="select_ln849_1_fu_234">
<pin_list>
<pin id="235" dir="0" index="0" bw="1" slack="0"/>
<pin id="236" dir="0" index="1" bw="4" slack="0"/>
<pin id="237" dir="0" index="2" bw="4" slack="0"/>
<pin id="238" dir="1" index="3" bw="4" slack="0"/>
</pin_list>
<bind>
<opcode="select(49) " fcode="select"/>
<opset="select_ln849_1/2 "/>
</bind>
</comp>

<comp id="242" class="1004" name="trunc_ln849_2_fu_242">
<pin_list>
<pin id="243" dir="0" index="0" bw="4" slack="0"/>
<pin id="244" dir="1" index="1" bw="2" slack="1"/>
</pin_list>
<bind>
<opcode="trunc(33) " fcode="trunc"/>
<opset="trunc_ln849_2/2 "/>
</bind>
</comp>

<comp id="246" class="1004" name="tmp_2_fu_246">
<pin_list>
<pin id="247" dir="0" index="0" bw="1" slack="0"/>
<pin id="248" dir="0" index="1" bw="4" slack="0"/>
<pin id="249" dir="0" index="2" bw="3" slack="0"/>
<pin id="250" dir="1" index="3" bw="1" slack="0"/>
</pin_list>
<bind>
<opcode="bitselect(1000) " fcode="bitselect"/>
<opset="tmp_2/2 "/>
</bind>
</comp>

<comp id="254" class="1004" name="tmp_fu_254">
<pin_list>
<pin id="255" dir="0" index="0" bw="4" slack="0"/>
<pin id="256" dir="0" index="1" bw="3" slack="0"/>
<pin id="257" dir="0" index="2" bw="1" slack="0"/>
<pin id="258" dir="1" index="3" bw="4" slack="0"/>
</pin_list>
<bind>
<opcode="bitconcatenate(1004) " fcode="bitconcatenate"/>
<opset="tmp/2 "/>
</bind>
</comp>

<comp id="262" class="1004" name="zext_ln859_fu_262">
<pin_list>
<pin id="263" dir="0" index="0" bw="4" slack="0"/>
<pin id="264" dir="1" index="1" bw="64" slack="0"/>
</pin_list>
<bind>
<opcode="zext(34) " fcode="zext"/>
<opset="zext_ln859/2 "/>
</bind>
</comp>

<comp id="267" class="1004" name="add_ln851_fu_267">
<pin_list>
<pin id="268" dir="0" index="0" bw="4" slack="0"/>
<pin id="269" dir="0" index="1" bw="1" slack="0"/>
<pin id="270" dir="1" index="2" bw="4" slack="0"/>
</pin_list>
<bind>
<opcode="add(8) " fcode="add"/>
<opset="add_ln851/2 "/>
</bind>
</comp>

<comp id="273" class="1004" name="store_ln851_store_fu_273">
<pin_list>
<pin id="274" dir="0" index="0" bw="4" slack="0"/>
<pin id="275" dir="0" index="1" bw="4" slack="1"/>
<pin id="276" dir="1" index="2" bw="0" slack="2147483647"/>
</pin_list>
<bind>
<opcode="store(28) " fcode="store"/>
<opset="store_ln851/2 "/>
</bind>
</comp>

<comp id="278" class="1004" name="store_ln851_store_fu_278">
<pin_list>
<pin id="279" dir="0" index="0" bw="4" slack="0"/>
<pin id="280" dir="0" index="1" bw="4" slack="1"/>
<pin id="281" dir="1" index="2" bw="0" slack="2147483647"/>
</pin_list>
<bind>
<opcode="store(28) " fcode="store"/>
<opset="store_ln851/2 "/>
</bind>
</comp>

<comp id="283" class="1004" name="data_split_fu_283">
<pin_list>
<pin id="284" dir="0" index="0" bw="128" slack="0"/>
<pin id="285" dir="1" index="1" bw="32" slack="0"/>
</pin_list>
<bind>
<opcode="trunc(33) " fcode="trunc"/>
<opset="data_split/3 "/>
</bind>
</comp>

<comp id="290" class="1004" name="data_split_1_fu_290">
<pin_list>
<pin id="291" dir="0" index="0" bw="32" slack="0"/>
<pin id="292" dir="0" index="1" bw="128" slack="0"/>
<pin id="293" dir="0" index="2" bw="7" slack="0"/>
<pin id="294" dir="0" index="3" bw="7" slack="0"/>
<pin id="295" dir="1" index="4" bw="32" slack="0"/>
</pin_list>
<bind>
<opcode="partselect(1002) " fcode="partselect"/>
<opset="data_split_1/3 "/>
</bind>
</comp>

<comp id="303" class="1004" name="data_split_2_fu_303">
<pin_list>
<pin id="304" dir="0" index="0" bw="32" slack="0"/>
<pin id="305" dir="0" index="1" bw="128" slack="0"/>
<pin id="306" dir="0" index="2" bw="8" slack="0"/>
<pin id="307" dir="0" index="3" bw="8" slack="0"/>
<pin id="308" dir="1" index="4" bw="32" slack="0"/>
</pin_list>
<bind>
<opcode="partselect(1002) " fcode="partselect"/>
<opset="data_split_2/3 "/>
</bind>
</comp>

<comp id="316" class="1004" name="data_split_3_fu_316">
<pin_list>
<pin id="317" dir="0" index="0" bw="32" slack="0"/>
<pin id="318" dir="0" index="1" bw="128" slack="0"/>
<pin id="319" dir="0" index="2" bw="8" slack="0"/>
<pin id="320" dir="0" index="3" bw="8" slack="0"/>
<pin id="321" dir="1" index="4" bw="32" slack="0"/>
</pin_list>
<bind>
<opcode="partselect(1002) " fcode="partselect"/>
<opset="data_split_3/3 "/>
</bind>
</comp>

<comp id="329" class="1004" name="out_data_1_fu_329">
<pin_list>
<pin id="330" dir="0" index="0" bw="128" slack="0"/>
<pin id="331" dir="0" index="1" bw="32" slack="0"/>
<pin id="332" dir="0" index="2" bw="32" slack="0"/>
<pin id="333" dir="0" index="3" bw="32" slack="0"/>
<pin id="334" dir="0" index="4" bw="32" slack="0"/>
<pin id="335" dir="1" index="5" bw="128" slack="0"/>
</pin_list>
<bind>
<opcode="bitconcatenate(1004) " fcode="bitconcatenate"/>
<opset="out_data_1/3 "/>
</bind>
</comp>

<comp id="342" class="1005" name="c7_reg_342">
<pin_list>
<pin id="343" dir="0" index="0" bw="4" slack="0"/>
<pin id="344" dir="1" index="1" bw="4" slack="0"/>
</pin_list>
<bind>
<opset="c7 "/>
</bind>
</comp>

<comp id="349" class="1005" name="c6_reg_349">
<pin_list>
<pin id="350" dir="0" index="0" bw="4" slack="0"/>
<pin id="351" dir="1" index="1" bw="4" slack="0"/>
</pin_list>
<bind>
<opset="c6 "/>
</bind>
</comp>

<comp id="356" class="1005" name="indvar_flatten_reg_356">
<pin_list>
<pin id="357" dir="0" index="0" bw="7" slack="0"/>
<pin id="358" dir="1" index="1" bw="7" slack="0"/>
</pin_list>
<bind>
<opset="indvar_flatten "/>
</bind>
</comp>

<comp id="363" class="1005" name="icmp_ln849_reg_363">
<pin_list>
<pin id="364" dir="0" index="0" bw="1" slack="1"/>
<pin id="365" dir="1" index="1" bw="1" slack="2147483647"/>
</pin_list>
<bind>
<opset="icmp_ln849 "/>
</bind>
</comp>

<comp id="367" class="1005" name="trunc_ln849_2_reg_367">
<pin_list>
<pin id="368" dir="0" index="0" bw="2" slack="1"/>
<pin id="369" dir="1" index="1" bw="2" slack="2147483647"/>
</pin_list>
<bind>
<opset="trunc_ln849_2 "/>
</bind>
</comp>

<comp id="371" class="1005" name="local_C_addr_reg_371">
<pin_list>
<pin id="372" dir="0" index="0" bw="4" slack="1"/>
<pin id="373" dir="1" index="1" bw="4" slack="1"/>
</pin_list>
<bind>
<opset="local_C_addr "/>
</bind>
</comp>

<comp id="377" class="1005" name="data_split_9_reg_377">
<pin_list>
<pin id="378" dir="0" index="0" bw="32" slack="1"/>
<pin id="379" dir="1" index="1" bw="32" slack="1"/>
</pin_list>
<bind>
<opset="data_split_9 "/>
</bind>
</comp>

</comp_list>

<net_list>
<net id="85"><net_src comp="4" pin="0"/><net_sink comp="82" pin=0"/></net>

<net id="89"><net_src comp="4" pin="0"/><net_sink comp="86" pin=0"/></net>

<net id="93"><net_src comp="4" pin="0"/><net_sink comp="90" pin=0"/></net>

<net id="98"><net_src comp="46" pin="0"/><net_sink comp="94" pin=0"/></net>

<net id="99"><net_src comp="2" pin="0"/><net_sink comp="94" pin=1"/></net>

<net id="105"><net_src comp="0" pin="0"/><net_sink comp="100" pin=0"/></net>

<net id="106"><net_src comp="44" pin="0"/><net_sink comp="100" pin=1"/></net>

<net id="112"><net_src comp="100" pin="3"/><net_sink comp="107" pin=0"/></net>

<net id="173"><net_src comp="26" pin="0"/><net_sink comp="169" pin=0"/></net>

<net id="178"><net_src comp="28" pin="0"/><net_sink comp="174" pin=0"/></net>

<net id="183"><net_src comp="28" pin="0"/><net_sink comp="179" pin=0"/></net>

<net id="191"><net_src comp="184" pin="1"/><net_sink comp="187" pin=0"/></net>

<net id="192"><net_src comp="30" pin="0"/><net_sink comp="187" pin=1"/></net>

<net id="197"><net_src comp="184" pin="1"/><net_sink comp="193" pin=0"/></net>

<net id="198"><net_src comp="32" pin="0"/><net_sink comp="193" pin=1"/></net>

<net id="203"><net_src comp="193" pin="2"/><net_sink comp="199" pin=0"/></net>

<net id="214"><net_src comp="207" pin="1"/><net_sink comp="210" pin=0"/></net>

<net id="215"><net_src comp="34" pin="0"/><net_sink comp="210" pin=1"/></net>

<net id="220"><net_src comp="204" pin="1"/><net_sink comp="216" pin=0"/></net>

<net id="221"><net_src comp="36" pin="0"/><net_sink comp="216" pin=1"/></net>

<net id="227"><net_src comp="216" pin="2"/><net_sink comp="222" pin=0"/></net>

<net id="228"><net_src comp="28" pin="0"/><net_sink comp="222" pin=1"/></net>

<net id="229"><net_src comp="204" pin="1"/><net_sink comp="222" pin=2"/></net>

<net id="233"><net_src comp="222" pin="3"/><net_sink comp="230" pin=0"/></net>

<net id="239"><net_src comp="216" pin="2"/><net_sink comp="234" pin=0"/></net>

<net id="240"><net_src comp="210" pin="2"/><net_sink comp="234" pin=1"/></net>

<net id="241"><net_src comp="207" pin="1"/><net_sink comp="234" pin=2"/></net>

<net id="245"><net_src comp="234" pin="3"/><net_sink comp="242" pin=0"/></net>

<net id="251"><net_src comp="38" pin="0"/><net_sink comp="246" pin=0"/></net>

<net id="252"><net_src comp="234" pin="3"/><net_sink comp="246" pin=1"/></net>

<net id="253"><net_src comp="40" pin="0"/><net_sink comp="246" pin=2"/></net>

<net id="259"><net_src comp="42" pin="0"/><net_sink comp="254" pin=0"/></net>

<net id="260"><net_src comp="230" pin="1"/><net_sink comp="254" pin=1"/></net>

<net id="261"><net_src comp="246" pin="3"/><net_sink comp="254" pin=2"/></net>

<net id="265"><net_src comp="254" pin="3"/><net_sink comp="262" pin=0"/></net>

<net id="266"><net_src comp="262" pin="1"/><net_sink comp="100" pin=2"/></net>

<net id="271"><net_src comp="222" pin="3"/><net_sink comp="267" pin=0"/></net>

<net id="272"><net_src comp="34" pin="0"/><net_sink comp="267" pin=1"/></net>

<net id="277"><net_src comp="234" pin="3"/><net_sink comp="273" pin=0"/></net>

<net id="282"><net_src comp="267" pin="2"/><net_sink comp="278" pin=0"/></net>

<net id="286"><net_src comp="107" pin="3"/><net_sink comp="283" pin=0"/></net>

<net id="287"><net_src comp="283" pin="1"/><net_sink comp="159" pin=0"/></net>

<net id="288"><net_src comp="283" pin="1"/><net_sink comp="159" pin=2"/></net>

<net id="289"><net_src comp="283" pin="1"/><net_sink comp="159" pin=4"/></net>

<net id="296"><net_src comp="60" pin="0"/><net_sink comp="290" pin=0"/></net>

<net id="297"><net_src comp="107" pin="3"/><net_sink comp="290" pin=1"/></net>

<net id="298"><net_src comp="62" pin="0"/><net_sink comp="290" pin=2"/></net>

<net id="299"><net_src comp="64" pin="0"/><net_sink comp="290" pin=3"/></net>

<net id="300"><net_src comp="290" pin="4"/><net_sink comp="146" pin=0"/></net>

<net id="301"><net_src comp="290" pin="4"/><net_sink comp="146" pin=4"/></net>

<net id="302"><net_src comp="290" pin="4"/><net_sink comp="146" pin=6"/></net>

<net id="309"><net_src comp="60" pin="0"/><net_sink comp="303" pin=0"/></net>

<net id="310"><net_src comp="107" pin="3"/><net_sink comp="303" pin=1"/></net>

<net id="311"><net_src comp="66" pin="0"/><net_sink comp="303" pin=2"/></net>

<net id="312"><net_src comp="68" pin="0"/><net_sink comp="303" pin=3"/></net>

<net id="313"><net_src comp="303" pin="4"/><net_sink comp="133" pin=0"/></net>

<net id="314"><net_src comp="303" pin="4"/><net_sink comp="133" pin=2"/></net>

<net id="315"><net_src comp="303" pin="4"/><net_sink comp="133" pin=6"/></net>

<net id="322"><net_src comp="60" pin="0"/><net_sink comp="316" pin=0"/></net>

<net id="323"><net_src comp="107" pin="3"/><net_sink comp="316" pin=1"/></net>

<net id="324"><net_src comp="70" pin="0"/><net_sink comp="316" pin=2"/></net>

<net id="325"><net_src comp="72" pin="0"/><net_sink comp="316" pin=3"/></net>

<net id="326"><net_src comp="316" pin="4"/><net_sink comp="120" pin=2"/></net>

<net id="327"><net_src comp="316" pin="4"/><net_sink comp="120" pin=4"/></net>

<net id="328"><net_src comp="316" pin="4"/><net_sink comp="120" pin=6"/></net>

<net id="336"><net_src comp="80" pin="0"/><net_sink comp="329" pin=0"/></net>

<net id="337"><net_src comp="120" pin="8"/><net_sink comp="329" pin=1"/></net>

<net id="338"><net_src comp="133" pin="8"/><net_sink comp="329" pin=2"/></net>

<net id="339"><net_src comp="146" pin="8"/><net_sink comp="329" pin=3"/></net>

<net id="340"><net_src comp="159" pin="8"/><net_sink comp="329" pin=4"/></net>

<net id="341"><net_src comp="329" pin="5"/><net_sink comp="107" pin=4"/></net>

<net id="345"><net_src comp="82" pin="1"/><net_sink comp="342" pin=0"/></net>

<net id="346"><net_src comp="342" pin="1"/><net_sink comp="179" pin=1"/></net>

<net id="347"><net_src comp="342" pin="1"/><net_sink comp="204" pin=0"/></net>

<net id="348"><net_src comp="342" pin="1"/><net_sink comp="278" pin=1"/></net>

<net id="352"><net_src comp="86" pin="1"/><net_sink comp="349" pin=0"/></net>

<net id="353"><net_src comp="349" pin="1"/><net_sink comp="174" pin=1"/></net>

<net id="354"><net_src comp="349" pin="1"/><net_sink comp="207" pin=0"/></net>

<net id="355"><net_src comp="349" pin="1"/><net_sink comp="273" pin=1"/></net>

<net id="359"><net_src comp="90" pin="1"/><net_sink comp="356" pin=0"/></net>

<net id="360"><net_src comp="356" pin="1"/><net_sink comp="169" pin=1"/></net>

<net id="361"><net_src comp="356" pin="1"/><net_sink comp="184" pin=0"/></net>

<net id="362"><net_src comp="356" pin="1"/><net_sink comp="199" pin=1"/></net>

<net id="366"><net_src comp="187" pin="2"/><net_sink comp="363" pin=0"/></net>

<net id="370"><net_src comp="242" pin="1"/><net_sink comp="367" pin=0"/></net>

<net id="374"><net_src comp="100" pin="3"/><net_sink comp="371" pin=0"/></net>

<net id="375"><net_src comp="371" pin="1"/><net_sink comp="107" pin=0"/></net>

<net id="376"><net_src comp="371" pin="1"/><net_sink comp="107" pin=2"/></net>

<net id="380"><net_src comp="94" pin="2"/><net_sink comp="377" pin=0"/></net>

<net id="381"><net_src comp="377" pin="1"/><net_sink comp="120" pin=0"/></net>

<net id="382"><net_src comp="377" pin="1"/><net_sink comp="133" pin=4"/></net>

<net id="383"><net_src comp="377" pin="1"/><net_sink comp="146" pin=2"/></net>

<net id="384"><net_src comp="377" pin="1"/><net_sink comp="159" pin=6"/></net>

</net_list>

</model> 
---------------- Datapath Model END ------------------

* FSMD analyzer results:
  - Output states:
	Port: local_C | {3 }
 - Input state : 
	Port: C_drain_IO_L1_out_boundary_wrapper.6_Pipeline_VITI.1 : local_C | {2 3 }
	Port: C_drain_IO_L1_out_boundary_wrapper.6_Pipeline_VITI.1 : fifo_C_drain_PE_1_1 | {2 }
  - Chain level:
	State 1
		store_ln0 : 1
		store_ln0 : 1
		store_ln0 : 1
		indvar_flatten_load : 1
		icmp_ln849 : 2
		add_ln849_1 : 2
		br_ln849 : 3
		store_ln851 : 3
	State 2
		add_ln849 : 1
		icmp_ln851 : 1
		select_ln849 : 2
		trunc_ln849 : 3
		select_ln849_1 : 2
		trunc_ln849_2 : 3
		tmp_2 : 3
		tmp : 4
		zext_ln859 : 5
		local_C_addr : 6
		out_data : 7
		add_ln851 : 3
		store_ln851 : 3
		store_ln851 : 4
	State 3
		data_split : 1
		data_split_1 : 1
		data_split_2 : 1
		data_split_3 : 1
		data_split_8 : 2
		data_split_7 : 2
		data_split_6 : 2
		data_split_5 : 2
		out_data_1 : 3
		store_ln868 : 4


============================================================
+ Verbose Summary: Datapath Resource usage 
============================================================

* Functional unit list:
|----------|-------------------------|---------|---------|
| Operation|     Functional Unit     |    FF   |   LUT   |
|----------|-------------------------|---------|---------|
|          |    add_ln849_1_fu_193   |    0    |    14   |
|    add   |     add_ln849_fu_210    |    0    |    12   |
|          |     add_ln851_fu_267    |    0    |    12   |
|----------|-------------------------|---------|---------|
|   icmp   |    icmp_ln849_fu_187    |    0    |    14   |
|          |    icmp_ln851_fu_216    |    0    |    12   |
|----------|-------------------------|---------|---------|
|  select  |   select_ln849_fu_222   |    0    |    4    |
|          |  select_ln849_1_fu_234  |    0    |    4    |
|----------|-------------------------|---------|---------|
|   read   | data_split_9_read_fu_94 |    0    |    0    |
|----------|-------------------------|---------|---------|
|          |    trunc_ln849_fu_230   |    0    |    0    |
|   trunc  |   trunc_ln849_2_fu_242  |    0    |    0    |
|          |    data_split_fu_283    |    0    |    0    |
|----------|-------------------------|---------|---------|
| bitselect|       tmp_2_fu_246      |    0    |    0    |
|----------|-------------------------|---------|---------|
|bitconcatenate|        tmp_fu_254       |    0    |    0    |
|          |    out_data_1_fu_329    |    0    |    0    |
|----------|-------------------------|---------|---------|
|   zext   |    zext_ln859_fu_262    |    0    |    0    |
|----------|-------------------------|---------|---------|
|          |   data_split_1_fu_290   |    0    |    0    |
|partselect|   data_split_2_fu_303   |    0    |    0    |
|          |   data_split_3_fu_316   |    0    |    0    |
|----------|-------------------------|---------|---------|
|   Total  |                         |    0    |    72   |
|----------|-------------------------|---------|---------|

Memories:
N/A

* Register list:
+----------------------+--------+
|                      |   FF   |
+----------------------+--------+
|      c6_reg_349      |    4   |
|      c7_reg_342      |    4   |
| data_split_5_reg_156 |   32   |
| data_split_6_reg_143 |   32   |
| data_split_7_reg_130 |   32   |
| data_split_8_reg_117 |   32   |
| data_split_9_reg_377 |   32   |
|  icmp_ln849_reg_363  |    1   |
|indvar_flatten_reg_356|    7   |
| local_C_addr_reg_371 |    4   |
| trunc_ln849_2_reg_367|    2   |
+----------------------+--------+
|         Total        |   182  |
+----------------------+--------+

* Multiplexer (MUX) list: 
|-------------------|------|------|------|--------||---------||---------|
|        Comp       |  Pin | Size |  BW  | S x BW ||  Delay  ||   LUT   |
|-------------------|------|------|------|--------||---------||---------|
| grp_access_fu_107 |  p0  |   2  |   4  |    8   ||    9    |
|-------------------|------|------|------|--------||---------||---------|
|       Total       |      |      |      |    8   ||  0.387  ||    9    |
|-------------------|------|------|------|--------||---------||---------|



* Summary:
+-----------+--------+--------+--------+
|           |  Delay |   FF   |   LUT  |
+-----------+--------+--------+--------+
|  Function |    -   |    0   |   72   |
|   Memory  |    -   |    -   |    -   |
|Multiplexer|    0   |    -   |    9   |
|  Register |    -   |   182  |    -   |
+-----------+--------+--------+--------+
|   Total   |    0   |   182  |   81   |
+-----------+--------+--------+--------+
