

================================================================
== Vitis HLS Report for 'C_drain_IO_L3_out'
================================================================
* Date:           Thu Sep 12 16:27:04 2024

* Version:        2023.1.1 (Build 3869133 on Jun 15 2023)
* Project:        hls_prj
* Solution:       solution1 (Vivado IP Flow Target)
* Product family: virtexuplus
* Target device:  xcu200-fsgd2104-2-e


================================================================
== Performance Estimates
================================================================
+ Timing: 
    * Summary: 
    +--------+---------+----------+------------+
    |  Clock |  Target | Estimated| Uncertainty|
    +--------+---------+----------+------------+
    |ap_clk  |  5.00 ns|  2.810 ns|     1.35 ns|
    +--------+---------+----------+------------+

+ Latency: 
    * Summary: 
    +---------+---------+----------+----------+------+------+---------+
    |  Latency (cycles) |  Latency (absolute) |   Interval  | Pipeline|
    |   min   |   max   |    min   |    max   |  min |  max |   Type  |
    +---------+---------+----------+----------+------+------+---------+
    |     1026|     1026|  5.130 us|  5.130 us|  1026|  1026|       no|
    +---------+---------+----------+----------+------+------+---------+

    + Detail: 
        * Instance: 
        N/A

        * Loop: 
        +---------------------------------------------------------------------------+---------+---------+----------+-----------+-----------+------+----------+
        |                                                                           |  Latency (cycles) | Iteration|  Initiation Interval  | Trip |          |
        |                                 Loop Name                                 |   min   |   max   |  Latency |  achieved |   target  | Count| Pipelined|
        +---------------------------------------------------------------------------+---------+---------+----------+-----------+-----------+------+----------+
        |- VITIS_LOOP_1130_1_VITIS_LOOP_1134_3_VITIS_LOOP_1138_5_VITIS_LOOP_1141_6  |     1024|     1024|         2|          1|          1|  1024|       yes|
        +---------------------------------------------------------------------------+---------+---------+----------+-----------+-----------+------+----------+



================================================================
== Utilization Estimates
================================================================
* Summary: 
+---------------------+---------+------+---------+---------+-----+
|         Name        | BRAM_18K|  DSP |    FF   |   LUT   | URAM|
+---------------------+---------+------+---------+---------+-----+
|DSP                  |        -|     -|        -|        -|    -|
|Expression           |        -|     -|        0|       45|    -|
|FIFO                 |        -|     -|        -|        -|    -|
|Instance             |        -|     -|        -|        -|    -|
|Memory               |        -|     -|        -|        -|    -|
|Multiplexer          |        -|     -|        -|       54|    -|
|Register             |        -|     -|       14|        -|    -|
+---------------------+---------+------+---------+---------+-----+
|Total                |        0|     0|       14|       99|    0|
+---------------------+---------+------+---------+---------+-----+
|Available SLR        |     1440|  2280|   788160|   394080|  320|
+---------------------+---------+------+---------+---------+-----+
|Utilization SLR (%)  |        0|     0|       ~0|       ~0|    0|
+---------------------+---------+------+---------+---------+-----+
|Available            |     4320|  6840|  2364480|  1182240|  960|
+---------------------+---------+------+---------+---------+-----+
|Utilization (%)      |        0|     0|       ~0|       ~0|    0|
+---------------------+---------+------+---------+---------+-----+

+ Detail: 
    * Instance: 
    N/A

    * DSP: 
    N/A

    * Memory: 
    N/A

    * FIFO: 
    N/A

    * Expression: 
    +----------------------------------+----------+----+---+----+------------+------------+
    |           Variable Name          | Operation| DSP| FF| LUT| Bitwidth P0| Bitwidth P1|
    +----------------------------------+----------+----+---+----+------------+------------+
    |add_ln1130_fu_86_p2               |         +|   0|  0|  18|          11|           1|
    |ap_condition_87                   |       and|   0|  0|   2|           1|           1|
    |icmp_ln1130_fu_80_p2              |      icmp|   0|  0|  19|          11|          12|
    |ap_block_pp0_stage0_01001         |        or|   0|  0|   2|           1|           1|
    |ap_block_state2_pp0_stage0_iter1  |        or|   0|  0|   2|           1|           1|
    |ap_enable_pp0                     |       xor|   0|  0|   2|           1|           2|
    +----------------------------------+----------+----+---+----+------------+------------+
    |Total                             |          |   0|  0|  45|          26|          18|
    +----------------------------------+----------+----+---+----+------------+------------+

    * Multiplexer: 
    +------------------------------------------------+----+-----------+-----+-----------+
    |                      Name                      | LUT| Input Size| Bits| Total Bits|
    +------------------------------------------------+----+-----------+-----+-----------+
    |ap_done_int                                     |   9|          2|    1|          2|
    |ap_enable_reg_pp0_iter1                         |   9|          2|    1|          2|
    |ap_sig_allocacmp_indvar_flatten91_load          |   9|          2|   11|         22|
    |fifo_C_drain_C_drain_IO_L2_out_0_blk_n          |   9|          2|    1|          2|
    |fifo_C_drain_C_drain_IO_L3_out_serialize_blk_n  |   9|          2|    1|          2|
    |indvar_flatten91_fu_54                          |   9|          2|   11|         22|
    +------------------------------------------------+----+-----------+-----+-----------+
    |Total                                           |  54|         12|   26|         52|
    +------------------------------------------------+----+-----------+-----+-----------+

    * Register: 
    +-------------------------+----+----+-----+-----------+
    |           Name          | FF | LUT| Bits| Const Bits|
    +-------------------------+----+----+-----+-----------+
    |ap_CS_fsm                |   1|   0|    1|          0|
    |ap_done_reg              |   1|   0|    1|          0|
    |ap_enable_reg_pp0_iter1  |   1|   0|    1|          0|
    |indvar_flatten91_fu_54   |  11|   0|   11|          0|
    +-------------------------+----+----+-----+-----------+
    |Total                    |  14|   0|   14|          0|
    +-------------------------+----+----+-----+-----------+



================================================================
== Interface
================================================================
* Summary: 
+---------------------------------------------------------+-----+-----+------------+------------------------------------------+--------------+
|                        RTL Ports                        | Dir | Bits|  Protocol  |               Source Object              |    C Type    |
+---------------------------------------------------------+-----+-----+------------+------------------------------------------+--------------+
|ap_clk                                                   |   in|    1|  ap_ctrl_hs|                         C_drain_IO_L3_out|  return value|
|ap_rst                                                   |   in|    1|  ap_ctrl_hs|                         C_drain_IO_L3_out|  return value|
|ap_start                                                 |   in|    1|  ap_ctrl_hs|                         C_drain_IO_L3_out|  return value|
|ap_done                                                  |  out|    1|  ap_ctrl_hs|                         C_drain_IO_L3_out|  return value|
|ap_continue                                              |   in|    1|  ap_ctrl_hs|                         C_drain_IO_L3_out|  return value|
|ap_idle                                                  |  out|    1|  ap_ctrl_hs|                         C_drain_IO_L3_out|  return value|
|ap_ready                                                 |  out|    1|  ap_ctrl_hs|                         C_drain_IO_L3_out|  return value|
|fifo_C_drain_C_drain_IO_L2_out_0_dout                    |   in|  128|     ap_fifo|          fifo_C_drain_C_drain_IO_L2_out_0|       pointer|
|fifo_C_drain_C_drain_IO_L2_out_0_num_data_valid          |   in|    2|     ap_fifo|          fifo_C_drain_C_drain_IO_L2_out_0|       pointer|
|fifo_C_drain_C_drain_IO_L2_out_0_fifo_cap                |   in|    2|     ap_fifo|          fifo_C_drain_C_drain_IO_L2_out_0|       pointer|
|fifo_C_drain_C_drain_IO_L2_out_0_empty_n                 |   in|    1|     ap_fifo|          fifo_C_drain_C_drain_IO_L2_out_0|       pointer|
|fifo_C_drain_C_drain_IO_L2_out_0_read                    |  out|    1|     ap_fifo|          fifo_C_drain_C_drain_IO_L2_out_0|       pointer|
|fifo_C_drain_C_drain_IO_L3_out_serialize_din             |  out|  128|     ap_fifo|  fifo_C_drain_C_drain_IO_L3_out_serialize|       pointer|
|fifo_C_drain_C_drain_IO_L3_out_serialize_num_data_valid  |   in|    2|     ap_fifo|  fifo_C_drain_C_drain_IO_L3_out_serialize|       pointer|
|fifo_C_drain_C_drain_IO_L3_out_serialize_fifo_cap        |   in|    2|     ap_fifo|  fifo_C_drain_C_drain_IO_L3_out_serialize|       pointer|
|fifo_C_drain_C_drain_IO_L3_out_serialize_full_n          |   in|    1|     ap_fifo|  fifo_C_drain_C_drain_IO_L3_out_serialize|       pointer|
|fifo_C_drain_C_drain_IO_L3_out_serialize_write           |  out|    1|     ap_fifo|  fifo_C_drain_C_drain_IO_L3_out_serialize|       pointer|
+---------------------------------------------------------+-----+-----+------------+------------------------------------------+--------------+

============================================================
+ Verbose Summary: Synthesis Manager
============================================================
InlineROM: 1
ExposeGlobal: 0
============================================================
+ Verbose Summary: CDFG Model
============================================================
IsTopModel: 0
ResetActiveHigh: 1
IsCombinational: 2
IsDatapathOnly: 0
HasWiredReturn: 1
HasMFsm: 2
HasVarLatency: 1
IsPipeline: 0
IsRtlPipelined: 0
IsInstanceOverlapped: 0
IsDontTouch: 0
HasImplIP: 0
IsGatedGlobalClock: 0

+ Individual pipeline summary: 
  * Pipeline-0: initiation interval (II) = 1, depth = 2


============================================================
+ Verbose Summary: Schedule
============================================================
* Number of FSM states : 2
* Pipeline : 1
  Pipeline-0 : II = 1, D = 2, States = { 1 2 }
* Dataflow Pipeline: 0

* FSM state transitions: 
1 --> 2 
2 --> 

* FSM state operations: 

State 1 <SV = 0> <Delay = 1.12>
ST_1 : Operation 5 [1/1] (0.00ns)   --->   "%indvar_flatten91 = alloca i32 1"   --->   Operation 5 'alloca' 'indvar_flatten91' <Predicate = true> <Delay = 0.00>
ST_1 : Operation 6 [1/1] (0.00ns)   --->   "%specmemcore_ln0 = specmemcore void @_ssdm_op_SpecMemCore, i128 %fifo_C_drain_C_drain_IO_L2_out_0, i64 666, i64 10, i64 18446744073709551615"   --->   Operation 6 'specmemcore' 'specmemcore_ln0' <Predicate = true> <Delay = 0.00>
ST_1 : Operation 7 [1/1] (0.00ns)   --->   "%specinterface_ln0 = specinterface void @_ssdm_op_SpecInterface, i128 %fifo_C_drain_C_drain_IO_L2_out_0, void @empty_46, i32 0, i32 0, void @empty_6, i32 0, i32 0, void @empty_6, void @empty_6, void @empty_6, i32 0, i32 0, i32 0, i32 0, void @empty_6, void @empty_6, i32 4294967295, i32 0"   --->   Operation 7 'specinterface' 'specinterface_ln0' <Predicate = true> <Delay = 0.00>
ST_1 : Operation 8 [1/1] (0.00ns)   --->   "%specinterface_ln0 = specinterface void @_ssdm_op_SpecInterface, i128 %fifo_C_drain_C_drain_IO_L3_out_serialize, void @empty_46, i32 0, i32 0, void @empty_6, i32 0, i32 0, void @empty_6, void @empty_6, void @empty_6, i32 0, i32 0, i32 0, i32 0, void @empty_6, void @empty_6, i32 4294967295, i32 0"   --->   Operation 8 'specinterface' 'specinterface_ln0' <Predicate = true> <Delay = 0.00>
ST_1 : Operation 9 [1/1] (0.38ns)   --->   "%store_ln1130 = store i11 0, i11 %indvar_flatten91" [src/kernel_kernel.cpp:1130]   --->   Operation 9 'store' 'store_ln1130' <Predicate = true> <Delay = 0.38>
ST_1 : Operation 10 [1/1] (0.00ns)   --->   "%br_ln1130 = br void %for.inc" [src/kernel_kernel.cpp:1130]   --->   Operation 10 'br' 'br_ln1130' <Predicate = true> <Delay = 0.00>
ST_1 : Operation 11 [1/1] (0.00ns)   --->   "%indvar_flatten91_load = load i11 %indvar_flatten91" [src/kernel_kernel.cpp:1130]   --->   Operation 11 'load' 'indvar_flatten91_load' <Predicate = true> <Delay = 0.00>
ST_1 : Operation 12 [1/1] (0.73ns)   --->   "%icmp_ln1130 = icmp_eq  i11 %indvar_flatten91_load, i11 1024" [src/kernel_kernel.cpp:1130]   --->   Operation 12 'icmp' 'icmp_ln1130' <Predicate = true> <Delay = 0.73> <CoreInst = "Cmp">   --->   Core 9 'Cmp' <Latency = 0> <II = 1> <Delay = 0.74> <FuncUnit> <Opcode : 'icmp'> <InPorts = 2> <OutPorts = 1>
ST_1 : Operation 13 [1/1] (0.73ns)   --->   "%add_ln1130 = add i11 %indvar_flatten91_load, i11 1" [src/kernel_kernel.cpp:1130]   --->   Operation 13 'add' 'add_ln1130' <Predicate = true> <Delay = 0.73> <CoreInst = "Adder">   --->   Core 1 'Adder' <Latency = 0> <II = 1> <Delay = 0.73> <FuncUnit> <Opcode : 'add' 'sub'> <InPorts = 2> <OutPorts = 1>
ST_1 : Operation 14 [1/1] (0.00ns)   --->   "%br_ln1130 = br i1 %icmp_ln1130, void %for.inc34, void %for.end36" [src/kernel_kernel.cpp:1130]   --->   Operation 14 'br' 'br_ln1130' <Predicate = true> <Delay = 0.00>
ST_1 : Operation 15 [1/1] (0.38ns)   --->   "%store_ln1141 = store i11 %add_ln1130, i11 %indvar_flatten91" [src/kernel_kernel.cpp:1141]   --->   Operation 15 'store' 'store_ln1141' <Predicate = (!icmp_ln1130)> <Delay = 0.38>
ST_1 : Operation 27 [1/1] (0.00ns)   --->   "%ret_ln1155 = ret" [src/kernel_kernel.cpp:1155]   --->   Operation 27 'ret' 'ret_ln1155' <Predicate = (icmp_ln1130)> <Delay = 0.00>

State 2 <SV = 1> <Delay = 2.81>
ST_2 : Operation 16 [1/1] (0.00ns)   --->   "%specloopname_ln0 = specloopname void @_ssdm_op_SpecLoopName, void @VITIS_LOOP_1130_1_VITIS_LOOP_1134_3_VITIS_LOOP_113"   --->   Operation 16 'specloopname' 'specloopname_ln0' <Predicate = true> <Delay = 0.00>
ST_2 : Operation 17 [1/1] (0.00ns)   --->   "%speclooptripcount_ln0 = speclooptripcount void @_ssdm_op_SpecLoopTripCount, i64 1024, i64 1024, i64 1024"   --->   Operation 17 'speclooptripcount' 'speclooptripcount_ln0' <Predicate = true> <Delay = 0.00>
ST_2 : Operation 18 [1/1] (0.00ns)   --->   "%specloopname_ln0 = specloopname void @_ssdm_op_SpecLoopName, void @VITIS_LOOP_1131_2_VITIS_LOOP_1136_4_VITIS_LOOP_113"   --->   Operation 18 'specloopname' 'specloopname_ln0' <Predicate = true> <Delay = 0.00>
ST_2 : Operation 19 [1/1] (0.00ns)   --->   "%specloopname_ln0 = specloopname void @_ssdm_op_SpecLoopName, void @VITIS_LOOP_1134_3_VITIS_LOOP_1138_5_VITIS_LOOP_114"   --->   Operation 19 'specloopname' 'specloopname_ln0' <Predicate = true> <Delay = 0.00>
ST_2 : Operation 20 [1/1] (0.00ns)   --->   "%specloopname_ln0 = specloopname void @_ssdm_op_SpecLoopName, void @VITIS_LOOP_1136_4_VITIS_LOOP_1138_5_VITIS_LOOP_114"   --->   Operation 20 'specloopname' 'specloopname_ln0' <Predicate = true> <Delay = 0.00>
ST_2 : Operation 21 [1/1] (0.00ns)   --->   "%specloopname_ln0 = specloopname void @_ssdm_op_SpecLoopName, void @VITIS_LOOP_1138_5_VITIS_LOOP_1141_6_str"   --->   Operation 21 'specloopname' 'specloopname_ln0' <Predicate = true> <Delay = 0.00>
ST_2 : Operation 22 [1/1] (0.00ns)   --->   "%specpipeline_ln1142 = specpipeline void @_ssdm_op_SpecPipeline, i32 1, i32 0, i32 0, i32 0, void @empty_6" [src/kernel_kernel.cpp:1142]   --->   Operation 22 'specpipeline' 'specpipeline_ln1142' <Predicate = true> <Delay = 0.00>
ST_2 : Operation 23 [1/1] (0.00ns)   --->   "%specloopname_ln1141 = specloopname void @_ssdm_op_SpecLoopName, void @empty_40" [src/kernel_kernel.cpp:1141]   --->   Operation 23 'specloopname' 'specloopname_ln1141' <Predicate = true> <Delay = 0.00>
ST_2 : Operation 24 [1/1] (1.40ns)   --->   "%fifo_C_drain_C_drain_IO_L2_out_0_read = read i128 @_ssdm_op_Read.ap_fifo.volatile.i128P0A, i128 %fifo_C_drain_C_drain_IO_L2_out_0" [src/kernel_kernel.cpp:1146]   --->   Operation 24 'read' 'fifo_C_drain_C_drain_IO_L2_out_0_read' <Predicate = true> <Delay = 1.40> <CoreInst = "FIFO_SRL">   --->   Core 81 'FIFO_SRL' <Latency = 0> <II = 1> <Delay = 1.40> <Storage> <Opcode : 'read' 'write' 'nbread' 'nbwrite'> <Ports = 0> <Width = 128> <Depth = 2> <FIFO>
ST_2 : Operation 25 [1/1] (1.40ns)   --->   "%write_ln1148 = write void @_ssdm_op_Write.ap_fifo.volatile.i128P0A, i128 %fifo_C_drain_C_drain_IO_L3_out_serialize, i128 %fifo_C_drain_C_drain_IO_L2_out_0_read" [src/kernel_kernel.cpp:1148]   --->   Operation 25 'write' 'write_ln1148' <Predicate = true> <Delay = 1.40> <CoreInst = "FIFO_SRL">   --->   Core 81 'FIFO_SRL' <Latency = 0> <II = 1> <Delay = 1.40> <Storage> <Opcode : 'read' 'write' 'nbread' 'nbwrite'> <Ports = 0> <Width = 128> <Depth = 2> <FIFO>
ST_2 : Operation 26 [1/1] (0.00ns)   --->   "%br_ln1141 = br void %for.inc" [src/kernel_kernel.cpp:1141]   --->   Operation 26 'br' 'br_ln1141' <Predicate = true> <Delay = 0.00>


============================================================
+ Verbose Summary: Binding
============================================================
STG Binding: 
---------------- STG Properties BEGIN ----------------
- Is combinational: 0
- Is one-state seq: 0
- Is datapath-only: 0
- Is pipelined: 0
- Is top level: 0
Port [ Return ] is wired: 1; IO mode=ap_ctrl_hs:ce=0
Port [ fifo_C_drain_C_drain_IO_L3_out_serialize]:  wired=1; compound=1; hidden=0; nouse=0; global=0; static=0; extern=0; dir=1; type=3; pingpong=0; private_global=0; IO mode=ap_fifo:ce=0
Port [ fifo_C_drain_C_drain_IO_L2_out_0]:  wired=1; compound=1; hidden=0; nouse=0; global=0; static=0; extern=0; dir=0; type=3; pingpong=0; private_global=0; IO mode=ap_fifo:ce=0
---------------- STG Properties END ------------------

---------------- Datapath Model BEGIN ----------------

<LifeTime>
<method=bitvector/>
indvar_flatten91                      (alloca           ) [ 010]
specmemcore_ln0                       (specmemcore      ) [ 000]
specinterface_ln0                     (specinterface    ) [ 000]
specinterface_ln0                     (specinterface    ) [ 000]
store_ln1130                          (store            ) [ 000]
br_ln1130                             (br               ) [ 000]
indvar_flatten91_load                 (load             ) [ 000]
icmp_ln1130                           (icmp             ) [ 010]
add_ln1130                            (add              ) [ 000]
br_ln1130                             (br               ) [ 000]
store_ln1141                          (store            ) [ 000]
specloopname_ln0                      (specloopname     ) [ 000]
speclooptripcount_ln0                 (speclooptripcount) [ 000]
specloopname_ln0                      (specloopname     ) [ 000]
specloopname_ln0                      (specloopname     ) [ 000]
specloopname_ln0                      (specloopname     ) [ 000]
specloopname_ln0                      (specloopname     ) [ 000]
specpipeline_ln1142                   (specpipeline     ) [ 000]
specloopname_ln1141                   (specloopname     ) [ 000]
fifo_C_drain_C_drain_IO_L2_out_0_read (read             ) [ 000]
write_ln1148                          (write            ) [ 000]
br_ln1141                             (br               ) [ 000]
ret_ln1155                            (ret              ) [ 000]
</LifeTime>

<model>

<comp_list>
<comp id="0" class="1000" name="fifo_C_drain_C_drain_IO_L3_out_serialize">
<pin_list>
<pin id="1" dir="1" index="0" bw="1" slack="0"/>
</pin_list>
<bind>
<StgValue><ssdm name="fifo_C_drain_C_drain_IO_L3_out_serialize"/></StgValue>
</bind>
</comp>

<comp id="2" class="1000" name="fifo_C_drain_C_drain_IO_L2_out_0">
<pin_list>
<pin id="3" dir="1" index="0" bw="1" slack="0"/>
</pin_list>
<bind>
<StgValue><ssdm name="fifo_C_drain_C_drain_IO_L2_out_0"/></StgValue>
</bind>
</comp>

<comp id="4" class="1001" name="const_4">
<pin_list>
<pin id="5" dir="1" index="0" bw="1" slack="0"/>
</pin_list>
<bind>
<StgValue><ssdm name=""/></StgValue>
</bind>
</comp>

<comp id="6" class="1001" name="const_6">
<pin_list>
<pin id="7" dir="1" index="0" bw="1" slack="2147483647"/>
</pin_list>
<bind>
<StgValue><ssdm name="_ssdm_op_SpecMemCore"/></StgValue>
</bind>
</comp>

<comp id="8" class="1001" name="const_8">
<pin_list>
<pin id="9" dir="1" index="0" bw="1" slack="2147483647"/>
</pin_list>
<bind>
<StgValue><ssdm name=""/></StgValue>
</bind>
</comp>

<comp id="10" class="1001" name="const_10">
<pin_list>
<pin id="11" dir="1" index="0" bw="1" slack="2147483647"/>
</pin_list>
<bind>
<StgValue><ssdm name=""/></StgValue>
</bind>
</comp>

<comp id="12" class="1001" name="const_12">
<pin_list>
<pin id="13" dir="1" index="0" bw="1" slack="2147483647"/>
</pin_list>
<bind>
<StgValue><ssdm name=""/></StgValue>
</bind>
</comp>

<comp id="14" class="1001" name="const_14">
<pin_list>
<pin id="15" dir="1" index="0" bw="1" slack="2147483647"/>
</pin_list>
<bind>
<StgValue><ssdm name="_ssdm_op_SpecInterface"/></StgValue>
</bind>
</comp>

<comp id="16" class="1001" name="const_16">
<pin_list>
<pin id="17" dir="1" index="0" bw="1" slack="2147483647"/>
</pin_list>
<bind>
<StgValue><ssdm name="empty_46"/></StgValue>
</bind>
</comp>

<comp id="18" class="1001" name="const_18">
<pin_list>
<pin id="19" dir="1" index="0" bw="1" slack="2147483647"/>
</pin_list>
<bind>
<StgValue><ssdm name=""/></StgValue>
</bind>
</comp>

<comp id="20" class="1001" name="const_20">
<pin_list>
<pin id="21" dir="1" index="0" bw="1" slack="2147483647"/>
</pin_list>
<bind>
<StgValue><ssdm name="empty_6"/></StgValue>
</bind>
</comp>

<comp id="22" class="1001" name="const_22">
<pin_list>
<pin id="23" dir="1" index="0" bw="1" slack="2147483647"/>
</pin_list>
<bind>
<StgValue><ssdm name=""/></StgValue>
</bind>
</comp>

<comp id="24" class="1001" name="const_24">
<pin_list>
<pin id="25" dir="1" index="0" bw="1" slack="0"/>
</pin_list>
<bind>
<StgValue><ssdm name=""/></StgValue>
</bind>
</comp>

<comp id="26" class="1001" name="const_26">
<pin_list>
<pin id="27" dir="1" index="0" bw="1" slack="0"/>
</pin_list>
<bind>
<StgValue><ssdm name=""/></StgValue>
</bind>
</comp>

<comp id="28" class="1001" name="const_28">
<pin_list>
<pin id="29" dir="1" index="0" bw="1" slack="0"/>
</pin_list>
<bind>
<StgValue><ssdm name=""/></StgValue>
</bind>
</comp>

<comp id="30" class="1001" name="const_30">
<pin_list>
<pin id="31" dir="1" index="0" bw="1" slack="2147483647"/>
</pin_list>
<bind>
<StgValue><ssdm name="_ssdm_op_SpecLoopName"/></StgValue>
</bind>
</comp>

<comp id="32" class="1001" name="const_32">
<pin_list>
<pin id="33" dir="1" index="0" bw="1" slack="2147483647"/>
</pin_list>
<bind>
<StgValue><ssdm name="VITIS_LOOP_1130_1_VITIS_LOOP_1134_3_VITIS_LOOP_113"/></StgValue>
</bind>
</comp>

<comp id="34" class="1001" name="const_34">
<pin_list>
<pin id="35" dir="1" index="0" bw="1" slack="2147483647"/>
</pin_list>
<bind>
<StgValue><ssdm name="_ssdm_op_SpecLoopTripCount"/></StgValue>
</bind>
</comp>

<comp id="36" class="1001" name="const_36">
<pin_list>
<pin id="37" dir="1" index="0" bw="1" slack="2147483647"/>
</pin_list>
<bind>
<StgValue><ssdm name=""/></StgValue>
</bind>
</comp>

<comp id="38" class="1001" name="const_38">
<pin_list>
<pin id="39" dir="1" index="0" bw="1" slack="2147483647"/>
</pin_list>
<bind>
<StgValue><ssdm name="VITIS_LOOP_1131_2_VITIS_LOOP_1136_4_VITIS_LOOP_113"/></StgValue>
</bind>
</comp>

<comp id="40" class="1001" name="const_40">
<pin_list>
<pin id="41" dir="1" index="0" bw="1" slack="2147483647"/>
</pin_list>
<bind>
<StgValue><ssdm name="VITIS_LOOP_1134_3_VITIS_LOOP_1138_5_VITIS_LOOP_114"/></StgValue>
</bind>
</comp>

<comp id="42" class="1001" name="const_42">
<pin_list>
<pin id="43" dir="1" index="0" bw="1" slack="2147483647"/>
</pin_list>
<bind>
<StgValue><ssdm name="VITIS_LOOP_1136_4_VITIS_LOOP_1138_5_VITIS_LOOP_114"/></StgValue>
</bind>
</comp>

<comp id="44" class="1001" name="const_44">
<pin_list>
<pin id="45" dir="1" index="0" bw="1" slack="2147483647"/>
</pin_list>
<bind>
<StgValue><ssdm name="VITIS_LOOP_1138_5_VITIS_LOOP_1141_6_str"/></StgValue>
</bind>
</comp>

<comp id="46" class="1001" name="const_46">
<pin_list>
<pin id="47" dir="1" index="0" bw="1" slack="2147483647"/>
</pin_list>
<bind>
<StgValue><ssdm name="_ssdm_op_SpecPipeline"/></StgValue>
</bind>
</comp>

<comp id="48" class="1001" name="const_48">
<pin_list>
<pin id="49" dir="1" index="0" bw="1" slack="2147483647"/>
</pin_list>
<bind>
<StgValue><ssdm name="empty_40"/></StgValue>
</bind>
</comp>

<comp id="50" class="1001" name="const_50">
<pin_list>
<pin id="51" dir="1" index="0" bw="1" slack="0"/>
</pin_list>
<bind>
<StgValue><ssdm name="_ssdm_op_Read.ap_fifo.volatile.i128P0A"/></StgValue>
</bind>
</comp>

<comp id="52" class="1001" name="const_52">
<pin_list>
<pin id="53" dir="1" index="0" bw="1" slack="0"/>
</pin_list>
<bind>
<StgValue><ssdm name="_ssdm_op_Write.ap_fifo.volatile.i128P0A"/></StgValue>
</bind>
</comp>

<comp id="54" class="1004" name="indvar_flatten91_fu_54">
<pin_list>
<pin id="55" dir="0" index="0" bw="1" slack="0"/>
<pin id="56" dir="1" index="1" bw="11" slack="0"/>
</pin_list>
<bind>
<opcode="alloca(26) " fcode="alloca"/>
<opset="indvar_flatten91/1 "/>
</bind>
</comp>

<comp id="58" class="1004" name="fifo_C_drain_C_drain_IO_L2_out_0_read_read_fu_58">
<pin_list>
<pin id="59" dir="0" index="0" bw="128" slack="0"/>
<pin id="60" dir="0" index="1" bw="128" slack="0"/>
<pin id="61" dir="1" index="2" bw="128" slack="0"/>
</pin_list>
<bind>
<opcode="read(1150) " fcode="read"/>
<opset="fifo_C_drain_C_drain_IO_L2_out_0_read/2 "/>
</bind>
</comp>

<comp id="64" class="1004" name="write_ln1148_write_fu_64">
<pin_list>
<pin id="65" dir="0" index="0" bw="0" slack="0"/>
<pin id="66" dir="0" index="1" bw="128" slack="0"/>
<pin id="67" dir="0" index="2" bw="128" slack="0"/>
<pin id="68" dir="1" index="3" bw="0" slack="2147483647"/>
</pin_list>
<bind>
<opcode="write(1151) " fcode="write"/>
<opset="write_ln1148/2 "/>
</bind>
</comp>

<comp id="72" class="1004" name="store_ln1130_store_fu_72">
<pin_list>
<pin id="73" dir="0" index="0" bw="1" slack="0"/>
<pin id="74" dir="0" index="1" bw="11" slack="0"/>
<pin id="75" dir="1" index="2" bw="0" slack="2147483647"/>
</pin_list>
<bind>
<opcode="store(28) " fcode="store"/>
<opset="store_ln1130/1 "/>
</bind>
</comp>

<comp id="77" class="1004" name="indvar_flatten91_load_load_fu_77">
<pin_list>
<pin id="78" dir="0" index="0" bw="11" slack="0"/>
<pin id="79" dir="1" index="1" bw="11" slack="0"/>
</pin_list>
<bind>
<opcode="load(27) " fcode="load"/>
<opset="indvar_flatten91_load/1 "/>
</bind>
</comp>

<comp id="80" class="1004" name="icmp_ln1130_fu_80">
<pin_list>
<pin id="81" dir="0" index="0" bw="11" slack="0"/>
<pin id="82" dir="0" index="1" bw="11" slack="0"/>
<pin id="83" dir="1" index="2" bw="1" slack="2147483647"/>
</pin_list>
<bind>
<opcode="icmp(45) " fcode="icmp"/>
<opset="icmp_ln1130/1 "/>
</bind>
</comp>

<comp id="86" class="1004" name="add_ln1130_fu_86">
<pin_list>
<pin id="87" dir="0" index="0" bw="11" slack="0"/>
<pin id="88" dir="0" index="1" bw="1" slack="0"/>
<pin id="89" dir="1" index="2" bw="11" slack="0"/>
</pin_list>
<bind>
<opcode="add(8) " fcode="add"/>
<opset="add_ln1130/1 "/>
</bind>
</comp>

<comp id="92" class="1004" name="store_ln1141_store_fu_92">
<pin_list>
<pin id="93" dir="0" index="0" bw="11" slack="0"/>
<pin id="94" dir="0" index="1" bw="11" slack="0"/>
<pin id="95" dir="1" index="2" bw="0" slack="2147483647"/>
</pin_list>
<bind>
<opcode="store(28) " fcode="store"/>
<opset="store_ln1141/1 "/>
</bind>
</comp>

<comp id="97" class="1005" name="indvar_flatten91_reg_97">
<pin_list>
<pin id="98" dir="0" index="0" bw="11" slack="0"/>
<pin id="99" dir="1" index="1" bw="11" slack="0"/>
</pin_list>
<bind>
<opset="indvar_flatten91 "/>
</bind>
</comp>

</comp_list>

<net_list>
<net id="57"><net_src comp="4" pin="0"/><net_sink comp="54" pin=0"/></net>

<net id="62"><net_src comp="50" pin="0"/><net_sink comp="58" pin=0"/></net>

<net id="63"><net_src comp="2" pin="0"/><net_sink comp="58" pin=1"/></net>

<net id="69"><net_src comp="52" pin="0"/><net_sink comp="64" pin=0"/></net>

<net id="70"><net_src comp="0" pin="0"/><net_sink comp="64" pin=1"/></net>

<net id="71"><net_src comp="58" pin="2"/><net_sink comp="64" pin=2"/></net>

<net id="76"><net_src comp="24" pin="0"/><net_sink comp="72" pin=0"/></net>

<net id="84"><net_src comp="77" pin="1"/><net_sink comp="80" pin=0"/></net>

<net id="85"><net_src comp="26" pin="0"/><net_sink comp="80" pin=1"/></net>

<net id="90"><net_src comp="77" pin="1"/><net_sink comp="86" pin=0"/></net>

<net id="91"><net_src comp="28" pin="0"/><net_sink comp="86" pin=1"/></net>

<net id="96"><net_src comp="86" pin="2"/><net_sink comp="92" pin=0"/></net>

<net id="100"><net_src comp="54" pin="1"/><net_sink comp="97" pin=0"/></net>

<net id="101"><net_src comp="97" pin="1"/><net_sink comp="72" pin=1"/></net>

<net id="102"><net_src comp="97" pin="1"/><net_sink comp="77" pin=0"/></net>

<net id="103"><net_src comp="97" pin="1"/><net_sink comp="92" pin=1"/></net>

</net_list>

</model> 
---------------- Datapath Model END ------------------

* FSMD analyzer results:
  - Output states:
	Port: fifo_C_drain_C_drain_IO_L3_out_serialize | {2 }
 - Input state : 
	Port: C_drain_IO_L3_out : fifo_C_drain_C_drain_IO_L2_out_0 | {2 }
  - Chain level:
	State 1
		store_ln1130 : 1
		indvar_flatten91_load : 1
		icmp_ln1130 : 2
		add_ln1130 : 2
		br_ln1130 : 3
		store_ln1141 : 3
	State 2


============================================================
+ Verbose Summary: Datapath Resource usage 
============================================================

* Functional unit list:
|----------|--------------------------------------------------|---------|---------|
| Operation|                  Functional Unit                 |    FF   |   LUT   |
|----------|--------------------------------------------------|---------|---------|
|   icmp   |                 icmp_ln1130_fu_80                |    0    |    18   |
|----------|--------------------------------------------------|---------|---------|
|    add   |                 add_ln1130_fu_86                 |    0    |    18   |
|----------|--------------------------------------------------|---------|---------|
|   read   | fifo_C_drain_C_drain_IO_L2_out_0_read_read_fu_58 |    0    |    0    |
|----------|--------------------------------------------------|---------|---------|
|   write  |             write_ln1148_write_fu_64             |    0    |    0    |
|----------|--------------------------------------------------|---------|---------|
|   Total  |                                                  |    0    |    36   |
|----------|--------------------------------------------------|---------|---------|

Memories:
N/A

* Register list:
+-----------------------+--------+
|                       |   FF   |
+-----------------------+--------+
|indvar_flatten91_reg_97|   11   |
+-----------------------+--------+
|         Total         |   11   |
+-----------------------+--------+

* Multiplexer (MUX) list: 
|--------|------|------|------|--------|
|  Comp  |  Pin | Size |  BW  | S x BW |
|--------|------|------|------|--------|
|  Total |      |      |      |    0   |
|--------|------|------|------|--------|



* Summary:
+-----------+--------+--------+
|           |   FF   |   LUT  |
+-----------+--------+--------+
|  Function |    0   |   36   |
|   Memory  |    -   |    -   |
|Multiplexer|    -   |    -   |
|  Register |   11   |    -   |
+-----------+--------+--------+
|   Total   |   11   |   36   |
+-----------+--------+--------+
