

================================================================
== Vitis HLS Report for 'C_drain_IO_L1_out_Pipeline_VITIS_LOOP_885_2_VITIS_s'
================================================================
* Date:           Thu Sep 12 16:26:55 2024

* Version:        2023.1.1 (Build 3869133 on Jun 15 2023)
* Project:        hls_prj
* Solution:       solution1 (Vivado IP Flow Target)
* Product family: virtexuplus
* Target device:  xcu200-fsgd2104-2-e


================================================================
== Performance Estimates
================================================================
+ Timing: 
    * Summary: 
    +--------+---------+----------+------------+
    |  Clock |  Target | Estimated| Uncertainty|
    +--------+---------+----------+------------+
    |ap_clk  |  5.00 ns|  2.967 ns|     1.35 ns|
    +--------+---------+----------+------------+

+ Latency: 
    * Summary: 
    +---------+---------+-----------+-----------+-----+-----+---------+
    |  Latency (cycles) |   Latency (absolute)  |  Interval | Pipeline|
    |   min   |   max   |    min    |    max    | min | max |   Type  |
    +---------+---------+-----------+-----------+-----+-----+---------+
    |       18|       18|  90.000 ns|  90.000 ns|   18|   18|       no|
    +---------+---------+-----------+-----------+-----+-----+---------+

    + Detail: 
        * Instance: 
        N/A

        * Loop: 
        +-------------------------------------+---------+---------+----------+-----------+-----------+------+----------+
        |                                     |  Latency (cycles) | Iteration|  Initiation Interval  | Trip |          |
        |              Loop Name              |   min   |   max   |  Latency |  achieved |   target  | Count| Pipelined|
        +-------------------------------------+---------+---------+----------+-----------+-----------+------+----------+
        |- VITIS_LOOP_885_2_VITIS_LOOP_887_3  |       16|       16|         2|          1|          1|    16|       yes|
        +-------------------------------------+---------+---------+----------+-----------+-----------+------+----------+

============================================================
+ Verbose Summary: Synthesis Manager
============================================================
InlineROM: 1
ExposeGlobal: 0
============================================================
+ Verbose Summary: CDFG Model
============================================================
IsTopModel: 0
ResetActiveHigh: 1
IsCombinational: 0
IsDatapathOnly: 0
HasWiredReturn: 1
HasMFsm: 2
HasVarLatency: 1
IsPipeline: 0
IsRtlPipelined: 0
IsInstanceOverlapped: 0
IsDontTouch: 0
HasImplIP: 0
IsGatedGlobalClock: 0

+ Individual pipeline summary: 
  * Pipeline-0: initiation interval (II) = 1, depth = 2


============================================================
+ Verbose Summary: Schedule
============================================================
* Number of FSM states : 2
* Pipeline : 1
  Pipeline-0 : II = 1, D = 2, States = { 1 2 }
* Dataflow Pipeline: 0

* FSM state transitions: 
1 --> 2 
2 --> 

* FSM state operations: 

State 1 <SV = 0> <Delay = 2.96>
ST_1 : Operation 5 [1/1] (0.00ns)   --->   "%c6 = alloca i32 1"   --->   Operation 5 'alloca' 'c6' <Predicate = true> <Delay = 0.00>
ST_1 : Operation 6 [1/1] (0.00ns)   --->   "%c5 = alloca i32 1"   --->   Operation 6 'alloca' 'c5' <Predicate = true> <Delay = 0.00>
ST_1 : Operation 7 [1/1] (0.00ns)   --->   "%indvar_flatten6 = alloca i32 1"   --->   Operation 7 'alloca' 'indvar_flatten6' <Predicate = true> <Delay = 0.00>
ST_1 : Operation 8 [1/1] (0.00ns)   --->   "%specmemcore_ln0 = specmemcore void @_ssdm_op_SpecMemCore, i128 %local_C, i64 666, i64 22, i64 18446744073709551615"   --->   Operation 8 'specmemcore' 'specmemcore_ln0' <Predicate = true> <Delay = 0.00>
ST_1 : Operation 9 [1/1] (0.00ns)   --->   "%specmemcore_ln0 = specmemcore void @_ssdm_op_SpecMemCore, i128 %fifo_C_drain_C_drain_IO_L1_out_1_0, i64 666, i64 10, i64 18446744073709551615"   --->   Operation 9 'specmemcore' 'specmemcore_ln0' <Predicate = true> <Delay = 0.00>
ST_1 : Operation 10 [1/1] (0.00ns)   --->   "%specinterface_ln0 = specinterface void @_ssdm_op_SpecInterface, i128 %fifo_C_drain_C_drain_IO_L1_out_1_0, void @empty_46, i32 0, i32 0, void @empty_6, i32 0, i32 0, void @empty_6, void @empty_6, void @empty_6, i32 0, i32 0, i32 0, i32 0, void @empty_6, void @empty_6, i32 4294967295, i32 0"   --->   Operation 10 'specinterface' 'specinterface_ln0' <Predicate = true> <Delay = 0.00>
ST_1 : Operation 11 [1/1] (0.38ns)   --->   "%store_ln0 = store i5 0, i5 %indvar_flatten6"   --->   Operation 11 'store' 'store_ln0' <Predicate = true> <Delay = 0.38>
ST_1 : Operation 12 [1/1] (0.38ns)   --->   "%store_ln0 = store i4 0, i4 %c5"   --->   Operation 12 'store' 'store_ln0' <Predicate = true> <Delay = 0.38>
ST_1 : Operation 13 [1/1] (0.38ns)   --->   "%store_ln0 = store i2 0, i2 %c6"   --->   Operation 13 'store' 'store_ln0' <Predicate = true> <Delay = 0.38>
ST_1 : Operation 14 [1/1] (0.00ns)   --->   "%br_ln0 = br void %for.body9.i"   --->   Operation 14 'br' 'br_ln0' <Predicate = true> <Delay = 0.00>
ST_1 : Operation 15 [1/1] (0.00ns)   --->   "%indvar_flatten6_load = load i5 %indvar_flatten6" [src/kernel_kernel.cpp:885->src/kernel_kernel.cpp:966]   --->   Operation 15 'load' 'indvar_flatten6_load' <Predicate = true> <Delay = 0.00>
ST_1 : Operation 16 [1/1] (0.70ns)   --->   "%icmp_ln885 = icmp_eq  i5 %indvar_flatten6_load, i5 16" [src/kernel_kernel.cpp:885->src/kernel_kernel.cpp:966]   --->   Operation 16 'icmp' 'icmp_ln885' <Predicate = true> <Delay = 0.70> <CoreInst = "Cmp">   --->   Core 9 'Cmp' <Latency = 0> <II = 1> <Delay = 0.70> <FuncUnit> <Opcode : 'icmp'> <InPorts = 2> <OutPorts = 1>
ST_1 : Operation 17 [1/1] (0.70ns)   --->   "%add_ln885_1 = add i5 %indvar_flatten6_load, i5 1" [src/kernel_kernel.cpp:885->src/kernel_kernel.cpp:966]   --->   Operation 17 'add' 'add_ln885_1' <Predicate = true> <Delay = 0.70> <CoreInst = "Adder">   --->   Core 1 'Adder' <Latency = 0> <II = 1> <Delay = 0.70> <FuncUnit> <Opcode : 'add' 'sub'> <InPorts = 2> <OutPorts = 1>
ST_1 : Operation 18 [1/1] (0.00ns)   --->   "%br_ln885 = br i1 %icmp_ln885, void %for.cond.cleanup8.i, void %if.end.i.loopexit32.exitStub" [src/kernel_kernel.cpp:885->src/kernel_kernel.cpp:966]   --->   Operation 18 'br' 'br_ln885' <Predicate = true> <Delay = 0.00>
ST_1 : Operation 19 [1/1] (0.00ns)   --->   "%c6_load = load i2 %c6" [src/kernel_kernel.cpp:887->src/kernel_kernel.cpp:966]   --->   Operation 19 'load' 'c6_load' <Predicate = (!icmp_ln885)> <Delay = 0.00>
ST_1 : Operation 20 [1/1] (0.00ns)   --->   "%c5_load = load i4 %c5" [src/kernel_kernel.cpp:885->src/kernel_kernel.cpp:966]   --->   Operation 20 'load' 'c5_load' <Predicate = (!icmp_ln885)> <Delay = 0.00>
ST_1 : Operation 21 [1/1] (0.70ns)   --->   "%add_ln885 = add i4 %c5_load, i4 1" [src/kernel_kernel.cpp:885->src/kernel_kernel.cpp:966]   --->   Operation 21 'add' 'add_ln885' <Predicate = (!icmp_ln885)> <Delay = 0.70> <CoreInst = "Adder">   --->   Core 1 'Adder' <Latency = 0> <II = 1> <Delay = 0.70> <FuncUnit> <Opcode : 'add' 'sub'> <InPorts = 2> <OutPorts = 1>
ST_1 : Operation 22 [1/1] (0.43ns)   --->   "%icmp_ln887 = icmp_eq  i2 %c6_load, i2 2" [src/kernel_kernel.cpp:887->src/kernel_kernel.cpp:966]   --->   Operation 22 'icmp' 'icmp_ln887' <Predicate = (!icmp_ln885)> <Delay = 0.43> <CoreInst = "Cmp">   --->   Core 9 'Cmp' <Latency = 0> <II = 1> <Delay = 0.43> <FuncUnit> <Opcode : 'icmp'> <InPorts = 2> <OutPorts = 1>
ST_1 : Operation 23 [1/1] (0.27ns)   --->   "%select_ln885 = select i1 %icmp_ln887, i2 0, i2 %c6_load" [src/kernel_kernel.cpp:885->src/kernel_kernel.cpp:966]   --->   Operation 23 'select' 'select_ln885' <Predicate = (!icmp_ln885)> <Delay = 0.27> <CoreInst = "Sel">   --->   Core 73 'Sel' <Latency = 0> <II = 1> <Delay = 0.27> <FuncUnit> <Opcode : 'select'> <InPorts = 3> <OutPorts = 1>
ST_1 : Operation 24 [1/1] (0.35ns)   --->   "%select_ln885_1 = select i1 %icmp_ln887, i4 %add_ln885, i4 %c5_load" [src/kernel_kernel.cpp:885->src/kernel_kernel.cpp:966]   --->   Operation 24 'select' 'select_ln885_1' <Predicate = (!icmp_ln885)> <Delay = 0.35> <CoreInst = "Sel">   --->   Core 73 'Sel' <Latency = 0> <II = 1> <Delay = 0.35> <FuncUnit> <Opcode : 'select'> <InPorts = 3> <OutPorts = 1>
ST_1 : Operation 25 [1/1] (0.00ns) (grouped into LUT with out node add_ln892)   --->   "%shl_ln892 = shl i4 %select_ln885_1, i4 1" [src/kernel_kernel.cpp:892->src/kernel_kernel.cpp:966]   --->   Operation 25 'shl' 'shl_ln892' <Predicate = (!icmp_ln885)> <Delay = 0.00>
ST_1 : Operation 26 [1/1] (0.00ns) (grouped into LUT with out node add_ln892)   --->   "%zext_ln892 = zext i2 %select_ln885" [src/kernel_kernel.cpp:892->src/kernel_kernel.cpp:966]   --->   Operation 26 'zext' 'zext_ln892' <Predicate = (!icmp_ln885)> <Delay = 0.00>
ST_1 : Operation 27 [1/1] (0.70ns) (out node of the LUT)   --->   "%add_ln892 = add i4 %shl_ln892, i4 %zext_ln892" [src/kernel_kernel.cpp:892->src/kernel_kernel.cpp:966]   --->   Operation 27 'add' 'add_ln892' <Predicate = (!icmp_ln885)> <Delay = 0.70> <CoreInst = "Adder">   --->   Core 1 'Adder' <Latency = 0> <II = 1> <Delay = 0.70> <FuncUnit> <Opcode : 'add' 'sub'> <InPorts = 2> <OutPorts = 1>
ST_1 : Operation 28 [1/1] (0.00ns)   --->   "%zext_ln892_1 = zext i4 %add_ln892" [src/kernel_kernel.cpp:892->src/kernel_kernel.cpp:966]   --->   Operation 28 'zext' 'zext_ln892_1' <Predicate = (!icmp_ln885)> <Delay = 0.00>
ST_1 : Operation 29 [1/1] (0.00ns)   --->   "%local_C_addr = getelementptr i128 %local_C, i64 0, i64 %zext_ln892_1" [src/kernel_kernel.cpp:892->src/kernel_kernel.cpp:966]   --->   Operation 29 'getelementptr' 'local_C_addr' <Predicate = (!icmp_ln885)> <Delay = 0.00>
ST_1 : Operation 30 [2/2] (1.20ns)   --->   "%local_C_load = load i4 %local_C_addr" [src/kernel_kernel.cpp:892->src/kernel_kernel.cpp:966]   --->   Operation 30 'load' 'local_C_load' <Predicate = (!icmp_ln885)> <Delay = 1.20> <CoreInst = "RAM_2P_BRAM">   --->   Core 94 'RAM_2P_BRAM' <Latency = 1> <II = 1> <Delay = 1.20> <Storage> <Opcode : 'load' 'store'> <Ports = 2> <Width = 128> <Depth = 16> <RAM>
ST_1 : Operation 31 [1/1] (0.43ns)   --->   "%add_ln887 = add i2 %select_ln885, i2 1" [src/kernel_kernel.cpp:887->src/kernel_kernel.cpp:966]   --->   Operation 31 'add' 'add_ln887' <Predicate = (!icmp_ln885)> <Delay = 0.43> <CoreInst = "Adder">   --->   Core 1 'Adder' <Latency = 0> <II = 1> <Delay = 0.43> <FuncUnit> <Opcode : 'add' 'sub'> <InPorts = 2> <OutPorts = 1>
ST_1 : Operation 32 [1/1] (0.38ns)   --->   "%store_ln887 = store i5 %add_ln885_1, i5 %indvar_flatten6" [src/kernel_kernel.cpp:887->src/kernel_kernel.cpp:966]   --->   Operation 32 'store' 'store_ln887' <Predicate = (!icmp_ln885)> <Delay = 0.38>
ST_1 : Operation 33 [1/1] (0.38ns)   --->   "%store_ln887 = store i4 %select_ln885_1, i4 %c5" [src/kernel_kernel.cpp:887->src/kernel_kernel.cpp:966]   --->   Operation 33 'store' 'store_ln887' <Predicate = (!icmp_ln885)> <Delay = 0.38>
ST_1 : Operation 34 [1/1] (0.38ns)   --->   "%store_ln887 = store i2 %add_ln887, i2 %c6" [src/kernel_kernel.cpp:887->src/kernel_kernel.cpp:966]   --->   Operation 34 'store' 'store_ln887' <Predicate = (!icmp_ln885)> <Delay = 0.38>
ST_1 : Operation 42 [1/1] (0.00ns)   --->   "%ret_ln0 = ret"   --->   Operation 42 'ret' 'ret_ln0' <Predicate = (icmp_ln885)> <Delay = 0.00>

State 2 <SV = 1> <Delay = 2.60>
ST_2 : Operation 35 [1/1] (0.00ns)   --->   "%specloopname_ln0 = specloopname void @_ssdm_op_SpecLoopName, void @VITIS_LOOP_885_2_VITIS_LOOP_887_3_str"   --->   Operation 35 'specloopname' 'specloopname_ln0' <Predicate = true> <Delay = 0.00>
ST_2 : Operation 36 [1/1] (0.00ns)   --->   "%speclooptripcount_ln0 = speclooptripcount void @_ssdm_op_SpecLoopTripCount, i64 16, i64 16, i64 16"   --->   Operation 36 'speclooptripcount' 'speclooptripcount_ln0' <Predicate = true> <Delay = 0.00>
ST_2 : Operation 37 [1/1] (0.00ns)   --->   "%specpipeline_ln888 = specpipeline void @_ssdm_op_SpecPipeline, i32 1, i32 0, i32 0, i32 0, void @empty_6" [src/kernel_kernel.cpp:888->src/kernel_kernel.cpp:966]   --->   Operation 37 'specpipeline' 'specpipeline_ln888' <Predicate = true> <Delay = 0.00>
ST_2 : Operation 38 [1/1] (0.00ns)   --->   "%specloopname_ln887 = specloopname void @_ssdm_op_SpecLoopName, void @empty_32" [src/kernel_kernel.cpp:887->src/kernel_kernel.cpp:966]   --->   Operation 38 'specloopname' 'specloopname_ln887' <Predicate = true> <Delay = 0.00>
ST_2 : Operation 39 [1/2] (1.20ns)   --->   "%local_C_load = load i4 %local_C_addr" [src/kernel_kernel.cpp:892->src/kernel_kernel.cpp:966]   --->   Operation 39 'load' 'local_C_load' <Predicate = true> <Delay = 1.20> <CoreInst = "RAM_2P_BRAM">   --->   Core 94 'RAM_2P_BRAM' <Latency = 1> <II = 1> <Delay = 1.20> <Storage> <Opcode : 'load' 'store'> <Ports = 2> <Width = 128> <Depth = 16> <RAM>
ST_2 : Operation 40 [1/1] (1.40ns)   --->   "%write_ln894 = write void @_ssdm_op_Write.ap_fifo.volatile.i128P0A, i128 %fifo_C_drain_C_drain_IO_L1_out_1_0, i128 %local_C_load" [src/kernel_kernel.cpp:894->src/kernel_kernel.cpp:966]   --->   Operation 40 'write' 'write_ln894' <Predicate = true> <Delay = 1.40> <CoreInst = "FIFO_SRL">   --->   Core 81 'FIFO_SRL' <Latency = 0> <II = 1> <Delay = 1.40> <Storage> <Opcode : 'read' 'write' 'nbread' 'nbwrite'> <Ports = 0> <Width = 128> <Depth = 2> <FIFO>
ST_2 : Operation 41 [1/1] (0.00ns)   --->   "%br_ln887 = br void %for.body9.i" [src/kernel_kernel.cpp:887->src/kernel_kernel.cpp:966]   --->   Operation 41 'br' 'br_ln887' <Predicate = true> <Delay = 0.00>


============================================================
+ Verbose Summary: Timing violations
============================================================
Target clock period: 5.000ns, clock uncertainty: 1.350ns.

 <State 1>: 2.967ns
The critical path consists of the following:
	'alloca' operation ('c5') [4]  (0.000 ns)
	'load' operation ('c5_load', src/kernel_kernel.cpp:885->src/kernel_kernel.cpp:966) on local variable 'c5' [20]  (0.000 ns)
	'add' operation ('add_ln885', src/kernel_kernel.cpp:885->src/kernel_kernel.cpp:966) [21]  (0.708 ns)
	'select' operation ('select_ln885_1', src/kernel_kernel.cpp:885->src/kernel_kernel.cpp:966) [26]  (0.351 ns)
	'shl' operation ('shl_ln892', src/kernel_kernel.cpp:892->src/kernel_kernel.cpp:966) [27]  (0.000 ns)
	'add' operation ('add_ln892', src/kernel_kernel.cpp:892->src/kernel_kernel.cpp:966) [29]  (0.708 ns)
	'getelementptr' operation ('local_C_addr', src/kernel_kernel.cpp:892->src/kernel_kernel.cpp:966) [31]  (0.000 ns)
	'load' operation ('local_C_load', src/kernel_kernel.cpp:892->src/kernel_kernel.cpp:966) on array 'local_C' [34]  (1.200 ns)

 <State 2>: 2.605ns
The critical path consists of the following:
	'load' operation ('local_C_load', src/kernel_kernel.cpp:892->src/kernel_kernel.cpp:966) on array 'local_C' [34]  (1.200 ns)
	fifo write operation ('write_ln894', src/kernel_kernel.cpp:894->src/kernel_kernel.cpp:966) on port 'fifo_C_drain_C_drain_IO_L1_out_1_0' (src/kernel_kernel.cpp:894->src/kernel_kernel.cpp:966) [35]  (1.405 ns)


============================================================
+ Verbose Summary: Binding
============================================================
N/A
* FSMD analyzer results:
  - Output states:
 - Input state : 
  - Chain level:
	State 1
	State 2


============================================================
+ Verbose Summary: Datapath Resource usage 
============================================================
N/A
