

================================================================
== Vitis HLS Report for 'kernel0'
================================================================
* Date:           Thu Sep 12 16:26:57 2024

* Version:        2023.1.1 (Build 3869133 on Jun 15 2023)
* Project:        hls_prj
* Solution:       solution1 (Vivado IP Flow Target)
* Product family: virtexuplus
* Target device:  xcu200-fsgd2104-2-e


================================================================
== Performance Estimates
================================================================
+ Timing: 
    * Summary: 
    +--------+---------+----------+------------+
    |  Clock |  Target | Estimated| Uncertainty|
    +--------+---------+----------+------------+
    |ap_clk  |  5.00 ns|  3.650 ns|     1.35 ns|
    +--------+---------+----------+------------+

+ Latency: 
    * Summary: 
    +---------+---------+----------+----------+-------+-------+----------+
    |  Latency (cycles) |  Latency (absolute) |    Interval   | Pipeline |
    |   min   |   max   |    min   |    max   |  min  |  max  |   Type   |
    +---------+---------+----------+----------+-------+-------+----------+
    |    32801|    33784|  0.164 ms|  0.169 ms|  32787|  33776|  dataflow|
    +---------+---------+----------+----------+-------+-------+----------+

    + Detail: 
        * Instance: 
        N/A

        * Loop: 
        N/A

============================================================
+ Verbose Summary: Synthesis Manager
============================================================
InlineROM: 1
ExposeGlobal: 0
============================================================
+ Verbose Summary: CDFG Model
============================================================
IsTopModel: 1
ResetActiveHigh: 1
IsCombinational: 2
IsDatapathOnly: 0
HasWiredReturn: 1
HasMFsm: 0
HasVarLatency: 1
IsPipeline: 0
IsRtlPipelined: 0
IsInstanceOverlapped: 0
IsDontTouch: 0
HasImplIP: 0
IsGatedGlobalClock: 0


============================================================
+ Verbose Summary: Schedule
============================================================
* Number of FSM states : 24
* Pipeline : 0
* Dataflow Pipeline: 1
  DF-Pipeline-0: Size = 24, States = { 1 2 3 4 5 6 7 8 9 10 11 12 13 14 15 16 17 18 19 20 21 22 23 24 }

* FSM state transitions: 
1 --> 2 
2 --> 3 
3 --> 4 
4 --> 5 
5 --> 6 
6 --> 7 
7 --> 8 
8 --> 9 
9 --> 10 
10 --> 11 
11 --> 12 
12 --> 13 
13 --> 14 
14 --> 15 
15 --> 16 
16 --> 17 
17 --> 18 
18 --> 19 
19 --> 20 
20 --> 21 
21 --> 22 
22 --> 23 
23 --> 24 
24 --> 

* FSM state operations: 

State 1 <SV = 0> <Delay = 2.37>
ST_1 : Operation 25 [1/1] (1.00ns)   --->   "%C_read = read i64 @_ssdm_op_Read.s_axilite.i64, i64 %C" [src/kernel_kernel.cpp:1190]   --->   Operation 25 'read' 'C_read' <Predicate = true> <Delay = 1.00> <CoreInst = "s_axilite">   --->   Core 122 's_axilite' <Latency = 0> <II = 1> <Delay = 1.00> <Adapter> <Opcode : 'read' 'write'>
ST_1 : Operation 26 [1/1] (1.00ns)   --->   "%B_read = read i64 @_ssdm_op_Read.s_axilite.i64, i64 %B" [src/kernel_kernel.cpp:1190]   --->   Operation 26 'read' 'B_read' <Predicate = true> <Delay = 1.00> <CoreInst = "s_axilite">   --->   Core 122 's_axilite' <Latency = 0> <II = 1> <Delay = 1.00> <Adapter> <Opcode : 'read' 'write'>
ST_1 : Operation 27 [1/1] (1.00ns)   --->   "%A_read = read i64 @_ssdm_op_Read.s_axilite.i64, i64 %A" [src/kernel_kernel.cpp:1190]   --->   Operation 27 'read' 'A_read' <Predicate = true> <Delay = 1.00> <CoreInst = "s_axilite">   --->   Core 122 's_axilite' <Latency = 0> <II = 1> <Delay = 1.00> <Adapter> <Opcode : 'read' 'write'>
ST_1 : Operation 28 [1/1] (0.00ns)   --->   "%C_c = alloca i64 1" [src/kernel_kernel.cpp:1190]   --->   Operation 28 'alloca' 'C_c' <Predicate = true> <Delay = 0.00> <CoreInst = "FIFO_SRL">   --->   Core 81 'FIFO_SRL' <Latency = 0> <II = 1> <Delay = 1.37> <Storage> <Opcode : 'read' 'write' 'nbread' 'nbwrite'> <Ports = 0> <Width = 64> <Depth = 13> <FIFO>
ST_1 : Operation 29 [1/1] (0.00ns)   --->   "%fifo_A_A_IO_L3_in_serialize = alloca i64 1" [src/kernel_kernel.cpp:1193]   --->   Operation 29 'alloca' 'fifo_A_A_IO_L3_in_serialize' <Predicate = true> <Delay = 0.00> <CoreInst = "FIFO_SRL">   --->   Core 81 'FIFO_SRL' <Latency = 0> <II = 1> <Delay = 1.41> <Storage> <Opcode : 'read' 'write' 'nbread' 'nbwrite'> <Ports = 0> <Width = 512> <Depth = 2> <FIFO>
ST_1 : Operation 30 [1/1] (0.00ns)   --->   "%fifo_B_B_IO_L3_in_serialize = alloca i64 1" [src/kernel_kernel.cpp:1195]   --->   Operation 30 'alloca' 'fifo_B_B_IO_L3_in_serialize' <Predicate = true> <Delay = 0.00> <CoreInst = "FIFO_SRL">   --->   Core 81 'FIFO_SRL' <Latency = 0> <II = 1> <Delay = 1.41> <Storage> <Opcode : 'read' 'write' 'nbread' 'nbwrite'> <Ports = 0> <Width = 512> <Depth = 2> <FIFO>
ST_1 : Operation 31 [1/1] (0.00ns)   --->   "%fifo_C_drain_C_drain_IO_L3_out_serialize = alloca i64 1" [src/kernel_kernel.cpp:1197]   --->   Operation 31 'alloca' 'fifo_C_drain_C_drain_IO_L3_out_serialize' <Predicate = true> <Delay = 0.00> <CoreInst = "FIFO_SRL">   --->   Core 81 'FIFO_SRL' <Latency = 0> <II = 1> <Delay = 1.40> <Storage> <Opcode : 'read' 'write' 'nbread' 'nbwrite'> <Ports = 0> <Width = 128> <Depth = 2> <FIFO>
ST_1 : Operation 32 [1/1] (0.00ns)   --->   "%fifo_A_A_IO_L2_in_0 = alloca i64 1" [src/kernel_kernel.cpp:1199]   --->   Operation 32 'alloca' 'fifo_A_A_IO_L2_in_0' <Predicate = true> <Delay = 0.00> <CoreInst = "FIFO_SRL">   --->   Core 81 'FIFO_SRL' <Latency = 0> <II = 1> <Delay = 1.41> <Storage> <Opcode : 'read' 'write' 'nbread' 'nbwrite'> <Ports = 0> <Width = 512> <Depth = 2> <FIFO>
ST_1 : Operation 33 [1/1] (0.00ns)   --->   "%fifo_A_A_IO_L2_in_1 = alloca i64 1" [src/kernel_kernel.cpp:1202]   --->   Operation 33 'alloca' 'fifo_A_A_IO_L2_in_1' <Predicate = true> <Delay = 0.00> <CoreInst = "FIFO_SRL">   --->   Core 81 'FIFO_SRL' <Latency = 0> <II = 1> <Delay = 1.41> <Storage> <Opcode : 'read' 'write' 'nbread' 'nbwrite'> <Ports = 0> <Width = 512> <Depth = 2> <FIFO>
ST_1 : Operation 34 [1/1] (0.00ns)   --->   "%fifo_B_B_IO_L2_in_0 = alloca i64 1" [src/kernel_kernel.cpp:1208]   --->   Operation 34 'alloca' 'fifo_B_B_IO_L2_in_0' <Predicate = true> <Delay = 0.00> <CoreInst = "FIFO_SRL">   --->   Core 81 'FIFO_SRL' <Latency = 0> <II = 1> <Delay = 1.41> <Storage> <Opcode : 'read' 'write' 'nbread' 'nbwrite'> <Ports = 0> <Width = 512> <Depth = 2> <FIFO>
ST_1 : Operation 35 [1/1] (0.00ns)   --->   "%fifo_B_B_IO_L2_in_1 = alloca i64 1" [src/kernel_kernel.cpp:1211]   --->   Operation 35 'alloca' 'fifo_B_B_IO_L2_in_1' <Predicate = true> <Delay = 0.00> <CoreInst = "FIFO_SRL">   --->   Core 81 'FIFO_SRL' <Latency = 0> <II = 1> <Delay = 1.41> <Storage> <Opcode : 'read' 'write' 'nbread' 'nbwrite'> <Ports = 0> <Width = 512> <Depth = 2> <FIFO>
ST_1 : Operation 36 [1/1] (0.00ns)   --->   "%fifo_A_PE_0_0 = alloca i64 1" [src/kernel_kernel.cpp:1217]   --->   Operation 36 'alloca' 'fifo_A_PE_0_0' <Predicate = true> <Delay = 0.00> <CoreInst = "FIFO_SRL">   --->   Core 81 'FIFO_SRL' <Latency = 0> <II = 1> <Delay = 1.40> <Storage> <Opcode : 'read' 'write' 'nbread' 'nbwrite'> <Ports = 0> <Width = 64> <Depth = 2> <FIFO>
ST_1 : Operation 37 [1/1] (0.00ns)   --->   "%fifo_A_PE_0_1 = alloca i64 1" [src/kernel_kernel.cpp:1220]   --->   Operation 37 'alloca' 'fifo_A_PE_0_1' <Predicate = true> <Delay = 0.00> <CoreInst = "FIFO_SRL">   --->   Core 81 'FIFO_SRL' <Latency = 0> <II = 1> <Delay = 1.40> <Storage> <Opcode : 'read' 'write' 'nbread' 'nbwrite'> <Ports = 0> <Width = 64> <Depth = 2> <FIFO>
ST_1 : Operation 38 [1/1] (0.00ns)   --->   "%fifo_A_PE_0_2 = alloca i64 1" [src/kernel_kernel.cpp:1223]   --->   Operation 38 'alloca' 'fifo_A_PE_0_2' <Predicate = true> <Delay = 0.00> <CoreInst = "FIFO_SRL">   --->   Core 81 'FIFO_SRL' <Latency = 0> <II = 1> <Delay = 1.40> <Storage> <Opcode : 'read' 'write' 'nbread' 'nbwrite'> <Ports = 0> <Width = 64> <Depth = 2> <FIFO>
ST_1 : Operation 39 [1/1] (0.00ns)   --->   "%fifo_A_PE_1_0 = alloca i64 1" [src/kernel_kernel.cpp:1226]   --->   Operation 39 'alloca' 'fifo_A_PE_1_0' <Predicate = true> <Delay = 0.00> <CoreInst = "FIFO_SRL">   --->   Core 81 'FIFO_SRL' <Latency = 0> <II = 1> <Delay = 1.40> <Storage> <Opcode : 'read' 'write' 'nbread' 'nbwrite'> <Ports = 0> <Width = 64> <Depth = 2> <FIFO>
ST_1 : Operation 40 [1/1] (0.00ns)   --->   "%fifo_A_PE_1_1 = alloca i64 1" [src/kernel_kernel.cpp:1229]   --->   Operation 40 'alloca' 'fifo_A_PE_1_1' <Predicate = true> <Delay = 0.00> <CoreInst = "FIFO_SRL">   --->   Core 81 'FIFO_SRL' <Latency = 0> <II = 1> <Delay = 1.40> <Storage> <Opcode : 'read' 'write' 'nbread' 'nbwrite'> <Ports = 0> <Width = 64> <Depth = 2> <FIFO>
ST_1 : Operation 41 [1/1] (0.00ns)   --->   "%fifo_A_PE_1_2 = alloca i64 1" [src/kernel_kernel.cpp:1232]   --->   Operation 41 'alloca' 'fifo_A_PE_1_2' <Predicate = true> <Delay = 0.00> <CoreInst = "FIFO_SRL">   --->   Core 81 'FIFO_SRL' <Latency = 0> <II = 1> <Delay = 1.40> <Storage> <Opcode : 'read' 'write' 'nbread' 'nbwrite'> <Ports = 0> <Width = 64> <Depth = 2> <FIFO>
ST_1 : Operation 42 [1/1] (0.00ns)   --->   "%fifo_B_PE_0_0 = alloca i64 1" [src/kernel_kernel.cpp:1235]   --->   Operation 42 'alloca' 'fifo_B_PE_0_0' <Predicate = true> <Delay = 0.00> <CoreInst = "FIFO_SRL">   --->   Core 81 'FIFO_SRL' <Latency = 0> <II = 1> <Delay = 1.40> <Storage> <Opcode : 'read' 'write' 'nbread' 'nbwrite'> <Ports = 0> <Width = 64> <Depth = 2> <FIFO>
ST_1 : Operation 43 [1/1] (0.00ns)   --->   "%fifo_B_PE_1_0 = alloca i64 1" [src/kernel_kernel.cpp:1238]   --->   Operation 43 'alloca' 'fifo_B_PE_1_0' <Predicate = true> <Delay = 0.00> <CoreInst = "FIFO_SRL">   --->   Core 81 'FIFO_SRL' <Latency = 0> <II = 1> <Delay = 1.40> <Storage> <Opcode : 'read' 'write' 'nbread' 'nbwrite'> <Ports = 0> <Width = 64> <Depth = 2> <FIFO>
ST_1 : Operation 44 [1/1] (0.00ns)   --->   "%fifo_B_PE_2_0 = alloca i64 1" [src/kernel_kernel.cpp:1241]   --->   Operation 44 'alloca' 'fifo_B_PE_2_0' <Predicate = true> <Delay = 0.00> <CoreInst = "FIFO_SRL">   --->   Core 81 'FIFO_SRL' <Latency = 0> <II = 1> <Delay = 1.40> <Storage> <Opcode : 'read' 'write' 'nbread' 'nbwrite'> <Ports = 0> <Width = 64> <Depth = 2> <FIFO>
ST_1 : Operation 45 [1/1] (0.00ns)   --->   "%fifo_B_PE_0_1 = alloca i64 1" [src/kernel_kernel.cpp:1244]   --->   Operation 45 'alloca' 'fifo_B_PE_0_1' <Predicate = true> <Delay = 0.00> <CoreInst = "FIFO_SRL">   --->   Core 81 'FIFO_SRL' <Latency = 0> <II = 1> <Delay = 1.40> <Storage> <Opcode : 'read' 'write' 'nbread' 'nbwrite'> <Ports = 0> <Width = 64> <Depth = 2> <FIFO>
ST_1 : Operation 46 [1/1] (0.00ns)   --->   "%fifo_B_PE_1_1 = alloca i64 1" [src/kernel_kernel.cpp:1247]   --->   Operation 46 'alloca' 'fifo_B_PE_1_1' <Predicate = true> <Delay = 0.00> <CoreInst = "FIFO_SRL">   --->   Core 81 'FIFO_SRL' <Latency = 0> <II = 1> <Delay = 1.40> <Storage> <Opcode : 'read' 'write' 'nbread' 'nbwrite'> <Ports = 0> <Width = 64> <Depth = 2> <FIFO>
ST_1 : Operation 47 [1/1] (0.00ns)   --->   "%fifo_B_PE_2_1 = alloca i64 1" [src/kernel_kernel.cpp:1250]   --->   Operation 47 'alloca' 'fifo_B_PE_2_1' <Predicate = true> <Delay = 0.00> <CoreInst = "FIFO_SRL">   --->   Core 81 'FIFO_SRL' <Latency = 0> <II = 1> <Delay = 1.40> <Storage> <Opcode : 'read' 'write' 'nbread' 'nbwrite'> <Ports = 0> <Width = 64> <Depth = 2> <FIFO>
ST_1 : Operation 48 [1/1] (0.00ns)   --->   "%fifo_C_drain_PE_0_0 = alloca i64 1" [src/kernel_kernel.cpp:1253]   --->   Operation 48 'alloca' 'fifo_C_drain_PE_0_0' <Predicate = true> <Delay = 0.00> <CoreInst = "FIFO_SRL">   --->   Core 81 'FIFO_SRL' <Latency = 0> <II = 1> <Delay = 1.39> <Storage> <Opcode : 'read' 'write' 'nbread' 'nbwrite'> <Ports = 0> <Width = 32> <Depth = 2> <FIFO>
ST_1 : Operation 49 [1/1] (0.00ns)   --->   "%fifo_C_drain_PE_1_0 = alloca i64 1" [src/kernel_kernel.cpp:1256]   --->   Operation 49 'alloca' 'fifo_C_drain_PE_1_0' <Predicate = true> <Delay = 0.00> <CoreInst = "FIFO_SRL">   --->   Core 81 'FIFO_SRL' <Latency = 0> <II = 1> <Delay = 1.39> <Storage> <Opcode : 'read' 'write' 'nbread' 'nbwrite'> <Ports = 0> <Width = 32> <Depth = 2> <FIFO>
ST_1 : Operation 50 [1/1] (0.00ns)   --->   "%fifo_C_drain_PE_0_1 = alloca i64 1" [src/kernel_kernel.cpp:1259]   --->   Operation 50 'alloca' 'fifo_C_drain_PE_0_1' <Predicate = true> <Delay = 0.00> <CoreInst = "FIFO_SRL">   --->   Core 81 'FIFO_SRL' <Latency = 0> <II = 1> <Delay = 1.39> <Storage> <Opcode : 'read' 'write' 'nbread' 'nbwrite'> <Ports = 0> <Width = 32> <Depth = 2> <FIFO>
ST_1 : Operation 51 [1/1] (0.00ns)   --->   "%fifo_C_drain_PE_1_1 = alloca i64 1" [src/kernel_kernel.cpp:1262]   --->   Operation 51 'alloca' 'fifo_C_drain_PE_1_1' <Predicate = true> <Delay = 0.00> <CoreInst = "FIFO_SRL">   --->   Core 81 'FIFO_SRL' <Latency = 0> <II = 1> <Delay = 1.39> <Storage> <Opcode : 'read' 'write' 'nbread' 'nbwrite'> <Ports = 0> <Width = 32> <Depth = 2> <FIFO>
ST_1 : Operation 52 [1/1] (0.00ns)   --->   "%fifo_C_drain_C_drain_IO_L1_out_0_0 = alloca i64 1" [src/kernel_kernel.cpp:1265]   --->   Operation 52 'alloca' 'fifo_C_drain_C_drain_IO_L1_out_0_0' <Predicate = true> <Delay = 0.00> <CoreInst = "FIFO_SRL">   --->   Core 81 'FIFO_SRL' <Latency = 0> <II = 1> <Delay = 1.40> <Storage> <Opcode : 'read' 'write' 'nbread' 'nbwrite'> <Ports = 0> <Width = 128> <Depth = 2> <FIFO>
ST_1 : Operation 53 [1/1] (0.00ns)   --->   "%fifo_C_drain_C_drain_IO_L1_out_0_1 = alloca i64 1" [src/kernel_kernel.cpp:1268]   --->   Operation 53 'alloca' 'fifo_C_drain_C_drain_IO_L1_out_0_1' <Predicate = true> <Delay = 0.00> <CoreInst = "FIFO_SRL">   --->   Core 81 'FIFO_SRL' <Latency = 0> <II = 1> <Delay = 1.40> <Storage> <Opcode : 'read' 'write' 'nbread' 'nbwrite'> <Ports = 0> <Width = 128> <Depth = 2> <FIFO>
ST_1 : Operation 54 [1/1] (0.00ns)   --->   "%fifo_C_drain_C_drain_IO_L1_out_1_0 = alloca i64 1" [src/kernel_kernel.cpp:1274]   --->   Operation 54 'alloca' 'fifo_C_drain_C_drain_IO_L1_out_1_0' <Predicate = true> <Delay = 0.00> <CoreInst = "FIFO_SRL">   --->   Core 81 'FIFO_SRL' <Latency = 0> <II = 1> <Delay = 1.40> <Storage> <Opcode : 'read' 'write' 'nbread' 'nbwrite'> <Ports = 0> <Width = 128> <Depth = 2> <FIFO>
ST_1 : Operation 55 [1/1] (0.00ns)   --->   "%fifo_C_drain_C_drain_IO_L1_out_1_1 = alloca i64 1" [src/kernel_kernel.cpp:1277]   --->   Operation 55 'alloca' 'fifo_C_drain_C_drain_IO_L1_out_1_1' <Predicate = true> <Delay = 0.00> <CoreInst = "FIFO_SRL">   --->   Core 81 'FIFO_SRL' <Latency = 0> <II = 1> <Delay = 1.40> <Storage> <Opcode : 'read' 'write' 'nbread' 'nbwrite'> <Ports = 0> <Width = 128> <Depth = 2> <FIFO>
ST_1 : Operation 56 [1/1] (0.00ns)   --->   "%fifo_C_drain_C_drain_IO_L2_out_0 = alloca i64 1" [src/kernel_kernel.cpp:1283]   --->   Operation 56 'alloca' 'fifo_C_drain_C_drain_IO_L2_out_0' <Predicate = true> <Delay = 0.00> <CoreInst = "FIFO_SRL">   --->   Core 81 'FIFO_SRL' <Latency = 0> <II = 1> <Delay = 1.40> <Storage> <Opcode : 'read' 'write' 'nbread' 'nbwrite'> <Ports = 0> <Width = 128> <Depth = 2> <FIFO>
ST_1 : Operation 57 [1/1] (0.00ns)   --->   "%fifo_C_drain_C_drain_IO_L2_out_1 = alloca i64 1" [src/kernel_kernel.cpp:1286]   --->   Operation 57 'alloca' 'fifo_C_drain_C_drain_IO_L2_out_1' <Predicate = true> <Delay = 0.00> <CoreInst = "FIFO_SRL">   --->   Core 81 'FIFO_SRL' <Latency = 0> <II = 1> <Delay = 1.40> <Storage> <Opcode : 'read' 'write' 'nbread' 'nbwrite'> <Ports = 0> <Width = 128> <Depth = 2> <FIFO>
ST_1 : Operation 58 [1/1] (1.37ns)   --->   "%call_ln1190 = call void @entry_proc, i64 %C_read, i64 %C_c" [src/kernel_kernel.cpp:1190]   --->   Operation 58 'call' 'call_ln1190' <Predicate = true> <Delay = 1.37> <CoreType = "Generic">   --->   Core 0 '' <Latency = 0> <II = 1> <Delay = 1.00> <Generic> <Opcode : >
ST_1 : Operation 59 [2/2] (0.00ns)   --->   "%call_ln1295 = call void @A_IO_L3_in_serialize, i512 %gmem_A, i64 %A_read, i512 %fifo_A_A_IO_L3_in_serialize" [src/kernel_kernel.cpp:1295]   --->   Operation 59 'call' 'call_ln1295' <Predicate = true> <Delay = 0.00> <CoreType = "Generic">   --->   Core 0 '' <Latency = 0> <II = 1> <Delay = 1.00> <Generic> <Opcode : >
ST_1 : Operation 60 [2/2] (0.00ns)   --->   "%call_ln1326 = call void @B_IO_L3_in_serialize, i512 %gmem_B, i64 %B_read, i512 %fifo_B_B_IO_L3_in_serialize" [src/kernel_kernel.cpp:1326]   --->   Operation 60 'call' 'call_ln1326' <Predicate = true> <Delay = 0.00> <CoreType = "Generic">   --->   Core 0 '' <Latency = 0> <II = 1> <Delay = 1.00> <Generic> <Opcode : >

State 2 <SV = 1> <Delay = 0.00>
ST_2 : Operation 61 [1/2] (0.00ns)   --->   "%call_ln1295 = call void @A_IO_L3_in_serialize, i512 %gmem_A, i64 %A_read, i512 %fifo_A_A_IO_L3_in_serialize" [src/kernel_kernel.cpp:1295]   --->   Operation 61 'call' 'call_ln1295' <Predicate = true> <Delay = 0.00> <CoreType = "Generic">   --->   Core 0 '' <Latency = 0> <II = 1> <Delay = 1.00> <Generic> <Opcode : >
ST_2 : Operation 62 [1/2] (0.00ns)   --->   "%call_ln1326 = call void @B_IO_L3_in_serialize, i512 %gmem_B, i64 %B_read, i512 %fifo_B_B_IO_L3_in_serialize" [src/kernel_kernel.cpp:1326]   --->   Operation 62 'call' 'call_ln1326' <Predicate = true> <Delay = 0.00> <CoreType = "Generic">   --->   Core 0 '' <Latency = 0> <II = 1> <Delay = 1.00> <Generic> <Opcode : >

State 3 <SV = 2> <Delay = 0.00>
ST_3 : Operation 63 [2/2] (0.00ns)   --->   "%call_ln1302 = call void @A_IO_L3_in, i512 %fifo_A_A_IO_L3_in_serialize, i512 %fifo_A_A_IO_L2_in_0" [src/kernel_kernel.cpp:1302]   --->   Operation 63 'call' 'call_ln1302' <Predicate = true> <Delay = 0.00> <CoreType = "Generic">   --->   Core 0 '' <Latency = 0> <II = 1> <Delay = 1.00> <Generic> <Opcode : >
ST_3 : Operation 64 [2/2] (0.00ns)   --->   "%call_ln1333 = call void @B_IO_L3_in, i512 %fifo_B_B_IO_L3_in_serialize, i512 %fifo_B_B_IO_L2_in_0" [src/kernel_kernel.cpp:1333]   --->   Operation 64 'call' 'call_ln1333' <Predicate = true> <Delay = 0.00> <CoreType = "Generic">   --->   Core 0 '' <Latency = 0> <II = 1> <Delay = 1.00> <Generic> <Opcode : >

State 4 <SV = 3> <Delay = 0.00>
ST_4 : Operation 65 [1/2] (0.00ns)   --->   "%call_ln1302 = call void @A_IO_L3_in, i512 %fifo_A_A_IO_L3_in_serialize, i512 %fifo_A_A_IO_L2_in_0" [src/kernel_kernel.cpp:1302]   --->   Operation 65 'call' 'call_ln1302' <Predicate = true> <Delay = 0.00> <CoreType = "Generic">   --->   Core 0 '' <Latency = 0> <II = 1> <Delay = 1.00> <Generic> <Opcode : >
ST_4 : Operation 66 [1/2] (0.00ns)   --->   "%call_ln1333 = call void @B_IO_L3_in, i512 %fifo_B_B_IO_L3_in_serialize, i512 %fifo_B_B_IO_L2_in_0" [src/kernel_kernel.cpp:1333]   --->   Operation 66 'call' 'call_ln1333' <Predicate = true> <Delay = 0.00> <CoreType = "Generic">   --->   Core 0 '' <Latency = 0> <II = 1> <Delay = 1.00> <Generic> <Opcode : >

State 5 <SV = 4> <Delay = 0.00>
ST_5 : Operation 67 [2/2] (0.00ns)   --->   "%call_ln1309 = call void @A_IO_L2_in, i512 %fifo_A_A_IO_L2_in_0, i512 %fifo_A_A_IO_L2_in_1, i64 %fifo_A_PE_0_0" [src/kernel_kernel.cpp:1309]   --->   Operation 67 'call' 'call_ln1309' <Predicate = true> <Delay = 0.00> <CoreType = "Generic">   --->   Core 0 '' <Latency = 0> <II = 1> <Delay = 1.00> <Generic> <Opcode : >
ST_5 : Operation 68 [2/2] (0.00ns)   --->   "%call_ln1340 = call void @B_IO_L2_in, i512 %fifo_B_B_IO_L2_in_0, i512 %fifo_B_B_IO_L2_in_1, i64 %fifo_B_PE_0_0" [src/kernel_kernel.cpp:1340]   --->   Operation 68 'call' 'call_ln1340' <Predicate = true> <Delay = 0.00> <CoreType = "Generic">   --->   Core 0 '' <Latency = 0> <II = 1> <Delay = 1.00> <Generic> <Opcode : >

State 6 <SV = 5> <Delay = 0.00>
ST_6 : Operation 69 [1/2] (0.00ns)   --->   "%call_ln1309 = call void @A_IO_L2_in, i512 %fifo_A_A_IO_L2_in_0, i512 %fifo_A_A_IO_L2_in_1, i64 %fifo_A_PE_0_0" [src/kernel_kernel.cpp:1309]   --->   Operation 69 'call' 'call_ln1309' <Predicate = true> <Delay = 0.00> <CoreType = "Generic">   --->   Core 0 '' <Latency = 0> <II = 1> <Delay = 1.00> <Generic> <Opcode : >
ST_6 : Operation 70 [1/2] (0.00ns)   --->   "%call_ln1340 = call void @B_IO_L2_in, i512 %fifo_B_B_IO_L2_in_0, i512 %fifo_B_B_IO_L2_in_1, i64 %fifo_B_PE_0_0" [src/kernel_kernel.cpp:1340]   --->   Operation 70 'call' 'call_ln1340' <Predicate = true> <Delay = 0.00> <CoreType = "Generic">   --->   Core 0 '' <Latency = 0> <II = 1> <Delay = 1.00> <Generic> <Opcode : >

State 7 <SV = 6> <Delay = 0.00>
ST_7 : Operation 71 [2/2] (0.00ns)   --->   "%call_ln1318 = call void @A_IO_L2_in_boundary, i512 %fifo_A_A_IO_L2_in_1, i64 %fifo_A_PE_1_0" [src/kernel_kernel.cpp:1318]   --->   Operation 71 'call' 'call_ln1318' <Predicate = true> <Delay = 0.00> <CoreType = "Generic">   --->   Core 0 '' <Latency = 0> <II = 1> <Delay = 1.00> <Generic> <Opcode : >
ST_7 : Operation 72 [2/2] (0.00ns)   --->   "%call_ln1349 = call void @B_IO_L2_in_boundary, i512 %fifo_B_B_IO_L2_in_1, i64 %fifo_B_PE_0_1" [src/kernel_kernel.cpp:1349]   --->   Operation 72 'call' 'call_ln1349' <Predicate = true> <Delay = 0.00> <CoreType = "Generic">   --->   Core 0 '' <Latency = 0> <II = 1> <Delay = 1.00> <Generic> <Opcode : >
ST_7 : Operation 73 [2/2] (0.00ns)   --->   "%call_ln1357 = call void @PE_wrapper, i64 %fifo_A_PE_0_0, i64 %fifo_A_PE_0_1, i64 %fifo_B_PE_0_0, i64 %fifo_B_PE_1_0, i32 %fifo_C_drain_PE_0_0" [src/kernel_kernel.cpp:1357]   --->   Operation 73 'call' 'call_ln1357' <Predicate = true> <Delay = 0.00> <CoreType = "Generic">   --->   Core 0 '' <Latency = 0> <II = 1> <Delay = 1.00> <Generic> <Opcode : >

State 8 <SV = 7> <Delay = 0.00>
ST_8 : Operation 74 [1/2] (0.00ns)   --->   "%call_ln1318 = call void @A_IO_L2_in_boundary, i512 %fifo_A_A_IO_L2_in_1, i64 %fifo_A_PE_1_0" [src/kernel_kernel.cpp:1318]   --->   Operation 74 'call' 'call_ln1318' <Predicate = true> <Delay = 0.00> <CoreType = "Generic">   --->   Core 0 '' <Latency = 0> <II = 1> <Delay = 1.00> <Generic> <Opcode : >
ST_8 : Operation 75 [1/2] (0.00ns)   --->   "%call_ln1349 = call void @B_IO_L2_in_boundary, i512 %fifo_B_B_IO_L2_in_1, i64 %fifo_B_PE_0_1" [src/kernel_kernel.cpp:1349]   --->   Operation 75 'call' 'call_ln1349' <Predicate = true> <Delay = 0.00> <CoreType = "Generic">   --->   Core 0 '' <Latency = 0> <II = 1> <Delay = 1.00> <Generic> <Opcode : >
ST_8 : Operation 76 [1/2] (0.00ns)   --->   "%call_ln1357 = call void @PE_wrapper, i64 %fifo_A_PE_0_0, i64 %fifo_A_PE_0_1, i64 %fifo_B_PE_0_0, i64 %fifo_B_PE_1_0, i32 %fifo_C_drain_PE_0_0" [src/kernel_kernel.cpp:1357]   --->   Operation 76 'call' 'call_ln1357' <Predicate = true> <Delay = 0.00> <CoreType = "Generic">   --->   Core 0 '' <Latency = 0> <II = 1> <Delay = 1.00> <Generic> <Opcode : >

State 9 <SV = 8> <Delay = 0.00>
ST_9 : Operation 77 [2/2] (0.00ns)   --->   "%call_ln1369 = call void @PE_wrapper.3, i64 %fifo_A_PE_0_1, i64 %fifo_A_PE_0_2, i64 %fifo_B_PE_0_1, i64 %fifo_B_PE_1_1, i32 %fifo_C_drain_PE_0_1" [src/kernel_kernel.cpp:1369]   --->   Operation 77 'call' 'call_ln1369' <Predicate = true> <Delay = 0.00> <CoreType = "Generic">   --->   Core 0 '' <Latency = 0> <II = 1> <Delay = 1.00> <Generic> <Opcode : >
ST_9 : Operation 78 [2/2] (0.00ns)   --->   "%call_ln1381 = call void @PE_wrapper.4, i64 %fifo_A_PE_1_0, i64 %fifo_A_PE_1_1, i64 %fifo_B_PE_1_0, i64 %fifo_B_PE_2_0, i32 %fifo_C_drain_PE_1_0" [src/kernel_kernel.cpp:1381]   --->   Operation 78 'call' 'call_ln1381' <Predicate = true> <Delay = 0.00> <CoreType = "Generic">   --->   Core 0 '' <Latency = 0> <II = 1> <Delay = 1.00> <Generic> <Opcode : >

State 10 <SV = 9> <Delay = 0.00>
ST_10 : Operation 79 [1/2] (0.00ns)   --->   "%call_ln1369 = call void @PE_wrapper.3, i64 %fifo_A_PE_0_1, i64 %fifo_A_PE_0_2, i64 %fifo_B_PE_0_1, i64 %fifo_B_PE_1_1, i32 %fifo_C_drain_PE_0_1" [src/kernel_kernel.cpp:1369]   --->   Operation 79 'call' 'call_ln1369' <Predicate = true> <Delay = 0.00> <CoreType = "Generic">   --->   Core 0 '' <Latency = 0> <II = 1> <Delay = 1.00> <Generic> <Opcode : >
ST_10 : Operation 80 [1/2] (0.00ns)   --->   "%call_ln1381 = call void @PE_wrapper.4, i64 %fifo_A_PE_1_0, i64 %fifo_A_PE_1_1, i64 %fifo_B_PE_1_0, i64 %fifo_B_PE_2_0, i32 %fifo_C_drain_PE_1_0" [src/kernel_kernel.cpp:1381]   --->   Operation 80 'call' 'call_ln1381' <Predicate = true> <Delay = 0.00> <CoreType = "Generic">   --->   Core 0 '' <Latency = 0> <II = 1> <Delay = 1.00> <Generic> <Opcode : >

State 11 <SV = 10> <Delay = 0.00>
ST_11 : Operation 81 [2/2] (0.00ns)   --->   "%call_ln1393 = call void @PE_wrapper.5, i64 %fifo_A_PE_1_1, i64 %fifo_A_PE_1_2, i64 %fifo_B_PE_1_1, i64 %fifo_B_PE_2_1, i32 %fifo_C_drain_PE_1_1" [src/kernel_kernel.cpp:1393]   --->   Operation 81 'call' 'call_ln1393' <Predicate = true> <Delay = 0.00> <CoreType = "Generic">   --->   Core 0 '' <Latency = 0> <II = 1> <Delay = 1.00> <Generic> <Opcode : >
ST_11 : Operation 82 [2/2] (0.00ns)   --->   "%call_ln1405 = call void @A_PE_dummy_in.1, i64 %fifo_A_PE_0_2" [src/kernel_kernel.cpp:1405]   --->   Operation 82 'call' 'call_ln1405' <Predicate = true> <Delay = 0.00> <CoreType = "Generic">   --->   Core 0 '' <Latency = 0> <II = 1> <Delay = 1.00> <Generic> <Opcode : >
ST_11 : Operation 83 [2/2] (0.00ns)   --->   "%call_ln1421 = call void @B_PE_dummy_in.2, i64 %fifo_B_PE_2_0" [src/kernel_kernel.cpp:1421]   --->   Operation 83 'call' 'call_ln1421' <Predicate = true> <Delay = 0.00> <CoreType = "Generic">   --->   Core 0 '' <Latency = 0> <II = 1> <Delay = 1.00> <Generic> <Opcode : >
ST_11 : Operation 84 [2/2] (0.00ns)   --->   "%call_ln1437 = call void @C_drain_IO_L1_out_boundary_wrapper, i128 %fifo_C_drain_C_drain_IO_L1_out_0_1, i32 %fifo_C_drain_PE_1_0" [src/kernel_kernel.cpp:1437]   --->   Operation 84 'call' 'call_ln1437' <Predicate = true> <Delay = 0.00> <CoreType = "Generic">   --->   Core 0 '' <Latency = 0> <II = 1> <Delay = 1.00> <Generic> <Opcode : >

State 12 <SV = 11> <Delay = 0.00>
ST_12 : Operation 85 [1/2] (0.00ns)   --->   "%call_ln1393 = call void @PE_wrapper.5, i64 %fifo_A_PE_1_1, i64 %fifo_A_PE_1_2, i64 %fifo_B_PE_1_1, i64 %fifo_B_PE_2_1, i32 %fifo_C_drain_PE_1_1" [src/kernel_kernel.cpp:1393]   --->   Operation 85 'call' 'call_ln1393' <Predicate = true> <Delay = 0.00> <CoreType = "Generic">   --->   Core 0 '' <Latency = 0> <II = 1> <Delay = 1.00> <Generic> <Opcode : >
ST_12 : Operation 86 [1/2] (0.00ns)   --->   "%call_ln1405 = call void @A_PE_dummy_in.1, i64 %fifo_A_PE_0_2" [src/kernel_kernel.cpp:1405]   --->   Operation 86 'call' 'call_ln1405' <Predicate = true> <Delay = 0.00> <CoreType = "Generic">   --->   Core 0 '' <Latency = 0> <II = 1> <Delay = 1.00> <Generic> <Opcode : >
ST_12 : Operation 87 [1/2] (0.00ns)   --->   "%call_ln1421 = call void @B_PE_dummy_in.2, i64 %fifo_B_PE_2_0" [src/kernel_kernel.cpp:1421]   --->   Operation 87 'call' 'call_ln1421' <Predicate = true> <Delay = 0.00> <CoreType = "Generic">   --->   Core 0 '' <Latency = 0> <II = 1> <Delay = 1.00> <Generic> <Opcode : >
ST_12 : Operation 88 [1/2] (0.00ns)   --->   "%call_ln1437 = call void @C_drain_IO_L1_out_boundary_wrapper, i128 %fifo_C_drain_C_drain_IO_L1_out_0_1, i32 %fifo_C_drain_PE_1_0" [src/kernel_kernel.cpp:1437]   --->   Operation 88 'call' 'call_ln1437' <Predicate = true> <Delay = 0.00> <CoreType = "Generic">   --->   Core 0 '' <Latency = 0> <II = 1> <Delay = 1.00> <Generic> <Opcode : >

State 13 <SV = 12> <Delay = 0.00>
ST_13 : Operation 89 [2/2] (0.00ns)   --->   "%call_ln1413 = call void @A_PE_dummy_in, i64 %fifo_A_PE_1_2" [src/kernel_kernel.cpp:1413]   --->   Operation 89 'call' 'call_ln1413' <Predicate = true> <Delay = 0.00> <CoreType = "Generic">   --->   Core 0 '' <Latency = 0> <II = 1> <Delay = 1.00> <Generic> <Opcode : >
ST_13 : Operation 90 [2/2] (0.00ns)   --->   "%call_ln1429 = call void @B_PE_dummy_in, i64 %fifo_B_PE_2_1" [src/kernel_kernel.cpp:1429]   --->   Operation 90 'call' 'call_ln1429' <Predicate = true> <Delay = 0.00> <CoreType = "Generic">   --->   Core 0 '' <Latency = 0> <II = 1> <Delay = 1.00> <Generic> <Opcode : >
ST_13 : Operation 91 [2/2] (0.00ns)   --->   "%call_ln1446 = call void @C_drain_IO_L1_out_wrapper, i128 %fifo_C_drain_C_drain_IO_L1_out_0_1, i128 %fifo_C_drain_C_drain_IO_L1_out_0_0, i32 %fifo_C_drain_PE_0_0" [src/kernel_kernel.cpp:1446]   --->   Operation 91 'call' 'call_ln1446' <Predicate = true> <Delay = 0.00> <CoreType = "Generic">   --->   Core 0 '' <Latency = 0> <II = 1> <Delay = 1.00> <Generic> <Opcode : >
ST_13 : Operation 92 [2/2] (0.00ns)   --->   "%call_ln1456 = call void @C_drain_IO_L1_out_boundary_wrapper.6, i128 %fifo_C_drain_C_drain_IO_L1_out_1_1, i32 %fifo_C_drain_PE_1_1" [src/kernel_kernel.cpp:1456]   --->   Operation 92 'call' 'call_ln1456' <Predicate = true> <Delay = 0.00> <CoreType = "Generic">   --->   Core 0 '' <Latency = 0> <II = 1> <Delay = 1.00> <Generic> <Opcode : >

State 14 <SV = 13> <Delay = 0.00>
ST_14 : Operation 93 [1/2] (0.00ns)   --->   "%call_ln1413 = call void @A_PE_dummy_in, i64 %fifo_A_PE_1_2" [src/kernel_kernel.cpp:1413]   --->   Operation 93 'call' 'call_ln1413' <Predicate = true> <Delay = 0.00> <CoreType = "Generic">   --->   Core 0 '' <Latency = 0> <II = 1> <Delay = 1.00> <Generic> <Opcode : >
ST_14 : Operation 94 [1/2] (0.00ns)   --->   "%call_ln1429 = call void @B_PE_dummy_in, i64 %fifo_B_PE_2_1" [src/kernel_kernel.cpp:1429]   --->   Operation 94 'call' 'call_ln1429' <Predicate = true> <Delay = 0.00> <CoreType = "Generic">   --->   Core 0 '' <Latency = 0> <II = 1> <Delay = 1.00> <Generic> <Opcode : >
ST_14 : Operation 95 [1/2] (0.00ns)   --->   "%call_ln1446 = call void @C_drain_IO_L1_out_wrapper, i128 %fifo_C_drain_C_drain_IO_L1_out_0_1, i128 %fifo_C_drain_C_drain_IO_L1_out_0_0, i32 %fifo_C_drain_PE_0_0" [src/kernel_kernel.cpp:1446]   --->   Operation 95 'call' 'call_ln1446' <Predicate = true> <Delay = 0.00> <CoreType = "Generic">   --->   Core 0 '' <Latency = 0> <II = 1> <Delay = 1.00> <Generic> <Opcode : >
ST_14 : Operation 96 [1/2] (0.00ns)   --->   "%call_ln1456 = call void @C_drain_IO_L1_out_boundary_wrapper.6, i128 %fifo_C_drain_C_drain_IO_L1_out_1_1, i32 %fifo_C_drain_PE_1_1" [src/kernel_kernel.cpp:1456]   --->   Operation 96 'call' 'call_ln1456' <Predicate = true> <Delay = 0.00> <CoreType = "Generic">   --->   Core 0 '' <Latency = 0> <II = 1> <Delay = 1.00> <Generic> <Opcode : >

State 15 <SV = 14> <Delay = 0.00>
ST_15 : Operation 97 [2/2] (0.00ns)   --->   "%call_ln1465 = call void @C_drain_IO_L1_out_wrapper.7, i128 %fifo_C_drain_C_drain_IO_L1_out_1_1, i128 %fifo_C_drain_C_drain_IO_L1_out_1_0, i32 %fifo_C_drain_PE_0_1" [src/kernel_kernel.cpp:1465]   --->   Operation 97 'call' 'call_ln1465' <Predicate = true> <Delay = 0.00> <CoreType = "Generic">   --->   Core 0 '' <Latency = 0> <II = 1> <Delay = 1.00> <Generic> <Opcode : >

State 16 <SV = 15> <Delay = 0.00>
ST_16 : Operation 98 [1/2] (0.00ns)   --->   "%call_ln1465 = call void @C_drain_IO_L1_out_wrapper.7, i128 %fifo_C_drain_C_drain_IO_L1_out_1_1, i128 %fifo_C_drain_C_drain_IO_L1_out_1_0, i32 %fifo_C_drain_PE_0_1" [src/kernel_kernel.cpp:1465]   --->   Operation 98 'call' 'call_ln1465' <Predicate = true> <Delay = 0.00> <CoreType = "Generic">   --->   Core 0 '' <Latency = 0> <II = 1> <Delay = 1.00> <Generic> <Opcode : >

State 17 <SV = 16> <Delay = 0.00>
ST_17 : Operation 99 [2/2] (0.00ns)   --->   "%call_ln1475 = call void @C_drain_IO_L2_out_boundary, i128 %fifo_C_drain_C_drain_IO_L2_out_1, i128 %fifo_C_drain_C_drain_IO_L1_out_1_0" [src/kernel_kernel.cpp:1475]   --->   Operation 99 'call' 'call_ln1475' <Predicate = true> <Delay = 0.00> <CoreType = "Generic">   --->   Core 0 '' <Latency = 0> <II = 1> <Delay = 1.00> <Generic> <Opcode : >

State 18 <SV = 17> <Delay = 0.00>
ST_18 : Operation 100 [1/2] (0.00ns)   --->   "%call_ln1475 = call void @C_drain_IO_L2_out_boundary, i128 %fifo_C_drain_C_drain_IO_L2_out_1, i128 %fifo_C_drain_C_drain_IO_L1_out_1_0" [src/kernel_kernel.cpp:1475]   --->   Operation 100 'call' 'call_ln1475' <Predicate = true> <Delay = 0.00> <CoreType = "Generic">   --->   Core 0 '' <Latency = 0> <II = 1> <Delay = 1.00> <Generic> <Opcode : >

State 19 <SV = 18> <Delay = 0.00>
ST_19 : Operation 101 [2/2] (0.00ns)   --->   "%call_ln1483 = call void @C_drain_IO_L2_out, i128 %fifo_C_drain_C_drain_IO_L2_out_1, i128 %fifo_C_drain_C_drain_IO_L2_out_0, i128 %fifo_C_drain_C_drain_IO_L1_out_0_0" [src/kernel_kernel.cpp:1483]   --->   Operation 101 'call' 'call_ln1483' <Predicate = true> <Delay = 0.00> <CoreType = "Generic">   --->   Core 0 '' <Latency = 0> <II = 1> <Delay = 1.00> <Generic> <Opcode : >

State 20 <SV = 19> <Delay = 0.00>
ST_20 : Operation 102 [1/2] (0.00ns)   --->   "%call_ln1483 = call void @C_drain_IO_L2_out, i128 %fifo_C_drain_C_drain_IO_L2_out_1, i128 %fifo_C_drain_C_drain_IO_L2_out_0, i128 %fifo_C_drain_C_drain_IO_L1_out_0_0" [src/kernel_kernel.cpp:1483]   --->   Operation 102 'call' 'call_ln1483' <Predicate = true> <Delay = 0.00> <CoreType = "Generic">   --->   Core 0 '' <Latency = 0> <II = 1> <Delay = 1.00> <Generic> <Opcode : >

State 21 <SV = 20> <Delay = 0.00>
ST_21 : Operation 103 [2/2] (0.00ns)   --->   "%call_ln1492 = call void @C_drain_IO_L3_out, i128 %fifo_C_drain_C_drain_IO_L3_out_serialize, i128 %fifo_C_drain_C_drain_IO_L2_out_0" [src/kernel_kernel.cpp:1492]   --->   Operation 103 'call' 'call_ln1492' <Predicate = true> <Delay = 0.00> <CoreType = "Generic">   --->   Core 0 '' <Latency = 0> <II = 1> <Delay = 1.00> <Generic> <Opcode : >

State 22 <SV = 21> <Delay = 0.00>
ST_22 : Operation 104 [1/2] (0.00ns)   --->   "%call_ln1492 = call void @C_drain_IO_L3_out, i128 %fifo_C_drain_C_drain_IO_L3_out_serialize, i128 %fifo_C_drain_C_drain_IO_L2_out_0" [src/kernel_kernel.cpp:1492]   --->   Operation 104 'call' 'call_ln1492' <Predicate = true> <Delay = 0.00> <CoreType = "Generic">   --->   Core 0 '' <Latency = 0> <II = 1> <Delay = 1.00> <Generic> <Opcode : >

State 23 <SV = 22> <Delay = 0.00>
ST_23 : Operation 105 [2/2] (0.00ns)   --->   "%call_ln1499 = call void @C_drain_IO_L3_out_serialize, i512 %gmem_C, i64 %C_c, i128 %fifo_C_drain_C_drain_IO_L3_out_serialize" [src/kernel_kernel.cpp:1499]   --->   Operation 105 'call' 'call_ln1499' <Predicate = true> <Delay = 0.00> <CoreType = "Generic">   --->   Core 0 '' <Latency = 0> <II = 1> <Delay = 1.00> <Generic> <Opcode : >

State 24 <SV = 23> <Delay = 0.00>
ST_24 : Operation 106 [1/1] (0.00ns)   --->   "%empty = specchannel i32 @_ssdm_op_SpecChannel, void @C_c_str, i32 1, void @p_str, void @p_str, i32 13, i32 0, i64 %C_c, i64 %C_c" [src/kernel_kernel.cpp:1190]   --->   Operation 106 'specchannel' 'empty' <Predicate = true> <Delay = 0.00>
ST_24 : Operation 107 [1/1] (0.00ns)   --->   "%specinterface_ln1190 = specinterface void @_ssdm_op_SpecInterface, i64 %C_c, void @ap_fifo_str, i32 0, i32 0, void @p_str, i32 0, i32 0, void @p_str, void @p_str, void @p_str, i32 2, i32 2, i32 16, i32 16, void @p_str, void @p_str, i32 4294967295, i32 0" [src/kernel_kernel.cpp:1190]   --->   Operation 107 'specinterface' 'specinterface_ln1190' <Predicate = true> <Delay = 0.00>
ST_24 : Operation 108 [1/1] (0.00ns)   --->   "%specdataflowpipeline_ln1190 = specdataflowpipeline void @_ssdm_op_SpecDataflowPipeline, i32 4294967295, i32 0, void @empty_6" [src/kernel_kernel.cpp:1190]   --->   Operation 108 'specdataflowpipeline' 'specdataflowpipeline_ln1190' <Predicate = true> <Delay = 0.00>
ST_24 : Operation 109 [1/1] (0.00ns)   --->   "%spectopmodule_ln1180 = spectopmodule void @_ssdm_op_SpecTopModule, void @empty_20" [src/kernel_kernel.cpp:1180]   --->   Operation 109 'spectopmodule' 'spectopmodule_ln1180' <Predicate = true> <Delay = 0.00>
ST_24 : Operation 110 [1/1] (0.00ns)   --->   "%specinterface_ln0 = specinterface void @_ssdm_op_SpecInterface, i512 %gmem_A, void @empty_7, i32 0, i32 0, void @empty_6, i32 0, i32 0, void @empty_11, void @empty_13, void @empty_6, i32 16, i32 16, i32 16, i32 16, void @empty_6, void @empty_6, i32 4294967295, i32 0"   --->   Operation 110 'specinterface' 'specinterface_ln0' <Predicate = true> <Delay = 0.00>
ST_24 : Operation 111 [1/1] (0.00ns)   --->   "%specbitsmap_ln0 = specbitsmap void @_ssdm_op_SpecBitsMap, i512 %gmem_A"   --->   Operation 111 'specbitsmap' 'specbitsmap_ln0' <Predicate = true> <Delay = 0.00>
ST_24 : Operation 112 [1/1] (0.00ns)   --->   "%specinterface_ln0 = specinterface void @_ssdm_op_SpecInterface, i512 %gmem_B, void @empty_7, i32 0, i32 0, void @empty_6, i32 0, i32 0, void @empty_0, void @empty_13, void @empty_6, i32 16, i32 16, i32 16, i32 16, void @empty_6, void @empty_6, i32 4294967295, i32 0"   --->   Operation 112 'specinterface' 'specinterface_ln0' <Predicate = true> <Delay = 0.00>
ST_24 : Operation 113 [1/1] (0.00ns)   --->   "%specbitsmap_ln0 = specbitsmap void @_ssdm_op_SpecBitsMap, i512 %gmem_B"   --->   Operation 113 'specbitsmap' 'specbitsmap_ln0' <Predicate = true> <Delay = 0.00>
ST_24 : Operation 114 [1/1] (0.00ns)   --->   "%specinterface_ln0 = specinterface void @_ssdm_op_SpecInterface, i512 %gmem_C, void @empty_7, i32 0, i32 0, void @empty_6, i32 0, i32 0, void @empty_15, void @empty_13, void @empty_6, i32 16, i32 16, i32 16, i32 16, void @empty_6, void @empty_6, i32 4294967295, i32 0"   --->   Operation 114 'specinterface' 'specinterface_ln0' <Predicate = true> <Delay = 0.00>
ST_24 : Operation 115 [1/1] (0.00ns)   --->   "%specbitsmap_ln0 = specbitsmap void @_ssdm_op_SpecBitsMap, i512 %gmem_C"   --->   Operation 115 'specbitsmap' 'specbitsmap_ln0' <Predicate = true> <Delay = 0.00>
ST_24 : Operation 116 [1/1] (0.00ns)   --->   "%specinterface_ln0 = specinterface void @_ssdm_op_SpecInterface, i64 %A, void @empty_55, i32 0, i32 0, void @empty_6, i32 0, i32 0, void @empty_33, void @empty_10, void @empty_6, i32 0, i32 0, i32 0, i32 0, void @empty_6, void @empty_39, i32 4294967295, i32 0"   --->   Operation 116 'specinterface' 'specinterface_ln0' <Predicate = true> <Delay = 0.00>
ST_24 : Operation 117 [1/1] (0.00ns)   --->   "%specinterface_ln0 = specinterface void @_ssdm_op_SpecInterface, i64 %A, void @empty_54, i32 0, i32 0, void @empty_6, i32 0, i32 0, void @empty_6, void @empty_6, void @empty_6, i32 0, i32 0, i32 0, i32 0, void @empty_6, void @empty_39, i32 4294967295, i32 0"   --->   Operation 117 'specinterface' 'specinterface_ln0' <Predicate = true> <Delay = 0.00>
ST_24 : Operation 118 [1/1] (0.00ns)   --->   "%specinterface_ln0 = specinterface void @_ssdm_op_SpecInterface, i64 %B, void @empty_55, i32 0, i32 0, void @empty_6, i32 0, i32 0, void @empty_33, void @empty_38, void @empty_6, i32 0, i32 0, i32 0, i32 0, void @empty_6, void @empty_39, i32 4294967295, i32 0"   --->   Operation 118 'specinterface' 'specinterface_ln0' <Predicate = true> <Delay = 0.00>
ST_24 : Operation 119 [1/1] (0.00ns)   --->   "%specinterface_ln0 = specinterface void @_ssdm_op_SpecInterface, i64 %B, void @empty_54, i32 0, i32 0, void @empty_6, i32 0, i32 0, void @empty_6, void @empty_6, void @empty_6, i32 0, i32 0, i32 0, i32 0, void @empty_6, void @empty_39, i32 4294967295, i32 0"   --->   Operation 119 'specinterface' 'specinterface_ln0' <Predicate = true> <Delay = 0.00>
ST_24 : Operation 120 [1/1] (0.00ns)   --->   "%specinterface_ln0 = specinterface void @_ssdm_op_SpecInterface, i64 %C, void @empty_55, i32 0, i32 0, void @empty_6, i32 0, i32 0, void @empty_33, void @empty_37, void @empty_6, i32 0, i32 0, i32 0, i32 0, void @empty_6, void @empty_39, i32 4294967295, i32 0"   --->   Operation 120 'specinterface' 'specinterface_ln0' <Predicate = true> <Delay = 0.00>
ST_24 : Operation 121 [1/1] (0.00ns)   --->   "%specinterface_ln0 = specinterface void @_ssdm_op_SpecInterface, i64 %C, void @empty_54, i32 0, i32 0, void @empty_6, i32 0, i32 0, void @empty_6, void @empty_6, void @empty_6, i32 0, i32 0, i32 0, i32 0, void @empty_6, void @empty_39, i32 4294967295, i32 0"   --->   Operation 121 'specinterface' 'specinterface_ln0' <Predicate = true> <Delay = 0.00>
ST_24 : Operation 122 [1/1] (0.00ns)   --->   "%specinterface_ln0 = specinterface void @_ssdm_op_SpecInterface, i32 0, void @empty_55, i32 0, i32 0, void @empty_6, i32 0, i32 0, void @empty_33, void @empty_6, void @empty_6, i32 0, i32 0, i32 0, i32 0, void @empty_6, void @empty_6, i32 4294967295, i32 0"   --->   Operation 122 'specinterface' 'specinterface_ln0' <Predicate = true> <Delay = 0.00>
ST_24 : Operation 123 [1/1] (0.00ns)   --->   "%empty_69 = specchannel i32 @_ssdm_op_SpecChannel, void @fifo_A_A_IO_L3_in_serialize_str, i32 1, void @p_str, void @p_str, i32 2, i32 2, i512 %fifo_A_A_IO_L3_in_serialize, i512 %fifo_A_A_IO_L3_in_serialize"   --->   Operation 123 'specchannel' 'empty_69' <Predicate = true> <Delay = 0.00>
ST_24 : Operation 124 [1/1] (0.00ns)   --->   "%specinterface_ln0 = specinterface void @_ssdm_op_SpecInterface, i512 %fifo_A_A_IO_L3_in_serialize, void @empty_46, i32 0, i32 0, void @empty_6, i32 0, i32 0, void @empty_6, void @empty_6, void @empty_6, i32 0, i32 0, i32 0, i32 0, void @empty_6, void @empty_6, i32 4294967295, i32 0"   --->   Operation 124 'specinterface' 'specinterface_ln0' <Predicate = true> <Delay = 0.00>
ST_24 : Operation 125 [1/1] (0.00ns)   --->   "%empty_70 = specchannel i32 @_ssdm_op_SpecChannel, void @fifo_B_B_IO_L3_in_serialize_str, i32 1, void @p_str, void @p_str, i32 2, i32 2, i512 %fifo_B_B_IO_L3_in_serialize, i512 %fifo_B_B_IO_L3_in_serialize"   --->   Operation 125 'specchannel' 'empty_70' <Predicate = true> <Delay = 0.00>
ST_24 : Operation 126 [1/1] (0.00ns)   --->   "%specinterface_ln0 = specinterface void @_ssdm_op_SpecInterface, i512 %fifo_B_B_IO_L3_in_serialize, void @empty_46, i32 0, i32 0, void @empty_6, i32 0, i32 0, void @empty_6, void @empty_6, void @empty_6, i32 0, i32 0, i32 0, i32 0, void @empty_6, void @empty_6, i32 4294967295, i32 0"   --->   Operation 126 'specinterface' 'specinterface_ln0' <Predicate = true> <Delay = 0.00>
ST_24 : Operation 127 [1/1] (0.00ns)   --->   "%empty_71 = specchannel i32 @_ssdm_op_SpecChannel, void @fifo_C_drain_C_drain_IO_L3_out_serialize_str, i32 1, void @p_str, void @p_str, i32 2, i32 2, i128 %fifo_C_drain_C_drain_IO_L3_out_serialize, i128 %fifo_C_drain_C_drain_IO_L3_out_serialize"   --->   Operation 127 'specchannel' 'empty_71' <Predicate = true> <Delay = 0.00>
ST_24 : Operation 128 [1/1] (0.00ns)   --->   "%specinterface_ln0 = specinterface void @_ssdm_op_SpecInterface, i128 %fifo_C_drain_C_drain_IO_L3_out_serialize, void @empty_46, i32 0, i32 0, void @empty_6, i32 0, i32 0, void @empty_6, void @empty_6, void @empty_6, i32 0, i32 0, i32 0, i32 0, void @empty_6, void @empty_6, i32 4294967295, i32 0"   --->   Operation 128 'specinterface' 'specinterface_ln0' <Predicate = true> <Delay = 0.00>
ST_24 : Operation 129 [1/1] (0.00ns)   --->   "%empty_72 = specchannel i32 @_ssdm_op_SpecChannel, void @fifo_A_A_IO_L2_in_0_str, i32 1, void @p_str, void @p_str, i32 2, i32 2, i512 %fifo_A_A_IO_L2_in_0, i512 %fifo_A_A_IO_L2_in_0"   --->   Operation 129 'specchannel' 'empty_72' <Predicate = true> <Delay = 0.00>
ST_24 : Operation 130 [1/1] (0.00ns)   --->   "%specmemcore_ln1201 = specmemcore void @_ssdm_op_SpecMemCore, i512 %fifo_A_A_IO_L2_in_0, i64 666, i64 10, i64 18446744073709551615" [src/kernel_kernel.cpp:1201]   --->   Operation 130 'specmemcore' 'specmemcore_ln1201' <Predicate = true> <Delay = 0.00>
ST_24 : Operation 131 [1/1] (0.00ns)   --->   "%specinterface_ln0 = specinterface void @_ssdm_op_SpecInterface, i512 %fifo_A_A_IO_L2_in_0, void @empty_46, i32 0, i32 0, void @empty_6, i32 0, i32 0, void @empty_6, void @empty_6, void @empty_6, i32 0, i32 0, i32 0, i32 0, void @empty_6, void @empty_6, i32 4294967295, i32 0"   --->   Operation 131 'specinterface' 'specinterface_ln0' <Predicate = true> <Delay = 0.00>
ST_24 : Operation 132 [1/1] (0.00ns)   --->   "%empty_73 = specchannel i32 @_ssdm_op_SpecChannel, void @fifo_A_A_IO_L2_in_1_str, i32 1, void @p_str, void @p_str, i32 2, i32 2, i512 %fifo_A_A_IO_L2_in_1, i512 %fifo_A_A_IO_L2_in_1"   --->   Operation 132 'specchannel' 'empty_73' <Predicate = true> <Delay = 0.00>
ST_24 : Operation 133 [1/1] (0.00ns)   --->   "%specmemcore_ln1204 = specmemcore void @_ssdm_op_SpecMemCore, i512 %fifo_A_A_IO_L2_in_1, i64 666, i64 10, i64 18446744073709551615" [src/kernel_kernel.cpp:1204]   --->   Operation 133 'specmemcore' 'specmemcore_ln1204' <Predicate = true> <Delay = 0.00>
ST_24 : Operation 134 [1/1] (0.00ns)   --->   "%specinterface_ln0 = specinterface void @_ssdm_op_SpecInterface, i512 %fifo_A_A_IO_L2_in_1, void @empty_46, i32 0, i32 0, void @empty_6, i32 0, i32 0, void @empty_6, void @empty_6, void @empty_6, i32 0, i32 0, i32 0, i32 0, void @empty_6, void @empty_6, i32 4294967295, i32 0"   --->   Operation 134 'specinterface' 'specinterface_ln0' <Predicate = true> <Delay = 0.00>
ST_24 : Operation 135 [1/1] (0.00ns)   --->   "%empty_74 = specchannel i32 @_ssdm_op_SpecChannel, void @fifo_B_B_IO_L2_in_0_str, i32 1, void @p_str, void @p_str, i32 2, i32 2, i512 %fifo_B_B_IO_L2_in_0, i512 %fifo_B_B_IO_L2_in_0"   --->   Operation 135 'specchannel' 'empty_74' <Predicate = true> <Delay = 0.00>
ST_24 : Operation 136 [1/1] (0.00ns)   --->   "%specmemcore_ln1210 = specmemcore void @_ssdm_op_SpecMemCore, i512 %fifo_B_B_IO_L2_in_0, i64 666, i64 10, i64 18446744073709551615" [src/kernel_kernel.cpp:1210]   --->   Operation 136 'specmemcore' 'specmemcore_ln1210' <Predicate = true> <Delay = 0.00>
ST_24 : Operation 137 [1/1] (0.00ns)   --->   "%specinterface_ln0 = specinterface void @_ssdm_op_SpecInterface, i512 %fifo_B_B_IO_L2_in_0, void @empty_46, i32 0, i32 0, void @empty_6, i32 0, i32 0, void @empty_6, void @empty_6, void @empty_6, i32 0, i32 0, i32 0, i32 0, void @empty_6, void @empty_6, i32 4294967295, i32 0"   --->   Operation 137 'specinterface' 'specinterface_ln0' <Predicate = true> <Delay = 0.00>
ST_24 : Operation 138 [1/1] (0.00ns)   --->   "%empty_75 = specchannel i32 @_ssdm_op_SpecChannel, void @fifo_B_B_IO_L2_in_1_str, i32 1, void @p_str, void @p_str, i32 2, i32 2, i512 %fifo_B_B_IO_L2_in_1, i512 %fifo_B_B_IO_L2_in_1"   --->   Operation 138 'specchannel' 'empty_75' <Predicate = true> <Delay = 0.00>
ST_24 : Operation 139 [1/1] (0.00ns)   --->   "%specmemcore_ln1213 = specmemcore void @_ssdm_op_SpecMemCore, i512 %fifo_B_B_IO_L2_in_1, i64 666, i64 10, i64 18446744073709551615" [src/kernel_kernel.cpp:1213]   --->   Operation 139 'specmemcore' 'specmemcore_ln1213' <Predicate = true> <Delay = 0.00>
ST_24 : Operation 140 [1/1] (0.00ns)   --->   "%specinterface_ln0 = specinterface void @_ssdm_op_SpecInterface, i512 %fifo_B_B_IO_L2_in_1, void @empty_46, i32 0, i32 0, void @empty_6, i32 0, i32 0, void @empty_6, void @empty_6, void @empty_6, i32 0, i32 0, i32 0, i32 0, void @empty_6, void @empty_6, i32 4294967295, i32 0"   --->   Operation 140 'specinterface' 'specinterface_ln0' <Predicate = true> <Delay = 0.00>
ST_24 : Operation 141 [1/1] (0.00ns)   --->   "%empty_76 = specchannel i32 @_ssdm_op_SpecChannel, void @fifo_A_PE_0_0_str, i32 1, void @p_str, void @p_str, i32 2, i32 2, i64 %fifo_A_PE_0_0, i64 %fifo_A_PE_0_0"   --->   Operation 141 'specchannel' 'empty_76' <Predicate = true> <Delay = 0.00>
ST_24 : Operation 142 [1/1] (0.00ns)   --->   "%specmemcore_ln1219 = specmemcore void @_ssdm_op_SpecMemCore, i64 %fifo_A_PE_0_0, i64 666, i64 10, i64 18446744073709551615" [src/kernel_kernel.cpp:1219]   --->   Operation 142 'specmemcore' 'specmemcore_ln1219' <Predicate = true> <Delay = 0.00>
ST_24 : Operation 143 [1/1] (0.00ns)   --->   "%specinterface_ln0 = specinterface void @_ssdm_op_SpecInterface, i64 %fifo_A_PE_0_0, void @empty_46, i32 0, i32 0, void @empty_6, i32 0, i32 0, void @empty_6, void @empty_6, void @empty_6, i32 0, i32 0, i32 0, i32 0, void @empty_6, void @empty_6, i32 4294967295, i32 0"   --->   Operation 143 'specinterface' 'specinterface_ln0' <Predicate = true> <Delay = 0.00>
ST_24 : Operation 144 [1/1] (0.00ns)   --->   "%empty_77 = specchannel i32 @_ssdm_op_SpecChannel, void @fifo_A_PE_0_1_str, i32 1, void @p_str, void @p_str, i32 2, i32 2, i64 %fifo_A_PE_0_1, i64 %fifo_A_PE_0_1"   --->   Operation 144 'specchannel' 'empty_77' <Predicate = true> <Delay = 0.00>
ST_24 : Operation 145 [1/1] (0.00ns)   --->   "%specmemcore_ln1222 = specmemcore void @_ssdm_op_SpecMemCore, i64 %fifo_A_PE_0_1, i64 666, i64 10, i64 18446744073709551615" [src/kernel_kernel.cpp:1222]   --->   Operation 145 'specmemcore' 'specmemcore_ln1222' <Predicate = true> <Delay = 0.00>
ST_24 : Operation 146 [1/1] (0.00ns)   --->   "%specinterface_ln0 = specinterface void @_ssdm_op_SpecInterface, i64 %fifo_A_PE_0_1, void @empty_46, i32 0, i32 0, void @empty_6, i32 0, i32 0, void @empty_6, void @empty_6, void @empty_6, i32 0, i32 0, i32 0, i32 0, void @empty_6, void @empty_6, i32 4294967295, i32 0"   --->   Operation 146 'specinterface' 'specinterface_ln0' <Predicate = true> <Delay = 0.00>
ST_24 : Operation 147 [1/1] (0.00ns)   --->   "%empty_78 = specchannel i32 @_ssdm_op_SpecChannel, void @fifo_A_PE_0_2_str, i32 1, void @p_str, void @p_str, i32 2, i32 2, i64 %fifo_A_PE_0_2, i64 %fifo_A_PE_0_2"   --->   Operation 147 'specchannel' 'empty_78' <Predicate = true> <Delay = 0.00>
ST_24 : Operation 148 [1/1] (0.00ns)   --->   "%specmemcore_ln1225 = specmemcore void @_ssdm_op_SpecMemCore, i64 %fifo_A_PE_0_2, i64 666, i64 10, i64 18446744073709551615" [src/kernel_kernel.cpp:1225]   --->   Operation 148 'specmemcore' 'specmemcore_ln1225' <Predicate = true> <Delay = 0.00>
ST_24 : Operation 149 [1/1] (0.00ns)   --->   "%specinterface_ln0 = specinterface void @_ssdm_op_SpecInterface, i64 %fifo_A_PE_0_2, void @empty_46, i32 0, i32 0, void @empty_6, i32 0, i32 0, void @empty_6, void @empty_6, void @empty_6, i32 0, i32 0, i32 0, i32 0, void @empty_6, void @empty_6, i32 4294967295, i32 0"   --->   Operation 149 'specinterface' 'specinterface_ln0' <Predicate = true> <Delay = 0.00>
ST_24 : Operation 150 [1/1] (0.00ns)   --->   "%empty_79 = specchannel i32 @_ssdm_op_SpecChannel, void @fifo_A_PE_1_0_str, i32 1, void @p_str, void @p_str, i32 2, i32 2, i64 %fifo_A_PE_1_0, i64 %fifo_A_PE_1_0"   --->   Operation 150 'specchannel' 'empty_79' <Predicate = true> <Delay = 0.00>
ST_24 : Operation 151 [1/1] (0.00ns)   --->   "%specmemcore_ln1228 = specmemcore void @_ssdm_op_SpecMemCore, i64 %fifo_A_PE_1_0, i64 666, i64 10, i64 18446744073709551615" [src/kernel_kernel.cpp:1228]   --->   Operation 151 'specmemcore' 'specmemcore_ln1228' <Predicate = true> <Delay = 0.00>
ST_24 : Operation 152 [1/1] (0.00ns)   --->   "%specinterface_ln0 = specinterface void @_ssdm_op_SpecInterface, i64 %fifo_A_PE_1_0, void @empty_46, i32 0, i32 0, void @empty_6, i32 0, i32 0, void @empty_6, void @empty_6, void @empty_6, i32 0, i32 0, i32 0, i32 0, void @empty_6, void @empty_6, i32 4294967295, i32 0"   --->   Operation 152 'specinterface' 'specinterface_ln0' <Predicate = true> <Delay = 0.00>
ST_24 : Operation 153 [1/1] (0.00ns)   --->   "%empty_80 = specchannel i32 @_ssdm_op_SpecChannel, void @fifo_A_PE_1_1_str, i32 1, void @p_str, void @p_str, i32 2, i32 2, i64 %fifo_A_PE_1_1, i64 %fifo_A_PE_1_1"   --->   Operation 153 'specchannel' 'empty_80' <Predicate = true> <Delay = 0.00>
ST_24 : Operation 154 [1/1] (0.00ns)   --->   "%specmemcore_ln1231 = specmemcore void @_ssdm_op_SpecMemCore, i64 %fifo_A_PE_1_1, i64 666, i64 10, i64 18446744073709551615" [src/kernel_kernel.cpp:1231]   --->   Operation 154 'specmemcore' 'specmemcore_ln1231' <Predicate = true> <Delay = 0.00>
ST_24 : Operation 155 [1/1] (0.00ns)   --->   "%specinterface_ln0 = specinterface void @_ssdm_op_SpecInterface, i64 %fifo_A_PE_1_1, void @empty_46, i32 0, i32 0, void @empty_6, i32 0, i32 0, void @empty_6, void @empty_6, void @empty_6, i32 0, i32 0, i32 0, i32 0, void @empty_6, void @empty_6, i32 4294967295, i32 0"   --->   Operation 155 'specinterface' 'specinterface_ln0' <Predicate = true> <Delay = 0.00>
ST_24 : Operation 156 [1/1] (0.00ns)   --->   "%empty_81 = specchannel i32 @_ssdm_op_SpecChannel, void @fifo_A_PE_1_2_str, i32 1, void @p_str, void @p_str, i32 2, i32 2, i64 %fifo_A_PE_1_2, i64 %fifo_A_PE_1_2"   --->   Operation 156 'specchannel' 'empty_81' <Predicate = true> <Delay = 0.00>
ST_24 : Operation 157 [1/1] (0.00ns)   --->   "%specmemcore_ln1234 = specmemcore void @_ssdm_op_SpecMemCore, i64 %fifo_A_PE_1_2, i64 666, i64 10, i64 18446744073709551615" [src/kernel_kernel.cpp:1234]   --->   Operation 157 'specmemcore' 'specmemcore_ln1234' <Predicate = true> <Delay = 0.00>
ST_24 : Operation 158 [1/1] (0.00ns)   --->   "%specinterface_ln0 = specinterface void @_ssdm_op_SpecInterface, i64 %fifo_A_PE_1_2, void @empty_46, i32 0, i32 0, void @empty_6, i32 0, i32 0, void @empty_6, void @empty_6, void @empty_6, i32 0, i32 0, i32 0, i32 0, void @empty_6, void @empty_6, i32 4294967295, i32 0"   --->   Operation 158 'specinterface' 'specinterface_ln0' <Predicate = true> <Delay = 0.00>
ST_24 : Operation 159 [1/1] (0.00ns)   --->   "%empty_82 = specchannel i32 @_ssdm_op_SpecChannel, void @fifo_B_PE_0_0_str, i32 1, void @p_str, void @p_str, i32 2, i32 2, i64 %fifo_B_PE_0_0, i64 %fifo_B_PE_0_0"   --->   Operation 159 'specchannel' 'empty_82' <Predicate = true> <Delay = 0.00>
ST_24 : Operation 160 [1/1] (0.00ns)   --->   "%specmemcore_ln1237 = specmemcore void @_ssdm_op_SpecMemCore, i64 %fifo_B_PE_0_0, i64 666, i64 10, i64 18446744073709551615" [src/kernel_kernel.cpp:1237]   --->   Operation 160 'specmemcore' 'specmemcore_ln1237' <Predicate = true> <Delay = 0.00>
ST_24 : Operation 161 [1/1] (0.00ns)   --->   "%specinterface_ln0 = specinterface void @_ssdm_op_SpecInterface, i64 %fifo_B_PE_0_0, void @empty_46, i32 0, i32 0, void @empty_6, i32 0, i32 0, void @empty_6, void @empty_6, void @empty_6, i32 0, i32 0, i32 0, i32 0, void @empty_6, void @empty_6, i32 4294967295, i32 0"   --->   Operation 161 'specinterface' 'specinterface_ln0' <Predicate = true> <Delay = 0.00>
ST_24 : Operation 162 [1/1] (0.00ns)   --->   "%empty_83 = specchannel i32 @_ssdm_op_SpecChannel, void @fifo_B_PE_1_0_str, i32 1, void @p_str, void @p_str, i32 2, i32 2, i64 %fifo_B_PE_1_0, i64 %fifo_B_PE_1_0"   --->   Operation 162 'specchannel' 'empty_83' <Predicate = true> <Delay = 0.00>
ST_24 : Operation 163 [1/1] (0.00ns)   --->   "%specmemcore_ln1240 = specmemcore void @_ssdm_op_SpecMemCore, i64 %fifo_B_PE_1_0, i64 666, i64 10, i64 18446744073709551615" [src/kernel_kernel.cpp:1240]   --->   Operation 163 'specmemcore' 'specmemcore_ln1240' <Predicate = true> <Delay = 0.00>
ST_24 : Operation 164 [1/1] (0.00ns)   --->   "%specinterface_ln0 = specinterface void @_ssdm_op_SpecInterface, i64 %fifo_B_PE_1_0, void @empty_46, i32 0, i32 0, void @empty_6, i32 0, i32 0, void @empty_6, void @empty_6, void @empty_6, i32 0, i32 0, i32 0, i32 0, void @empty_6, void @empty_6, i32 4294967295, i32 0"   --->   Operation 164 'specinterface' 'specinterface_ln0' <Predicate = true> <Delay = 0.00>
ST_24 : Operation 165 [1/1] (0.00ns)   --->   "%empty_84 = specchannel i32 @_ssdm_op_SpecChannel, void @fifo_B_PE_2_0_str, i32 1, void @p_str, void @p_str, i32 2, i32 2, i64 %fifo_B_PE_2_0, i64 %fifo_B_PE_2_0"   --->   Operation 165 'specchannel' 'empty_84' <Predicate = true> <Delay = 0.00>
ST_24 : Operation 166 [1/1] (0.00ns)   --->   "%specmemcore_ln1243 = specmemcore void @_ssdm_op_SpecMemCore, i64 %fifo_B_PE_2_0, i64 666, i64 10, i64 18446744073709551615" [src/kernel_kernel.cpp:1243]   --->   Operation 166 'specmemcore' 'specmemcore_ln1243' <Predicate = true> <Delay = 0.00>
ST_24 : Operation 167 [1/1] (0.00ns)   --->   "%specinterface_ln0 = specinterface void @_ssdm_op_SpecInterface, i64 %fifo_B_PE_2_0, void @empty_46, i32 0, i32 0, void @empty_6, i32 0, i32 0, void @empty_6, void @empty_6, void @empty_6, i32 0, i32 0, i32 0, i32 0, void @empty_6, void @empty_6, i32 4294967295, i32 0"   --->   Operation 167 'specinterface' 'specinterface_ln0' <Predicate = true> <Delay = 0.00>
ST_24 : Operation 168 [1/1] (0.00ns)   --->   "%empty_85 = specchannel i32 @_ssdm_op_SpecChannel, void @fifo_B_PE_0_1_str, i32 1, void @p_str, void @p_str, i32 2, i32 2, i64 %fifo_B_PE_0_1, i64 %fifo_B_PE_0_1"   --->   Operation 168 'specchannel' 'empty_85' <Predicate = true> <Delay = 0.00>
ST_24 : Operation 169 [1/1] (0.00ns)   --->   "%specmemcore_ln1246 = specmemcore void @_ssdm_op_SpecMemCore, i64 %fifo_B_PE_0_1, i64 666, i64 10, i64 18446744073709551615" [src/kernel_kernel.cpp:1246]   --->   Operation 169 'specmemcore' 'specmemcore_ln1246' <Predicate = true> <Delay = 0.00>
ST_24 : Operation 170 [1/1] (0.00ns)   --->   "%specinterface_ln0 = specinterface void @_ssdm_op_SpecInterface, i64 %fifo_B_PE_0_1, void @empty_46, i32 0, i32 0, void @empty_6, i32 0, i32 0, void @empty_6, void @empty_6, void @empty_6, i32 0, i32 0, i32 0, i32 0, void @empty_6, void @empty_6, i32 4294967295, i32 0"   --->   Operation 170 'specinterface' 'specinterface_ln0' <Predicate = true> <Delay = 0.00>
ST_24 : Operation 171 [1/1] (0.00ns)   --->   "%empty_86 = specchannel i32 @_ssdm_op_SpecChannel, void @fifo_B_PE_1_1_str, i32 1, void @p_str, void @p_str, i32 2, i32 2, i64 %fifo_B_PE_1_1, i64 %fifo_B_PE_1_1"   --->   Operation 171 'specchannel' 'empty_86' <Predicate = true> <Delay = 0.00>
ST_24 : Operation 172 [1/1] (0.00ns)   --->   "%specmemcore_ln1249 = specmemcore void @_ssdm_op_SpecMemCore, i64 %fifo_B_PE_1_1, i64 666, i64 10, i64 18446744073709551615" [src/kernel_kernel.cpp:1249]   --->   Operation 172 'specmemcore' 'specmemcore_ln1249' <Predicate = true> <Delay = 0.00>
ST_24 : Operation 173 [1/1] (0.00ns)   --->   "%specinterface_ln0 = specinterface void @_ssdm_op_SpecInterface, i64 %fifo_B_PE_1_1, void @empty_46, i32 0, i32 0, void @empty_6, i32 0, i32 0, void @empty_6, void @empty_6, void @empty_6, i32 0, i32 0, i32 0, i32 0, void @empty_6, void @empty_6, i32 4294967295, i32 0"   --->   Operation 173 'specinterface' 'specinterface_ln0' <Predicate = true> <Delay = 0.00>
ST_24 : Operation 174 [1/1] (0.00ns)   --->   "%empty_87 = specchannel i32 @_ssdm_op_SpecChannel, void @fifo_B_PE_2_1_str, i32 1, void @p_str, void @p_str, i32 2, i32 2, i64 %fifo_B_PE_2_1, i64 %fifo_B_PE_2_1"   --->   Operation 174 'specchannel' 'empty_87' <Predicate = true> <Delay = 0.00>
ST_24 : Operation 175 [1/1] (0.00ns)   --->   "%specmemcore_ln1252 = specmemcore void @_ssdm_op_SpecMemCore, i64 %fifo_B_PE_2_1, i64 666, i64 10, i64 18446744073709551615" [src/kernel_kernel.cpp:1252]   --->   Operation 175 'specmemcore' 'specmemcore_ln1252' <Predicate = true> <Delay = 0.00>
ST_24 : Operation 176 [1/1] (0.00ns)   --->   "%specinterface_ln0 = specinterface void @_ssdm_op_SpecInterface, i64 %fifo_B_PE_2_1, void @empty_46, i32 0, i32 0, void @empty_6, i32 0, i32 0, void @empty_6, void @empty_6, void @empty_6, i32 0, i32 0, i32 0, i32 0, void @empty_6, void @empty_6, i32 4294967295, i32 0"   --->   Operation 176 'specinterface' 'specinterface_ln0' <Predicate = true> <Delay = 0.00>
ST_24 : Operation 177 [1/1] (0.00ns)   --->   "%empty_88 = specchannel i32 @_ssdm_op_SpecChannel, void @fifo_C_drain_PE_0_0_str, i32 1, void @p_str, void @p_str, i32 2, i32 2, i32 %fifo_C_drain_PE_0_0, i32 %fifo_C_drain_PE_0_0"   --->   Operation 177 'specchannel' 'empty_88' <Predicate = true> <Delay = 0.00>
ST_24 : Operation 178 [1/1] (0.00ns)   --->   "%specmemcore_ln1255 = specmemcore void @_ssdm_op_SpecMemCore, i32 %fifo_C_drain_PE_0_0, i64 666, i64 10, i64 18446744073709551615" [src/kernel_kernel.cpp:1255]   --->   Operation 178 'specmemcore' 'specmemcore_ln1255' <Predicate = true> <Delay = 0.00>
ST_24 : Operation 179 [1/1] (0.00ns)   --->   "%specinterface_ln0 = specinterface void @_ssdm_op_SpecInterface, i32 %fifo_C_drain_PE_0_0, void @empty_46, i32 0, i32 0, void @empty_6, i32 0, i32 0, void @empty_6, void @empty_6, void @empty_6, i32 0, i32 0, i32 0, i32 0, void @empty_6, void @empty_6, i32 4294967295, i32 0"   --->   Operation 179 'specinterface' 'specinterface_ln0' <Predicate = true> <Delay = 0.00>
ST_24 : Operation 180 [1/1] (0.00ns)   --->   "%empty_89 = specchannel i32 @_ssdm_op_SpecChannel, void @fifo_C_drain_PE_1_0_str, i32 1, void @p_str, void @p_str, i32 2, i32 2, i32 %fifo_C_drain_PE_1_0, i32 %fifo_C_drain_PE_1_0"   --->   Operation 180 'specchannel' 'empty_89' <Predicate = true> <Delay = 0.00>
ST_24 : Operation 181 [1/1] (0.00ns)   --->   "%specmemcore_ln1258 = specmemcore void @_ssdm_op_SpecMemCore, i32 %fifo_C_drain_PE_1_0, i64 666, i64 10, i64 18446744073709551615" [src/kernel_kernel.cpp:1258]   --->   Operation 181 'specmemcore' 'specmemcore_ln1258' <Predicate = true> <Delay = 0.00>
ST_24 : Operation 182 [1/1] (0.00ns)   --->   "%specinterface_ln0 = specinterface void @_ssdm_op_SpecInterface, i32 %fifo_C_drain_PE_1_0, void @empty_46, i32 0, i32 0, void @empty_6, i32 0, i32 0, void @empty_6, void @empty_6, void @empty_6, i32 0, i32 0, i32 0, i32 0, void @empty_6, void @empty_6, i32 4294967295, i32 0"   --->   Operation 182 'specinterface' 'specinterface_ln0' <Predicate = true> <Delay = 0.00>
ST_24 : Operation 183 [1/1] (0.00ns)   --->   "%empty_90 = specchannel i32 @_ssdm_op_SpecChannel, void @fifo_C_drain_PE_0_1_str, i32 1, void @p_str, void @p_str, i32 2, i32 2, i32 %fifo_C_drain_PE_0_1, i32 %fifo_C_drain_PE_0_1"   --->   Operation 183 'specchannel' 'empty_90' <Predicate = true> <Delay = 0.00>
ST_24 : Operation 184 [1/1] (0.00ns)   --->   "%specmemcore_ln1261 = specmemcore void @_ssdm_op_SpecMemCore, i32 %fifo_C_drain_PE_0_1, i64 666, i64 10, i64 18446744073709551615" [src/kernel_kernel.cpp:1261]   --->   Operation 184 'specmemcore' 'specmemcore_ln1261' <Predicate = true> <Delay = 0.00>
ST_24 : Operation 185 [1/1] (0.00ns)   --->   "%specinterface_ln0 = specinterface void @_ssdm_op_SpecInterface, i32 %fifo_C_drain_PE_0_1, void @empty_46, i32 0, i32 0, void @empty_6, i32 0, i32 0, void @empty_6, void @empty_6, void @empty_6, i32 0, i32 0, i32 0, i32 0, void @empty_6, void @empty_6, i32 4294967295, i32 0"   --->   Operation 185 'specinterface' 'specinterface_ln0' <Predicate = true> <Delay = 0.00>
ST_24 : Operation 186 [1/1] (0.00ns)   --->   "%empty_91 = specchannel i32 @_ssdm_op_SpecChannel, void @fifo_C_drain_PE_1_1_str, i32 1, void @p_str, void @p_str, i32 2, i32 2, i32 %fifo_C_drain_PE_1_1, i32 %fifo_C_drain_PE_1_1"   --->   Operation 186 'specchannel' 'empty_91' <Predicate = true> <Delay = 0.00>
ST_24 : Operation 187 [1/1] (0.00ns)   --->   "%specmemcore_ln1264 = specmemcore void @_ssdm_op_SpecMemCore, i32 %fifo_C_drain_PE_1_1, i64 666, i64 10, i64 18446744073709551615" [src/kernel_kernel.cpp:1264]   --->   Operation 187 'specmemcore' 'specmemcore_ln1264' <Predicate = true> <Delay = 0.00>
ST_24 : Operation 188 [1/1] (0.00ns)   --->   "%specinterface_ln0 = specinterface void @_ssdm_op_SpecInterface, i32 %fifo_C_drain_PE_1_1, void @empty_46, i32 0, i32 0, void @empty_6, i32 0, i32 0, void @empty_6, void @empty_6, void @empty_6, i32 0, i32 0, i32 0, i32 0, void @empty_6, void @empty_6, i32 4294967295, i32 0"   --->   Operation 188 'specinterface' 'specinterface_ln0' <Predicate = true> <Delay = 0.00>
ST_24 : Operation 189 [1/1] (0.00ns)   --->   "%empty_92 = specchannel i32 @_ssdm_op_SpecChannel, void @fifo_C_drain_C_drain_IO_L1_out_0_0_str, i32 1, void @p_str, void @p_str, i32 2, i32 2, i128 %fifo_C_drain_C_drain_IO_L1_out_0_0, i128 %fifo_C_drain_C_drain_IO_L1_out_0_0"   --->   Operation 189 'specchannel' 'empty_92' <Predicate = true> <Delay = 0.00>
ST_24 : Operation 190 [1/1] (0.00ns)   --->   "%specmemcore_ln1267 = specmemcore void @_ssdm_op_SpecMemCore, i128 %fifo_C_drain_C_drain_IO_L1_out_0_0, i64 666, i64 10, i64 18446744073709551615" [src/kernel_kernel.cpp:1267]   --->   Operation 190 'specmemcore' 'specmemcore_ln1267' <Predicate = true> <Delay = 0.00>
ST_24 : Operation 191 [1/1] (0.00ns)   --->   "%specinterface_ln0 = specinterface void @_ssdm_op_SpecInterface, i128 %fifo_C_drain_C_drain_IO_L1_out_0_0, void @empty_46, i32 0, i32 0, void @empty_6, i32 0, i32 0, void @empty_6, void @empty_6, void @empty_6, i32 0, i32 0, i32 0, i32 0, void @empty_6, void @empty_6, i32 4294967295, i32 0"   --->   Operation 191 'specinterface' 'specinterface_ln0' <Predicate = true> <Delay = 0.00>
ST_24 : Operation 192 [1/1] (0.00ns)   --->   "%empty_93 = specchannel i32 @_ssdm_op_SpecChannel, void @fifo_C_drain_C_drain_IO_L1_out_0_1_str, i32 1, void @p_str, void @p_str, i32 2, i32 2, i128 %fifo_C_drain_C_drain_IO_L1_out_0_1, i128 %fifo_C_drain_C_drain_IO_L1_out_0_1"   --->   Operation 192 'specchannel' 'empty_93' <Predicate = true> <Delay = 0.00>
ST_24 : Operation 193 [1/1] (0.00ns)   --->   "%specmemcore_ln1270 = specmemcore void @_ssdm_op_SpecMemCore, i128 %fifo_C_drain_C_drain_IO_L1_out_0_1, i64 666, i64 10, i64 18446744073709551615" [src/kernel_kernel.cpp:1270]   --->   Operation 193 'specmemcore' 'specmemcore_ln1270' <Predicate = true> <Delay = 0.00>
ST_24 : Operation 194 [1/1] (0.00ns)   --->   "%specinterface_ln0 = specinterface void @_ssdm_op_SpecInterface, i128 %fifo_C_drain_C_drain_IO_L1_out_0_1, void @empty_46, i32 0, i32 0, void @empty_6, i32 0, i32 0, void @empty_6, void @empty_6, void @empty_6, i32 0, i32 0, i32 0, i32 0, void @empty_6, void @empty_6, i32 4294967295, i32 0"   --->   Operation 194 'specinterface' 'specinterface_ln0' <Predicate = true> <Delay = 0.00>
ST_24 : Operation 195 [1/1] (0.00ns)   --->   "%empty_94 = specchannel i32 @_ssdm_op_SpecChannel, void @fifo_C_drain_C_drain_IO_L1_out_1_0_str, i32 1, void @p_str, void @p_str, i32 2, i32 2, i128 %fifo_C_drain_C_drain_IO_L1_out_1_0, i128 %fifo_C_drain_C_drain_IO_L1_out_1_0"   --->   Operation 195 'specchannel' 'empty_94' <Predicate = true> <Delay = 0.00>
ST_24 : Operation 196 [1/1] (0.00ns)   --->   "%specmemcore_ln1276 = specmemcore void @_ssdm_op_SpecMemCore, i128 %fifo_C_drain_C_drain_IO_L1_out_1_0, i64 666, i64 10, i64 18446744073709551615" [src/kernel_kernel.cpp:1276]   --->   Operation 196 'specmemcore' 'specmemcore_ln1276' <Predicate = true> <Delay = 0.00>
ST_24 : Operation 197 [1/1] (0.00ns)   --->   "%specinterface_ln0 = specinterface void @_ssdm_op_SpecInterface, i128 %fifo_C_drain_C_drain_IO_L1_out_1_0, void @empty_46, i32 0, i32 0, void @empty_6, i32 0, i32 0, void @empty_6, void @empty_6, void @empty_6, i32 0, i32 0, i32 0, i32 0, void @empty_6, void @empty_6, i32 4294967295, i32 0"   --->   Operation 197 'specinterface' 'specinterface_ln0' <Predicate = true> <Delay = 0.00>
ST_24 : Operation 198 [1/1] (0.00ns)   --->   "%empty_95 = specchannel i32 @_ssdm_op_SpecChannel, void @fifo_C_drain_C_drain_IO_L1_out_1_1_str, i32 1, void @p_str, void @p_str, i32 2, i32 2, i128 %fifo_C_drain_C_drain_IO_L1_out_1_1, i128 %fifo_C_drain_C_drain_IO_L1_out_1_1"   --->   Operation 198 'specchannel' 'empty_95' <Predicate = true> <Delay = 0.00>
ST_24 : Operation 199 [1/1] (0.00ns)   --->   "%specmemcore_ln1279 = specmemcore void @_ssdm_op_SpecMemCore, i128 %fifo_C_drain_C_drain_IO_L1_out_1_1, i64 666, i64 10, i64 18446744073709551615" [src/kernel_kernel.cpp:1279]   --->   Operation 199 'specmemcore' 'specmemcore_ln1279' <Predicate = true> <Delay = 0.00>
ST_24 : Operation 200 [1/1] (0.00ns)   --->   "%specinterface_ln0 = specinterface void @_ssdm_op_SpecInterface, i128 %fifo_C_drain_C_drain_IO_L1_out_1_1, void @empty_46, i32 0, i32 0, void @empty_6, i32 0, i32 0, void @empty_6, void @empty_6, void @empty_6, i32 0, i32 0, i32 0, i32 0, void @empty_6, void @empty_6, i32 4294967295, i32 0"   --->   Operation 200 'specinterface' 'specinterface_ln0' <Predicate = true> <Delay = 0.00>
ST_24 : Operation 201 [1/1] (0.00ns)   --->   "%empty_96 = specchannel i32 @_ssdm_op_SpecChannel, void @fifo_C_drain_C_drain_IO_L2_out_0_str, i32 1, void @p_str, void @p_str, i32 2, i32 2, i128 %fifo_C_drain_C_drain_IO_L2_out_0, i128 %fifo_C_drain_C_drain_IO_L2_out_0"   --->   Operation 201 'specchannel' 'empty_96' <Predicate = true> <Delay = 0.00>
ST_24 : Operation 202 [1/1] (0.00ns)   --->   "%specmemcore_ln1285 = specmemcore void @_ssdm_op_SpecMemCore, i128 %fifo_C_drain_C_drain_IO_L2_out_0, i64 666, i64 10, i64 18446744073709551615" [src/kernel_kernel.cpp:1285]   --->   Operation 202 'specmemcore' 'specmemcore_ln1285' <Predicate = true> <Delay = 0.00>
ST_24 : Operation 203 [1/1] (0.00ns)   --->   "%specinterface_ln0 = specinterface void @_ssdm_op_SpecInterface, i128 %fifo_C_drain_C_drain_IO_L2_out_0, void @empty_46, i32 0, i32 0, void @empty_6, i32 0, i32 0, void @empty_6, void @empty_6, void @empty_6, i32 0, i32 0, i32 0, i32 0, void @empty_6, void @empty_6, i32 4294967295, i32 0"   --->   Operation 203 'specinterface' 'specinterface_ln0' <Predicate = true> <Delay = 0.00>
ST_24 : Operation 204 [1/1] (0.00ns)   --->   "%empty_97 = specchannel i32 @_ssdm_op_SpecChannel, void @fifo_C_drain_C_drain_IO_L2_out_1_str, i32 1, void @p_str, void @p_str, i32 2, i32 2, i128 %fifo_C_drain_C_drain_IO_L2_out_1, i128 %fifo_C_drain_C_drain_IO_L2_out_1"   --->   Operation 204 'specchannel' 'empty_97' <Predicate = true> <Delay = 0.00>
ST_24 : Operation 205 [1/1] (0.00ns)   --->   "%specmemcore_ln1288 = specmemcore void @_ssdm_op_SpecMemCore, i128 %fifo_C_drain_C_drain_IO_L2_out_1, i64 666, i64 10, i64 18446744073709551615" [src/kernel_kernel.cpp:1288]   --->   Operation 205 'specmemcore' 'specmemcore_ln1288' <Predicate = true> <Delay = 0.00>
ST_24 : Operation 206 [1/1] (0.00ns)   --->   "%specinterface_ln0 = specinterface void @_ssdm_op_SpecInterface, i128 %fifo_C_drain_C_drain_IO_L2_out_1, void @empty_46, i32 0, i32 0, void @empty_6, i32 0, i32 0, void @empty_6, void @empty_6, void @empty_6, i32 0, i32 0, i32 0, i32 0, void @empty_6, void @empty_6, i32 4294967295, i32 0"   --->   Operation 206 'specinterface' 'specinterface_ln0' <Predicate = true> <Delay = 0.00>
ST_24 : Operation 207 [1/2] (0.00ns)   --->   "%call_ln1499 = call void @C_drain_IO_L3_out_serialize, i512 %gmem_C, i64 %C_c, i128 %fifo_C_drain_C_drain_IO_L3_out_serialize" [src/kernel_kernel.cpp:1499]   --->   Operation 207 'call' 'call_ln1499' <Predicate = true> <Delay = 0.00> <CoreType = "Generic">   --->   Core 0 '' <Latency = 0> <II = 1> <Delay = 1.00> <Generic> <Opcode : >
ST_24 : Operation 208 [1/1] (0.00ns)   --->   "%ret_ln1505 = ret" [src/kernel_kernel.cpp:1505]   --->   Operation 208 'ret' 'ret_ln1505' <Predicate = true> <Delay = 0.00>


============================================================
+ Verbose Summary: Timing violations
============================================================
Target clock period: 5.000ns, clock uncertainty: 1.350ns.

 <State 1>: 2.374ns
The critical path consists of the following:
	s_axi read operation ('C_read', src/kernel_kernel.cpp:1190) on port 'C' (src/kernel_kernel.cpp:1190) [7]  (1.000 ns)
	'call' operation ('call_ln1190', src/kernel_kernel.cpp:1190) to 'entry_proc' [141]  (1.374 ns)

 <State 2>: 0.000ns
The critical path consists of the following:

 <State 3>: 0.000ns
The critical path consists of the following:

 <State 4>: 0.000ns
The critical path consists of the following:

 <State 5>: 0.000ns
The critical path consists of the following:

 <State 6>: 0.000ns
The critical path consists of the following:

 <State 7>: 0.000ns
The critical path consists of the following:

 <State 8>: 0.000ns
The critical path consists of the following:

 <State 9>: 0.000ns
The critical path consists of the following:

 <State 10>: 0.000ns
The critical path consists of the following:

 <State 11>: 0.000ns
The critical path consists of the following:

 <State 12>: 0.000ns
The critical path consists of the following:

 <State 13>: 0.000ns
The critical path consists of the following:

 <State 14>: 0.000ns
The critical path consists of the following:

 <State 15>: 0.000ns
The critical path consists of the following:

 <State 16>: 0.000ns
The critical path consists of the following:

 <State 17>: 0.000ns
The critical path consists of the following:

 <State 18>: 0.000ns
The critical path consists of the following:

 <State 19>: 0.000ns
The critical path consists of the following:

 <State 20>: 0.000ns
The critical path consists of the following:

 <State 21>: 0.000ns
The critical path consists of the following:

 <State 22>: 0.000ns
The critical path consists of the following:

 <State 23>: 0.000ns
The critical path consists of the following:

 <State 24>: 0.000ns
The critical path consists of the following:


============================================================
+ Verbose Summary: Binding
============================================================
N/A
* FSMD analyzer results:
  - Output states:
 - Input state : 
  - Chain level:
	State 1
	State 2
	State 3
	State 4
	State 5
	State 6
	State 7
	State 8
	State 9
	State 10
	State 11
	State 12
	State 13
	State 14
	State 15
	State 16
	State 17
	State 18
	State 19
	State 20
	State 21
	State 22
	State 23
	State 24


============================================================
+ Verbose Summary: Datapath Resource usage 
============================================================
N/A
