INFO: [HLS 200-10] Running '/opt/Xilinx/Vivado/2018.3/bin/unwrapped/lnx64.o/vivado_hls'
INFO: [HLS 200-10] For user 'fabiob' on host 'pc2ofods5.inf.ufrgs.br' (Linux_x86_64 version 5.4.0-150-generic) on Wed Sep 25 19:16:16 -03 2024
INFO: [HLS 200-10] On os Ubuntu 18.04.6 LTS
INFO: [HLS 200-10] In directory '/home/fabiob/sa/hls'
INFO: [HLS 200-10] Opening project '/home/fabiob/sa/hls/sa'.
INFO: [HLS 200-10] Opening solution '/home/fabiob/sa/hls/sa/z020'.
INFO: [SYN 201-201] Setting up clock 'default' with a period of 10ns.
INFO: [HLS 200-10] Setting target device to 'xc7z020clg484-1'
INFO: [XFORM 203-1172] Optimizing floating point zeros and discarding its signedness.
INFO: [XFORM 203-1172] Optimizing floating point zeros and discarding its signedness.
INFO: [XFORM 203-1173] Reordering floating point operations aggressively.
INFO: [XFORM 203-1176] Optimizing floating point comparison without checking NaN.
INFO: [IMPL 213-8] Exporting RTL as a Vivado IP.

****** Vivado v2018.3 (64-bit)
  **** SW Build 2405991 on Thu Dec  6 23:36:41 MST 2018
  **** IP Build 2404404 on Fri Dec  7 01:43:56 MST 2018
    ** Copyright 1986-2018 Xilinx, Inc. All Rights Reserved.

source run_ippack.tcl -notrace
bad lexical cast: source type value could not be interpreted as target
    while executing
"rdi::set_property core_revision 2409251916 {component component_1}"
    invoked from within
"set_property core_revision $Revision $core"
    (file "run_ippack.tcl" line 1211)
INFO: [Common 17-206] Exiting Vivado at Wed Sep 25 19:16:22 2024...
ERROR: [IMPL 213-28] Failed to generate IP.
command 'ap_source' returned error code
    while executing
"source /home/fabiob/sa/hls/sa/z020/export.tcl"
    invoked from within
"hls::main /home/fabiob/sa/hls/sa/z020/export.tcl"
    ("uplevel" body line 1)
    invoked from within
"uplevel 1 hls::main {*}$args"
    (procedure "hls_proc" line 5)
    invoked from within
"hls_proc $argv"
